#
# There is insufficient memory for the Java Runtime Environment to continue.
# Native memory allocation (mmap) failed to map 65536 bytes for Failed to commit metaspace.
# Possible reasons:
#   The system is out of physical RAM or swap space
#   The process is running with CompressedOops enabled, and the Java Heap may be blocking the growth of the native heap
# Possible solutions:
#   Reduce memory load on the system
#   Increase physical memory or swap space
#   Check if swap backing store is full
#   Decrease Java heap size (-Xmx/-Xms)
#   Decrease number of Java threads
#   Decrease Java thread stack sizes (-Xss)
#   Set larger code cache with -XX:ReservedCodeCacheSize=
#   JVM is running with Unscaled Compressed Oops mode in which the Java heap is
#     placed in the first 4GB address space. The Java Heap base address is the
#     maximum limit for the native heap growth. Please use -XX:HeapBaseMinAddress
#     to set the Java Heap base and to place the Java Heap above 4GB virtual address.
# This output file may be truncated or incomplete.
#
#  Out of Memory Error (virtualSpaceNode.cpp:110), pid=5784, tid=12068
#
# JRE version: OpenJDK Runtime Environment Temurin-17.0.5+8 (17.0.5+8) (build 17.0.5+8)
# Java VM: OpenJDK 64-Bit Server VM Temurin-17.0.5+8 (17.0.5+8, mixed mode, emulated-client, tiered, compressed oops, compressed class ptrs, g1 gc, windows-amd64)
# No core dump will be written. Minidumps are not enabled by default on client versions of Windows
#

---------------  S U M M A R Y ------------

Command Line: -Dcom.sun.management.jmxremote -Dcom.sun.management.jmxremote.port=58572 -Dcom.sun.management.jmxremote.authenticate=false -Dcom.sun.management.jmxremote.ssl=false -Djava.rmi.server.hostname=localhost -Dspring.jmx.enabled=true -Dmanagement.endpoints.jmx.exposure.include=* -Dspring.application.admin.enabled=true -XX:TieredStopAtLevel=1 -Dspring.boot.project.name=Backend -Dfile.encoding=UTF-8 -XX:+ShowCodeDetailsInExceptionMessages -Xmx2048M com.example.demo.BackendApplication --spring.output.ansi.enabled=always --server.port=3017

Host: Intel(R) Core(TM) i5-8250U CPU @ 1.60GHz, 8 cores, 7G,  Windows 10 , 64 bit Build 19041 (10.0.19041.2251)
Time: Thu Dec 29 13:13:03 2022 India Standard Time elapsed time: 0.805807 seconds (0d 0h 0m 0s)

---------------  T H R E A D  ---------------

Current thread (0x0000018af3ec8c50):  JavaThread "main" [_thread_in_vm, id=12068, stack(0x00000035bf100000,0x00000035bf200000)]

Stack: [0x00000035bf100000,0x00000035bf200000]
Native frames: (J=compiled Java code, j=interpreted, Vv=VM code, C=native code)
V  [jvm.dll+0x676b3a]
V  [jvm.dll+0x831444]
V  [jvm.dll+0x832bee]
V  [jvm.dll+0x833253]
V  [jvm.dll+0x244ce5]
V  [jvm.dll+0x82d4db]
V  [jvm.dll+0x61b2f6]
V  [jvm.dll+0x1bfd2e]
V  [jvm.dll+0x61dc41]
V  [jvm.dll+0x61bc96]
V  [jvm.dll+0x23a7d0]
V  [jvm.dll+0x1ea39d]
V  [jvm.dll+0x1dfdd1]
V  [jvm.dll+0x53be30]
V  [jvm.dll+0x7ac5a8]
V  [jvm.dll+0x7ac694]
V  [jvm.dll+0x40ba25]
V  [jvm.dll+0x411bb8]
C  [java.dll+0x17ec]

Java frames: (J=compiled Java code, j=interpreted, Vv=VM code)
J 1163  java.lang.ClassLoader.defineClass1(Ljava/lang/ClassLoader;Ljava/lang/String;[BIILjava/security/ProtectionDomain;Ljava/lang/String;)Ljava/lang/Class; java.base@17.0.5 (0 bytes) @ 0x0000018af7948ddb [0x0000018af7948d20+0x00000000000000bb]
J 1269 c1 java.lang.ClassLoader.defineClass(Ljava/lang/String;[BIILjava/security/ProtectionDomain;)Ljava/lang/Class; java.base@17.0.5 (43 bytes) @ 0x0000018af79743dc [0x0000018af79742e0+0x00000000000000fc]
J 1188 c1 jdk.internal.loader.BuiltinClassLoader.defineClass(Ljava/lang/String;Ljdk/internal/loader/Resource;)Ljava/lang/Class; java.base@17.0.5 (121 bytes) @ 0x0000018af79561c4 [0x0000018af7955d20+0x00000000000004a4]
J 1178 c1 jdk.internal.loader.BuiltinClassLoader.findClassOnClassPathOrNull(Ljava/lang/String;)Ljava/lang/Class; java.base@17.0.5 (64 bytes) @ 0x0000018af7950b1c [0x0000018af7950880+0x000000000000029c]
J 1038 c1 jdk.internal.loader.BuiltinClassLoader.loadClassOrNull(Ljava/lang/String;Z)Ljava/lang/Class; java.base@17.0.5 (143 bytes) @ 0x0000018af790ecc4 [0x0000018af790e880+0x0000000000000444]
J 1088 c1 jdk.internal.loader.ClassLoaders$AppClassLoader.loadClass(Ljava/lang/String;Z)Ljava/lang/Class; java.base@17.0.5 (40 bytes) @ 0x0000018af792a424 [0x0000018af792a2e0+0x0000000000000144]
J 1085 c1 java.lang.ClassLoader.loadClass(Ljava/lang/String;)Ljava/lang/Class; java.base@17.0.5 (7 bytes) @ 0x0000018af7929864 [0x0000018af7929820+0x0000000000000044]
v  ~StubRoutines::call_stub
j  org.springframework.format.datetime.standard.DateTimeFormatterRegistrar.registerFormatters(Lorg/springframework/format/FormatterRegistry;)V+234
j  org.springframework.format.support.DefaultFormattingConversionService.addDefaultFormatters(Lorg/springframework/format/FormatterRegistry;)V+66
j  org.springframework.boot.convert.ApplicationConversionService.configure(Lorg/springframework/format/FormatterRegistry;)V+5
j  org.springframework.boot.convert.ApplicationConversionService.<init>(Lorg/springframework/util/StringValueResolver;Z)V+14
j  org.springframework.boot.convert.ApplicationConversionService.<init>(Lorg/springframework/util/StringValueResolver;)V+3
j  org.springframework.boot.convert.ApplicationConversionService.<init>()V+2
j  org.springframework.boot.SpringApplication.configureEnvironment(Lorg/springframework/core/env/ConfigurableEnvironment;[Ljava/lang/String;)V+12
j  org.springframework.boot.SpringApplication.prepareEnvironment(Lorg/springframework/boot/SpringApplicationRunListeners;Lorg/springframework/boot/DefaultBootstrapContext;Lorg/springframework/boot/ApplicationArguments;)Lorg/springframework/core/env/ConfigurableEnvironment;+15
j  org.springframework.boot.SpringApplication.run([Ljava/lang/String;)Lorg/springframework/context/ConfigurableApplicationContext;+52
j  org.springframework.boot.SpringApplication.run([Ljava/lang/Class;[Ljava/lang/String;)Lorg/springframework/context/ConfigurableApplicationContext;+9
j  org.springframework.boot.SpringApplication.run(Ljava/lang/Class;[Ljava/lang/String;)Lorg/springframework/context/ConfigurableApplicationContext;+9
j  com.example.demo.BackendApplication.main([Ljava/lang/String;)V+3
v  ~StubRoutines::call_stub

---------------  P R O C E S S  ---------------

Threads class SMR info:
_java_thread_list=0x0000018a82882dc0, length=20, elements={
0x0000018af3ec8c50, 0x0000018a82841400, 0x0000018a82842400, 0x0000018affd991a0,
0x0000018affd99bc0, 0x0000018affd9b490, 0x0000018affd9bd50, 0x0000018a8285df50,
0x0000018a8285e850, 0x0000018affd35520, 0x0000018a8291c0b0, 0x0000018a8295bf40,
0x0000018a82a7bdb0, 0x0000018a82f64aa0, 0x0000018a82eccb50, 0x0000018a82fab830,
0x0000018a82fcc110, 0x0000018a82888610, 0x0000018a82fdfda0, 0x0000018a82f7cb50
}

Java Threads: ( => current thread )
=>0x0000018af3ec8c50 JavaThread "main" [_thread_in_vm, id=12068, stack(0x00000035bf100000,0x00000035bf200000)]
  0x0000018a82841400 JavaThread "Reference Handler" daemon [_thread_blocked, id=6016, stack(0x00000035bf800000,0x00000035bf900000)]
  0x0000018a82842400 JavaThread "Finalizer" daemon [_thread_blocked, id=5928, stack(0x00000035bf900000,0x00000035bfa00000)]
  0x0000018affd991a0 JavaThread "Signal Dispatcher" daemon [_thread_blocked, id=16632, stack(0x00000035bfa00000,0x00000035bfb00000)]
  0x0000018affd99bc0 JavaThread "Attach Listener" daemon [_thread_blocked, id=9276, stack(0x00000035bfb00000,0x00000035bfc00000)]
  0x0000018affd9b490 JavaThread "Service Thread" daemon [_thread_blocked, id=12420, stack(0x00000035bfc00000,0x00000035bfd00000)]
  0x0000018affd9bd50 JavaThread "Monitor Deflation Thread" daemon [_thread_blocked, id=7224, stack(0x00000035bfd00000,0x00000035bfe00000)]
  0x0000018a8285df50 JavaThread "C1 CompilerThread0" daemon [_thread_blocked, id=6680, stack(0x00000035bfe00000,0x00000035bff00000)]
  0x0000018a8285e850 JavaThread "Sweeper thread" daemon [_thread_blocked, id=17112, stack(0x00000035bff00000,0x00000035c0000000)]
  0x0000018affd35520 JavaThread "Common-Cleaner" daemon [_thread_blocked, id=16256, stack(0x00000035c0000000,0x00000035c0100000)]
  0x0000018a8291c0b0 JavaThread "C1 CompilerThread1" daemon [_thread_blocked, id=2656, stack(0x00000035c0100000,0x00000035c0200000)]
  0x0000018a8295bf40 JavaThread "C1 CompilerThread2" daemon [_thread_blocked, id=4016, stack(0x00000035c0200000,0x00000035c0300000)]
  0x0000018a82a7bdb0 JavaThread "Notification Thread" daemon [_thread_blocked, id=15820, stack(0x00000035c0300000,0x00000035c0400000)]
  0x0000018a82f64aa0 JavaThread "RMI TCP Accept-0" daemon [_thread_in_native, id=16836, stack(0x00000035c0400000,0x00000035c0500000)]
  0x0000018a82eccb50 JavaThread "RMI TCP Accept-58572" daemon [_thread_in_native, id=13532, stack(0x00000035c0500000,0x00000035c0600000)]
  0x0000018a82fab830 JavaThread "RMI TCP Connection(1)-127.0.0.1" daemon [_thread_in_native, id=13964, stack(0x00000035c0600000,0x00000035c0700000)]
  0x0000018a82fcc110 JavaThread "RMI TCP Accept-0" daemon [_thread_in_native, id=15124, stack(0x00000035c0700000,0x00000035c0800000)]
  0x0000018a82888610 JavaThread "RMI Scheduler(0)" daemon [_thread_blocked, id=15728, stack(0x00000035c0900000,0x00000035c0a00000)]
  0x0000018a82fdfda0 JavaThread "RMI TCP Connection(2)-127.0.0.1" daemon [_thread_in_native, id=15956, stack(0x00000035c0a00000,0x00000035c0b00000)]
  0x0000018a82f7cb50 JavaThread "JMX server connection timeout 22" daemon [_thread_blocked, id=17200, stack(0x00000035c0b00000,0x00000035c0c00000)]

Other Threads:
  0x0000018affd8f520 VMThread "VM Thread" [stack: 0x00000035bf700000,0x00000035bf800000] [id=6032]
  0x0000018a82ecd870 WatcherThread [stack: 0x00000035c0800000,0x00000035c0900000] [id=7848]
  0x0000018af3f254a0 GCTaskThread "GC Thread#0" [stack: 0x00000035bf200000,0x00000035bf300000] [id=6804]
  0x0000018a8337e5c0 GCTaskThread "GC Thread#1" [stack: 0x00000035c0c00000,0x00000035c0d00000] [id=16640]
  0x0000018a833c4d30 GCTaskThread "GC Thread#2" [stack: 0x00000035c0d00000,0x00000035c0e00000] [id=2336]
  0x0000018a833c8930 GCTaskThread "GC Thread#3" [stack: 0x00000035c0e00000,0x00000035c0f00000] [id=15736]
  0x0000018a833c8be0 GCTaskThread "GC Thread#4" [stack: 0x00000035c0f00000,0x00000035c1000000] [id=12592]
  0x0000018a833fec80 GCTaskThread "GC Thread#5" [stack: 0x00000035c1000000,0x00000035c1100000] [id=15644]
  0x0000018af3f36a90 ConcurrentGCThread "G1 Main Marker" [stack: 0x00000035bf300000,0x00000035bf400000] [id=3728]
  0x0000018af3f373b0 ConcurrentGCThread "G1 Conc#0" [stack: 0x00000035bf400000,0x00000035bf500000] [id=2992]
  0x0000018affc02200 ConcurrentGCThread "G1 Refine#0" [stack: 0x00000035bf500000,0x00000035bf600000] [id=5188]
  0x0000018a833e0b00 ConcurrentGCThread "G1 Refine#1" [stack: 0x00000035c1100000,0x00000035c1200000] [id=1108]
  0x0000018affc028d0 ConcurrentGCThread "G1 Service" [stack: 0x00000035bf600000,0x00000035bf700000] [id=13212]

Threads with active compile tasks:

VM state: not at safepoint (normal execution)

VM Mutex/Monitor currently owned by a thread:  ([mutex/lock_event])
[0x0000018af3eb6d70] Metaspace_lock - owner thread: 0x0000018af3ec8c50

Heap address: 0x0000000080000000, size: 2048 MB, Compressed Oops mode: 32-bit

CDS archive(s) not mapped
Compressed class space mapped at: 0x0000000100000000-0x0000000140000000, reserved size: 1073741824
Narrow klass base: 0x0000000000000000, Narrow klass shift: 3, Narrow klass range: 0x140000000

GC Precious Log:
 CPUs: 8 total, 8 available
 Memory: 8056M
 Large Page Support: Disabled
 NUMA Support: Disabled
 Compressed Oops: Enabled (32-bit)
 Heap Region Size: 1M
 Heap Min Capacity: 8M
 Heap Initial Capacity: 126M
 Heap Max Capacity: 2G
 Pre-touch: Disabled
 Parallel Workers: 8
 Concurrent Workers: 2
 Concurrent Refinement Workers: 8
 Periodic GC: Disabled

Heap:
 garbage-first heap   total 129024K, used 8029K [0x0000000080000000, 0x0000000100000000)
  region size 1024K, 5 young (5120K), 3 survivors (3072K)
 Metaspace       used 16599K, committed 16832K, reserved 1064960K
  class space    used 1801K, committed 1920K, reserved 1048576K

Heap Regions: E=young(eden), S=young(survivor), O=old, HS=humongous(starts), HC=humongous(continues), CS=collection set, F=free, OA=open archive, CA=closed archive, TAMS=top-at-mark-start (previous, next)
|   0|0x0000000080000000, 0x0000000080100000, 0x0000000080100000|100%|HS|  |TAMS 0x0000000080000000, 0x0000000080000000| Complete 
|   1|0x0000000080100000, 0x0000000080200000, 0x0000000080200000|100%| O|  |TAMS 0x0000000080100000, 0x0000000080100000| Untracked 
|   2|0x0000000080200000, 0x0000000080300000, 0x0000000080300000|100%| O|  |TAMS 0x0000000080200000, 0x0000000080200000| Untracked 
|   3|0x0000000080300000, 0x00000000803d7600, 0x0000000080400000| 84%| O|  |TAMS 0x0000000080300000, 0x0000000080300000| Untracked 
|   4|0x0000000080400000, 0x0000000080400000, 0x0000000080500000|  0%| F|  |TAMS 0x0000000080400000, 0x0000000080400000| Untracked 
|   5|0x0000000080500000, 0x0000000080500000, 0x0000000080600000|  0%| F|  |TAMS 0x0000000080500000, 0x0000000080500000| Untracked 
|   6|0x0000000080600000, 0x0000000080600000, 0x0000000080700000|  0%| F|  |TAMS 0x0000000080600000, 0x0000000080600000| Untracked 
|   7|0x0000000080700000, 0x0000000080700000, 0x0000000080800000|  0%| F|  |TAMS 0x0000000080700000, 0x0000000080700000| Untracked 
|   8|0x0000000080800000, 0x0000000080800000, 0x0000000080900000|  0%| F|  |TAMS 0x0000000080800000, 0x0000000080800000| Untracked 
|   9|0x0000000080900000, 0x0000000080900000, 0x0000000080a00000|  0%| F|  |TAMS 0x0000000080900000, 0x0000000080900000| Untracked 
|  10|0x0000000080a00000, 0x0000000080a00000, 0x0000000080b00000|  0%| F|  |TAMS 0x0000000080a00000, 0x0000000080a00000| Untracked 
|  11|0x0000000080b00000, 0x0000000080b00000, 0x0000000080c00000|  0%| F|  |TAMS 0x0000000080b00000, 0x0000000080b00000| Untracked 
|  12|0x0000000080c00000, 0x0000000080c00000, 0x0000000080d00000|  0%| F|  |TAMS 0x0000000080c00000, 0x0000000080c00000| Untracked 
|  13|0x0000000080d00000, 0x0000000080d00000, 0x0000000080e00000|  0%| F|  |TAMS 0x0000000080d00000, 0x0000000080d00000| Untracked 
|  14|0x0000000080e00000, 0x0000000080e00000, 0x0000000080f00000|  0%| F|  |TAMS 0x0000000080e00000, 0x0000000080e00000| Untracked 
|  15|0x0000000080f00000, 0x0000000080f00000, 0x0000000081000000|  0%| F|  |TAMS 0x0000000080f00000, 0x0000000080f00000| Untracked 
|  16|0x0000000081000000, 0x0000000081000000, 0x0000000081100000|  0%| F|  |TAMS 0x0000000081000000, 0x0000000081000000| Untracked 
|  17|0x0000000081100000, 0x0000000081100000, 0x0000000081200000|  0%| F|  |TAMS 0x0000000081100000, 0x0000000081100000| Untracked 
|  18|0x0000000081200000, 0x0000000081200000, 0x0000000081300000|  0%| F|  |TAMS 0x0000000081200000, 0x0000000081200000| Untracked 
|  19|0x0000000081300000, 0x0000000081300000, 0x0000000081400000|  0%| F|  |TAMS 0x0000000081300000, 0x0000000081300000| Untracked 
|  20|0x0000000081400000, 0x0000000081400000, 0x0000000081500000|  0%| F|  |TAMS 0x0000000081400000, 0x0000000081400000| Untracked 
|  21|0x0000000081500000, 0x0000000081500000, 0x0000000081600000|  0%| F|  |TAMS 0x0000000081500000, 0x0000000081500000| Untracked 
|  22|0x0000000081600000, 0x0000000081600000, 0x0000000081700000|  0%| F|  |TAMS 0x0000000081600000, 0x0000000081600000| Untracked 
|  23|0x0000000081700000, 0x0000000081700000, 0x0000000081800000|  0%| F|  |TAMS 0x0000000081700000, 0x0000000081700000| Untracked 
|  24|0x0000000081800000, 0x0000000081800000, 0x0000000081900000|  0%| F|  |TAMS 0x0000000081800000, 0x0000000081800000| Untracked 
|  25|0x0000000081900000, 0x0000000081900000, 0x0000000081a00000|  0%| F|  |TAMS 0x0000000081900000, 0x0000000081900000| Untracked 
|  26|0x0000000081a00000, 0x0000000081a00000, 0x0000000081b00000|  0%| F|  |TAMS 0x0000000081a00000, 0x0000000081a00000| Untracked 
|  27|0x0000000081b00000, 0x0000000081b00000, 0x0000000081c00000|  0%| F|  |TAMS 0x0000000081b00000, 0x0000000081b00000| Untracked 
|  28|0x0000000081c00000, 0x0000000081c00000, 0x0000000081d00000|  0%| F|  |TAMS 0x0000000081c00000, 0x0000000081c00000| Untracked 
|  29|0x0000000081d00000, 0x0000000081d00000, 0x0000000081e00000|  0%| F|  |TAMS 0x0000000081d00000, 0x0000000081d00000| Untracked 
|  30|0x0000000081e00000, 0x0000000081e00000, 0x0000000081f00000|  0%| F|  |TAMS 0x0000000081e00000, 0x0000000081e00000| Untracked 
|  31|0x0000000081f00000, 0x0000000081f00000, 0x0000000082000000|  0%| F|  |TAMS 0x0000000081f00000, 0x0000000081f00000| Untracked 
|  32|0x0000000082000000, 0x0000000082000000, 0x0000000082100000|  0%| F|  |TAMS 0x0000000082000000, 0x0000000082000000| Untracked 
|  33|0x0000000082100000, 0x0000000082100000, 0x0000000082200000|  0%| F|  |TAMS 0x0000000082100000, 0x0000000082100000| Untracked 
|  34|0x0000000082200000, 0x0000000082200000, 0x0000000082300000|  0%| F|  |TAMS 0x0000000082200000, 0x0000000082200000| Untracked 
|  35|0x0000000082300000, 0x0000000082300000, 0x0000000082400000|  0%| F|  |TAMS 0x0000000082300000, 0x0000000082300000| Untracked 
|  36|0x0000000082400000, 0x0000000082400000, 0x0000000082500000|  0%| F|  |TAMS 0x0000000082400000, 0x0000000082400000| Untracked 
|  37|0x0000000082500000, 0x0000000082500000, 0x0000000082600000|  0%| F|  |TAMS 0x0000000082500000, 0x0000000082500000| Untracked 
|  38|0x0000000082600000, 0x0000000082600000, 0x0000000082700000|  0%| F|  |TAMS 0x0000000082600000, 0x0000000082600000| Untracked 
|  39|0x0000000082700000, 0x0000000082700000, 0x0000000082800000|  0%| F|  |TAMS 0x0000000082700000, 0x0000000082700000| Untracked 
|  40|0x0000000082800000, 0x0000000082800000, 0x0000000082900000|  0%| F|  |TAMS 0x0000000082800000, 0x0000000082800000| Untracked 
|  41|0x0000000082900000, 0x0000000082900000, 0x0000000082a00000|  0%| F|  |TAMS 0x0000000082900000, 0x0000000082900000| Untracked 
|  42|0x0000000082a00000, 0x0000000082a00000, 0x0000000082b00000|  0%| F|  |TAMS 0x0000000082a00000, 0x0000000082a00000| Untracked 
|  43|0x0000000082b00000, 0x0000000082b00000, 0x0000000082c00000|  0%| F|  |TAMS 0x0000000082b00000, 0x0000000082b00000| Untracked 
|  44|0x0000000082c00000, 0x0000000082c00000, 0x0000000082d00000|  0%| F|  |TAMS 0x0000000082c00000, 0x0000000082c00000| Untracked 
|  45|0x0000000082d00000, 0x0000000082d00000, 0x0000000082e00000|  0%| F|  |TAMS 0x0000000082d00000, 0x0000000082d00000| Untracked 
|  46|0x0000000082e00000, 0x0000000082e00000, 0x0000000082f00000|  0%| F|  |TAMS 0x0000000082e00000, 0x0000000082e00000| Untracked 
|  47|0x0000000082f00000, 0x0000000082f00000, 0x0000000083000000|  0%| F|  |TAMS 0x0000000082f00000, 0x0000000082f00000| Untracked 
|  48|0x0000000083000000, 0x0000000083000000, 0x0000000083100000|  0%| F|  |TAMS 0x0000000083000000, 0x0000000083000000| Untracked 
|  49|0x0000000083100000, 0x0000000083100000, 0x0000000083200000|  0%| F|  |TAMS 0x0000000083100000, 0x0000000083100000| Untracked 
|  50|0x0000000083200000, 0x0000000083200000, 0x0000000083300000|  0%| F|  |TAMS 0x0000000083200000, 0x0000000083200000| Untracked 
|  51|0x0000000083300000, 0x0000000083300000, 0x0000000083400000|  0%| F|  |TAMS 0x0000000083300000, 0x0000000083300000| Untracked 
|  52|0x0000000083400000, 0x0000000083400000, 0x0000000083500000|  0%| F|  |TAMS 0x0000000083400000, 0x0000000083400000| Untracked 
|  53|0x0000000083500000, 0x0000000083500000, 0x0000000083600000|  0%| F|  |TAMS 0x0000000083500000, 0x0000000083500000| Untracked 
|  54|0x0000000083600000, 0x0000000083600000, 0x0000000083700000|  0%| F|  |TAMS 0x0000000083600000, 0x0000000083600000| Untracked 
|  55|0x0000000083700000, 0x0000000083700000, 0x0000000083800000|  0%| F|  |TAMS 0x0000000083700000, 0x0000000083700000| Untracked 
|  56|0x0000000083800000, 0x0000000083800000, 0x0000000083900000|  0%| F|  |TAMS 0x0000000083800000, 0x0000000083800000| Untracked 
|  57|0x0000000083900000, 0x0000000083900000, 0x0000000083a00000|  0%| F|  |TAMS 0x0000000083900000, 0x0000000083900000| Untracked 
|  58|0x0000000083a00000, 0x0000000083a00000, 0x0000000083b00000|  0%| F|  |TAMS 0x0000000083a00000, 0x0000000083a00000| Untracked 
|  59|0x0000000083b00000, 0x0000000083b00000, 0x0000000083c00000|  0%| F|  |TAMS 0x0000000083b00000, 0x0000000083b00000| Untracked 
|  60|0x0000000083c00000, 0x0000000083c00000, 0x0000000083d00000|  0%| F|  |TAMS 0x0000000083c00000, 0x0000000083c00000| Untracked 
|  61|0x0000000083d00000, 0x0000000083d00000, 0x0000000083e00000|  0%| F|  |TAMS 0x0000000083d00000, 0x0000000083d00000| Untracked 
|  62|0x0000000083e00000, 0x0000000083e00000, 0x0000000083f00000|  0%| F|  |TAMS 0x0000000083e00000, 0x0000000083e00000| Untracked 
|  63|0x0000000083f00000, 0x0000000083f00000, 0x0000000084000000|  0%| F|  |TAMS 0x0000000083f00000, 0x0000000083f00000| Untracked 
|  64|0x0000000084000000, 0x0000000084000000, 0x0000000084100000|  0%| F|  |TAMS 0x0000000084000000, 0x0000000084000000| Untracked 
|  65|0x0000000084100000, 0x0000000084100000, 0x0000000084200000|  0%| F|  |TAMS 0x0000000084100000, 0x0000000084100000| Untracked 
|  66|0x0000000084200000, 0x0000000084200000, 0x0000000084300000|  0%| F|  |TAMS 0x0000000084200000, 0x0000000084200000| Untracked 
|  67|0x0000000084300000, 0x0000000084300000, 0x0000000084400000|  0%| F|  |TAMS 0x0000000084300000, 0x0000000084300000| Untracked 
|  68|0x0000000084400000, 0x0000000084400000, 0x0000000084500000|  0%| F|  |TAMS 0x0000000084400000, 0x0000000084400000| Untracked 
|  69|0x0000000084500000, 0x0000000084500000, 0x0000000084600000|  0%| F|  |TAMS 0x0000000084500000, 0x0000000084500000| Untracked 
|  70|0x0000000084600000, 0x0000000084600000, 0x0000000084700000|  0%| F|  |TAMS 0x0000000084600000, 0x0000000084600000| Untracked 
|  71|0x0000000084700000, 0x0000000084700000, 0x0000000084800000|  0%| F|  |TAMS 0x0000000084700000, 0x0000000084700000| Untracked 
|  72|0x0000000084800000, 0x0000000084800000, 0x0000000084900000|  0%| F|  |TAMS 0x0000000084800000, 0x0000000084800000| Untracked 
|  73|0x0000000084900000, 0x0000000084900000, 0x0000000084a00000|  0%| F|  |TAMS 0x0000000084900000, 0x0000000084900000| Untracked 
|  74|0x0000000084a00000, 0x0000000084a00000, 0x0000000084b00000|  0%| F|  |TAMS 0x0000000084a00000, 0x0000000084a00000| Untracked 
|  75|0x0000000084b00000, 0x0000000084b00000, 0x0000000084c00000|  0%| F|  |TAMS 0x0000000084b00000, 0x0000000084b00000| Untracked 
|  76|0x0000000084c00000, 0x0000000084c00000, 0x0000000084d00000|  0%| F|  |TAMS 0x0000000084c00000, 0x0000000084c00000| Untracked 
|  77|0x0000000084d00000, 0x0000000084d00000, 0x0000000084e00000|  0%| F|  |TAMS 0x0000000084d00000, 0x0000000084d00000| Untracked 
|  78|0x0000000084e00000, 0x0000000084e00000, 0x0000000084f00000|  0%| F|  |TAMS 0x0000000084e00000, 0x0000000084e00000| Untracked 
|  79|0x0000000084f00000, 0x0000000084f00000, 0x0000000085000000|  0%| F|  |TAMS 0x0000000084f00000, 0x0000000084f00000| Untracked 
|  80|0x0000000085000000, 0x0000000085000000, 0x0000000085100000|  0%| F|  |TAMS 0x0000000085000000, 0x0000000085000000| Untracked 
|  81|0x0000000085100000, 0x0000000085100000, 0x0000000085200000|  0%| F|  |TAMS 0x0000000085100000, 0x0000000085100000| Untracked 
|  82|0x0000000085200000, 0x0000000085200000, 0x0000000085300000|  0%| F|  |TAMS 0x0000000085200000, 0x0000000085200000| Untracked 
|  83|0x0000000085300000, 0x0000000085300000, 0x0000000085400000|  0%| F|  |TAMS 0x0000000085300000, 0x0000000085300000| Untracked 
|  84|0x0000000085400000, 0x0000000085400000, 0x0000000085500000|  0%| F|  |TAMS 0x0000000085400000, 0x0000000085400000| Untracked 
|  85|0x0000000085500000, 0x0000000085500000, 0x0000000085600000|  0%| F|  |TAMS 0x0000000085500000, 0x0000000085500000| Untracked 
|  86|0x0000000085600000, 0x0000000085600000, 0x0000000085700000|  0%| F|  |TAMS 0x0000000085600000, 0x0000000085600000| Untracked 
|  87|0x0000000085700000, 0x0000000085700000, 0x0000000085800000|  0%| F|  |TAMS 0x0000000085700000, 0x0000000085700000| Untracked 
|  88|0x0000000085800000, 0x0000000085800000, 0x0000000085900000|  0%| F|  |TAMS 0x0000000085800000, 0x0000000085800000| Untracked 
|  89|0x0000000085900000, 0x0000000085900000, 0x0000000085a00000|  0%| F|  |TAMS 0x0000000085900000, 0x0000000085900000| Untracked 
|  90|0x0000000085a00000, 0x0000000085a00000, 0x0000000085b00000|  0%| F|  |TAMS 0x0000000085a00000, 0x0000000085a00000| Untracked 
|  91|0x0000000085b00000, 0x0000000085b00000, 0x0000000085c00000|  0%| F|  |TAMS 0x0000000085b00000, 0x0000000085b00000| Untracked 
|  92|0x0000000085c00000, 0x0000000085c00000, 0x0000000085d00000|  0%| F|  |TAMS 0x0000000085c00000, 0x0000000085c00000| Untracked 
|  93|0x0000000085d00000, 0x0000000085d00000, 0x0000000085e00000|  0%| F|  |TAMS 0x0000000085d00000, 0x0000000085d00000| Untracked 
|  94|0x0000000085e00000, 0x0000000085e00000, 0x0000000085f00000|  0%| F|  |TAMS 0x0000000085e00000, 0x0000000085e00000| Untracked 
|  95|0x0000000085f00000, 0x0000000085f00000, 0x0000000086000000|  0%| F|  |TAMS 0x0000000085f00000, 0x0000000085f00000| Untracked 
|  96|0x0000000086000000, 0x0000000086000000, 0x0000000086100000|  0%| F|  |TAMS 0x0000000086000000, 0x0000000086000000| Untracked 
|  97|0x0000000086100000, 0x0000000086100000, 0x0000000086200000|  0%| F|  |TAMS 0x0000000086100000, 0x0000000086100000| Untracked 
|  98|0x0000000086200000, 0x0000000086200000, 0x0000000086300000|  0%| F|  |TAMS 0x0000000086200000, 0x0000000086200000| Untracked 
|  99|0x0000000086300000, 0x0000000086300000, 0x0000000086400000|  0%| F|  |TAMS 0x0000000086300000, 0x0000000086300000| Untracked 
| 100|0x0000000086400000, 0x0000000086500000, 0x0000000086500000|100%| S|CS|TAMS 0x0000000086400000, 0x0000000086400000| Complete 
| 101|0x0000000086500000, 0x0000000086600000, 0x0000000086600000|100%| S|CS|TAMS 0x0000000086500000, 0x0000000086500000| Complete 
| 102|0x0000000086600000, 0x0000000086700000, 0x0000000086700000|100%| S|CS|TAMS 0x0000000086600000, 0x0000000086600000| Complete 
| 103|0x0000000086700000, 0x0000000086700000, 0x0000000086800000|  0%| F|  |TAMS 0x0000000086700000, 0x0000000086700000| Untracked 
| 104|0x0000000086800000, 0x0000000086800000, 0x0000000086900000|  0%| F|  |TAMS 0x0000000086800000, 0x0000000086800000| Untracked 
| 105|0x0000000086900000, 0x0000000086900000, 0x0000000086a00000|  0%| F|  |TAMS 0x0000000086900000, 0x0000000086900000| Untracked 
| 106|0x0000000086a00000, 0x0000000086a00000, 0x0000000086b00000|  0%| F|  |TAMS 0x0000000086a00000, 0x0000000086a00000| Untracked 
| 107|0x0000000086b00000, 0x0000000086b00000, 0x0000000086c00000|  0%| F|  |TAMS 0x0000000086b00000, 0x0000000086b00000| Untracked 
| 108|0x0000000086c00000, 0x0000000086c00000, 0x0000000086d00000|  0%| F|  |TAMS 0x0000000086c00000, 0x0000000086c00000| Untracked 
| 109|0x0000000086d00000, 0x0000000086d00000, 0x0000000086e00000|  0%| F|  |TAMS 0x0000000086d00000, 0x0000000086d00000| Untracked 
| 110|0x0000000086e00000, 0x0000000086e00000, 0x0000000086f00000|  0%| F|  |TAMS 0x0000000086e00000, 0x0000000086e00000| Untracked 
| 111|0x0000000086f00000, 0x0000000086f00000, 0x0000000087000000|  0%| F|  |TAMS 0x0000000086f00000, 0x0000000086f00000| Untracked 
| 112|0x0000000087000000, 0x0000000087000000, 0x0000000087100000|  0%| F|  |TAMS 0x0000000087000000, 0x0000000087000000| Untracked 
| 113|0x0000000087100000, 0x0000000087100000, 0x0000000087200000|  0%| F|  |TAMS 0x0000000087100000, 0x0000000087100000| Untracked 
| 114|0x0000000087200000, 0x0000000087200000, 0x0000000087300000|  0%| F|  |TAMS 0x0000000087200000, 0x0000000087200000| Untracked 
| 115|0x0000000087300000, 0x0000000087300000, 0x0000000087400000|  0%| F|  |TAMS 0x0000000087300000, 0x0000000087300000| Untracked 
| 116|0x0000000087400000, 0x0000000087400000, 0x0000000087500000|  0%| F|  |TAMS 0x0000000087400000, 0x0000000087400000| Untracked 
| 117|0x0000000087500000, 0x0000000087500000, 0x0000000087600000|  0%| F|  |TAMS 0x0000000087500000, 0x0000000087500000| Untracked 
| 118|0x0000000087600000, 0x0000000087600000, 0x0000000087700000|  0%| F|  |TAMS 0x0000000087600000, 0x0000000087600000| Untracked 
| 119|0x0000000087700000, 0x0000000087700000, 0x0000000087800000|  0%| F|  |TAMS 0x0000000087700000, 0x0000000087700000| Untracked 
| 120|0x0000000087800000, 0x0000000087800000, 0x0000000087900000|  0%| F|  |TAMS 0x0000000087800000, 0x0000000087800000| Untracked 
| 121|0x0000000087900000, 0x0000000087900000, 0x0000000087a00000|  0%| F|  |TAMS 0x0000000087900000, 0x0000000087900000| Untracked 
| 122|0x0000000087a00000, 0x0000000087a00000, 0x0000000087b00000|  0%| F|  |TAMS 0x0000000087a00000, 0x0000000087a00000| Untracked 
| 123|0x0000000087b00000, 0x0000000087b00000, 0x0000000087c00000|  0%| F|  |TAMS 0x0000000087b00000, 0x0000000087b00000| Untracked 
| 124|0x0000000087c00000, 0x0000000087cbcf50, 0x0000000087d00000| 73%| E|  |TAMS 0x0000000087c00000, 0x0000000087c00000| Complete 
| 125|0x0000000087d00000, 0x0000000087e00000, 0x0000000087e00000|100%| E|CS|TAMS 0x0000000087d00000, 0x0000000087d00000| Complete 

Card table byte_map: [0x0000018afaa90000,0x0000018afae90000] _byte_map_base: 0x0000018afa690000

Marking Bits (Prev, Next): (CMBitMap*) 0x0000018af3f259c0, (CMBitMap*) 0x0000018af3f25a00
 Prev Bits: [0x0000018afb290000, 0x0000018afd290000)
 Next Bits: [0x0000018afd290000, 0x0000018aff290000)

Polling page: 0x0000018af1eb0000

Metaspace:

Usage:
  Non-class:     14.45 MB used.
      Class:      1.76 MB used.
       Both:     16.21 MB used.

Virtual space:
  Non-class space:       16.00 MB reserved,      14.56 MB ( 91%) committed,  2 nodes.
      Class space:        1.00 GB reserved,       1.88 MB ( <1%) committed,  1 nodes.
             Both:        1.02 GB reserved,      16.44 MB (  2%) committed. 

Chunk freelists:
   Non-Class:  1.30 MB
       Class:  1.98 MB
        Both:  3.28 MB

MaxMetaspaceSize: unlimited
CompressedClassSpaceSize: 1.00 GB
Initial GC threshold: 21.00 MB
Current GC threshold: 21.00 MB
CDS: off
MetaspaceReclaimPolicy: balanced
 - commit_granule_bytes: 65536.
 - commit_granule_words: 8192.
 - virtual_space_node_default_size: 1048576.
 - enlarge_chunks_in_place: 1.
 - new_chunks_are_fully_committed: 0.
 - uncommit_free_chunks: 1.
 - use_allocation_guard: 0.
 - handle_deallocations: 1.


Internal statistics:

num_allocs_failed_limit: 0.
num_arena_births: 182.
num_arena_deaths: 0.
num_vsnodes_births: 3.
num_vsnodes_deaths: 0.
num_space_committed: 263.
num_space_uncommitted: 0.
num_chunks_returned_to_freelist: 0.
num_chunks_taken_from_freelist: 379.
num_chunk_merges: 0.
num_chunk_splits: 217.
num_chunks_enlarged: 122.
num_purges: 0.
num_inconsistent_stats: 0.

CodeCache: size=49152Kb used=4153Kb max_used=4153Kb free=44998Kb
 bounds [0x0000018af7580000, 0x0000018af7990000, 0x0000018afa580000]
 total_blobs=1785 nmethods=1328 adapters=383
 compilation: enabled
              stopped_count=0, restarted_count=0
 full_count=0

Compilation events (20 events):
Event: 0.796 Thread 0x0000018a8285df50 1320       1       sun.reflect.generics.tree.ClassTypeSignature::make (9 bytes)
Event: 0.796 Thread 0x0000018a8285df50 nmethod 1320 0x0000018af798a210 code [0x0000018af798a3a0, 0x0000018af798a4d8]
Event: 0.796 Thread 0x0000018a8285df50 1321       1       sun.reflect.generics.tree.ClassTypeSignature::<init> (10 bytes)
Event: 0.796 Thread 0x0000018a8285df50 nmethod 1321 0x0000018af798a590 code [0x0000018af798a720, 0x0000018af798a838]
Event: 0.796 Thread 0x0000018a8291c0b0 nmethod 1318 0x0000018af798a890 code [0x0000018af798ab00, 0x0000018af798b2a8]
Event: 0.796 Thread 0x0000018a8295bf40 nmethod 1317 0x0000018af798b610 code [0x0000018af798b8e0, 0x0000018af798c1b8]
Event: 0.798 Thread 0x0000018a8291c0b0 1322       1       java.lang.StringBuilder::append (6 bytes)
Event: 0.798 Thread 0x0000018a8291c0b0 nmethod 1322 0x0000018af798c710 code [0x0000018af798c8a0, 0x0000018af798c988]
Event: 0.798 Thread 0x0000018a8295bf40 1323       1       java.lang.StringBuilder::<init> (6 bytes)
Event: 0.798 Thread 0x0000018a8291c0b0 1324       1       java.lang.AbstractStringBuilder::<init> (63 bytes)
Event: 0.798 Thread 0x0000018a8295bf40 nmethod 1323 0x0000018af798ca10 code [0x0000018af798cba0, 0x0000018af798cc88]
Event: 0.798 Thread 0x0000018a8291c0b0 nmethod 1324 0x0000018af798cd10 code [0x0000018af798cec0, 0x0000018af798d118]
Event: 0.799 Thread 0x0000018a8295bf40 1325       1       java.util.RegularEnumSet::add (9 bytes)
Event: 0.799 Thread 0x0000018a8285df50 1327       1       java.util.EnumSet::typeCheck (59 bytes)
Event: 0.799 Thread 0x0000018a8291c0b0 1326       1       java.util.RegularEnumSet::add (40 bytes)
Event: 0.799 Thread 0x0000018a8295bf40 nmethod 1325 0x0000018af798d290 code [0x0000018af798d420, 0x0000018af798d528]
Event: 0.799 Thread 0x0000018a8291c0b0 nmethod 1326 0x0000018af798d610 code [0x0000018af798d7a0, 0x0000018af798d8e8]
Event: 0.799 Thread 0x0000018a8285df50 nmethod 1327 0x0000018af798d990 code [0x0000018af798dbc0, 0x0000018af798e078]
Event: 0.799 Thread 0x0000018a8285df50 1328       1       java.util.concurrent.atomic.AtomicInteger::incrementAndGet (14 bytes)
Event: 0.800 Thread 0x0000018a8285df50 nmethod 1328 0x0000018af798e310 code [0x0000018af798e4a0, 0x0000018af798e578]

GC Heap History (2 events):
Event: 0.747 GC heap before
{Heap before GC invocations=0 (full 0):
 garbage-first heap   total 129024K, used 23552K [0x0000000080000000, 0x0000000100000000)
  region size 1024K, 23 young (23552K), 0 survivors (0K)
 Metaspace       used 16176K, committed 16448K, reserved 1064960K
  class space    used 1753K, committed 1856K, reserved 1048576K
}
Event: 0.778 GC heap after
{Heap after GC invocations=1 (full 0):
 garbage-first heap   total 129024K, used 7005K [0x0000000080000000, 0x0000000100000000)
  region size 1024K, 3 young (3072K), 3 survivors (3072K)
 Metaspace       used 16176K, committed 16448K, reserved 1064960K
  class space    used 1753K, committed 1856K, reserved 1048576K
}

Dll operation events (7 events):
Event: 0.007 Loaded shared library F:\sts-4.17.0.RELEASE\plugins\org.eclipse.justj.openjdk.hotspot.jre.full.win32.x86_64_17.0.5.v20221102-0933\jre\bin\java.dll
Event: 0.174 Loaded shared library F:\sts-4.17.0.RELEASE\plugins\org.eclipse.justj.openjdk.hotspot.jre.full.win32.x86_64_17.0.5.v20221102-0933\jre\bin\jimage.dll
Event: 0.189 Loaded shared library F:\sts-4.17.0.RELEASE\plugins\org.eclipse.justj.openjdk.hotspot.jre.full.win32.x86_64_17.0.5.v20221102-0933\jre\bin\net.dll
Event: 0.190 Loaded shared library F:\sts-4.17.0.RELEASE\plugins\org.eclipse.justj.openjdk.hotspot.jre.full.win32.x86_64_17.0.5.v20221102-0933\jre\bin\nio.dll
Event: 0.194 Loaded shared library F:\sts-4.17.0.RELEASE\plugins\org.eclipse.justj.openjdk.hotspot.jre.full.win32.x86_64_17.0.5.v20221102-0933\jre\bin\zip.dll
Event: 0.240 Loaded shared library F:\sts-4.17.0.RELEASE\plugins\org.eclipse.justj.openjdk.hotspot.jre.full.win32.x86_64_17.0.5.v20221102-0933\jre\bin\management.dll
Event: 0.253 Loaded shared library F:\sts-4.17.0.RELEASE\plugins\org.eclipse.justj.openjdk.hotspot.jre.full.win32.x86_64_17.0.5.v20221102-0933\jre\bin\management_ext.dll

Deoptimization events (0 events):
No events

Classes unloaded (0 events):
No events

Classes redefined (0 events):
No events

Internal exceptions (20 events):
Event: 0.456 Thread 0x0000018af3ec8c50 Exception <a 'java/lang/ClassNotFoundException'{0x00000000875e4d78}: javax/management/remote/rmi/RMIServerImpl_Skel> (0x00000000875e4d78) 
thrown [s\src\hotspot\share\classfile\systemDictionary.cpp, line 256]
Event: 0.486 Thread 0x0000018af3ec8c50 Exception <a 'java/lang/ClassNotFoundException'{0x0000000087429c58}: jdk/internal/agent/resources/spi/agentProvider> (0x0000000087429c58) 
thrown [s\src\hotspot\share\classfile\systemDictionary.cpp, line 256]
Event: 0.518 Thread 0x0000018a82fdfda0 Exception <a 'java/lang/NoSuchMethodError'{0x000000008711d030}: static [B.<clinit>()V> (0x000000008711d030) 
thrown [s\src\hotspot\share\prims\jni.cpp, line 1107]
Event: 0.528 Thread 0x0000018a82f7cb50 Exception <a 'java/lang/NoSuchMethodError'{0x0000000087012a00}: 'java.lang.Object java.lang.invoke.Invokers$Holder.linkToTargetMethod(java.lang.Object, long, java.lang.Object)'> (0x0000000087012a00) 
thrown [s\src\hotspot\share\interpreter\linkResolver.cpp, line 759]
Event: 0.528 Thread 0x0000018a82fdfda0 Exception <a 'java/lang/ClassNotFoundException'{0x000000008713e138}: javax/management/remote/rmi/RMIConnectionImpl_Skel> (0x000000008713e138) 
thrown [s\src\hotspot\share\classfile\systemDictionary.cpp, line 256]
Event: 0.538 Thread 0x0000018a82fdfda0 Exception <a 'java/lang/reflect/InvocationTargetException'{0x0000000087173ea0}> (0x0000000087173ea0) 
thrown [s\src\hotspot\share\runtime\reflection.cpp, line 1121]
Event: 0.542 Thread 0x0000018a82fdfda0 Exception <a 'java/lang/NoSuchMethodError'{0x000000008709e218}: static [Ljava/lang/StackTraceElement;.<clinit>()V> (0x000000008709e218) 
thrown [s\src\hotspot\share\prims\jni.cpp, line 1107]
Event: 0.568 Thread 0x0000018af3ec8c50 Exception <a 'java/lang/ClassNotFoundException'{0x0000000086f9e198}: javax/smartcardio/CardPermission> (0x0000000086f9e198) 
thrown [s\src\hotspot\share\classfile\systemDictionary.cpp, line 256]
Event: 0.570 Thread 0x0000018af3ec8c50 Exception <a 'java/io/FileNotFoundException'{0x0000000086fac938}> (0x0000000086fac938) 
thrown [s\src\hotspot\share\prims\jni.cpp, line 516]
Event: 0.624 Thread 0x0000018af3ec8c50 Exception <a 'java/lang/NoSuchMethodError'{0x0000000086d85db8}: 'void java.lang.invoke.DirectMethodHandle$Holder.invokeStatic(java.lang.Object, java.lang.Object, java.lang.Object, java.lang.Object)'> (0x0000000086d85db8) 
thrown [s\src\hotspot\share\interpreter\linkResolver.cpp, line 759]
Event: 0.648 Thread 0x0000018af3ec8c50 Exception <a 'java/lang/NoSuchMethodError'{0x0000000086ca2290}: 'int java.lang.invoke.DirectMethodHandle$Holder.invokeStaticInit(java.lang.Object, java.lang.Object)'> (0x0000000086ca2290) 
thrown [s\src\hotspot\share\interpreter\linkResolver.cpp, line 759]
Event: 0.680 Thread 0x0000018af3ec8c50 Exception <a 'java/lang/NoSuchMethodError'{0x0000000086a649d0}: 'java.lang.Object java.lang.invoke.DirectMethodHandle$Holder.invokeInterface(java.lang.Object, java.lang.Object)'> (0x0000000086a649d0) 
thrown [s\src\hotspot\share\interpreter\linkResolver.cpp, line 759]
Event: 0.685 Thread 0x0000018af3ec8c50 Exception <a 'java/lang/NoSuchMethodError'{0x0000000086aa5eb8}: 'java.lang.Object java.lang.invoke.DirectMethodHandle$Holder.invokeSpecialIFC(java.lang.Object, java.lang.Object, java.lang.Object, java.lang.Object)'> (0x0000000086aa5eb8) 
thrown [s\src\hotspot\share\interpreter\linkResolver.cpp, line 759]
Event: 0.688 Thread 0x0000018af3ec8c50 Exception <a 'java/lang/NoSuchMethodError'{0x0000000086ac36f0}: 'java.lang.Object java.lang.invoke.DirectMethodHandle$Holder.invokeInterface(java.lang.Object, java.lang.Object, java.lang.Object)'> (0x0000000086ac36f0) 
thrown [s\src\hotspot\share\interpreter\linkResolver.cpp, line 759]
Event: 0.702 Thread 0x0000018af3ec8c50 Exception <a 'java/lang/NoSuchMethodError'{0x0000000086993118}: 'int java.lang.invoke.DirectMethodHandle$Holder.invokeStaticInit(java.lang.Object, java.lang.Object, java.lang.Object)'> (0x0000000086993118) 
thrown [s\src\hotspot\share\interpreter\linkResolver.cpp, line 759]
Event: 0.705 Thread 0x0000018af3ec8c50 Exception <a 'java/lang/NoSuchMethodError'{0x00000000869c1e40}: 'java.lang.Object java.lang.invoke.DirectMethodHandle$Holder.invokeVirtual(java.lang.Object, java.lang.Object, java.lang.Object)'> (0x00000000869c1e40) 
thrown [s\src\hotspot\share\interpreter\linkResolver.cpp, line 759]
Event: 0.708 Thread 0x0000018af3ec8c50 Exception <a 'java/lang/NoSuchMethodError'{0x00000000869f4f08}: 'java.lang.Object java.lang.invoke.DirectMethodHandle$Holder.newInvokeSpecial(java.lang.Object, java.lang.Object, java.lang.Object, java.lang.Object, java.lang.Object)'> (0x00000000869f4f08) 
thrown [s\src\hotspot\share\interpreter\linkResolver.cpp, line 759]
Event: 0.713 Thread 0x0000018af3ec8c50 Exception <a 'java/lang/NoSuchMethodError'{0x00000000868449c8}: 'java.lang.Object java.lang.invoke.DirectMethodHandle$Holder.invokeStaticInit(java.lang.Object, java.lang.Object, java.lang.Object)'> (0x00000000868449c8) 
thrown [s\src\hotspot\share\interpreter\linkResolver.cpp, line 759]
Event: 0.720 Thread 0x0000018af3ec8c50 Exception <a 'java/lang/IncompatibleClassChangeError'{0x00000000868b3538}: Found class java.lang.Object, but interface was expected> (0x00000000868b3538) 
thrown [s\src\hotspot\share\interpreter\linkResolver.cpp, line 826]
Event: 0.731 Thread 0x0000018af3ec8c50 Exception <a 'sun/nio/fs/WindowsException'{0x0000000086733e68}> (0x0000000086733e68) 
thrown [s\src\hotspot\share\prims\jni.cpp, line 516]

VM Operations (18 events):
Event: 0.154 Executing VM operation: HandshakeAllThreads
Event: 0.154 Executing VM operation: HandshakeAllThreads done
Event: 0.355 Executing VM operation: HandshakeAllThreads
Event: 0.355 Executing VM operation: HandshakeAllThreads done
Event: 0.384 Executing VM operation: HandshakeAllThreads
Event: 0.384 Executing VM operation: HandshakeAllThreads done
Event: 0.456 Executing VM operation: HandshakeAllThreads
Event: 0.456 Executing VM operation: HandshakeAllThreads done
Event: 0.528 Executing VM operation: HandshakeAllThreads
Event: 0.528 Executing VM operation: HandshakeAllThreads done
Event: 0.533 Executing VM operation: HandshakeAllThreads
Event: 0.533 Executing VM operation: HandshakeAllThreads done
Event: 0.537 Executing VM operation: HandshakeAllThreads
Event: 0.538 Executing VM operation: HandshakeAllThreads done
Event: 0.732 Executing VM operation: HandshakeAllThreads
Event: 0.733 Executing VM operation: HandshakeAllThreads done
Event: 0.747 Executing VM operation: G1CollectForAllocation
Event: 0.778 Executing VM operation: G1CollectForAllocation done

Events (20 events):
Event: 0.786 loading class java/time/ZonedDateTime
Event: 0.786 loading class java/time/chrono/ChronoZonedDateTime
Event: 0.787 loading class java/time/chrono/ChronoZonedDateTime done
Event: 0.787 loading class java/time/ZonedDateTime done
Event: 0.790 loading class java/text/ParseException
Event: 0.790 loading class java/text/ParseException done
Event: 0.796 loading class java/time/OffsetDateTime
Event: 0.797 loading class java/time/OffsetDateTime done
Event: 0.797 loading class java/time/Instant
Event: 0.797 loading class java/time/Instant done
Event: 0.801 loading class java/time/format/FormatStyle
Event: 0.801 loading class java/time/format/FormatStyle done
Event: 0.801 loading class java/time/format/DateTimeFormatterBuilder$LocalizedPrinterParser
Event: 0.801 loading class java/time/format/DateTimeFormatterBuilder$LocalizedPrinterParser done
Event: 0.802 loading class java/time/format/DateTimeParseException
Event: 0.802 loading class java/time/DateTimeException
Event: 0.802 loading class java/time/DateTimeException done
Event: 0.802 loading class java/time/format/DateTimeParseException done
Event: 0.802 loading class java/time/OffsetTime
Event: 0.803 loading class java/time/OffsetTime done


Dynamic libraries:
0x00007ff6087a0000 - 0x00007ff6087ae000 	F:\sts-4.17.0.RELEASE\plugins\org.eclipse.justj.openjdk.hotspot.jre.full.win32.x86_64_17.0.5.v20221102-0933\jre\bin\javaw.exe
0x00007ffb5fc50000 - 0x00007ffb5fe48000 	C:\WINDOWS\SYSTEM32\ntdll.dll
0x00007ffb5e570000 - 0x00007ffb5e62f000 	C:\WINDOWS\System32\KERNEL32.DLL
0x00007ffb5d6e0000 - 0x00007ffb5d9b2000 	C:\WINDOWS\System32\KERNELBASE.dll
0x00007ffb5d9c0000 - 0x00007ffb5dac0000 	C:\WINDOWS\System32\ucrtbase.dll
0x00007ffb065d0000 - 0x00007ffb065e9000 	F:\sts-4.17.0.RELEASE\plugins\org.eclipse.justj.openjdk.hotspot.jre.full.win32.x86_64_17.0.5.v20221102-0933\jre\bin\VCRUNTIME140.dll
0x00007ffb065b0000 - 0x00007ffb065c7000 	F:\sts-4.17.0.RELEASE\plugins\org.eclipse.justj.openjdk.hotspot.jre.full.win32.x86_64_17.0.5.v20221102-0933\jre\bin\jli.dll
0x00007ffb5ede0000 - 0x00007ffb5ef7d000 	C:\WINDOWS\System32\USER32.dll
0x00007ffb5d470000 - 0x00007ffb5d492000 	C:\WINDOWS\System32\win32u.dll
0x00007ffb4d870000 - 0x00007ffb4db0a000 	C:\WINDOWS\WinSxS\amd64_microsoft.windows.common-controls_6595b64144ccf1df_6.0.19041.1110_none_60b5254171f9507e\COMCTL32.dll
0x00007ffb5f670000 - 0x00007ffb5f69b000 	C:\WINDOWS\System32\GDI32.dll
0x00007ffb5dca0000 - 0x00007ffb5dd3e000 	C:\WINDOWS\System32\msvcrt.dll
0x00007ffb5d530000 - 0x00007ffb5d63f000 	C:\WINDOWS\System32\gdi32full.dll
0x00007ffb5d640000 - 0x00007ffb5d6dd000 	C:\WINDOWS\System32\msvcp_win.dll
0x00007ffb5df10000 - 0x00007ffb5df42000 	C:\WINDOWS\System32\IMM32.DLL
0x00007ffb065a0000 - 0x00007ffb065ac000 	F:\sts-4.17.0.RELEASE\plugins\org.eclipse.justj.openjdk.hotspot.jre.full.win32.x86_64_17.0.5.v20221102-0933\jre\bin\vcruntime140_1.dll
0x00007ffb06500000 - 0x00007ffb06591000 	F:\sts-4.17.0.RELEASE\plugins\org.eclipse.justj.openjdk.hotspot.jre.full.win32.x86_64_17.0.5.v20221102-0933\jre\bin\msvcp140.dll
0x00007ffb114e0000 - 0x00007ffb12124000 	F:\sts-4.17.0.RELEASE\plugins\org.eclipse.justj.openjdk.hotspot.jre.full.win32.x86_64_17.0.5.v20221102-0933\jre\bin\server\jvm.dll
0x00007ffb5f550000 - 0x00007ffb5f5fe000 	C:\WINDOWS\System32\ADVAPI32.dll
0x00007ffb5de70000 - 0x00007ffb5df0c000 	C:\WINDOWS\System32\sechost.dll
0x00007ffb5fad0000 - 0x00007ffb5fbf5000 	C:\WINDOWS\System32\RPCRT4.dll
0x00007ffb4ca80000 - 0x00007ffb4caa7000 	C:\WINDOWS\SYSTEM32\WINMM.dll
0x00007ffb4a820000 - 0x00007ffb4a829000 	C:\WINDOWS\SYSTEM32\WSOCK32.dll
0x00007ffb54280000 - 0x00007ffb5428a000 	C:\WINDOWS\SYSTEM32\VERSION.dll
0x00007ffb5f600000 - 0x00007ffb5f66b000 	C:\WINDOWS\System32\WS2_32.dll
0x00007ffb5bbd0000 - 0x00007ffb5bbe2000 	C:\WINDOWS\SYSTEM32\kernel.appcore.dll
0x00007ffb56700000 - 0x00007ffb5670a000 	F:\sts-4.17.0.RELEASE\plugins\org.eclipse.justj.openjdk.hotspot.jre.full.win32.x86_64_17.0.5.v20221102-0933\jre\bin\jimage.dll
0x00007ffb5b100000 - 0x00007ffb5b2e4000 	C:\WINDOWS\SYSTEM32\DBGHELP.DLL
0x00007ffb492b0000 - 0x00007ffb492dc000 	C:\WINDOWS\SYSTEM32\dbgcore.DLL
0x00007ffb5d4a0000 - 0x00007ffb5d522000 	C:\WINDOWS\System32\bcryptPrimitives.dll
0x00007ffb2d010000 - 0x00007ffb2d035000 	F:\sts-4.17.0.RELEASE\plugins\org.eclipse.justj.openjdk.hotspot.jre.full.win32.x86_64_17.0.5.v20221102-0933\jre\bin\java.dll
0x00007ffb2d950000 - 0x00007ffb2d968000 	F:\sts-4.17.0.RELEASE\plugins\org.eclipse.justj.openjdk.hotspot.jre.full.win32.x86_64_17.0.5.v20221102-0933\jre\bin\zip.dll
0x00007ffb5e630000 - 0x00007ffb5ed73000 	C:\WINDOWS\System32\SHELL32.dll
0x00007ffb5b3f0000 - 0x00007ffb5bb82000 	C:\WINDOWS\SYSTEM32\windows.storage.dll
0x00007ffb5f030000 - 0x00007ffb5f384000 	C:\WINDOWS\System32\combase.dll
0x00007ffb5ccd0000 - 0x00007ffb5cd00000 	C:\WINDOWS\SYSTEM32\Wldp.dll
0x00007ffb5ef80000 - 0x00007ffb5f02d000 	C:\WINDOWS\System32\SHCORE.dll
0x00007ffb5f860000 - 0x00007ffb5f8b5000 	C:\WINDOWS\System32\shlwapi.dll
0x00007ffb5d290000 - 0x00007ffb5d2af000 	C:\WINDOWS\SYSTEM32\profapi.dll
0x00007ffb2d680000 - 0x00007ffb2d699000 	F:\sts-4.17.0.RELEASE\plugins\org.eclipse.justj.openjdk.hotspot.jre.full.win32.x86_64_17.0.5.v20221102-0933\jre\bin\net.dll
0x00007ffb4d3b0000 - 0x00007ffb4d4bc000 	C:\WINDOWS\SYSTEM32\WINHTTP.dll
0x00007ffb5ca30000 - 0x00007ffb5ca9a000 	C:\WINDOWS\system32\mswsock.dll
0x00007ffb2cff0000 - 0x00007ffb2d005000 	F:\sts-4.17.0.RELEASE\plugins\org.eclipse.justj.openjdk.hotspot.jre.full.win32.x86_64_17.0.5.v20221102-0933\jre\bin\nio.dll
0x00007ffb04b60000 - 0x00007ffb04b69000 	F:\sts-4.17.0.RELEASE\plugins\org.eclipse.justj.openjdk.hotspot.jre.full.win32.x86_64_17.0.5.v20221102-0933\jre\bin\management.dll
0x00007ffb04b50000 - 0x00007ffb04b5b000 	F:\sts-4.17.0.RELEASE\plugins\org.eclipse.justj.openjdk.hotspot.jre.full.win32.x86_64_17.0.5.v20221102-0933\jre\bin\management_ext.dll
0x00007ffb5f390000 - 0x00007ffb5f398000 	C:\WINDOWS\System32\PSAPI.DLL
0x00007ffb44550000 - 0x00007ffb44567000 	C:\WINDOWS\system32\napinsp.dll
0x00007ffb44530000 - 0x00007ffb4454b000 	C:\WINDOWS\system32\pnrpnsp.dll
0x00007ffb44510000 - 0x00007ffb44525000 	C:\WINDOWS\system32\wshbth.dll
0x00007ffb5a2b0000 - 0x00007ffb5a2cd000 	C:\WINDOWS\system32\NLAapi.dll
0x00007ffb5c720000 - 0x00007ffb5c75b000 	C:\WINDOWS\SYSTEM32\IPHLPAPI.DLL
0x00007ffb5c760000 - 0x00007ffb5c82a000 	C:\WINDOWS\SYSTEM32\DNSAPI.dll
0x00007ffb5fc00000 - 0x00007ffb5fc08000 	C:\WINDOWS\System32\NSI.dll
0x00007ffb444f0000 - 0x00007ffb44502000 	C:\WINDOWS\System32\winrnr.dll
0x00007ffb4ca70000 - 0x00007ffb4ca7a000 	C:\Windows\System32\rasadhlp.dll
0x00007ffb4d2c0000 - 0x00007ffb4d340000 	C:\WINDOWS\System32\fwpuclnt.dll
0x00007ffb5db10000 - 0x00007ffb5db37000 	C:\WINDOWS\System32\bcrypt.dll
0x00007ffb5cc30000 - 0x00007ffb5cc48000 	C:\WINDOWS\SYSTEM32\CRYPTSP.dll
0x00007ffb5c350000 - 0x00007ffb5c384000 	C:\WINDOWS\system32\rsaenh.dll
0x00007ffb5d250000 - 0x00007ffb5d27e000 	C:\WINDOWS\SYSTEM32\USERENV.dll
0x00007ffb5cc20000 - 0x00007ffb5cc2c000 	C:\WINDOWS\SYSTEM32\CRYPTBASE.dll
0x00007ffb559c0000 - 0x00007ffb559d7000 	C:\WINDOWS\SYSTEM32\dhcpcsvc6.DLL
0x00007ffb55a10000 - 0x00007ffb55a2d000 	C:\WINDOWS\SYSTEM32\dhcpcsvc.DLL

dbghelp: loaded successfully - version: 4.0.5 - missing functions: none
symbol engine: initialized successfully - sym options: 0x614 - pdb path: .;F:\sts-4.17.0.RELEASE\plugins\org.eclipse.justj.openjdk.hotspot.jre.full.win32.x86_64_17.0.5.v20221102-0933\jre\bin;C:\WINDOWS\SYSTEM32;C:\WINDOWS\WinSxS\amd64_microsoft.windows.common-controls_6595b64144ccf1df_6.0.19041.1110_none_60b5254171f9507e;F:\sts-4.17.0.RELEASE\plugins\org.eclipse.justj.openjdk.hotspot.jre.full.win32.x86_64_17.0.5.v20221102-0933\jre\bin\server

VM Arguments:
jvm_args: -Dcom.sun.management.jmxremote -Dcom.sun.management.jmxremote.port=58572 -Dcom.sun.management.jmxremote.authenticate=false -Dcom.sun.management.jmxremote.ssl=false -Djava.rmi.server.hostname=localhost -Dspring.jmx.enabled=true -Dmanagement.endpoints.jmx.exposure.include=* -Dspring.application.admin.enabled=true -XX:TieredStopAtLevel=1 -Dspring.boot.project.name=Backend -Dfile.encoding=UTF-8 -XX:+ShowCodeDetailsInExceptionMessages -Xmx2048M 
java_command: com.example.demo.BackendApplication --spring.output.ansi.enabled=always --server.port=3017
java_class_path (initial): F:\SpringBoot\Backend\target\classes;C:\Users\DELL\.m2\repository\org\springframework\boot\spring-boot-starter-data-jpa\3.0.1\spring-boot-starter-data-jpa-3.0.1.jar;C:\Users\DELL\.m2\repository\org\springframework\boot\spring-boot-starter-aop\3.0.1\spring-boot-starter-aop-3.0.1.jar;C:\Users\DELL\.m2\repository\org\springframework\spring-aop\6.0.3\spring-aop-6.0.3.jar;C:\Users\DELL\.m2\repository\org\aspectj\aspectjweaver\1.9.19\aspectjweaver-1.9.19.jar;C:\Users\DELL\.m2\repository\org\springframework\boot\spring-boot-starter-jdbc\3.0.1\spring-boot-starter-jdbc-3.0.1.jar;C:\Users\DELL\.m2\repository\com\zaxxer\HikariCP\5.0.1\HikariCP-5.0.1.jar;C:\Users\DELL\.m2\repository\org\springframework\spring-jdbc\6.0.3\spring-jdbc-6.0.3.jar;C:\Users\DELL\.m2\repository\org\hibernate\orm\hibernate-core\6.1.6.Final\hibernate-core-6.1.6.Final.jar;C:\Users\DELL\.m2\repository\jakarta\persistence\jakarta.persistence-api\3.1.0\jakarta.persistence-api-3.1.0.jar;C:\Users\DELL\.m2\repository\jakarta\transaction\jakarta.transaction-api\2.0.1\jakarta.transaction-api-2.0.1.jar;C:\Users\DELL\.m2\repository\org\jboss\logging\jboss-logging\3.5.0.Final\jboss-logging-3.5.0.Final.jar;C:\Users\DELL\.m2\repository\org\hibernate\common\hibernate-commons-annotations\6.0.2.Final\hibernate-commons-annotations-6.0.2.Final.jar;C:\Users\DELL\.m2\repository\org\jboss\jandex\2.4.2.Final\jandex-2.4.2.Final.jar;C:\Users\DELL\.m2\repository\com\fasterxml\classmate\1.5.1\classmate-1.5.1.jar;C:\Users\DELL\.m2\repository\net\bytebuddy\byte-buddy\1.12.20\byte-buddy-1.12.20.jar;C:\Users\DELL\.m2\repository\org\glassfish\jaxb\jaxb-runtime\4.0.1\jaxb-runtime-4.0.1.jar;C:\Users\DELL\.m2\repository\org\glassfish\jaxb\jaxb-core\4.0.1\jaxb-core-4.0.1.jar;C:\Users\DELL\.m2\repository\org\eclipse\angus\angus-activation\1.0.0\angus-activation-1.0.0.jar;C:\Users\DELL\.m2\repository\org\glassfish\jaxb\txw2\4.0.1\txw2-4.0.1.jar;C:\Users\DELL\.m2\repository\com\sun\istack\istack-commons-runtime\4.
Launcher Type: SUN_STANDARD

[Global flags]
     intx CICompilerCount                          = 4                                         {product} {ergonomic}
     uint ConcGCThreads                            = 2                                         {product} {ergonomic}
     uint G1ConcRefinementThreads                  = 8                                         {product} {ergonomic}
   size_t G1HeapRegionSize                         = 1048576                                   {product} {ergonomic}
    uintx GCDrainStackTargetSize                   = 64                                        {product} {ergonomic}
   size_t InitialHeapSize                          = 132120576                                 {product} {ergonomic}
     bool ManagementServer                         = true                                      {product} {command line}
   size_t MarkStackSize                            = 4194304                                   {product} {ergonomic}
   size_t MaxHeapSize                              = 2147483648                                {product} {command line}
   size_t MaxNewSize                               = 1287651328                                {product} {ergonomic}
   size_t MinHeapDeltaBytes                        = 1048576                                   {product} {ergonomic}
   size_t MinHeapSize                              = 8388608                                   {product} {ergonomic}
    uintx NonProfiledCodeHeapSize                  = 0                                      {pd product} {ergonomic}
     bool ProfileInterpreter                       = false                                  {pd product} {command line}
    uintx ProfiledCodeHeapSize                     = 0                                      {pd product} {ergonomic}
     bool ShowCodeDetailsInExceptionMessages       = true                                   {manageable} {command line}
   size_t SoftMaxHeapSize                          = 2147483648                             {manageable} {ergonomic}
     intx TieredStopAtLevel                        = 1                                         {product} {command line}
     bool UseCompressedClassPointers               = true                           {product lp64_product} {ergonomic}
     bool UseCompressedOops                        = true                           {product lp64_product} {ergonomic}
     bool UseG1GC                                  = true                                      {product} {ergonomic}
     bool UseLargePagesIndividualAllocation        = false                                  {pd product} {ergonomic}

Logging:
Log output configuration:
 #0: stdout all=warning uptime,level,tags
 #1: stderr all=off uptime,level,tags

Environment Variables:
JAVA_HOME=C:\Program Files\Java\jdk1.8.0_45
_JAVA_OPTIONS=  -Xmx2048M
PATH=F:/sts-4.17.0.RELEASE//plugins/org.eclipse.justj.openjdk.hotspot.jre.full.win32.x86_64_17.0.5.v20221102-0933/jre/bin/server;F:/sts-4.17.0.RELEASE//plugins/org.eclipse.justj.openjdk.hotspot.jre.full.win32.x86_64_17.0.5.v20221102-0933/jre/bin;C:\ProgramData\Oracle\Java\javapath;C:\Program Files (x86)\Intel\Intel(R) Management Engine Components\iCLS\;C:\Program Files\Intel\Intel(R) Management Engine Components\iCLS\;C:\WINDOWS\system32;C:\WINDOWS;C:\WINDOWS\System32\Wbem;C:\WINDOWS\System32\WindowsPowerShell\v1.0\;C:\WINDOWS\System32\OpenSSH\;C:\Program Files (x86)\Intel\Intel(R) Management Engine Components\DAL;C:\Program Files\Intel\Intel(R) Management Engine Components\DAL;C:\Program Files (x86)\Intel\Intel(R) Management Engine Components\IPT;C:\Program Files\Intel\Intel(R) Management Engine Components\IPT;C:\Program Files\Java\jdk-15.0.1\bin;C:\Program Files\Java\jdk-16.0.1\bin;C:\Program Files (x86)\CodeBlocks\MinGW\bin;C:\Program Files (x86)\GnuWin32\bin;C:\Program Files\glassfish-4.1.1\bin;C:\Program Files\nodejs\;C:\Program Files\MongoDB\Server\5.0\bin;C:\Users\DELL\Postman\file;C:\Program Files\dotnet\;C:\Program Files\Microsoft SQL Server\150\Tools\Binn\;C:\Program Files\Microsoft SQL Server\Client SDK\ODBC\170\Tools\Binn\;F:\apache-maven-3.8.6\bin;C:\Program Files\Java\jre1.8.0_45\bin;F:\NetBeans 8.1\bin;C:\Users\DELL\AppData\Local\Microsoft\WindowsApps;C:\iverilog\bin;C:\iverilog\gtkwave\bin;E:\New folder\Microsoft VS Code\bin;C:\Program Files\Java\jdk1.7.0_80\bin;C:\Program Files\Java\jdk1.8.0_45\bin;C:\Users\DELL\AppData\Roaming\npm;C:\Program Files\MongoDB\Server\5.0\bin;C:\Flex Windows\gcc\bin;C:\Flex Windows\Lex\bin;C:\Flex Windows\bison\bin;C:\Users\DELL\AppData\Local\GitHubDesktop\bin;C:\Users\DELL\.dotnet\tools;F:\sts-4.17.0.RELEASE;
USERNAME=DELL
OS=Windows_NT
PROCESSOR_IDENTIFIER=Intel64 Family 6 Model 142 Stepping 10, GenuineIntel
TMP=C:\Users\DELL\AppData\Local\Temp
TEMP=C:\Users\DELL\AppData\Local\Temp



---------------  S Y S T E M  ---------------

OS:
 Windows 10 , 64 bit Build 19041 (10.0.19041.2251)
OS uptime: 0 days 2:13 hours

CPU: total 8 (initial active 8) (4 cores per cpu, 2 threads per core) family 6 model 142 stepping 10 microcode 0xca, cx8, cmov, fxsr, ht, mmx, 3dnowpref, sse, sse2, sse3, ssse3, sse4.1, sse4.2, popcnt, lzcnt, tsc, tscinvbit, avx, avx2, aes, erms, clmul, bmi1, bmi2, adx, fma, vzeroupper, clflush, clflushopt

Memory: 4k page, system-wide physical 8056M (1337M free)
TotalPageFile size 8056M (AvailPageFile size 5M)
current process WorkingSet (physical memory assigned to process): 83M, peak: 83M
current process commit charge ("private bytes"): 221M, peak: 221M

vm_info: OpenJDK 64-Bit Server VM (17.0.5+8) for windows-amd64 JRE (17.0.5+8), built on Oct 19 2022 04:48:13 by "temurin" with MS VC++ 16.7 (VS2019)

END.
