#
# There is insufficient memory for the Java Runtime Environment to continue.
# Native memory allocation (mmap) failed to map 65536 bytes for Failed to commit metaspace.
# Possible reasons:
#   The system is out of physical RAM or swap space
#   The process is running with CompressedOops enabled, and the Java Heap may be blocking the growth of the native heap
# Possible solutions:
#   Reduce memory load on the system
#   Increase physical memory or swap space
#   Check if swap backing store is full
#   Decrease Java heap size (-Xmx/-Xms)
#   Decrease number of Java threads
#   Decrease Java thread stack sizes (-Xss)
#   Set larger code cache with -XX:ReservedCodeCacheSize=
#   JVM is running with Unscaled Compressed Oops mode in which the Java heap is
#     placed in the first 4GB address space. The Java Heap base address is the
#     maximum limit for the native heap growth. Please use -XX:HeapBaseMinAddress
#     to set the Java Heap base and to place the Java Heap above 4GB virtual address.
# This output file may be truncated or incomplete.
#
#  Out of Memory Error (virtualSpaceNode.cpp:110), pid=11840, tid=11944
#
# JRE version: OpenJDK Runtime Environment Temurin-17.0.5+8 (17.0.5+8) (build 17.0.5+8)
# Java VM: OpenJDK 64-Bit Server VM Temurin-17.0.5+8 (17.0.5+8, mixed mode, emulated-client, tiered, compressed oops, compressed class ptrs, g1 gc, windows-amd64)
# No core dump will be written. Minidumps are not enabled by default on client versions of Windows
#

---------------  S U M M A R Y ------------

Command Line: -Dcom.sun.management.jmxremote -Dcom.sun.management.jmxremote.port=61598 -Dcom.sun.management.jmxremote.authenticate=false -Dcom.sun.management.jmxremote.ssl=false -Djava.rmi.server.hostname=localhost -Dspring.jmx.enabled=true -Dmanagement.endpoints.jmx.exposure.include=* -Dspring.application.admin.enabled=true -XX:TieredStopAtLevel=1 -Dspring.boot.project.name=Backend -Dfile.encoding=UTF-8 -XX:+ShowCodeDetailsInExceptionMessages -Xmx2048M com.example.demo.BackendApplication --spring.output.ansi.enabled=always --server.port=8003

Host: Intel(R) Core(TM) i5-8250U CPU @ 1.60GHz, 8 cores, 7G,  Windows 10 , 64 bit Build 19041 (10.0.19041.2364)
Time: Fri Jan 13 14:56:34 2023 India Standard Time elapsed time: 3.281632 seconds (0d 0h 0m 3s)

---------------  T H R E A D  ---------------

Current thread (0x000001fef1b88e80):  JavaThread "main" [_thread_in_vm, id=11944, stack(0x0000003511900000,0x0000003511a00000)]

Stack: [0x0000003511900000,0x0000003511a00000]
Native frames: (J=compiled Java code, j=interpreted, Vv=VM code, C=native code)
V  [jvm.dll+0x676b3a]
V  [jvm.dll+0x831444]
V  [jvm.dll+0x832bee]
V  [jvm.dll+0x833253]
V  [jvm.dll+0x244ce5]
V  [jvm.dll+0x82d4db]
V  [jvm.dll+0x61b2f6]
V  [jvm.dll+0x1bfd2e]
V  [jvm.dll+0x61dc41]
V  [jvm.dll+0x61bc96]
V  [jvm.dll+0x23a786]
V  [jvm.dll+0x1ea39d]
V  [jvm.dll+0x1dfdd1]
V  [jvm.dll+0x53be30]
V  [jvm.dll+0x7ac5a8]
V  [jvm.dll+0x7ac694]
V  [jvm.dll+0x40ba25]
V  [jvm.dll+0x411bb8]
C  [java.dll+0x17ec]

Java frames: (J=compiled Java code, j=interpreted, Vv=VM code)
J 1120  java.lang.ClassLoader.defineClass1(Ljava/lang/ClassLoader;Ljava/lang/String;[BIILjava/security/ProtectionDomain;Ljava/lang/String;)Ljava/lang/Class; java.base@17.0.5 (0 bytes) @ 0x000001fef6def2db [0x000001fef6def220+0x00000000000000bb]
J 1216 c1 java.lang.ClassLoader.defineClass(Ljava/lang/String;[BIILjava/security/ProtectionDomain;)Ljava/lang/Class; java.base@17.0.5 (43 bytes) @ 0x000001fef6ea405c [0x000001fef6ea3f60+0x00000000000000fc]
J 1134 c1 jdk.internal.loader.BuiltinClassLoader.defineClass(Ljava/lang/String;Ljdk/internal/loader/Resource;)Ljava/lang/Class; java.base@17.0.5 (121 bytes) @ 0x000001fef6df72c4 [0x000001fef6df6e20+0x00000000000004a4]
J 1123 c1 jdk.internal.loader.BuiltinClassLoader.findClassOnClassPathOrNull(Ljava/lang/String;)Ljava/lang/Class; java.base@17.0.5 (64 bytes) @ 0x000001fef6df171c [0x000001fef6df1480+0x000000000000029c]
J 980 c1 jdk.internal.loader.BuiltinClassLoader.loadClassOrNull(Ljava/lang/String;Z)Ljava/lang/Class; java.base@17.0.5 (143 bytes) @ 0x000001fef6db1b44 [0x000001fef6db1700+0x0000000000000444]
J 1035 c1 jdk.internal.loader.ClassLoaders$AppClassLoader.loadClass(Ljava/lang/String;Z)Ljava/lang/Class; java.base@17.0.5 (40 bytes) @ 0x000001fef6dd13a4 [0x000001fef6dd1260+0x0000000000000144]
J 1034 c1 java.lang.ClassLoader.loadClass(Ljava/lang/String;)Ljava/lang/Class; java.base@17.0.5 (7 bytes) @ 0x000001fef6dd07e4 [0x000001fef6dd07a0+0x0000000000000044]
v  ~StubRoutines::call_stub
j  com.mysql.cj.protocol.a.NativeProtocol.beforeHandshake()V+28
j  com.mysql.cj.protocol.a.NativeProtocol.connect(Ljava/lang/String;Ljava/lang/String;Ljava/lang/String;)V+1
j  com.mysql.cj.NativeSession.connect(Lcom/mysql/cj/conf/HostInfo;Ljava/lang/String;Ljava/lang/String;Ljava/lang/String;ILcom/mysql/cj/TransactionEventHandler;)V+110
j  com.mysql.cj.jdbc.ConnectionImpl.connectOneTryOnly(Z)V+32
j  com.mysql.cj.jdbc.ConnectionImpl.createNewIO(Z)V+27
j  com.mysql.cj.jdbc.ConnectionImpl.<init>(Lcom/mysql/cj/conf/HostInfo;)V+753
j  com.mysql.cj.jdbc.ConnectionImpl.getInstance(Lcom/mysql/cj/conf/HostInfo;)Lcom/mysql/cj/jdbc/JdbcConnection;+5
j  com.mysql.cj.jdbc.NonRegisteringDriver.connect(Ljava/lang/String;Ljava/util/Properties;)Ljava/sql/Connection;+72
j  com.zaxxer.hikari.util.DriverDataSource.getConnection(Ljava/lang/String;Ljava/lang/String;)Ljava/sql/Connection;+61
j  com.zaxxer.hikari.pool.PoolBase.newConnection()Ljava/sql/Connection;+49
j  com.zaxxer.hikari.pool.PoolBase.newPoolEntry()Lcom/zaxxer/hikari/pool/PoolEntry;+5
j  com.zaxxer.hikari.pool.HikariPool.createPoolEntry()Lcom/zaxxer/hikari/pool/PoolEntry;+1
j  com.zaxxer.hikari.pool.HikariPool.checkFailFast()V+20
j  com.zaxxer.hikari.pool.HikariPool.<init>(Lcom/zaxxer/hikari/HikariConfig;)V+138
j  com.zaxxer.hikari.HikariDataSource.getConnection()Ljava/sql/Connection;+82
j  org.hibernate.engine.jdbc.connections.internal.DatasourceConnectionProviderImpl.getConnection()Ljava/sql/Connection;+48
j  org.hibernate.engine.jdbc.env.internal.JdbcEnvironmentInitiator$ConnectionProviderJdbcConnectionAccess.obtainConnection()Ljava/sql/Connection;+4
j  org.hibernate.engine.jdbc.env.internal.JdbcEnvironmentInitiator.initiateService(Ljava/util/Map;Lorg/hibernate/service/spi/ServiceRegistryImplementor;)Lorg/hibernate/engine/jdbc/env/spi/JdbcEnvironment;+218
j  org.hibernate.engine.jdbc.env.internal.JdbcEnvironmentInitiator.initiateService(Ljava/util/Map;Lorg/hibernate/service/spi/ServiceRegistryImplementor;)Lorg/hibernate/service/Service;+3
j  org.hibernate.boot.registry.internal.StandardServiceRegistryImpl.initiateService(Lorg/hibernate/service/spi/ServiceInitiator;)Lorg/hibernate/service/Service;+9
j  org.hibernate.service.internal.AbstractServiceRegistryImpl.createService(Lorg/hibernate/service/spi/ServiceBinding;)Lorg/hibernate/service/Service;+26
j  org.hibernate.service.internal.AbstractServiceRegistryImpl.initializeService(Lorg/hibernate/service/spi/ServiceBinding;)Lorg/hibernate/service/Service;+30
j  org.hibernate.service.internal.AbstractServiceRegistryImpl.getService(Ljava/lang/Class;)Lorg/hibernate/service/Service;+88
j  org.hibernate.boot.model.relational.Database.<init>(Lorg/hibernate/boot/spi/MetadataBuildingOptions;)V+10
j  org.hibernate.boot.internal.InFlightMetadataCollectorImpl.getDatabase()Lorg/hibernate/boot/model/relational/Database;+16
j  org.hibernate.boot.internal.InFlightMetadataCollectorImpl.<init>(Lorg/hibernate/boot/spi/BootstrapContext;Lorg/hibernate/boot/spi/MetadataBuildingOptions;)V+379
j  org.hibernate.boot.model.process.spi.MetadataBuildingProcess.complete(Lorg/hibernate/boot/model/process/spi/ManagedResources;Lorg/hibernate/boot/spi/BootstrapContext;Lorg/hibernate/boot/spi/MetadataBuildingOptions;)Lorg/hibernate/boot/spi/MetadataImplementor;+6
j  org.hibernate.jpa.boot.internal.EntityManagerFactoryBuilderImpl.metadata()Lorg/hibernate/boot/spi/MetadataImplementor;+30
j  org.hibernate.jpa.boot.internal.EntityManagerFactoryBuilderImpl.build()Ljakarta/persistence/EntityManagerFactory;+3
j  org.springframework.orm.jpa.vendor.SpringHibernateJpaPersistenceProvider.createContainerEntityManagerFactory(Ljakarta/persistence/spi/PersistenceUnitInfo;Ljava/util/Map;)Ljakarta/persistence/EntityManagerFactory;+55
j  org.springframework.orm.jpa.LocalContainerEntityManagerFactoryBean.createNativeEntityManagerFactory()Ljakarta/persistence/EntityManagerFactory;+111
j  org.springframework.orm.jpa.AbstractEntityManagerFactoryBean.buildNativeEntityManagerFactory()Ljakarta/persistence/EntityManagerFactory;+1
j  org.springframework.orm.jpa.AbstractEntityManagerFactoryBean.afterPropertiesSet()V+192
j  org.springframework.orm.jpa.LocalContainerEntityManagerFactoryBean.afterPropertiesSet()V+77
j  org.springframework.beans.factory.support.AbstractAutowireCapableBeanFactory.invokeInitMethods(Ljava/lang/String;Ljava/lang/Object;Lorg/springframework/beans/factory/support/RootBeanDefinition;)V+56
j  org.springframework.beans.factory.support.AbstractAutowireCapableBeanFactory.initializeBean(Ljava/lang/String;Ljava/lang/Object;Lorg/springframework/beans/factory/support/RootBeanDefinition;)Ljava/lang/Object;+34
j  org.springframework.beans.factory.support.AbstractAutowireCapableBeanFactory.doCreateBean(Ljava/lang/String;Lorg/springframework/beans/factory/support/RootBeanDefinition;[Ljava/lang/Object;)Ljava/lang/Object;+228
j  org.springframework.beans.factory.support.AbstractAutowireCapableBeanFactory.createBean(Ljava/lang/String;Lorg/springframework/beans/factory/support/RootBeanDefinition;[Ljava/lang/Object;)Ljava/lang/Object;+153
j  org.springframework.beans.factory.support.AbstractBeanFactory.lambda$doGetBean$0(Ljava/lang/String;Lorg/springframework/beans/factory/support/RootBeanDefinition;[Ljava/lang/Object;)Ljava/lang/Object;+4
j  org.springframework.beans.factory.support.AbstractBeanFactory$$Lambda$339+0x00000001002c0220.getObject()Ljava/lang/Object;+16
j  org.springframework.beans.factory.support.DefaultSingletonBeanRegistry.getSingleton(Ljava/lang/String;Lorg/springframework/beans/factory/ObjectFactory;)Ljava/lang/Object;+114
J 2944 c1 org.springframework.beans.factory.support.AbstractBeanFactory.doGetBean(Ljava/lang/String;Ljava/lang/Class;[Ljava/lang/Object;Z)Ljava/lang/Object; (714 bytes) @ 0x000001fef715c4ec [0x000001fef715bf40+0x00000000000005ac]
j  org.springframework.beans.factory.support.AbstractBeanFactory.getBean(Ljava/lang/String;)Ljava/lang/Object;+5
j  org.springframework.context.support.AbstractApplicationContext.getBean(Ljava/lang/String;)Ljava/lang/Object;+9
j  org.springframework.context.support.AbstractApplicationContext.finishBeanFactoryInitialization(Lorg/springframework/beans/factory/config/ConfigurableListableBeanFactory;)V+106
j  org.springframework.context.support.AbstractApplicationContext.refresh()V+86
j  org.springframework.boot.web.servlet.context.ServletWebServerApplicationContext.refresh()V+1
j  org.springframework.boot.SpringApplication.refresh(Lorg/springframework/context/ConfigurableApplicationContext;)V+1
j  org.springframework.boot.SpringApplication.refreshContext(Lorg/springframework/context/ConfigurableApplicationContext;)V+16
j  org.springframework.boot.SpringApplication.run([Ljava/lang/String;)Lorg/springframework/context/ConfigurableApplicationContext;+101
j  org.springframework.boot.SpringApplication.run([Ljava/lang/Class;[Ljava/lang/String;)Lorg/springframework/context/ConfigurableApplicationContext;+9
j  org.springframework.boot.SpringApplication.run(Ljava/lang/Class;[Ljava/lang/String;)Lorg/springframework/context/ConfigurableApplicationContext;+9
j  com.example.demo.BackendApplication.main([Ljava/lang/String;)V+3
v  ~StubRoutines::call_stub

---------------  P R O C E S S  ---------------

Threads class SMR info:
_java_thread_list=0x000001fe8461f380, length=25, elements={
0x000001fef1b88e80, 0x000001feff9e4710, 0x000001feff9e5710, 0x000001feffa66ab0,
0x000001feffa67370, 0x000001feffa67d90, 0x000001feffa68e60, 0x000001feffa74c30,
0x000001feffa79970, 0x000001feffb849c0, 0x000001feff988550, 0x000001feffbc6f40,
0x000001feffc66160, 0x000001fe82b29510, 0x000001fe82b457d0, 0x000001fe82b3ca90,
0x000001fe82f614b0, 0x000001fe83d4c3d0, 0x000001fe83d8f3b0, 0x000001fe83dc1000,
0x000001fe83dc14d0, 0x000001fe83dbe980, 0x000001fe83dc0b30, 0x000001fe83dbee50,
0x000001fe83dbf7f0
}

Java Threads: ( => current thread )
=>0x000001fef1b88e80 JavaThread "main" [_thread_in_vm, id=11944, stack(0x0000003511900000,0x0000003511a00000)]
  0x000001feff9e4710 JavaThread "Reference Handler" daemon [_thread_blocked, id=15308, stack(0x0000003512000000,0x0000003512100000)]
  0x000001feff9e5710 JavaThread "Finalizer" daemon [_thread_blocked, id=3712, stack(0x0000003512100000,0x0000003512200000)]
  0x000001feffa66ab0 JavaThread "Signal Dispatcher" daemon [_thread_blocked, id=2444, stack(0x0000003512200000,0x0000003512300000)]
  0x000001feffa67370 JavaThread "Attach Listener" daemon [_thread_blocked, id=496, stack(0x0000003512300000,0x0000003512400000)]
  0x000001feffa67d90 JavaThread "Service Thread" daemon [_thread_blocked, id=8608, stack(0x0000003512400000,0x0000003512500000)]
  0x000001feffa68e60 JavaThread "Monitor Deflation Thread" daemon [_thread_blocked, id=5480, stack(0x0000003512500000,0x0000003512600000)]
  0x000001feffa74c30 JavaThread "C1 CompilerThread0" daemon [_thread_blocked, id=6720, stack(0x0000003512600000,0x0000003512700000)]
  0x000001feffa79970 JavaThread "Sweeper thread" daemon [_thread_blocked, id=4336, stack(0x0000003512700000,0x0000003512800000)]
  0x000001feffb849c0 JavaThread "Common-Cleaner" daemon [_thread_blocked, id=3516, stack(0x0000003512800000,0x0000003512900000)]
  0x000001feff988550 JavaThread "C1 CompilerThread1" daemon [_thread_blocked, id=8400, stack(0x0000003512900000,0x0000003512a00000)]
  0x000001feffbc6f40 JavaThread "C1 CompilerThread2" daemon [_thread_blocked, id=12044, stack(0x0000003512a00000,0x0000003512b00000)]
  0x000001feffc66160 JavaThread "Notification Thread" daemon [_thread_blocked, id=14376, stack(0x0000003512b00000,0x0000003512c00000)]
  0x000001fe82b29510 JavaThread "RMI TCP Accept-0" daemon [_thread_in_native, id=11396, stack(0x0000003512c00000,0x0000003512d00000)]
  0x000001fe82b457d0 JavaThread "RMI TCP Accept-61598" daemon [_thread_in_native, id=11352, stack(0x0000003512d00000,0x0000003512e00000)]
  0x000001fe82b3ca90 JavaThread "RMI TCP Accept-0" daemon [_thread_in_native, id=468, stack(0x0000003512e00000,0x0000003512f00000)]
  0x000001fe82f614b0 JavaThread "C1 CompilerThread3" daemon [_thread_blocked, id=8240, stack(0x0000003513000000,0x0000003513100000)]
  0x000001fe83d4c3d0 JavaThread "RMI TCP Connection(1)-127.0.0.1" daemon [_thread_in_native, id=8992, stack(0x0000003513900000,0x0000003513a00000)]
  0x000001fe83d8f3b0 JavaThread "RMI Scheduler(0)" daemon [_thread_blocked, id=12452, stack(0x0000003513b00000,0x0000003513c00000)]
  0x000001fe83dc1000 JavaThread "RMI TCP Connection(2)-127.0.0.1" daemon [_thread_in_native, id=11712, stack(0x0000003513c00000,0x0000003513d00000)]
  0x000001fe83dc14d0 JavaThread "JMX server connection timeout 23" daemon [_thread_blocked, id=1088, stack(0x0000003513d00000,0x0000003513e00000)]
  0x000001fe83dbe980 JavaThread "Catalina-utility-1" [_thread_blocked, id=10884, stack(0x0000003513a00000,0x0000003513b00000)]
  0x000001fe83dc0b30 JavaThread "Catalina-utility-2" [_thread_blocked, id=8380, stack(0x0000003514000000,0x0000003514100000)]
  0x000001fe83dbee50 JavaThread "container-0" [_thread_blocked, id=10940, stack(0x0000003514100000,0x0000003514200000)]
  0x000001fe83dbf7f0 JavaThread "mysql-cj-abandoned-connection-cleanup" daemon [_thread_blocked, id=10660, stack(0x0000003514200000,0x0000003514300000)]

Other Threads:
  0x000001feffa0eaa0 VMThread "VM Thread" [stack: 0x0000003511f00000,0x0000003512000000] [id=3308]
  0x000001fef1c033d0 WatcherThread [stack: 0x0000003512f00000,0x0000003513000000] [id=1472]
  0x000001fef1be5c50 GCTaskThread "GC Thread#0" [stack: 0x0000003511a00000,0x0000003511b00000] [id=10356]
  0x000001fe82f5c0f0 GCTaskThread "GC Thread#1" [stack: 0x0000003513100000,0x0000003513200000] [id=2500]
  0x000001fe82fab980 GCTaskThread "GC Thread#2" [stack: 0x0000003513200000,0x0000003513300000] [id=10192]
  0x000001fe82ffeb30 GCTaskThread "GC Thread#3" [stack: 0x0000003513300000,0x0000003513400000] [id=9928]
  0x000001fe83c87a60 GCTaskThread "GC Thread#4" [stack: 0x0000003513400000,0x0000003513500000] [id=14480]
  0x000001fe83c88520 GCTaskThread "GC Thread#5" [stack: 0x0000003513500000,0x0000003513600000] [id=12020]
  0x000001fe83c887d0 GCTaskThread "GC Thread#6" [stack: 0x0000003513600000,0x0000003513700000] [id=14716]
  0x000001fe83dff150 GCTaskThread "GC Thread#7" [stack: 0x0000003513e00000,0x0000003513f00000] [id=11488]
  0x000001fef1bf6aa0 ConcurrentGCThread "G1 Main Marker" [stack: 0x0000003511b00000,0x0000003511c00000] [id=7784]
  0x000001fef1bf7b60 ConcurrentGCThread "G1 Conc#0" [stack: 0x0000003511c00000,0x0000003511d00000] [id=13052]
  0x000001fe83eafe50 ConcurrentGCThread "G1 Conc#1" [stack: 0x0000003513f00000,0x0000003514000000] [id=11912]
  0x000001feff859500 ConcurrentGCThread "G1 Refine#0" [stack: 0x0000003511d00000,0x0000003511e00000] [id=15096]
  0x000001fe82fac440 ConcurrentGCThread "G1 Refine#1" [stack: 0x0000003513700000,0x0000003513800000] [id=15964]
  0x000001fe82ff7610 ConcurrentGCThread "G1 Refine#2" [stack: 0x0000003513800000,0x0000003513900000] [id=11708]
  0x000001feff859e30 ConcurrentGCThread "G1 Service" [stack: 0x0000003511e00000,0x0000003511f00000] [id=9852]

Threads with active compile tasks:

VM state: not at safepoint (normal execution)

VM Mutex/Monitor currently owned by a thread:  ([mutex/lock_event])
[0x000001fef1b83e80] Metaspace_lock - owner thread: 0x000001fef1b88e80

Heap address: 0x0000000080000000, size: 2048 MB, Compressed Oops mode: 32-bit

CDS archive(s) not mapped
Compressed class space mapped at: 0x0000000100000000-0x0000000140000000, reserved size: 1073741824
Narrow klass base: 0x0000000000000000, Narrow klass shift: 3, Narrow klass range: 0x140000000

GC Precious Log:
 CPUs: 8 total, 8 available
 Memory: 8056M
 Large Page Support: Disabled
 NUMA Support: Disabled
 Compressed Oops: Enabled (32-bit)
 Heap Region Size: 1M
 Heap Min Capacity: 8M
 Heap Initial Capacity: 126M
 Heap Max Capacity: 2G
 Pre-touch: Disabled
 Parallel Workers: 8
 Concurrent Workers: 2
 Concurrent Refinement Workers: 8
 Periodic GC: Disabled

Heap:
 garbage-first heap   total 46080K, used 30783K [0x0000000080000000, 0x0000000100000000)
  region size 1024K, 17 young (17408K), 2 survivors (2048K)
 Metaspace       used 43439K, committed 43840K, reserved 1089536K
  class space    used 5578K, committed 5760K, reserved 1048576K

Heap Regions: E=young(eden), S=young(survivor), O=old, HS=humongous(starts), HC=humongous(continues), CS=collection set, F=free, OA=open archive, CA=closed archive, TAMS=top-at-mark-start (previous, next)
|   0|0x0000000080000000, 0x0000000080100000, 0x0000000080100000|100%|HS|  |TAMS 0x0000000080100000, 0x0000000080000000| Complete 
|   1|0x0000000080100000, 0x0000000080200000, 0x0000000080200000|100%| O|  |TAMS 0x0000000080200000, 0x0000000080100000| Untracked 
|   2|0x0000000080200000, 0x0000000080300000, 0x0000000080300000|100%| O|  |TAMS 0x0000000080300000, 0x0000000080200000| Untracked 
|   3|0x0000000080300000, 0x0000000080400000, 0x0000000080400000|100%| O|  |TAMS 0x0000000080400000, 0x0000000080300000| Untracked 
|   4|0x0000000080400000, 0x0000000080500000, 0x0000000080500000|100%| O|  |TAMS 0x0000000080500000, 0x0000000080400000| Untracked 
|   5|0x0000000080500000, 0x0000000080600000, 0x0000000080600000|100%| O|  |TAMS 0x0000000080600000, 0x0000000080500000| Untracked 
|   6|0x0000000080600000, 0x00000000806de800, 0x0000000080700000| 86%| O|  |TAMS 0x00000000806de800, 0x0000000080600000| Untracked 
|   7|0x0000000080700000, 0x0000000080800000, 0x0000000080800000|100%| O|  |TAMS 0x0000000080800000, 0x0000000080700000| Untracked 
|   8|0x0000000080800000, 0x0000000080900000, 0x0000000080900000|100%| O|  |TAMS 0x0000000080900000, 0x0000000080800000| Untracked 
|   9|0x0000000080900000, 0x0000000080a00000, 0x0000000080a00000|100%| O|  |TAMS 0x0000000080a00000, 0x0000000080900000| Untracked 
|  10|0x0000000080a00000, 0x0000000080b00000, 0x0000000080b00000|100%| O|  |TAMS 0x0000000080b00000, 0x0000000080a00000| Untracked 
|  11|0x0000000080b00000, 0x0000000080c00000, 0x0000000080c00000|100%| O|  |TAMS 0x0000000080c00000, 0x0000000080b00000| Untracked 
|  12|0x0000000080c00000, 0x0000000080d00000, 0x0000000080d00000|100%| O|  |TAMS 0x0000000080d00000, 0x0000000080c00000| Untracked 
|  13|0x0000000080d00000, 0x0000000080e00000, 0x0000000080e00000|100%| O|  |TAMS 0x0000000080e00000, 0x0000000080d00000| Untracked 
|  14|0x0000000080e00000, 0x0000000080f00000, 0x0000000080f00000|100%| O|  |TAMS 0x0000000080e27600, 0x0000000080e00000| Untracked 
|  15|0x0000000080f00000, 0x0000000081000000, 0x0000000081000000|100%| O|  |TAMS 0x0000000080f00000, 0x0000000080f00000| Untracked 
|  16|0x0000000081000000, 0x0000000081000000, 0x0000000081100000|  0%| F|  |TAMS 0x0000000081000000, 0x0000000081000000| Untracked 
|  17|0x0000000081100000, 0x0000000081100000, 0x0000000081200000|  0%| F|  |TAMS 0x0000000081100000, 0x0000000081100000| Untracked 
|  18|0x0000000081200000, 0x0000000081200000, 0x0000000081300000|  0%| F|  |TAMS 0x0000000081200000, 0x0000000081200000| Untracked 
|  19|0x0000000081300000, 0x0000000081300000, 0x0000000081400000|  0%| F|  |TAMS 0x0000000081300000, 0x0000000081300000| Untracked 
|  20|0x0000000081400000, 0x0000000081400000, 0x0000000081500000|  0%| F|  |TAMS 0x0000000081400000, 0x0000000081400000| Untracked 
|  21|0x0000000081500000, 0x0000000081500000, 0x0000000081600000|  0%| F|  |TAMS 0x0000000081500000, 0x0000000081500000| Untracked 
|  22|0x0000000081600000, 0x0000000081600000, 0x0000000081700000|  0%| F|  |TAMS 0x0000000081600000, 0x0000000081600000| Untracked 
|  23|0x0000000081700000, 0x0000000081700000, 0x0000000081800000|  0%| F|  |TAMS 0x0000000081700000, 0x0000000081700000| Untracked 
|  24|0x0000000081800000, 0x0000000081800000, 0x0000000081900000|  0%| F|  |TAMS 0x0000000081800000, 0x0000000081800000| Untracked 
|  25|0x0000000081900000, 0x00000000819316f8, 0x0000000081a00000| 19%| S|CS|TAMS 0x0000000081900000, 0x0000000081900000| Complete 
|  26|0x0000000081a00000, 0x0000000081b00000, 0x0000000081b00000|100%| S|CS|TAMS 0x0000000081a00000, 0x0000000081a00000| Complete 
|  27|0x0000000081b00000, 0x0000000081b00000, 0x0000000081c00000|  0%| F|  |TAMS 0x0000000081b00000, 0x0000000081b00000| Untracked 
|  28|0x0000000081c00000, 0x0000000081c00000, 0x0000000081d00000|  0%| F|  |TAMS 0x0000000081c00000, 0x0000000081c00000| Untracked 
|  29|0x0000000081d00000, 0x0000000081d00000, 0x0000000081e00000|  0%| F|  |TAMS 0x0000000081d00000, 0x0000000081d00000| Untracked 
|  30|0x0000000081e00000, 0x0000000081eaa8a0, 0x0000000081f00000| 66%| E|  |TAMS 0x0000000081e00000, 0x0000000081e00000| Complete 
|  31|0x0000000081f00000, 0x0000000082000000, 0x0000000082000000|100%| E|CS|TAMS 0x0000000081f00000, 0x0000000081f00000| Complete 
|  32|0x0000000082000000, 0x0000000082100000, 0x0000000082100000|100%| E|CS|TAMS 0x0000000082000000, 0x0000000082000000| Complete 
|  33|0x0000000082100000, 0x0000000082200000, 0x0000000082200000|100%| E|CS|TAMS 0x0000000082100000, 0x0000000082100000| Complete 
|  34|0x0000000082200000, 0x0000000082300000, 0x0000000082300000|100%| E|CS|TAMS 0x0000000082200000, 0x0000000082200000| Complete 
|  35|0x0000000082300000, 0x0000000082400000, 0x0000000082400000|100%| E|CS|TAMS 0x0000000082300000, 0x0000000082300000| Complete 
|  36|0x0000000082400000, 0x0000000082500000, 0x0000000082500000|100%| E|CS|TAMS 0x0000000082400000, 0x0000000082400000| Complete 
|  37|0x0000000082500000, 0x0000000082600000, 0x0000000082600000|100%| E|CS|TAMS 0x0000000082500000, 0x0000000082500000| Complete 
|  38|0x0000000082600000, 0x0000000082700000, 0x0000000082700000|100%| E|  |TAMS 0x0000000082600000, 0x0000000082600000| Complete 
|  39|0x0000000082700000, 0x0000000082800000, 0x0000000082800000|100%| E|CS|TAMS 0x0000000082700000, 0x0000000082700000| Complete 
|  40|0x0000000082800000, 0x0000000082900000, 0x0000000082900000|100%| E|CS|TAMS 0x0000000082800000, 0x0000000082800000| Complete 
| 103|0x0000000086700000, 0x0000000086800000, 0x0000000086800000|100%| E|CS|TAMS 0x0000000086700000, 0x0000000086700000| Complete 
| 104|0x0000000086800000, 0x0000000086900000, 0x0000000086900000|100%| E|CS|TAMS 0x0000000086800000, 0x0000000086800000| Complete 
| 124|0x0000000087c00000, 0x0000000087d00000, 0x0000000087d00000|100%| E|CS|TAMS 0x0000000087c00000, 0x0000000087c00000| Complete 
| 125|0x0000000087d00000, 0x0000000087e00000, 0x0000000087e00000|100%| E|CS|TAMS 0x0000000087d00000, 0x0000000087d00000| Complete 

Card table byte_map: [0x000001fefa710000,0x000001fefab10000] _byte_map_base: 0x000001fefa310000

Marking Bits (Prev, Next): (CMBitMap*) 0x000001fef1be6170, (CMBitMap*) 0x000001fef1be61b0
 Prev Bits: [0x000001fefaf10000, 0x000001fefcf10000)
 Next Bits: [0x000001fefcf10000, 0x000001fefef10000)

Polling page: 0x000001fef1c50000

Metaspace:

Usage:
  Non-class:     36.97 MB used.
      Class:      5.45 MB used.
       Both:     42.42 MB used.

Virtual space:
  Non-class space:       40.00 MB reserved,      37.19 MB ( 93%) committed,  5 nodes.
      Class space:        1.00 GB reserved,       5.62 MB ( <1%) committed,  1 nodes.
             Both:        1.04 GB reserved,      42.81 MB (  4%) committed. 

Chunk freelists:
   Non-Class:  1.86 MB
       Class:  2.27 MB
        Both:  4.12 MB

MaxMetaspaceSize: unlimited
CompressedClassSpaceSize: 1.00 GB
Initial GC threshold: 21.00 MB
Current GC threshold: 59.06 MB
CDS: off
MetaspaceReclaimPolicy: balanced
 - commit_granule_bytes: 65536.
 - commit_granule_words: 8192.
 - virtual_space_node_default_size: 1048576.
 - enlarge_chunks_in_place: 1.
 - new_chunks_are_fully_committed: 0.
 - uncommit_free_chunks: 1.
 - use_allocation_guard: 0.
 - handle_deallocations: 1.


Internal statistics:

num_allocs_failed_limit: 8.
num_arena_births: 582.
num_arena_deaths: 0.
num_vsnodes_births: 6.
num_vsnodes_deaths: 0.
num_space_committed: 685.
num_space_uncommitted: 0.
num_chunks_returned_to_freelist: 8.
num_chunks_taken_from_freelist: 1851.
num_chunk_merges: 8.
num_chunk_splits: 1278.
num_chunks_enlarged: 925.
num_purges: 0.
num_inconsistent_stats: 0.

CodeCache: size=49152Kb used=8402Kb max_used=8402Kb free=40749Kb
 bounds [0x000001fef6a30000, 0x000001fef7270000, 0x000001fef9a30000]
 total_blobs=4156 nmethods=3613 adapters=467
 compilation: enabled
              stopped_count=0, restarted_count=0
 full_count=0

Compilation events (20 events):
Event: 3.169 Thread 0x000001fe82f614b0 nmethod 3601 0x000001fef725fc90 code [0x000001fef725fe60, 0x000001fef72602f8]
Event: 3.169 Thread 0x000001fe82f614b0 3604       1       java.lang.StringBuffer::<init> (7 bytes)
Event: 3.169 Thread 0x000001fe82f614b0 nmethod 3604 0x000001fef7260490 code [0x000001fef7260620, 0x000001fef7260708]
Event: 3.169 Thread 0x000001fe82f614b0 3605       1       com.mysql.cj.conf.AbstractPropertyDefinition::getPropertyKey (5 bytes)
Event: 3.169 Thread 0x000001fe82f614b0 nmethod 3605 0x000001fef7260790 code [0x000001fef7260920, 0x000001fef72609f8]
Event: 3.169 Thread 0x000001feffa74c30 nmethod 3603 0x000001fef7260a90 code [0x000001fef7260cc0, 0x000001fef72611f8]
Event: 3.171 Thread 0x000001fe82f614b0 3606       1       com.mysql.cj.conf.AbstractPropertyDefinition::getDefaultValue (5 bytes)
Event: 3.171 Thread 0x000001fe82f614b0 nmethod 3606 0x000001fef7261510 code [0x000001fef72616a0, 0x000001fef7261778]
Event: 3.172 Thread 0x000001fe82f614b0 3607       1       com.mysql.cj.conf.AbstractRuntimeProperty::getPropertyDefinition (5 bytes)
Event: 3.172 Thread 0x000001fe82f614b0 nmethod 3607 0x000001fef7261810 code [0x000001fef72619a0, 0x000001fef7261a78]
Event: 3.173 Thread 0x000001fe82f614b0 3608       1       com.mysql.cj.conf.AbstractPropertyDefinition::getName (5 bytes)
Event: 3.173 Thread 0x000001feffbc6f40 3609       1       com.mysql.cj.conf.AbstractPropertyDefinition::getCcAlias (5 bytes)
Event: 3.173 Thread 0x000001feffbc6f40 nmethod 3609 0x000001fef7261b10 code [0x000001fef7261ca0, 0x000001fef7261d78]
Event: 3.173 Thread 0x000001fe82f614b0 nmethod 3608 0x000001fef7261e10 code [0x000001fef7261fa0, 0x000001fef7262078]
Event: 3.211 Thread 0x000001feffbc6f40 3610   !   1       com.mysql.cj.conf.DefaultPropertySet::getProperty (52 bytes)
Event: 3.211 Thread 0x000001feffbc6f40 nmethod 3610 0x000001fef7262710 code [0x000001fef72628e0, 0x000001fef7262b48]
Event: 3.243 Thread 0x000001feffbc6f40 3611       1       jdk.internal.loader.NativeLibraries$NativeLibraryImpl::find (6 bytes)
Event: 3.243 Thread 0x000001feffbc6f40 nmethod 3611 0x000001fef7263710 code [0x000001fef72638a0, 0x000001fef7263988]
Event: 3.275 Thread 0x000001feffbc6f40 3613  s    1       java.lang.StringBuffer::append (15 bytes)
Event: 3.275 Thread 0x000001feffbc6f40 nmethod 3613 0x000001fef7264610 code [0x000001fef72647a0, 0x000001fef7264968]

GC Heap History (18 events):
Event: 0.797 GC heap before
{Heap before GC invocations=0 (full 0):
 garbage-first heap   total 129024K, used 24576K [0x0000000080000000, 0x0000000100000000)
  region size 1024K, 23 young (23552K), 0 survivors (0K)
 Metaspace       used 16126K, committed 16320K, reserved 1064960K
  class space    used 1726K, committed 1792K, reserved 1048576K
}
Event: 0.804 GC heap after
{Heap after GC invocations=1 (full 0):
 garbage-first heap   total 129024K, used 6817K [0x0000000080000000, 0x0000000100000000)
  region size 1024K, 3 young (3072K), 3 survivors (3072K)
 Metaspace       used 16126K, committed 16320K, reserved 1064960K
  class space    used 1726K, committed 1792K, reserved 1048576K
}
Event: 1.090 GC heap before
{Heap before GC invocations=1 (full 0):
 garbage-first heap   total 129024K, used 27297K [0x0000000080000000, 0x0000000100000000)
  region size 1024K, 24 young (24576K), 3 survivors (3072K)
 Metaspace       used 21198K, committed 21504K, reserved 1073152K
  class space    used 2435K, committed 2560K, reserved 1048576K
}
Event: 1.095 GC heap after
{Heap after GC invocations=2 (full 0):
 garbage-first heap   total 129024K, used 8702K [0x0000000080000000, 0x0000000100000000)
  region size 1024K, 2 young (2048K), 2 survivors (2048K)
 Metaspace       used 21198K, committed 21504K, reserved 1073152K
  class space    used 2435K, committed 2560K, reserved 1048576K
}
Event: 1.310 GC heap before
{Heap before GC invocations=3 (full 0):
 garbage-first heap   total 37888K, used 26110K [0x0000000080000000, 0x0000000100000000)
  region size 1024K, 21 young (21504K), 2 survivors (2048K)
 Metaspace       used 25724K, committed 25984K, reserved 1073152K
  class space    used 3035K, committed 3136K, reserved 1048576K
}
Event: 1.315 GC heap after
{Heap after GC invocations=4 (full 0):
 garbage-first heap   total 37888K, used 10083K [0x0000000080000000, 0x0000000100000000)
  region size 1024K, 3 young (3072K), 3 survivors (3072K)
 Metaspace       used 25724K, committed 25984K, reserved 1073152K
  class space    used 3035K, committed 3136K, reserved 1048576K
}
Event: 1.554 GC heap before
{Heap before GC invocations=4 (full 0):
 garbage-first heap   total 37888K, used 26467K [0x0000000080000000, 0x0000000100000000)
  region size 1024K, 19 young (19456K), 3 survivors (3072K)
 Metaspace       used 27452K, committed 27712K, reserved 1081344K
  class space    used 3284K, committed 3392K, reserved 1048576K
}
Event: 1.559 GC heap after
{Heap after GC invocations=5 (full 0):
 garbage-first heap   total 37888K, used 11796K [0x0000000080000000, 0x0000000100000000)
  region size 1024K, 2 young (2048K), 2 survivors (2048K)
 Metaspace       used 27452K, committed 27712K, reserved 1081344K
  class space    used 3284K, committed 3392K, reserved 1048576K
}
Event: 1.828 GC heap before
{Heap before GC invocations=5 (full 0):
 garbage-first heap   total 37888K, used 28180K [0x0000000080000000, 0x0000000100000000)
  region size 1024K, 18 young (18432K), 2 survivors (2048K)
 Metaspace       used 29504K, committed 29760K, reserved 1081344K
  class space    used 3595K, committed 3712K, reserved 1048576K
}
Event: 1.832 GC heap after
{Heap after GC invocations=6 (full 0):
 garbage-first heap   total 37888K, used 12780K [0x0000000080000000, 0x0000000100000000)
  region size 1024K, 2 young (2048K), 2 survivors (2048K)
 Metaspace       used 29504K, committed 29760K, reserved 1081344K
  class space    used 3595K, committed 3712K, reserved 1048576K
}
Event: 2.094 GC heap before
{Heap before GC invocations=6 (full 0):
 garbage-first heap   total 37888K, used 28140K [0x0000000080000000, 0x0000000100000000)
  region size 1024K, 17 young (17408K), 2 survivors (2048K)
 Metaspace       used 32329K, committed 32704K, reserved 1081344K
  class space    used 4027K, committed 4224K, reserved 1048576K
}
Event: 2.101 GC heap after
{Heap after GC invocations=7 (full 0):
 garbage-first heap   total 37888K, used 14402K [0x0000000080000000, 0x0000000100000000)
  region size 1024K, 3 young (3072K), 3 survivors (3072K)
 Metaspace       used 32329K, committed 32704K, reserved 1081344K
  class space    used 4027K, committed 4224K, reserved 1048576K
}
Event: 2.332 GC heap before
{Heap before GC invocations=7 (full 0):
 garbage-first heap   total 37888K, used 28738K [0x0000000080000000, 0x0000000100000000)
  region size 1024K, 17 young (17408K), 3 survivors (3072K)
 Metaspace       used 34952K, committed 35392K, reserved 1081344K
  class space    used 4377K, committed 4608K, reserved 1048576K
}
Event: 2.342 GC heap after
{Heap after GC invocations=8 (full 0):
 garbage-first heap   total 46080K, used 16348K [0x0000000080000000, 0x0000000100000000)
  region size 1024K, 2 young (2048K), 2 survivors (2048K)
 Metaspace       used 34952K, committed 35392K, reserved 1081344K
  class space    used 4377K, committed 4608K, reserved 1048576K
}
Event: 2.424 GC heap before
{Heap before GC invocations=8 (full 0):
 garbage-first heap   total 46080K, used 20444K [0x0000000080000000, 0x0000000100000000)
  region size 1024K, 7 young (7168K), 2 survivors (2048K)
 Metaspace       used 35685K, committed 36096K, reserved 1081344K
  class space    used 4485K, committed 4672K, reserved 1048576K
}
Event: 2.426 GC heap after
{Heap after GC invocations=9 (full 0):
 garbage-first heap   total 46080K, used 16687K [0x0000000080000000, 0x0000000100000000)
  region size 1024K, 1 young (1024K), 1 survivors (1024K)
 Metaspace       used 35685K, committed 36096K, reserved 1081344K
  class space    used 4485K, committed 4672K, reserved 1048576K
}
Event: 2.905 GC heap before
{Heap before GC invocations=10 (full 0):
 garbage-first heap   total 46080K, used 33071K [0x0000000080000000, 0x0000000100000000)
  region size 1024K, 18 young (18432K), 1 survivors (1024K)
 Metaspace       used 39245K, committed 39680K, reserved 1089536K
  class space    used 5035K, committed 5248K, reserved 1048576K
}
Event: 2.906 GC heap after
{Heap after GC invocations=11 (full 0):
 garbage-first heap   total 46080K, used 17471K [0x0000000080000000, 0x0000000100000000)
  region size 1024K, 2 young (2048K), 2 survivors (2048K)
 Metaspace       used 39245K, committed 39680K, reserved 1089536K
  class space    used 5035K, committed 5248K, reserved 1048576K
}

Dll operation events (9 events):
Event: 0.006 Loaded shared library F:\sts-4.17.0.RELEASE\plugins\org.eclipse.justj.openjdk.hotspot.jre.full.win32.x86_64_17.0.5.v20221102-0933\jre\bin\java.dll
Event: 0.193 Loaded shared library F:\sts-4.17.0.RELEASE\plugins\org.eclipse.justj.openjdk.hotspot.jre.full.win32.x86_64_17.0.5.v20221102-0933\jre\bin\jimage.dll
Event: 0.208 Loaded shared library F:\sts-4.17.0.RELEASE\plugins\org.eclipse.justj.openjdk.hotspot.jre.full.win32.x86_64_17.0.5.v20221102-0933\jre\bin\net.dll
Event: 0.209 Loaded shared library F:\sts-4.17.0.RELEASE\plugins\org.eclipse.justj.openjdk.hotspot.jre.full.win32.x86_64_17.0.5.v20221102-0933\jre\bin\nio.dll
Event: 0.215 Loaded shared library F:\sts-4.17.0.RELEASE\plugins\org.eclipse.justj.openjdk.hotspot.jre.full.win32.x86_64_17.0.5.v20221102-0933\jre\bin\zip.dll
Event: 0.271 Loaded shared library F:\sts-4.17.0.RELEASE\plugins\org.eclipse.justj.openjdk.hotspot.jre.full.win32.x86_64_17.0.5.v20221102-0933\jre\bin\management.dll
Event: 0.285 Loaded shared library F:\sts-4.17.0.RELEASE\plugins\org.eclipse.justj.openjdk.hotspot.jre.full.win32.x86_64_17.0.5.v20221102-0933\jre\bin\management_ext.dll
Event: 1.081 Loaded shared library F:\sts-4.17.0.RELEASE\plugins\org.eclipse.justj.openjdk.hotspot.jre.full.win32.x86_64_17.0.5.v20221102-0933\jre\bin\verify.dll
Event: 2.312 Loaded shared library F:\sts-4.17.0.RELEASE\plugins\org.eclipse.justj.openjdk.hotspot.jre.full.win32.x86_64_17.0.5.v20221102-0933\jre\bin\sunmscapi.dll

Deoptimization events (6 events):
Event: 1.145 Thread 0x000001fef1b88e80 DEOPT PACKING pc=0x000001fef6fbe599 sp=0x00000035119fd5a0
Event: 1.146 Thread 0x000001fef1b88e80 DEOPT UNPACKING pc=0x000001fef6a82b43 sp=0x00000035119fca80 mode 3
Event: 2.387 Thread 0x000001fef1b88e80 DEOPT PACKING pc=0x000001fef72052fd sp=0x00000035119fc8d0
Event: 2.387 Thread 0x000001fef1b88e80 DEOPT UNPACKING pc=0x000001fef6a82b43 sp=0x00000035119fbe38 mode 3
Event: 2.409 Thread 0x000001fe83dbe980 DEOPT PACKING pc=0x000001fef6f50417 sp=0x0000003513afed40
Event: 2.409 Thread 0x000001fe83dbe980 DEOPT UNPACKING pc=0x000001fef6a82b43 sp=0x0000003513afe198 mode 3

Classes unloaded (0 events):
No events

Classes redefined (0 events):
No events

Internal exceptions (20 events):
Event: 1.929 Thread 0x000001fef1b88e80 Exception <a 'java/lang/NoClassDefFoundError'{0x0000000081f859e0}: org/flywaydb/core/Flyway> (0x0000000081f859e0) 
thrown [s\src\hotspot\share\classfile\systemDictionary.cpp, line 245]
Event: 1.929 Thread 0x000001fef1b88e80 Exception <a 'java/lang/NoClassDefFoundError'{0x0000000081f87450}: liquibase/integration/spring/SpringLiquibase> (0x0000000081f87450) 
thrown [s\src\hotspot\share\classfile\systemDictionary.cpp, line 245]
Event: 1.950 Thread 0x000001fef1b88e80 Exception <a 'java/lang/NoClassDefFoundError'{0x0000000081d427a8}: org/jooq/DSLContext> (0x0000000081d427a8) 
thrown [s\src\hotspot\share\classfile\systemDictionary.cpp, line 245]
Event: 1.950 Thread 0x000001fef1b88e80 Exception <a 'java/lang/NoClassDefFoundError'{0x0000000081d4cb60}: org/springframework/batch/core/repository/JobRepository> (0x0000000081d4cb60) 
thrown [s\src\hotspot\share\classfile\systemDictionary.cpp, line 245]
Event: 1.950 Thread 0x000001fef1b88e80 Exception <a 'java/lang/NoClassDefFoundError'{0x0000000081d4e388}: org/quartz/Scheduler> (0x0000000081d4e388) 
thrown [s\src\hotspot\share\classfile\systemDictionary.cpp, line 245]
Event: 1.950 Thread 0x000001fef1b88e80 Exception <a 'java/lang/NoClassDefFoundError'{0x0000000081d4ffd8}: org/springframework/session/jdbc/JdbcIndexedSessionRepository> (0x0000000081d4ffd8) 
thrown [s\src\hotspot\share\classfile\systemDictionary.cpp, line 245]
Event: 1.966 Thread 0x000001fef1b88e80 Exception <a 'java/lang/NoSuchMethodError'{0x0000000081c36670}: 'void java.lang.invoke.DirectMethodHandle$Holder.invokeSpecial(java.lang.Object, java.lang.Object, java.lang.Object, java.lang.Object, java.lang.Object, java.lang.Object)'> (0x0000000081c36670) 
thrown [s\src\hotspot\share\interpreter\linkResolver.cpp, line 759]
Event: 2.014 Thread 0x000001fef1b88e80 Exception <a 'java/lang/NoSuchMethodError'{0x0000000081909038}: 'java.lang.Object java.lang.invoke.DirectMethodHandle$Holder.invokeSpecialIFC(java.lang.Object, java.lang.Object, java.lang.Object)'> (0x0000000081909038) 
thrown [s\src\hotspot\share\interpreter\linkResolver.cpp, line 759]
Event: 2.107 Thread 0x000001fef1b88e80 Exception <a 'java/lang/NoSuchMethodError'{0x0000000087d6a3f8}: 'void java.lang.invoke.DirectMethodHandle$Holder.invokeInterface(java.lang.Object, java.lang.Object, int)'> (0x0000000087d6a3f8) 
thrown [s\src\hotspot\share\interpreter\linkResolver.cpp, line 759]
Event: 2.110 Thread 0x000001fe83dc1000 Exception <a 'java/lang/reflect/InvocationTargetException'{0x0000000087dc9fe0}> (0x0000000087dc9fe0) 
thrown [s\src\hotspot\share\runtime\reflection.cpp, line 1121]
Event: 2.112 Thread 0x000001fef1b88e80 Exception <a 'java/lang/IncompatibleClassChangeError'{0x0000000087dba518}: Found class java.lang.Object, but interface was expected> (0x0000000087dba518) 
thrown [s\src\hotspot\share\interpreter\linkResolver.cpp, line 826]
Event: 2.112 Thread 0x000001fef1b88e80 Exception <a 'java/lang/NoSuchMethodError'{0x0000000087dbf600}: 'void java.lang.invoke.DirectMethodHandle$Holder.invokeStatic(java.lang.Object, int, java.lang.Object)'> (0x0000000087dbf600) 
thrown [s\src\hotspot\share\interpreter\linkResolver.cpp, line 759]
Event: 2.250 Thread 0x000001fef1b88e80 Exception <a 'java/lang/NoSuchMethodError'{0x0000000081a3a730}: 'java.lang.Object java.lang.invoke.DirectMethodHandle$Holder.invokeSpecial(java.lang.Object, java.lang.Object, long, java.lang.Object, java.lang.Object, java.lang.Object, java.lang.Object, java.lang.Object, java.lang.Object)'> (0x0000000081a3a730) 
thrown [s\src\hotspot\share\interpreter\linkResolver.cpp, line 759]
Event: 2.251 Thread 0x000001fef1b88e80 Exception <a 'java/lang/NoSuchMethodError'{0x0000000081a3f258}: 'java.lang.Object java.lang.invoke.DelegatingMethodHandle$Holder.reinvoke_L(java.lang.Object, long, java.lang.Object, java.lang.Object, java.lang.Object, java.lang.Object, java.lang.Object, java.lang.Object)'> (0x0000000081a3f258) 
thrown [s\src\hotspot\share\interpreter\linkResolver.cpp, line 759]
Event: 2.251 Thread 0x000001fef1b88e80 Exception <a 'java/lang/NoSuchMethodError'{0x0000000081a4bc68}: 'java.lang.Object java.lang.invoke.Invokers$Holder.linkToTargetMethod(java.lang.Object, java.lang.Object, java.lang.Object, java.lang.Object, java.lang.Object, java.lang.Object, java.lang.Object)'> (0x0000000081a4bc68) 
thrown [s\src\hotspot\share\interpreter\linkResolver.cpp, line 759]
Event: 2.323 Thread 0x000001fef1b88e80 Exception <a 'java/io/FileNotFoundException'{0x00000000817b0730}> (0x00000000817b0730) 
thrown [s\src\hotspot\share\prims\jni.cpp, line 516]
Event: 2.355 Thread 0x000001fef1b88e80 Exception <a 'java/lang/NoSuchMethodError'{0x0000000087deb1b0}: 'int java.lang.invoke.DirectMethodHandle$Holder.invokeInterface(java.lang.Object, java.lang.Object, java.lang.Object, java.lang.Object)'> (0x0000000087deb1b0) 
thrown [s\src\hotspot\share\interpreter\linkResolver.cpp, line 759]
Event: 2.393 Thread 0x000001fef1b88e80 Exception <a 'java/lang/NoSuchMethodError'{0x00000000868daae8}: 'long java.lang.invoke.DirectMethodHandle$Holder.invokeVirtual(java.lang.Object, java.lang.Object)'> (0x00000000868daae8) 
thrown [s\src\hotspot\share\interpreter\linkResolver.cpp, line 759]
Event: 2.645 Thread 0x000001fe83dc1000 Exception <a 'java/lang/reflect/InvocationTargetException'{0x00000000821a93f0}> (0x00000000821a93f0) 
thrown [s\src\hotspot\share\runtime\reflection.cpp, line 1121]
Event: 3.166 Thread 0x000001fe83dc1000 Exception <a 'java/lang/reflect/InvocationTargetException'{0x0000000082102360}> (0x0000000082102360) 
thrown [s\src\hotspot\share\runtime\reflection.cpp, line 1121]

VM Operations (20 events):
Event: 2.318 Executing VM operation: HandshakeAllThreads
Event: 2.318 Executing VM operation: HandshakeAllThreads done
Event: 2.332 Executing VM operation: G1CollectForAllocation
Event: 2.342 Executing VM operation: G1CollectForAllocation done
Event: 2.369 Executing VM operation: HandshakeAllThreads
Event: 2.369 Executing VM operation: HandshakeAllThreads done
Event: 2.370 Executing VM operation: HandshakeAllThreads
Event: 2.370 Executing VM operation: HandshakeAllThreads done
Event: 2.401 Executing VM operation: HandshakeAllThreads
Event: 2.401 Executing VM operation: HandshakeAllThreads done
Event: 2.424 Executing VM operation: CollectForMetadataAllocation
Event: 2.426 Executing VM operation: CollectForMetadataAllocation done
Event: 2.433 Executing VM operation: HandshakeAllThreads
Event: 2.433 Executing VM operation: HandshakeAllThreads done
Event: 2.441 Executing VM operation: G1Concurrent
Event: 2.444 Executing VM operation: G1Concurrent done
Event: 2.453 Executing VM operation: G1Concurrent
Event: 2.453 Executing VM operation: G1Concurrent done
Event: 2.905 Executing VM operation: G1CollectForAllocation
Event: 2.906 Executing VM operation: G1CollectForAllocation done

Events (20 events):
Event: 3.215 loading class java/net/SocksConsts done
Event: 3.215 loading class java/net/DelegatingSocketImpl
Event: 3.215 loading class java/net/DelegatingSocketImpl done
Event: 3.215 loading class java/net/SocksSocketImpl done
Event: 3.227 loading class java/net/SocksSocketImpl$3
Event: 3.228 loading class java/net/SocksSocketImpl$3 done
Event: 3.228 loading class java/net/ProxySelector
Event: 3.228 loading class java/net/ProxySelector done
Event: 3.228 loading class sun/net/spi/DefaultProxySelector
Event: 3.228 loading class sun/net/spi/DefaultProxySelector done
Event: 3.232 loading class java/net/Proxy
Event: 3.232 loading class java/net/Proxy done
Event: 3.237 loading class java/net/Proxy$Type
Event: 3.241 loading class java/net/Proxy$Type done
Event: 3.241 loading class sun/net/spi/DefaultProxySelector$1
Event: 3.241 loading class sun/net/spi/DefaultProxySelector$1 done
Event: 3.242 loading class sun/net/spi/DefaultProxySelector$NonProxyInfo
Event: 3.242 loading class sun/net/spi/DefaultProxySelector$NonProxyInfo done
Event: 3.242 loading class sun/net/spi/DefaultProxySelector$3
Event: 3.242 loading class sun/net/spi/DefaultProxySelector$3 done


Dynamic libraries:
0x00007ff657a50000 - 0x00007ff657a5e000 	F:\sts-4.17.0.RELEASE\plugins\org.eclipse.justj.openjdk.hotspot.jre.full.win32.x86_64_17.0.5.v20221102-0933\jre\bin\javaw.exe
0x00007fff68cd0000 - 0x00007fff68ec8000 	C:\WINDOWS\SYSTEM32\ntdll.dll
0x00007fff67aa0000 - 0x00007fff67b5f000 	C:\WINDOWS\System32\KERNEL32.DLL
0x00007fff663c0000 - 0x00007fff66692000 	C:\WINDOWS\System32\KERNELBASE.dll
0x00007fff66be0000 - 0x00007fff66ce0000 	C:\WINDOWS\System32\ucrtbase.dll
0x00007fff3a0c0000 - 0x00007fff3a0d7000 	F:\sts-4.17.0.RELEASE\plugins\org.eclipse.justj.openjdk.hotspot.jre.full.win32.x86_64_17.0.5.v20221102-0933\jre\bin\jli.dll
0x00007fff3a0a0000 - 0x00007fff3a0b9000 	F:\sts-4.17.0.RELEASE\plugins\org.eclipse.justj.openjdk.hotspot.jre.full.win32.x86_64_17.0.5.v20221102-0933\jre\bin\VCRUNTIME140.dll
0x00007fff68ae0000 - 0x00007fff68c81000 	C:\WINDOWS\System32\USER32.dll
0x00007fff66a50000 - 0x00007fff66a72000 	C:\WINDOWS\System32\win32u.dll
0x00007fff67070000 - 0x00007fff6709b000 	C:\WINDOWS\System32\GDI32.dll
0x00007fff58a20000 - 0x00007fff58cba000 	C:\WINDOWS\WinSxS\amd64_microsoft.windows.common-controls_6595b64144ccf1df_6.0.19041.1110_none_60b5254171f9507e\COMCTL32.dll
0x00007fff66940000 - 0x00007fff66a4f000 	C:\WINDOWS\System32\gdi32full.dll
0x00007fff670a0000 - 0x00007fff6713e000 	C:\WINDOWS\System32\msvcrt.dll
0x00007fff66780000 - 0x00007fff6681d000 	C:\WINDOWS\System32\msvcp_win.dll
0x00007fff68780000 - 0x00007fff687b2000 	C:\WINDOWS\System32\IMM32.DLL
0x00007fff3a090000 - 0x00007fff3a09c000 	F:\sts-4.17.0.RELEASE\plugins\org.eclipse.justj.openjdk.hotspot.jre.full.win32.x86_64_17.0.5.v20221102-0933\jre\bin\vcruntime140_1.dll
0x00007fff39ff0000 - 0x00007fff3a081000 	F:\sts-4.17.0.RELEASE\plugins\org.eclipse.justj.openjdk.hotspot.jre.full.win32.x86_64_17.0.5.v20221102-0933\jre\bin\msvcp140.dll
0x00007fff1f6d0000 - 0x00007fff20314000 	F:\sts-4.17.0.RELEASE\plugins\org.eclipse.justj.openjdk.hotspot.jre.full.win32.x86_64_17.0.5.v20221102-0933\jre\bin\server\jvm.dll
0x00007fff67770000 - 0x00007fff6781e000 	C:\WINDOWS\System32\ADVAPI32.dll
0x00007fff67a00000 - 0x00007fff67a9c000 	C:\WINDOWS\System32\sechost.dll
0x00007fff68650000 - 0x00007fff68775000 	C:\WINDOWS\System32\RPCRT4.dll
0x00007fff54ae0000 - 0x00007fff54ae9000 	C:\WINDOWS\SYSTEM32\WSOCK32.dll
0x00007fff55f00000 - 0x00007fff55f27000 	C:\WINDOWS\SYSTEM32\WINMM.dll
0x00007fff5d2f0000 - 0x00007fff5d2fa000 	C:\WINDOWS\SYSTEM32\VERSION.dll
0x00007fff67880000 - 0x00007fff678eb000 	C:\WINDOWS\System32\WS2_32.dll
0x00007fff64eb0000 - 0x00007fff64ec2000 	C:\WINDOWS\SYSTEM32\kernel.appcore.dll
0x00007fff5ef30000 - 0x00007fff5ef3a000 	F:\sts-4.17.0.RELEASE\plugins\org.eclipse.justj.openjdk.hotspot.jre.full.win32.x86_64_17.0.5.v20221102-0933\jre\bin\jimage.dll
0x00007fff64170000 - 0x00007fff64354000 	C:\WINDOWS\SYSTEM32\DBGHELP.DLL
0x00007fff52a00000 - 0x00007fff52a35000 	C:\WINDOWS\SYSTEM32\dbgcore.DLL
0x00007fff666f0000 - 0x00007fff66772000 	C:\WINDOWS\System32\bcryptPrimitives.dll
0x00007fff3d660000 - 0x00007fff3d685000 	F:\sts-4.17.0.RELEASE\plugins\org.eclipse.justj.openjdk.hotspot.jre.full.win32.x86_64_17.0.5.v20221102-0933\jre\bin\java.dll
0x00007fff3ed40000 - 0x00007fff3ed58000 	F:\sts-4.17.0.RELEASE\plugins\org.eclipse.justj.openjdk.hotspot.jre.full.win32.x86_64_17.0.5.v20221102-0933\jre\bin\zip.dll
0x00007fff67d50000 - 0x00007fff68494000 	C:\WINDOWS\System32\SHELL32.dll
0x00007fff64360000 - 0x00007fff64af2000 	C:\WINDOWS\SYSTEM32\windows.storage.dll
0x00007fff66d10000 - 0x00007fff67065000 	C:\WINDOWS\System32\combase.dll
0x00007fff65d40000 - 0x00007fff65d70000 	C:\WINDOWS\SYSTEM32\Wldp.dll
0x00007fff67ca0000 - 0x00007fff67d4d000 	C:\WINDOWS\System32\SHCORE.dll
0x00007fff67820000 - 0x00007fff67875000 	C:\WINDOWS\System32\shlwapi.dll
0x00007fff66300000 - 0x00007fff6631f000 	C:\WINDOWS\SYSTEM32\profapi.dll
0x00007fff39190000 - 0x00007fff391a9000 	F:\sts-4.17.0.RELEASE\plugins\org.eclipse.justj.openjdk.hotspot.jre.full.win32.x86_64_17.0.5.v20221102-0933\jre\bin\net.dll
0x00007fff5e980000 - 0x00007fff5ea8c000 	C:\WINDOWS\SYSTEM32\WINHTTP.dll
0x00007fff65aa0000 - 0x00007fff65b0a000 	C:\WINDOWS\system32\mswsock.dll
0x00007fff38460000 - 0x00007fff38475000 	F:\sts-4.17.0.RELEASE\plugins\org.eclipse.justj.openjdk.hotspot.jre.full.win32.x86_64_17.0.5.v20221102-0933\jre\bin\nio.dll
0x00007fff39fe0000 - 0x00007fff39fe9000 	F:\sts-4.17.0.RELEASE\plugins\org.eclipse.justj.openjdk.hotspot.jre.full.win32.x86_64_17.0.5.v20221102-0933\jre\bin\management.dll
0x00007fff39fd0000 - 0x00007fff39fdb000 	F:\sts-4.17.0.RELEASE\plugins\org.eclipse.justj.openjdk.hotspot.jre.full.win32.x86_64_17.0.5.v20221102-0933\jre\bin\management_ext.dll
0x00007fff67c90000 - 0x00007fff67c98000 	C:\WINDOWS\System32\PSAPI.DLL
0x00007fff4af30000 - 0x00007fff4af47000 	C:\WINDOWS\system32\napinsp.dll
0x00007fff4af10000 - 0x00007fff4af2b000 	C:\WINDOWS\system32\pnrpnsp.dll
0x00007fff4ade0000 - 0x00007fff4adf5000 	C:\WINDOWS\system32\wshbth.dll
0x00007fff61890000 - 0x00007fff618ad000 	C:\WINDOWS\system32\NLAapi.dll
0x00007fff65790000 - 0x00007fff657cb000 	C:\WINDOWS\SYSTEM32\IPHLPAPI.DLL
0x00007fff657d0000 - 0x00007fff6589a000 	C:\WINDOWS\SYSTEM32\DNSAPI.dll
0x00007fff687c0000 - 0x00007fff687c8000 	C:\WINDOWS\System32\NSI.dll
0x00007fff4adc0000 - 0x00007fff4add2000 	C:\WINDOWS\System32\winrnr.dll
0x00007fff55e70000 - 0x00007fff55e7a000 	C:\Windows\System32\rasadhlp.dll
0x00007fff55f30000 - 0x00007fff55fb0000 	C:\WINDOWS\System32\fwpuclnt.dll
0x00007fff66ce0000 - 0x00007fff66d07000 	C:\WINDOWS\System32\bcrypt.dll
0x00007fff65ca0000 - 0x00007fff65cb8000 	C:\WINDOWS\SYSTEM32\CRYPTSP.dll
0x00007fff653c0000 - 0x00007fff653f4000 	C:\WINDOWS\system32\rsaenh.dll
0x00007fff662c0000 - 0x00007fff662ee000 	C:\WINDOWS\SYSTEM32\USERENV.dll
0x00007fff65c90000 - 0x00007fff65c9c000 	C:\WINDOWS\SYSTEM32\CRYPTBASE.dll
0x00007fff5ebc0000 - 0x00007fff5ebd7000 	C:\WINDOWS\SYSTEM32\dhcpcsvc6.DLL
0x00007fff5fb60000 - 0x00007fff5fb7d000 	C:\WINDOWS\SYSTEM32\dhcpcsvc.DLL
0x00007fff5f260000 - 0x00007fff5f270000 	F:\sts-4.17.0.RELEASE\plugins\org.eclipse.justj.openjdk.hotspot.jre.full.win32.x86_64_17.0.5.v20221102-0933\jre\bin\verify.dll
0x00007fff618c0000 - 0x00007fff618ce000 	F:\sts-4.17.0.RELEASE\plugins\org.eclipse.justj.openjdk.hotspot.jre.full.win32.x86_64_17.0.5.v20221102-0933\jre\bin\sunmscapi.dll
0x00007fff66a80000 - 0x00007fff66bd6000 	C:\WINDOWS\System32\CRYPT32.dll
0x00007fff65db0000 - 0x00007fff65dd7000 	C:\WINDOWS\SYSTEM32\ncrypt.dll
0x00007fff65d70000 - 0x00007fff65dab000 	C:\WINDOWS\SYSTEM32\NTASN1.dll

dbghelp: loaded successfully - version: 4.0.5 - missing functions: none
symbol engine: initialized successfully - sym options: 0x614 - pdb path: .;F:\sts-4.17.0.RELEASE\plugins\org.eclipse.justj.openjdk.hotspot.jre.full.win32.x86_64_17.0.5.v20221102-0933\jre\bin;C:\WINDOWS\SYSTEM32;C:\WINDOWS\WinSxS\amd64_microsoft.windows.common-controls_6595b64144ccf1df_6.0.19041.1110_none_60b5254171f9507e;F:\sts-4.17.0.RELEASE\plugins\org.eclipse.justj.openjdk.hotspot.jre.full.win32.x86_64_17.0.5.v20221102-0933\jre\bin\server

VM Arguments:
jvm_args: -Dcom.sun.management.jmxremote -Dcom.sun.management.jmxremote.port=61598 -Dcom.sun.management.jmxremote.authenticate=false -Dcom.sun.management.jmxremote.ssl=false -Djava.rmi.server.hostname=localhost -Dspring.jmx.enabled=true -Dmanagement.endpoints.jmx.exposure.include=* -Dspring.application.admin.enabled=true -XX:TieredStopAtLevel=1 -Dspring.boot.project.name=Backend -Dfile.encoding=UTF-8 -XX:+ShowCodeDetailsInExceptionMessages -Xmx2048M 
java_command: com.example.demo.BackendApplication --spring.output.ansi.enabled=always --server.port=8003
java_class_path (initial): F:\SpringBoot\Backend\target\classes;C:\Users\DELL\.m2\repository\org\springframework\boot\spring-boot-starter-data-jpa\3.0.1\spring-boot-starter-data-jpa-3.0.1.jar;C:\Users\DELL\.m2\repository\org\springframework\boot\spring-boot-starter-aop\3.0.1\spring-boot-starter-aop-3.0.1.jar;C:\Users\DELL\.m2\repository\org\springframework\spring-aop\6.0.3\spring-aop-6.0.3.jar;C:\Users\DELL\.m2\repository\org\aspectj\aspectjweaver\1.9.19\aspectjweaver-1.9.19.jar;C:\Users\DELL\.m2\repository\org\springframework\boot\spring-boot-starter-jdbc\3.0.1\spring-boot-starter-jdbc-3.0.1.jar;C:\Users\DELL\.m2\repository\com\zaxxer\HikariCP\5.0.1\HikariCP-5.0.1.jar;C:\Users\DELL\.m2\repository\org\springframework\spring-jdbc\6.0.3\spring-jdbc-6.0.3.jar;C:\Users\DELL\.m2\repository\org\hibernate\orm\hibernate-core\6.1.6.Final\hibernate-core-6.1.6.Final.jar;C:\Users\DELL\.m2\repository\jakarta\persistence\jakarta.persistence-api\3.1.0\jakarta.persistence-api-3.1.0.jar;C:\Users\DELL\.m2\repository\jakarta\transaction\jakarta.transaction-api\2.0.1\jakarta.transaction-api-2.0.1.jar;C:\Users\DELL\.m2\repository\org\jboss\logging\jboss-logging\3.5.0.Final\jboss-logging-3.5.0.Final.jar;C:\Users\DELL\.m2\repository\org\hibernate\common\hibernate-commons-annotations\6.0.2.Final\hibernate-commons-annotations-6.0.2.Final.jar;C:\Users\DELL\.m2\repository\org\jboss\jandex\2.4.2.Final\jandex-2.4.2.Final.jar;C:\Users\DELL\.m2\repository\com\fasterxml\classmate\1.5.1\classmate-1.5.1.jar;C:\Users\DELL\.m2\repository\net\bytebuddy\byte-buddy\1.12.20\byte-buddy-1.12.20.jar;C:\Users\DELL\.m2\repository\org\glassfish\jaxb\jaxb-runtime\4.0.1\jaxb-runtime-4.0.1.jar;C:\Users\DELL\.m2\repository\org\glassfish\jaxb\jaxb-core\4.0.1\jaxb-core-4.0.1.jar;C:\Users\DELL\.m2\repository\org\eclipse\angus\angus-activation\1.0.0\angus-activation-1.0.0.jar;C:\Users\DELL\.m2\repository\org\glassfish\jaxb\txw2\4.0.1\txw2-4.0.1.jar;C:\Users\DELL\.m2\repository\com\sun\istack\istack-commons-runtime\4.
Launcher Type: SUN_STANDARD

[Global flags]
     intx CICompilerCount                          = 4                                         {product} {ergonomic}
     uint ConcGCThreads                            = 2                                         {product} {ergonomic}
     uint G1ConcRefinementThreads                  = 8                                         {product} {ergonomic}
   size_t G1HeapRegionSize                         = 1048576                                   {product} {ergonomic}
    uintx GCDrainStackTargetSize                   = 64                                        {product} {ergonomic}
   size_t InitialHeapSize                          = 132120576                                 {product} {ergonomic}
     bool ManagementServer                         = true                                      {product} {command line}
   size_t MarkStackSize                            = 4194304                                   {product} {ergonomic}
   size_t MaxHeapSize                              = 2147483648                                {product} {command line}
   size_t MaxNewSize                               = 1287651328                                {product} {ergonomic}
   size_t MinHeapDeltaBytes                        = 1048576                                   {product} {ergonomic}
   size_t MinHeapSize                              = 8388608                                   {product} {ergonomic}
    uintx NonProfiledCodeHeapSize                  = 0                                      {pd product} {ergonomic}
     bool ProfileInterpreter                       = false                                  {pd product} {command line}
    uintx ProfiledCodeHeapSize                     = 0                                      {pd product} {ergonomic}
     bool ShowCodeDetailsInExceptionMessages       = true                                   {manageable} {command line}
   size_t SoftMaxHeapSize                          = 2147483648                             {manageable} {ergonomic}
     intx TieredStopAtLevel                        = 1                                         {product} {command line}
     bool UseCompressedClassPointers               = true                           {product lp64_product} {ergonomic}
     bool UseCompressedOops                        = true                           {product lp64_product} {ergonomic}
     bool UseG1GC                                  = true                                      {product} {ergonomic}
     bool UseLargePagesIndividualAllocation        = false                                  {pd product} {ergonomic}

Logging:
Log output configuration:
 #0: stdout all=warning uptime,level,tags
 #1: stderr all=off uptime,level,tags

Environment Variables:
JAVA_HOME=C:\Program Files\Java\jdk1.8.0_45
_JAVA_OPTIONS=  -Xmx2048M
PATH=F:/sts-4.17.0.RELEASE//plugins/org.eclipse.justj.openjdk.hotspot.jre.full.win32.x86_64_17.0.5.v20221102-0933/jre/bin/server;F:/sts-4.17.0.RELEASE//plugins/org.eclipse.justj.openjdk.hotspot.jre.full.win32.x86_64_17.0.5.v20221102-0933/jre/bin;C:\Program Files (x86)\Common Files\Oracle\Java\javapath;C:\ProgramData\Oracle\Java\javapath;C:\Program Files (x86)\Intel\Intel(R) Management Engine Components\iCLS\;C:\Program Files\Intel\Intel(R) Management Engine Components\iCLS\;C:\WINDOWS\system32;C:\WINDOWS;C:\WINDOWS\System32\Wbem;C:\WINDOWS\System32\WindowsPowerShell\v1.0\;C:\WINDOWS\System32\OpenSSH\;C:\Program Files (x86)\Intel\Intel(R) Management Engine Components\DAL;C:\Program Files\Intel\Intel(R) Management Engine Components\DAL;C:\Program Files (x86)\Intel\Intel(R) Management Engine Components\IPT;C:\Program Files\Intel\Intel(R) Management Engine Components\IPT;C:\Program Files\Java\jdk-15.0.1\bin;C:\Program Files\Java\jdk-16.0.1\bin;C:\Program Files (x86)\CodeBlocks\MinGW\bin;C:\Program Files (x86)\GnuWin32\bin;C:\Program Files\glassfish-4.1.1\bin;C:\Program Files\nodejs\;C:\Program Files\MongoDB\Server\5.0\bin;C:\Users\DELL\Postman\file;C:\Program Files\dotnet\;C:\Program Files\Microsoft SQL Server\150\Tools\Binn\;C:\Program Files\Microsoft SQL Server\Client SDK\ODBC\170\Tools\Binn\;F:\apache-maven-3.8.6\bin;C:\Program Files\Java\jre1.8.0_45\bin;F:\NetBeans 8.1\bin;C:\Users\DELL\AppData\Local\Microsoft\WindowsApps;C:\iverilog\bin;C:\iverilog\gtkwave\bin;C:\Program Files\Java\jdk1.7.0_80\bin;C:\Program Files\Java\jdk1.8.0_45\bin;C:\Users\DELL\AppData\Roaming\npm;C:\Program Files\MongoDB\Server\5.0\bin;C:\Flex Windows\gcc\bin;C:\Flex Windows\Lex\bin;C:\Flex Windows\bison\bin;C:\Users\DELL\AppData\Local\GitHubDesktop\bin;C:\Users\DELL\.dotnet\tools;H:\Microsoft VS Code\bin;F:\sts-4.17.0.RELEASE;
USERNAME=DELL
OS=Windows_NT
PROCESSOR_IDENTIFIER=Intel64 Family 6 Model 142 Stepping 10, GenuineIntel
TMP=C:\Users\DELL\AppData\Local\Temp
TEMP=C:\Users\DELL\AppData\Local\Temp



---------------  S Y S T E M  ---------------

OS:
 Windows 10 , 64 bit Build 19041 (10.0.19041.2364)
OS uptime: 0 days 3:45 hours

CPU: total 8 (initial active 8) (4 cores per cpu, 2 threads per core) family 6 model 142 stepping 10 microcode 0xca, cx8, cmov, fxsr, ht, mmx, 3dnowpref, sse, sse2, sse3, ssse3, sse4.1, sse4.2, popcnt, lzcnt, tsc, tscinvbit, avx, avx2, aes, erms, clmul, bmi1, bmi2, adx, fma, vzeroupper, clflush, clflushopt

Memory: 4k page, system-wide physical 8056M (728M free)
TotalPageFile size 8056M (AvailPageFile size 5M)
current process WorkingSet (physical memory assigned to process): 147M, peak: 147M
current process commit charge ("private bytes"): 181M, peak: 229M

vm_info: OpenJDK 64-Bit Server VM (17.0.5+8) for windows-amd64 JRE (17.0.5+8), built on Oct 19 2022 04:48:13 by "temurin" with MS VC++ 16.7 (VS2019)

END.
