#
# There is insufficient memory for the Java Runtime Environment to continue.
# Native memory allocation (mmap) failed to map 65536 bytes for Failed to commit metaspace.
# Possible reasons:
#   The system is out of physical RAM or swap space
#   The process is running with CompressedOops enabled, and the Java Heap may be blocking the growth of the native heap
# Possible solutions:
#   Reduce memory load on the system
#   Increase physical memory or swap space
#   Check if swap backing store is full
#   Decrease Java heap size (-Xmx/-Xms)
#   Decrease number of Java threads
#   Decrease Java thread stack sizes (-Xss)
#   Set larger code cache with -XX:ReservedCodeCacheSize=
#   JVM is running with Unscaled Compressed Oops mode in which the Java heap is
#     placed in the first 4GB address space. The Java Heap base address is the
#     maximum limit for the native heap growth. Please use -XX:HeapBaseMinAddress
#     to set the Java Heap base and to place the Java Heap above 4GB virtual address.
# This output file may be truncated or incomplete.
#
#  Out of Memory Error (virtualSpaceNode.cpp:110), pid=16904, tid=16988
#
# JRE version: OpenJDK Runtime Environment Temurin-17.0.5+8 (17.0.5+8) (build 17.0.5+8)
# Java VM: OpenJDK 64-Bit Server VM Temurin-17.0.5+8 (17.0.5+8, mixed mode, emulated-client, tiered, compressed oops, compressed class ptrs, g1 gc, windows-amd64)
# No core dump will be written. Minidumps are not enabled by default on client versions of Windows
#

---------------  S U M M A R Y ------------

Command Line: -Dcom.sun.management.jmxremote -Dcom.sun.management.jmxremote.port=50173 -Dcom.sun.management.jmxremote.authenticate=false -Dcom.sun.management.jmxremote.ssl=false -Djava.rmi.server.hostname=localhost -Dspring.jmx.enabled=true -Dmanagement.endpoints.jmx.exposure.include=* -Dspring.application.admin.enabled=true -XX:TieredStopAtLevel=1 -Dspring.boot.project.name=Backend -Dfile.encoding=UTF-8 -XX:+ShowCodeDetailsInExceptionMessages -Xmx2048M com.example.demo.BackendApplication --spring.output.ansi.enabled=always --server.port=8001

Host: Intel(R) Core(TM) i5-8250U CPU @ 1.60GHz, 8 cores, 7G,  Windows 10 , 64 bit Build 19041 (10.0.19041.2364)
Time: Tue Feb 28 11:31:13 2023 India Standard Time elapsed time: 0.710611 seconds (0d 0h 0m 0s)

---------------  T H R E A D  ---------------

Current thread (0x000001af502e8600):  JavaThread "main" [_thread_in_vm, id=16988, stack(0x0000009dbe600000,0x0000009dbe700000)]

Stack: [0x0000009dbe600000,0x0000009dbe700000]
Native frames: (J=compiled Java code, j=interpreted, Vv=VM code, C=native code)
V  [jvm.dll+0x676b3a]
V  [jvm.dll+0x831444]
V  [jvm.dll+0x832bee]
V  [jvm.dll+0x833253]
V  [jvm.dll+0x244ce5]
V  [jvm.dll+0x82d4db]
V  [jvm.dll+0x61b2f6]
V  [jvm.dll+0x1bfd2e]
V  [jvm.dll+0x61dc41]
V  [jvm.dll+0x61bc96]
V  [jvm.dll+0x625b37]
V  [jvm.dll+0x1e99bb]
V  [jvm.dll+0x1e9ef5]
V  [jvm.dll+0x1ea92f]
V  [jvm.dll+0x1dfdd1]
V  [jvm.dll+0x53be30]
V  [jvm.dll+0x7ac5a8]
V  [jvm.dll+0x7ac694]
V  [jvm.dll+0x40ba25]
V  [jvm.dll+0x411bb8]
C  [java.dll+0x17ec]

Java frames: (J=compiled Java code, j=interpreted, Vv=VM code)
J 1091  java.lang.ClassLoader.defineClass1(Ljava/lang/ClassLoader;Ljava/lang/String;[BIILjava/security/ProtectionDomain;Ljava/lang/String;)Ljava/lang/Class; java.base@17.0.5 (0 bytes) @ 0x000001af53d5145b [0x000001af53d513a0+0x00000000000000bb]
j  java.lang.ClassLoader.defineClass(Ljava/lang/String;[BIILjava/security/ProtectionDomain;)Ljava/lang/Class;+27 java.base@17.0.5
j  java.security.SecureClassLoader.defineClass(Ljava/lang/String;[BIILjava/security/CodeSource;)Ljava/lang/Class;+12 java.base@17.0.5
j  jdk.internal.loader.BuiltinClassLoader.defineClass(Ljava/lang/String;Ljdk/internal/loader/Resource;)Ljava/lang/Class;+117 java.base@17.0.5
j  jdk.internal.loader.BuiltinClassLoader.findClassOnClassPathOrNull(Ljava/lang/String;)Ljava/lang/Class;+37 java.base@17.0.5
J 954 c1 jdk.internal.loader.BuiltinClassLoader.loadClassOrNull(Ljava/lang/String;Z)Ljava/lang/Class; java.base@17.0.5 (143 bytes) @ 0x000001af53d150c4 [0x000001af53d14c80+0x0000000000000444]
J 1008 c1 jdk.internal.loader.ClassLoaders$AppClassLoader.loadClass(Ljava/lang/String;Z)Ljava/lang/Class; java.base@17.0.5 (40 bytes) @ 0x000001af53d34324 [0x000001af53d341e0+0x0000000000000144]
J 1007 c1 java.lang.ClassLoader.loadClass(Ljava/lang/String;)Ljava/lang/Class; java.base@17.0.5 (7 bytes) @ 0x000001af53d33764 [0x000001af53d33720+0x0000000000000044]
v  ~StubRoutines::call_stub
J 943  java.lang.Class.forName0(Ljava/lang/String;ZLjava/lang/ClassLoader;Ljava/lang/Class;)Ljava/lang/Class; java.base@17.0.5 (0 bytes) @ 0x000001af53d0f5a7 [0x000001af53d0f520+0x0000000000000087]
J 944 c1 java.lang.Class.forName(Ljava/lang/String;ZLjava/lang/ClassLoader;)Ljava/lang/Class; java.base@17.0.5 (47 bytes) @ 0x000001af53d0fb34 [0x000001af53d0fa40+0x00000000000000f4]
j  org.springframework.util.ClassUtils.forName(Ljava/lang/String;Ljava/lang/ClassLoader;)Ljava/lang/Class;+176
j  org.springframework.core.io.support.SpringFactoriesLoader.instantiateFactory(Ljava/lang/String;Ljava/lang/Class;Lorg/springframework/core/io/support/SpringFactoriesLoader$ArgumentResolver;Lorg/springframework/core/io/support/SpringFactoriesLoader$FailureHandler;)Ljava/lang/Object;+5
j  org.springframework.core.io.support.SpringFactoriesLoader.load(Ljava/lang/Class;Lorg/springframework/core/io/support/SpringFactoriesLoader$ArgumentResolver;Lorg/springframework/core/io/support/SpringFactoriesLoader$FailureHandler;)Ljava/util/List;+99
j  org.springframework.core.io.support.SpringFactoriesLoader.load(Ljava/lang/Class;Lorg/springframework/core/io/support/SpringFactoriesLoader$ArgumentResolver;)Ljava/util/List;+4
j  org.springframework.boot.SpringApplication.getSpringFactoriesInstances(Ljava/lang/Class;Lorg/springframework/core/io/support/SpringFactoriesLoader$ArgumentResolver;)Ljava/util/List;+9
j  org.springframework.boot.SpringApplication.getSpringFactoriesInstances(Ljava/lang/Class;)Ljava/util/List;+3
j  org.springframework.boot.SpringApplication.<init>(Lorg/springframework/core/io/ResourceLoader;[Ljava/lang/Class;)V+142
j  org.springframework.boot.SpringApplication.<init>([Ljava/lang/Class;)V+3
j  org.springframework.boot.SpringApplication.run([Ljava/lang/Class;[Ljava/lang/String;)Lorg/springframework/context/ConfigurableApplicationContext;+5
j  org.springframework.boot.SpringApplication.run(Ljava/lang/Class;[Ljava/lang/String;)Lorg/springframework/context/ConfigurableApplicationContext;+9
j  com.example.demo.BackendApplication.main([Ljava/lang/String;)V+3
v  ~StubRoutines::call_stub

---------------  P R O C E S S  ---------------

Threads class SMR info:
_java_thread_list=0x000001af5f38f450, length=16, elements={
0x000001af502e8600, 0x000001af5ec14270, 0x000001af5ec16000, 0x000001af5e11e0e0,
0x000001af5e11eb00, 0x000001af5e1203d0, 0x000001af5e120c90, 0x000001af5ec43d50,
0x000001af5ec44650, 0x000001af5e0997e0, 0x000001af5ed20e20, 0x000001af5eddf010,
0x000001af5ee26b10, 0x000001af5f3a16e0, 0x000001af5f3a1fc0, 0x000001af5f3813a0
}

Java Threads: ( => current thread )
=>0x000001af502e8600 JavaThread "main" [_thread_in_vm, id=16988, stack(0x0000009dbe600000,0x0000009dbe700000)]
  0x000001af5ec14270 JavaThread "Reference Handler" daemon [_thread_blocked, id=16364, stack(0x0000009dbed00000,0x0000009dbee00000)]
  0x000001af5ec16000 JavaThread "Finalizer" daemon [_thread_blocked, id=16728, stack(0x0000009dbee00000,0x0000009dbef00000)]
  0x000001af5e11e0e0 JavaThread "Signal Dispatcher" daemon [_thread_blocked, id=16920, stack(0x0000009dbf000000,0x0000009dbf100000)]
  0x000001af5e11eb00 JavaThread "Attach Listener" daemon [_thread_blocked, id=728, stack(0x0000009dbf100000,0x0000009dbf200000)]
  0x000001af5e1203d0 JavaThread "Service Thread" daemon [_thread_blocked, id=11952, stack(0x0000009dbf200000,0x0000009dbf300000)]
  0x000001af5e120c90 JavaThread "Monitor Deflation Thread" daemon [_thread_blocked, id=8440, stack(0x0000009dbf300000,0x0000009dbf400000)]
  0x000001af5ec43d50 JavaThread "C1 CompilerThread0" daemon [_thread_blocked, id=12704, stack(0x0000009dbf400000,0x0000009dbf500000)]
  0x000001af5ec44650 JavaThread "Sweeper thread" daemon [_thread_blocked, id=14700, stack(0x0000009dbf500000,0x0000009dbf600000)]
  0x000001af5e0997e0 JavaThread "Common-Cleaner" daemon [_thread_blocked, id=15868, stack(0x0000009dbf600000,0x0000009dbf700000)]
  0x000001af5ed20e20 JavaThread "C1 CompilerThread1" daemon [_thread_blocked, id=8320, stack(0x0000009dbf700000,0x0000009dbf800000)]
  0x000001af5eddf010 JavaThread "C1 CompilerThread2" daemon [_thread_blocked, id=16148, stack(0x0000009dbf800000,0x0000009dbf900000)]
  0x000001af5ee26b10 JavaThread "Notification Thread" daemon [_thread_blocked, id=14896, stack(0x0000009dbf900000,0x0000009dbfa00000)]
  0x000001af5f3a16e0 JavaThread "RMI TCP Accept-0" daemon [_thread_in_native, id=17356, stack(0x0000009dbfa00000,0x0000009dbfb00000)]
  0x000001af5f3a1fc0 JavaThread "RMI TCP Accept-50173" daemon [_thread_in_native, id=1128, stack(0x0000009dbfb00000,0x0000009dbfc00000)]
  0x000001af5f3813a0 JavaThread "RMI TCP Accept-0" daemon [_thread_in_native, id=12216, stack(0x0000009dbfc00000,0x0000009dbfd00000)]

Other Threads:
  0x000001af5e10e9a0 VMThread "VM Thread" [stack: 0x0000009dbec00000,0x0000009dbed00000] [id=15316]
  0x000001af502e96d0 WatcherThread [stack: 0x0000009dbfd00000,0x0000009dbfe00000] [id=5632]
  0x000001af50343350 GCTaskThread "GC Thread#0" [stack: 0x0000009dbe700000,0x0000009dbe800000] [id=12336]
  0x000001af503541a0 ConcurrentGCThread "G1 Main Marker" [stack: 0x0000009dbe800000,0x0000009dbe900000] [id=13520]
  0x000001af50356270 ConcurrentGCThread "G1 Conc#0" [stack: 0x0000009dbe900000,0x0000009dbea00000] [id=16976]
  0x000001af503ad050 ConcurrentGCThread "G1 Refine#0" [stack: 0x0000009dbea00000,0x0000009dbeb00000] [id=3656]
  0x000001af503ad880 ConcurrentGCThread "G1 Service" [stack: 0x0000009dbeb00000,0x0000009dbec00000] [id=1696]

Threads with active compile tasks:

VM state: not at safepoint (normal execution)

VM Mutex/Monitor currently owned by a thread:  ([mutex/lock_event])
[0x000001af502e21c0] Metaspace_lock - owner thread: 0x000001af502e8600

Heap address: 0x0000000080000000, size: 2048 MB, Compressed Oops mode: 32-bit

CDS archive(s) not mapped
Compressed class space mapped at: 0x0000000100000000-0x0000000140000000, reserved size: 1073741824
Narrow klass base: 0x0000000000000000, Narrow klass shift: 3, Narrow klass range: 0x140000000

GC Precious Log:
 CPUs: 8 total, 8 available
 Memory: 8056M
 Large Page Support: Disabled
 NUMA Support: Disabled
 Compressed Oops: Enabled (32-bit)
 Heap Region Size: 1M
 Heap Min Capacity: 8M
 Heap Initial Capacity: 126M
 Heap Max Capacity: 2G
 Pre-touch: Disabled
 Parallel Workers: 8
 Concurrent Workers: 2
 Concurrent Refinement Workers: 8
 Periodic GC: Disabled

Heap:
 garbage-first heap   total 129024K, used 16384K [0x0000000080000000, 0x0000000100000000)
  region size 1024K, 16 young (16384K), 0 survivors (0K)
 Metaspace       used 14440K, committed 14528K, reserved 1064960K
  class space    used 1495K, committed 1536K, reserved 1048576K

Heap Regions: E=young(eden), S=young(survivor), O=old, HS=humongous(starts), HC=humongous(continues), CS=collection set, F=free, OA=open archive, CA=closed archive, TAMS=top-at-mark-start (previous, next)
|   0|0x0000000080000000, 0x0000000080100000, 0x0000000080100000|100%|HS|  |TAMS 0x0000000080000000, 0x0000000080000000| Complete 
|   1|0x0000000080100000, 0x0000000080100000, 0x0000000080200000|  0%| F|  |TAMS 0x0000000080100000, 0x0000000080100000| Untracked 
|   2|0x0000000080200000, 0x0000000080200000, 0x0000000080300000|  0%| F|  |TAMS 0x0000000080200000, 0x0000000080200000| Untracked 
|   3|0x0000000080300000, 0x0000000080300000, 0x0000000080400000|  0%| F|  |TAMS 0x0000000080300000, 0x0000000080300000| Untracked 
|   4|0x0000000080400000, 0x0000000080400000, 0x0000000080500000|  0%| F|  |TAMS 0x0000000080400000, 0x0000000080400000| Untracked 
|   5|0x0000000080500000, 0x0000000080500000, 0x0000000080600000|  0%| F|  |TAMS 0x0000000080500000, 0x0000000080500000| Untracked 
|   6|0x0000000080600000, 0x0000000080600000, 0x0000000080700000|  0%| F|  |TAMS 0x0000000080600000, 0x0000000080600000| Untracked 
|   7|0x0000000080700000, 0x0000000080700000, 0x0000000080800000|  0%| F|  |TAMS 0x0000000080700000, 0x0000000080700000| Untracked 
|   8|0x0000000080800000, 0x0000000080800000, 0x0000000080900000|  0%| F|  |TAMS 0x0000000080800000, 0x0000000080800000| Untracked 
|   9|0x0000000080900000, 0x0000000080900000, 0x0000000080a00000|  0%| F|  |TAMS 0x0000000080900000, 0x0000000080900000| Untracked 
|  10|0x0000000080a00000, 0x0000000080a00000, 0x0000000080b00000|  0%| F|  |TAMS 0x0000000080a00000, 0x0000000080a00000| Untracked 
|  11|0x0000000080b00000, 0x0000000080b00000, 0x0000000080c00000|  0%| F|  |TAMS 0x0000000080b00000, 0x0000000080b00000| Untracked 
|  12|0x0000000080c00000, 0x0000000080c00000, 0x0000000080d00000|  0%| F|  |TAMS 0x0000000080c00000, 0x0000000080c00000| Untracked 
|  13|0x0000000080d00000, 0x0000000080d00000, 0x0000000080e00000|  0%| F|  |TAMS 0x0000000080d00000, 0x0000000080d00000| Untracked 
|  14|0x0000000080e00000, 0x0000000080e00000, 0x0000000080f00000|  0%| F|  |TAMS 0x0000000080e00000, 0x0000000080e00000| Untracked 
|  15|0x0000000080f00000, 0x0000000080f00000, 0x0000000081000000|  0%| F|  |TAMS 0x0000000080f00000, 0x0000000080f00000| Untracked 
|  16|0x0000000081000000, 0x0000000081000000, 0x0000000081100000|  0%| F|  |TAMS 0x0000000081000000, 0x0000000081000000| Untracked 
|  17|0x0000000081100000, 0x0000000081100000, 0x0000000081200000|  0%| F|  |TAMS 0x0000000081100000, 0x0000000081100000| Untracked 
|  18|0x0000000081200000, 0x0000000081200000, 0x0000000081300000|  0%| F|  |TAMS 0x0000000081200000, 0x0000000081200000| Untracked 
|  19|0x0000000081300000, 0x0000000081300000, 0x0000000081400000|  0%| F|  |TAMS 0x0000000081300000, 0x0000000081300000| Untracked 
|  20|0x0000000081400000, 0x0000000081400000, 0x0000000081500000|  0%| F|  |TAMS 0x0000000081400000, 0x0000000081400000| Untracked 
|  21|0x0000000081500000, 0x0000000081500000, 0x0000000081600000|  0%| F|  |TAMS 0x0000000081500000, 0x0000000081500000| Untracked 
|  22|0x0000000081600000, 0x0000000081600000, 0x0000000081700000|  0%| F|  |TAMS 0x0000000081600000, 0x0000000081600000| Untracked 
|  23|0x0000000081700000, 0x0000000081700000, 0x0000000081800000|  0%| F|  |TAMS 0x0000000081700000, 0x0000000081700000| Untracked 
|  24|0x0000000081800000, 0x0000000081800000, 0x0000000081900000|  0%| F|  |TAMS 0x0000000081800000, 0x0000000081800000| Untracked 
|  25|0x0000000081900000, 0x0000000081900000, 0x0000000081a00000|  0%| F|  |TAMS 0x0000000081900000, 0x0000000081900000| Untracked 
|  26|0x0000000081a00000, 0x0000000081a00000, 0x0000000081b00000|  0%| F|  |TAMS 0x0000000081a00000, 0x0000000081a00000| Untracked 
|  27|0x0000000081b00000, 0x0000000081b00000, 0x0000000081c00000|  0%| F|  |TAMS 0x0000000081b00000, 0x0000000081b00000| Untracked 
|  28|0x0000000081c00000, 0x0000000081c00000, 0x0000000081d00000|  0%| F|  |TAMS 0x0000000081c00000, 0x0000000081c00000| Untracked 
|  29|0x0000000081d00000, 0x0000000081d00000, 0x0000000081e00000|  0%| F|  |TAMS 0x0000000081d00000, 0x0000000081d00000| Untracked 
|  30|0x0000000081e00000, 0x0000000081e00000, 0x0000000081f00000|  0%| F|  |TAMS 0x0000000081e00000, 0x0000000081e00000| Untracked 
|  31|0x0000000081f00000, 0x0000000081f00000, 0x0000000082000000|  0%| F|  |TAMS 0x0000000081f00000, 0x0000000081f00000| Untracked 
|  32|0x0000000082000000, 0x0000000082000000, 0x0000000082100000|  0%| F|  |TAMS 0x0000000082000000, 0x0000000082000000| Untracked 
|  33|0x0000000082100000, 0x0000000082100000, 0x0000000082200000|  0%| F|  |TAMS 0x0000000082100000, 0x0000000082100000| Untracked 
|  34|0x0000000082200000, 0x0000000082200000, 0x0000000082300000|  0%| F|  |TAMS 0x0000000082200000, 0x0000000082200000| Untracked 
|  35|0x0000000082300000, 0x0000000082300000, 0x0000000082400000|  0%| F|  |TAMS 0x0000000082300000, 0x0000000082300000| Untracked 
|  36|0x0000000082400000, 0x0000000082400000, 0x0000000082500000|  0%| F|  |TAMS 0x0000000082400000, 0x0000000082400000| Untracked 
|  37|0x0000000082500000, 0x0000000082500000, 0x0000000082600000|  0%| F|  |TAMS 0x0000000082500000, 0x0000000082500000| Untracked 
|  38|0x0000000082600000, 0x0000000082600000, 0x0000000082700000|  0%| F|  |TAMS 0x0000000082600000, 0x0000000082600000| Untracked 
|  39|0x0000000082700000, 0x0000000082700000, 0x0000000082800000|  0%| F|  |TAMS 0x0000000082700000, 0x0000000082700000| Untracked 
|  40|0x0000000082800000, 0x0000000082800000, 0x0000000082900000|  0%| F|  |TAMS 0x0000000082800000, 0x0000000082800000| Untracked 
|  41|0x0000000082900000, 0x0000000082900000, 0x0000000082a00000|  0%| F|  |TAMS 0x0000000082900000, 0x0000000082900000| Untracked 
|  42|0x0000000082a00000, 0x0000000082a00000, 0x0000000082b00000|  0%| F|  |TAMS 0x0000000082a00000, 0x0000000082a00000| Untracked 
|  43|0x0000000082b00000, 0x0000000082b00000, 0x0000000082c00000|  0%| F|  |TAMS 0x0000000082b00000, 0x0000000082b00000| Untracked 
|  44|0x0000000082c00000, 0x0000000082c00000, 0x0000000082d00000|  0%| F|  |TAMS 0x0000000082c00000, 0x0000000082c00000| Untracked 
|  45|0x0000000082d00000, 0x0000000082d00000, 0x0000000082e00000|  0%| F|  |TAMS 0x0000000082d00000, 0x0000000082d00000| Untracked 
|  46|0x0000000082e00000, 0x0000000082e00000, 0x0000000082f00000|  0%| F|  |TAMS 0x0000000082e00000, 0x0000000082e00000| Untracked 
|  47|0x0000000082f00000, 0x0000000082f00000, 0x0000000083000000|  0%| F|  |TAMS 0x0000000082f00000, 0x0000000082f00000| Untracked 
|  48|0x0000000083000000, 0x0000000083000000, 0x0000000083100000|  0%| F|  |TAMS 0x0000000083000000, 0x0000000083000000| Untracked 
|  49|0x0000000083100000, 0x0000000083100000, 0x0000000083200000|  0%| F|  |TAMS 0x0000000083100000, 0x0000000083100000| Untracked 
|  50|0x0000000083200000, 0x0000000083200000, 0x0000000083300000|  0%| F|  |TAMS 0x0000000083200000, 0x0000000083200000| Untracked 
|  51|0x0000000083300000, 0x0000000083300000, 0x0000000083400000|  0%| F|  |TAMS 0x0000000083300000, 0x0000000083300000| Untracked 
|  52|0x0000000083400000, 0x0000000083400000, 0x0000000083500000|  0%| F|  |TAMS 0x0000000083400000, 0x0000000083400000| Untracked 
|  53|0x0000000083500000, 0x0000000083500000, 0x0000000083600000|  0%| F|  |TAMS 0x0000000083500000, 0x0000000083500000| Untracked 
|  54|0x0000000083600000, 0x0000000083600000, 0x0000000083700000|  0%| F|  |TAMS 0x0000000083600000, 0x0000000083600000| Untracked 
|  55|0x0000000083700000, 0x0000000083700000, 0x0000000083800000|  0%| F|  |TAMS 0x0000000083700000, 0x0000000083700000| Untracked 
|  56|0x0000000083800000, 0x0000000083800000, 0x0000000083900000|  0%| F|  |TAMS 0x0000000083800000, 0x0000000083800000| Untracked 
|  57|0x0000000083900000, 0x0000000083900000, 0x0000000083a00000|  0%| F|  |TAMS 0x0000000083900000, 0x0000000083900000| Untracked 
|  58|0x0000000083a00000, 0x0000000083a00000, 0x0000000083b00000|  0%| F|  |TAMS 0x0000000083a00000, 0x0000000083a00000| Untracked 
|  59|0x0000000083b00000, 0x0000000083b00000, 0x0000000083c00000|  0%| F|  |TAMS 0x0000000083b00000, 0x0000000083b00000| Untracked 
|  60|0x0000000083c00000, 0x0000000083c00000, 0x0000000083d00000|  0%| F|  |TAMS 0x0000000083c00000, 0x0000000083c00000| Untracked 
|  61|0x0000000083d00000, 0x0000000083d00000, 0x0000000083e00000|  0%| F|  |TAMS 0x0000000083d00000, 0x0000000083d00000| Untracked 
|  62|0x0000000083e00000, 0x0000000083e00000, 0x0000000083f00000|  0%| F|  |TAMS 0x0000000083e00000, 0x0000000083e00000| Untracked 
|  63|0x0000000083f00000, 0x0000000083f00000, 0x0000000084000000|  0%| F|  |TAMS 0x0000000083f00000, 0x0000000083f00000| Untracked 
|  64|0x0000000084000000, 0x0000000084000000, 0x0000000084100000|  0%| F|  |TAMS 0x0000000084000000, 0x0000000084000000| Untracked 
|  65|0x0000000084100000, 0x0000000084100000, 0x0000000084200000|  0%| F|  |TAMS 0x0000000084100000, 0x0000000084100000| Untracked 
|  66|0x0000000084200000, 0x0000000084200000, 0x0000000084300000|  0%| F|  |TAMS 0x0000000084200000, 0x0000000084200000| Untracked 
|  67|0x0000000084300000, 0x0000000084300000, 0x0000000084400000|  0%| F|  |TAMS 0x0000000084300000, 0x0000000084300000| Untracked 
|  68|0x0000000084400000, 0x0000000084400000, 0x0000000084500000|  0%| F|  |TAMS 0x0000000084400000, 0x0000000084400000| Untracked 
|  69|0x0000000084500000, 0x0000000084500000, 0x0000000084600000|  0%| F|  |TAMS 0x0000000084500000, 0x0000000084500000| Untracked 
|  70|0x0000000084600000, 0x0000000084600000, 0x0000000084700000|  0%| F|  |TAMS 0x0000000084600000, 0x0000000084600000| Untracked 
|  71|0x0000000084700000, 0x0000000084700000, 0x0000000084800000|  0%| F|  |TAMS 0x0000000084700000, 0x0000000084700000| Untracked 
|  72|0x0000000084800000, 0x0000000084800000, 0x0000000084900000|  0%| F|  |TAMS 0x0000000084800000, 0x0000000084800000| Untracked 
|  73|0x0000000084900000, 0x0000000084900000, 0x0000000084a00000|  0%| F|  |TAMS 0x0000000084900000, 0x0000000084900000| Untracked 
|  74|0x0000000084a00000, 0x0000000084a00000, 0x0000000084b00000|  0%| F|  |TAMS 0x0000000084a00000, 0x0000000084a00000| Untracked 
|  75|0x0000000084b00000, 0x0000000084b00000, 0x0000000084c00000|  0%| F|  |TAMS 0x0000000084b00000, 0x0000000084b00000| Untracked 
|  76|0x0000000084c00000, 0x0000000084c00000, 0x0000000084d00000|  0%| F|  |TAMS 0x0000000084c00000, 0x0000000084c00000| Untracked 
|  77|0x0000000084d00000, 0x0000000084d00000, 0x0000000084e00000|  0%| F|  |TAMS 0x0000000084d00000, 0x0000000084d00000| Untracked 
|  78|0x0000000084e00000, 0x0000000084e00000, 0x0000000084f00000|  0%| F|  |TAMS 0x0000000084e00000, 0x0000000084e00000| Untracked 
|  79|0x0000000084f00000, 0x0000000084f00000, 0x0000000085000000|  0%| F|  |TAMS 0x0000000084f00000, 0x0000000084f00000| Untracked 
|  80|0x0000000085000000, 0x0000000085000000, 0x0000000085100000|  0%| F|  |TAMS 0x0000000085000000, 0x0000000085000000| Untracked 
|  81|0x0000000085100000, 0x0000000085100000, 0x0000000085200000|  0%| F|  |TAMS 0x0000000085100000, 0x0000000085100000| Untracked 
|  82|0x0000000085200000, 0x0000000085200000, 0x0000000085300000|  0%| F|  |TAMS 0x0000000085200000, 0x0000000085200000| Untracked 
|  83|0x0000000085300000, 0x0000000085300000, 0x0000000085400000|  0%| F|  |TAMS 0x0000000085300000, 0x0000000085300000| Untracked 
|  84|0x0000000085400000, 0x0000000085400000, 0x0000000085500000|  0%| F|  |TAMS 0x0000000085400000, 0x0000000085400000| Untracked 
|  85|0x0000000085500000, 0x0000000085500000, 0x0000000085600000|  0%| F|  |TAMS 0x0000000085500000, 0x0000000085500000| Untracked 
|  86|0x0000000085600000, 0x0000000085600000, 0x0000000085700000|  0%| F|  |TAMS 0x0000000085600000, 0x0000000085600000| Untracked 
|  87|0x0000000085700000, 0x0000000085700000, 0x0000000085800000|  0%| F|  |TAMS 0x0000000085700000, 0x0000000085700000| Untracked 
|  88|0x0000000085800000, 0x0000000085800000, 0x0000000085900000|  0%| F|  |TAMS 0x0000000085800000, 0x0000000085800000| Untracked 
|  89|0x0000000085900000, 0x0000000085900000, 0x0000000085a00000|  0%| F|  |TAMS 0x0000000085900000, 0x0000000085900000| Untracked 
|  90|0x0000000085a00000, 0x0000000085a00000, 0x0000000085b00000|  0%| F|  |TAMS 0x0000000085a00000, 0x0000000085a00000| Untracked 
|  91|0x0000000085b00000, 0x0000000085b00000, 0x0000000085c00000|  0%| F|  |TAMS 0x0000000085b00000, 0x0000000085b00000| Untracked 
|  92|0x0000000085c00000, 0x0000000085c00000, 0x0000000085d00000|  0%| F|  |TAMS 0x0000000085c00000, 0x0000000085c00000| Untracked 
|  93|0x0000000085d00000, 0x0000000085d00000, 0x0000000085e00000|  0%| F|  |TAMS 0x0000000085d00000, 0x0000000085d00000| Untracked 
|  94|0x0000000085e00000, 0x0000000085e00000, 0x0000000085f00000|  0%| F|  |TAMS 0x0000000085e00000, 0x0000000085e00000| Untracked 
|  95|0x0000000085f00000, 0x0000000085f00000, 0x0000000086000000|  0%| F|  |TAMS 0x0000000085f00000, 0x0000000085f00000| Untracked 
|  96|0x0000000086000000, 0x0000000086000000, 0x0000000086100000|  0%| F|  |TAMS 0x0000000086000000, 0x0000000086000000| Untracked 
|  97|0x0000000086100000, 0x0000000086100000, 0x0000000086200000|  0%| F|  |TAMS 0x0000000086100000, 0x0000000086100000| Untracked 
|  98|0x0000000086200000, 0x0000000086200000, 0x0000000086300000|  0%| F|  |TAMS 0x0000000086200000, 0x0000000086200000| Untracked 
|  99|0x0000000086300000, 0x0000000086300000, 0x0000000086400000|  0%| F|  |TAMS 0x0000000086300000, 0x0000000086300000| Untracked 
| 100|0x0000000086400000, 0x0000000086400000, 0x0000000086500000|  0%| F|  |TAMS 0x0000000086400000, 0x0000000086400000| Untracked 
| 101|0x0000000086500000, 0x0000000086500000, 0x0000000086600000|  0%| F|  |TAMS 0x0000000086500000, 0x0000000086500000| Untracked 
| 102|0x0000000086600000, 0x0000000086600000, 0x0000000086700000|  0%| F|  |TAMS 0x0000000086600000, 0x0000000086600000| Untracked 
| 103|0x0000000086700000, 0x0000000086700000, 0x0000000086800000|  0%| F|  |TAMS 0x0000000086700000, 0x0000000086700000| Untracked 
| 104|0x0000000086800000, 0x0000000086800000, 0x0000000086900000|  0%| F|  |TAMS 0x0000000086800000, 0x0000000086800000| Untracked 
| 105|0x0000000086900000, 0x0000000086900000, 0x0000000086a00000|  0%| F|  |TAMS 0x0000000086900000, 0x0000000086900000| Untracked 
| 106|0x0000000086a00000, 0x0000000086a00000, 0x0000000086b00000|  0%| F|  |TAMS 0x0000000086a00000, 0x0000000086a00000| Untracked 
| 107|0x0000000086b00000, 0x0000000086b00000, 0x0000000086c00000|  0%| F|  |TAMS 0x0000000086b00000, 0x0000000086b00000| Untracked 
| 108|0x0000000086c00000, 0x0000000086c00000, 0x0000000086d00000|  0%| F|  |TAMS 0x0000000086c00000, 0x0000000086c00000| Untracked 
| 109|0x0000000086d00000, 0x0000000086d00000, 0x0000000086e00000|  0%| F|  |TAMS 0x0000000086d00000, 0x0000000086d00000| Untracked 
| 110|0x0000000086e00000, 0x0000000086f00000, 0x0000000086f00000|100%| E|  |TAMS 0x0000000086e00000, 0x0000000086e00000| Complete 
| 111|0x0000000086f00000, 0x0000000087000000, 0x0000000087000000|100%| E|CS|TAMS 0x0000000086f00000, 0x0000000086f00000| Complete 
| 112|0x0000000087000000, 0x0000000087100000, 0x0000000087100000|100%| E|CS|TAMS 0x0000000087000000, 0x0000000087000000| Complete 
| 113|0x0000000087100000, 0x0000000087200000, 0x0000000087200000|100%| E|CS|TAMS 0x0000000087100000, 0x0000000087100000| Complete 
| 114|0x0000000087200000, 0x0000000087300000, 0x0000000087300000|100%| E|CS|TAMS 0x0000000087200000, 0x0000000087200000| Complete 
| 115|0x0000000087300000, 0x0000000087400000, 0x0000000087400000|100%| E|CS|TAMS 0x0000000087300000, 0x0000000087300000| Complete 
| 116|0x0000000087400000, 0x0000000087500000, 0x0000000087500000|100%| E|CS|TAMS 0x0000000087400000, 0x0000000087400000| Complete 
| 117|0x0000000087500000, 0x0000000087600000, 0x0000000087600000|100%| E|CS|TAMS 0x0000000087500000, 0x0000000087500000| Complete 
| 118|0x0000000087600000, 0x0000000087700000, 0x0000000087700000|100%| E|CS|TAMS 0x0000000087600000, 0x0000000087600000| Complete 
| 119|0x0000000087700000, 0x0000000087800000, 0x0000000087800000|100%| E|CS|TAMS 0x0000000087700000, 0x0000000087700000| Complete 
| 120|0x0000000087800000, 0x0000000087900000, 0x0000000087900000|100%| E|CS|TAMS 0x0000000087800000, 0x0000000087800000| Complete 
| 121|0x0000000087900000, 0x0000000087a00000, 0x0000000087a00000|100%| E|CS|TAMS 0x0000000087900000, 0x0000000087900000| Complete 
| 122|0x0000000087a00000, 0x0000000087b00000, 0x0000000087b00000|100%| E|CS|TAMS 0x0000000087a00000, 0x0000000087a00000| Complete 
| 123|0x0000000087b00000, 0x0000000087c00000, 0x0000000087c00000|100%| E|CS|TAMS 0x0000000087b00000, 0x0000000087b00000| Complete 
| 124|0x0000000087c00000, 0x0000000087d00000, 0x0000000087d00000|100%| E|CS|TAMS 0x0000000087c00000, 0x0000000087c00000| Complete 
| 125|0x0000000087d00000, 0x0000000087e00000, 0x0000000087e00000|100%| E|CS|TAMS 0x0000000087d00000, 0x0000000087d00000| Complete 

Card table byte_map: [0x000001af56eb0000,0x000001af572b0000] _byte_map_base: 0x000001af56ab0000

Marking Bits (Prev, Next): (CMBitMap*) 0x000001af50343870, (CMBitMap*) 0x000001af503438b0
 Prev Bits: [0x000001af576b0000, 0x000001af596b0000)
 Next Bits: [0x000001af596b0000, 0x000001af5b6b0000)

Polling page: 0x000001af4e220000

Metaspace:

Usage:
  Non-class:     12.64 MB used.
      Class:      1.46 MB used.
       Both:     14.10 MB used.

Virtual space:
  Non-class space:       16.00 MB reserved,      12.69 MB ( 79%) committed,  2 nodes.
      Class space:        1.00 GB reserved,       1.50 MB ( <1%) committed,  1 nodes.
             Both:        1.02 GB reserved,      14.19 MB (  1%) committed. 

Chunk freelists:
   Non-Class:  2.36 MB
       Class:  2.44 MB
        Both:  4.80 MB

MaxMetaspaceSize: unlimited
CompressedClassSpaceSize: 1.00 GB
Initial GC threshold: 21.00 MB
Current GC threshold: 21.00 MB
CDS: off
MetaspaceReclaimPolicy: balanced
 - commit_granule_bytes: 65536.
 - commit_granule_words: 8192.
 - virtual_space_node_default_size: 1048576.
 - enlarge_chunks_in_place: 1.
 - new_chunks_are_fully_committed: 0.
 - uncommit_free_chunks: 1.
 - use_allocation_guard: 0.
 - handle_deallocations: 1.


Internal statistics:

num_allocs_failed_limit: 0.
num_arena_births: 106.
num_arena_deaths: 0.
num_vsnodes_births: 3.
num_vsnodes_deaths: 0.
num_space_committed: 227.
num_space_uncommitted: 0.
num_chunks_returned_to_freelist: 0.
num_chunks_taken_from_freelist: 222.
num_chunk_merges: 0.
num_chunk_splits: 130.
num_chunks_enlarged: 78.
num_purges: 0.
num_inconsistent_stats: 0.

CodeCache: size=49152Kb used=3811Kb max_used=3811Kb free=45340Kb
 bounds [0x000001af539a0000, 0x000001af53d60000, 0x000001af569a0000]
 total_blobs=1552 nmethods=1104 adapters=374
 compilation: enabled
              stopped_count=0, restarted_count=0
 full_count=0

Compilation events (20 events):
Event: 0.706 Thread 0x000001af5ed20e20 1095   !   1       jdk.internal.loader.URLClassPath$JarLoader::checkResource (78 bytes)
Event: 0.706 Thread 0x000001af5eddf010 nmethod 1093 0x000001af53d51d10 code [0x000001af53d51ea0, 0x000001af53d51f78]
Event: 0.706 Thread 0x000001af5eddf010 1096       1       sun.net.www.protocol.jar.Handler::parseURL (173 bytes)
Event: 0.706 Thread 0x000001af5ed20e20 nmethod 1095 0x000001af53d52010 code [0x000001af53d52220, 0x000001af53d527a8]
Event: 0.706 Thread 0x000001af5ed20e20 1097       1       sun.net.www.protocol.jar.Handler::parseContextSpec (150 bytes)
Event: 0.706 Thread 0x000001af5eddf010 nmethod 1096 0x000001af53d52b10 code [0x000001af53d52d40, 0x000001af53d53278]
Event: 0.707 Thread 0x000001af5eddf010 1098       1       sun.net.www.protocol.jar.Handler::indexOfBangSlash (52 bytes)
Event: 0.707 Thread 0x000001af5ec43d50 nmethod 1094 0x000001af53d53690 code [0x000001af53d53900, 0x000001af53d53f88]
Event: 0.707 Thread 0x000001af5ec43d50 1099       1       sun.net.www.protocol.jar.Handler::canonicalizeString (72 bytes)
Event: 0.707 Thread 0x000001af5eddf010 nmethod 1098 0x000001af53d54410 code [0x000001af53d545e0, 0x000001af53d54918]
Event: 0.707 Thread 0x000001af5eddf010 1100       1       java.net.URLStreamHandler::setURL (159 bytes)
Event: 0.707 Thread 0x000001af5ec43d50 nmethod 1099 0x000001af53d54b10 code [0x000001af53d54d40, 0x000001af53d552c8]
Event: 0.708 Thread 0x000001af5ec43d50 1101       1       jdk.internal.loader.URLClassPath$JarLoader$2::<init> (31 bytes)
Event: 0.708 Thread 0x000001af5ed20e20 nmethod 1097 0x000001af53d55690 code [0x000001af53d559a0, 0x000001af53d564b8]
Event: 0.708 Thread 0x000001af5ed20e20 1102       1       jdk.internal.reflect.DelegatingConstructorAccessorImpl::setDelegate (6 bytes)
Event: 0.708 Thread 0x000001af5ec43d50 nmethod 1101 0x000001af53d56b10 code [0x000001af53d56ca0, 0x000001af53d56ef8]
Event: 0.708 Thread 0x000001af5ec43d50 1104   !   1       java.lang.ClassLoader::addClass (27 bytes)
Event: 0.708 Thread 0x000001af5ed20e20 nmethod 1102 0x000001af53d56f90 code [0x000001af53d57120, 0x000001af53d57238]
Event: 0.708 Thread 0x000001af5ed20e20 1103       1       jdk.internal.reflect.NativeConstructorAccessorImpl::setParent (6 bytes)
Event: 0.708 Thread 0x000001af5ed20e20 nmethod 1103 0x000001af53d57290 code [0x000001af53d57420, 0x000001af53d57538]

GC Heap History (0 events):
No events

Dll operation events (7 events):
Event: 0.011 Loaded shared library F:\sts-4.17.0.RELEASE\plugins\org.eclipse.justj.openjdk.hotspot.jre.full.win32.x86_64_17.0.5.v20221102-0933\jre\bin\java.dll
Event: 0.225 Loaded shared library F:\sts-4.17.0.RELEASE\plugins\org.eclipse.justj.openjdk.hotspot.jre.full.win32.x86_64_17.0.5.v20221102-0933\jre\bin\jimage.dll
Event: 0.238 Loaded shared library F:\sts-4.17.0.RELEASE\plugins\org.eclipse.justj.openjdk.hotspot.jre.full.win32.x86_64_17.0.5.v20221102-0933\jre\bin\net.dll
Event: 0.240 Loaded shared library F:\sts-4.17.0.RELEASE\plugins\org.eclipse.justj.openjdk.hotspot.jre.full.win32.x86_64_17.0.5.v20221102-0933\jre\bin\nio.dll
Event: 0.244 Loaded shared library F:\sts-4.17.0.RELEASE\plugins\org.eclipse.justj.openjdk.hotspot.jre.full.win32.x86_64_17.0.5.v20221102-0933\jre\bin\zip.dll
Event: 0.288 Loaded shared library F:\sts-4.17.0.RELEASE\plugins\org.eclipse.justj.openjdk.hotspot.jre.full.win32.x86_64_17.0.5.v20221102-0933\jre\bin\management.dll
Event: 0.301 Loaded shared library F:\sts-4.17.0.RELEASE\plugins\org.eclipse.justj.openjdk.hotspot.jre.full.win32.x86_64_17.0.5.v20221102-0933\jre\bin\management_ext.dll

Deoptimization events (0 events):
No events

Classes unloaded (0 events):
No events

Classes redefined (0 events):
No events

Internal exceptions (15 events):
Event: 0.287 Thread 0x000001af502e8600 Exception <a 'java/lang/NoSuchMethodError'{0x00000000878e1638}: 'java.lang.Object java.lang.invoke.DirectMethodHandle$Holder.invokeStaticInit(java.lang.Object)'> (0x00000000878e1638) 
thrown [s\src\hotspot\share\interpreter\linkResolver.cpp, line 759]
Event: 0.306 Thread 0x000001af502e8600 Exception <a 'java/lang/NoSuchMethodError'{0x00000000878fd290}: 'int java.lang.invoke.DirectMethodHandle$Holder.invokeInterface(java.lang.Object, java.lang.Object)'> (0x00000000878fd290) 
thrown [s\src\hotspot\share\interpreter\linkResolver.cpp, line 759]
Event: 0.306 Thread 0x000001af502e8600 Exception <a 'java/lang/IncompatibleClassChangeError'{0x00000000877008c0}: Found class java.lang.Object, but interface was expected> (0x00000000877008c0) 
thrown [s\src\hotspot\share\interpreter\linkResolver.cpp, line 826]
Event: 0.307 Thread 0x000001af502e8600 Exception <a 'java/lang/NoSuchMethodError'{0x0000000087706470}: 'void java.lang.invoke.DirectMethodHandle$Holder.invokeStatic(java.lang.Object, java.lang.Object)'> (0x0000000087706470) 
thrown [s\src\hotspot\share\interpreter\linkResolver.cpp, line 759]
Event: 0.351 Thread 0x000001af502e8600 Exception <a 'java/lang/NoSuchMethodError'{0x00000000877d4420}: 'int java.lang.invoke.DirectMethodHandle$Holder.invokeSpecial(java.lang.Object, java.lang.Object, java.lang.Object)'> (0x00000000877d4420) 
thrown [s\src\hotspot\share\interpreter\linkResolver.cpp, line 759]
Event: 0.396 Thread 0x000001af502e8600 Exception <a 'java/lang/NoSuchMethodError'{0x00000000876dea50}: 'void java.lang.invoke.DirectMethodHandle$Holder.invokeStatic(java.lang.Object, java.lang.Object, java.lang.Object)'> (0x00000000876dea50) 
thrown [s\src\hotspot\share\interpreter\linkResolver.cpp, line 759]
Event: 0.419 Thread 0x000001af502e8600 Exception <a 'java/lang/NoSuchMethodError'{0x00000000875294f0}: 'int java.lang.invoke.DirectMethodHandle$Holder.invokeSpecialIFC(java.lang.Object, java.lang.Object, java.lang.Object)'> (0x00000000875294f0) 
thrown [s\src\hotspot\share\interpreter\linkResolver.cpp, line 759]
Event: 0.439 Thread 0x000001af502e8600 Exception <a 'java/lang/NoSuchMethodError'{0x00000000875a0180}: 'java.lang.Object java.lang.invoke.DirectMethodHandle$Holder.invokeStaticInit(java.lang.Object, int, int, int, int)'> (0x00000000875a0180) 
thrown [s\src\hotspot\share\interpreter\linkResolver.cpp, line 759]
Event: 0.501 Thread 0x000001af502e8600 Exception <a 'java/lang/NoSuchMethodError'{0x00000000875db6b8}: 'java.lang.Object java.lang.invoke.DirectMethodHandle$Holder.invokeStaticInit(java.lang.Object, java.lang.Object, int, int, int, int)'> (0x00000000875db6b8) 
thrown [s\src\hotspot\share\interpreter\linkResolver.cpp, line 759]
Event: 0.509 Thread 0x000001af502e8600 Exception <a 'java/lang/ClassNotFoundException'{0x00000000875f6e30}: javax/management/remote/rmi/RMIServerImpl_Skel> (0x00000000875f6e30) 
thrown [s\src\hotspot\share\classfile\systemDictionary.cpp, line 256]
Event: 0.536 Thread 0x000001af502e8600 Exception <a 'java/lang/ClassNotFoundException'{0x000000008743bca0}: jdk/internal/agent/resources/spi/agentProvider> (0x000000008743bca0) 
thrown [s\src\hotspot\share\classfile\systemDictionary.cpp, line 256]
Event: 0.608 Thread 0x000001af502e8600 Exception <a 'java/lang/ClassNotFoundException'{0x00000000872d8868}: javax/smartcardio/CardPermission> (0x00000000872d8868) 
thrown [s\src\hotspot\share\classfile\systemDictionary.cpp, line 256]
Event: 0.610 Thread 0x000001af502e8600 Exception <a 'java/io/FileNotFoundException'{0x00000000872e7008}> (0x00000000872e7008) 
thrown [s\src\hotspot\share\prims\jni.cpp, line 516]
Event: 0.660 Thread 0x000001af502e8600 Exception <a 'java/lang/NoSuchMethodError'{0x00000000870bf6b8}: 'void java.lang.invoke.DirectMethodHandle$Holder.invokeStatic(java.lang.Object, java.lang.Object, java.lang.Object, java.lang.Object)'> (0x00000000870bf6b8) 
thrown [s\src\hotspot\share\interpreter\linkResolver.cpp, line 759]
Event: 0.684 Thread 0x000001af502e8600 Exception <a 'java/lang/NoSuchMethodError'{0x0000000086fdb2b0}: 'int java.lang.invoke.DirectMethodHandle$Holder.invokeStaticInit(java.lang.Object, java.lang.Object)'> (0x0000000086fdb2b0) 
thrown [s\src\hotspot\share\interpreter\linkResolver.cpp, line 759]

VM Operations (12 events):
Event: 0.208 Executing VM operation: HandshakeAllThreads
Event: 0.209 Executing VM operation: HandshakeAllThreads done
Event: 0.405 Executing VM operation: HandshakeAllThreads
Event: 0.405 Executing VM operation: HandshakeAllThreads done
Event: 0.430 Executing VM operation: HandshakeAllThreads
Event: 0.430 Executing VM operation: HandshakeAllThreads done
Event: 0.509 Executing VM operation: HandshakeAllThreads
Event: 0.509 Executing VM operation: HandshakeAllThreads done
Event: 0.579 Executing VM operation: HandshakeAllThreads
Event: 0.579 Executing VM operation: HandshakeAllThreads done
Event: 0.583 Executing VM operation: HandshakeAllThreads
Event: 0.583 Executing VM operation: HandshakeAllThreads done

Events (20 events):
Event: 0.675 loading class java/util/stream/DistinctOps$1
Event: 0.675 loading class java/util/stream/ReferencePipeline$StatefulOp
Event: 0.675 loading class java/util/stream/ReferencePipeline$StatefulOp done
Event: 0.676 loading class java/util/stream/DistinctOps$1 done
Event: 0.676 loading class java/util/ImmutableCollections$Access
Event: 0.676 loading class java/util/ImmutableCollections$Access done
Event: 0.676 loading class java/util/ImmutableCollections$Access$1
Event: 0.676 loading class jdk/internal/access/JavaUtilCollectionAccess
Event: 0.676 loading class jdk/internal/access/JavaUtilCollectionAccess done
Event: 0.676 loading class java/util/ImmutableCollections$Access$1 done
Event: 0.676 loading class java/util/stream/DistinctOps$1$2
Event: 0.676 loading class java/util/stream/DistinctOps$1$2 done
Event: 0.684 loading class java/lang/IllegalAccessException
Event: 0.684 loading class java/lang/IllegalAccessException done
Event: 0.684 loading class java/lang/reflect/UndeclaredThrowableException
Event: 0.684 loading class java/lang/reflect/UndeclaredThrowableException done
Event: 0.702 loading class java/lang/FunctionalInterface
Event: 0.702 loading class java/lang/FunctionalInterface done
Event: 0.704 loading class java/util/NoSuchElementException
Event: 0.704 loading class java/util/NoSuchElementException done


Dynamic libraries:
0x00007ff633160000 - 0x00007ff63316e000 	F:\sts-4.17.0.RELEASE\plugins\org.eclipse.justj.openjdk.hotspot.jre.full.win32.x86_64_17.0.5.v20221102-0933\jre\bin\javaw.exe
0x00007ff9fc5d0000 - 0x00007ff9fc7c8000 	C:\WINDOWS\SYSTEM32\ntdll.dll
0x00007ff9fbfc0000 - 0x00007ff9fc07f000 	C:\WINDOWS\System32\KERNEL32.DLL
0x00007ff9f9e80000 - 0x00007ff9fa152000 	C:\WINDOWS\System32\KERNELBASE.dll
0x00007ff9f9d80000 - 0x00007ff9f9e80000 	C:\WINDOWS\System32\ucrtbase.dll
0x00007ff9f5800000 - 0x00007ff9f5817000 	F:\sts-4.17.0.RELEASE\plugins\org.eclipse.justj.openjdk.hotspot.jre.full.win32.x86_64_17.0.5.v20221102-0933\jre\bin\jli.dll
0x00007ff9fc3d0000 - 0x00007ff9fc571000 	C:\WINDOWS\System32\USER32.dll
0x00007ff9f9cc0000 - 0x00007ff9f9ce2000 	C:\WINDOWS\System32\win32u.dll
0x00007ff9fbc30000 - 0x00007ff9fbc5b000 	C:\WINDOWS\System32\GDI32.dll
0x00007ff9fa280000 - 0x00007ff9fa38f000 	C:\WINDOWS\System32\gdi32full.dll
0x00007ff9fa520000 - 0x00007ff9fa5bd000 	C:\WINDOWS\System32\msvcp_win.dll
0x00007ff9f5780000 - 0x00007ff9f5799000 	F:\sts-4.17.0.RELEASE\plugins\org.eclipse.justj.openjdk.hotspot.jre.full.win32.x86_64_17.0.5.v20221102-0933\jre\bin\VCRUNTIME140.dll
0x00007ff9eb6f0000 - 0x00007ff9eb98a000 	C:\WINDOWS\WinSxS\amd64_microsoft.windows.common-controls_6595b64144ccf1df_6.0.19041.1110_none_60b5254171f9507e\COMCTL32.dll
0x00007ff9fbc60000 - 0x00007ff9fbcfe000 	C:\WINDOWS\System32\msvcrt.dll
0x00007ff9fa7c0000 - 0x00007ff9fa7f2000 	C:\WINDOWS\System32\IMM32.DLL
0x00007ff9f3fd0000 - 0x00007ff9f3fdc000 	F:\sts-4.17.0.RELEASE\plugins\org.eclipse.justj.openjdk.hotspot.jre.full.win32.x86_64_17.0.5.v20221102-0933\jre\bin\vcruntime140_1.dll
0x00007ff9e2b20000 - 0x00007ff9e2bb1000 	F:\sts-4.17.0.RELEASE\plugins\org.eclipse.justj.openjdk.hotspot.jre.full.win32.x86_64_17.0.5.v20221102-0933\jre\bin\msvcp140.dll
0x00007ff9c4200000 - 0x00007ff9c4e44000 	F:\sts-4.17.0.RELEASE\plugins\org.eclipse.justj.openjdk.hotspot.jre.full.win32.x86_64_17.0.5.v20221102-0933\jre\bin\server\jvm.dll
0x00007ff9fb380000 - 0x00007ff9fb42e000 	C:\WINDOWS\System32\ADVAPI32.dll
0x00007ff9fad00000 - 0x00007ff9fad9c000 	C:\WINDOWS\System32\sechost.dll
0x00007ff9fc2a0000 - 0x00007ff9fc3c5000 	C:\WINDOWS\System32\RPCRT4.dll
0x00007ff9e68a0000 - 0x00007ff9e68a9000 	C:\WINDOWS\SYSTEM32\WSOCK32.dll
0x00007ff9fb310000 - 0x00007ff9fb37b000 	C:\WINDOWS\System32\WS2_32.dll
0x00007ff9e88b0000 - 0x00007ff9e88d7000 	C:\WINDOWS\SYSTEM32\WINMM.dll
0x00007ff9f0540000 - 0x00007ff9f054a000 	C:\WINDOWS\SYSTEM32\VERSION.dll
0x00007ff9f8560000 - 0x00007ff9f8572000 	C:\WINDOWS\SYSTEM32\kernel.appcore.dll
0x00007ff9e3a10000 - 0x00007ff9e3a1a000 	F:\sts-4.17.0.RELEASE\plugins\org.eclipse.justj.openjdk.hotspot.jre.full.win32.x86_64_17.0.5.v20221102-0933\jre\bin\jimage.dll
0x00007ff9f7a70000 - 0x00007ff9f7c54000 	C:\WINDOWS\SYSTEM32\DBGHELP.DLL
0x00007ff9e52c0000 - 0x00007ff9e52f5000 	C:\WINDOWS\SYSTEM32\dbgcore.DLL
0x00007ff9f9cf0000 - 0x00007ff9f9d72000 	C:\WINDOWS\System32\bcryptPrimitives.dll
0x00007ff9c4190000 - 0x00007ff9c41b5000 	F:\sts-4.17.0.RELEASE\plugins\org.eclipse.justj.openjdk.hotspot.jre.full.win32.x86_64_17.0.5.v20221102-0933\jre\bin\java.dll
0x00007ff9c4170000 - 0x00007ff9c4188000 	F:\sts-4.17.0.RELEASE\plugins\org.eclipse.justj.openjdk.hotspot.jre.full.win32.x86_64_17.0.5.v20221102-0933\jre\bin\zip.dll
0x00007ff9fb4e0000 - 0x00007ff9fbc24000 	C:\WINDOWS\System32\SHELL32.dll
0x00007ff9f7d60000 - 0x00007ff9f84f2000 	C:\WINDOWS\SYSTEM32\windows.storage.dll
0x00007ff9faed0000 - 0x00007ff9fb225000 	C:\WINDOWS\System32\combase.dll
0x00007ff9f9640000 - 0x00007ff9f9670000 	C:\WINDOWS\SYSTEM32\Wldp.dll
0x00007ff9fc140000 - 0x00007ff9fc1ed000 	C:\WINDOWS\System32\SHCORE.dll
0x00007ff9fc080000 - 0x00007ff9fc0d5000 	C:\WINDOWS\System32\shlwapi.dll
0x00007ff9f9c00000 - 0x00007ff9f9c1f000 	C:\WINDOWS\SYSTEM32\profapi.dll
0x00007ff9f57a0000 - 0x00007ff9f57b9000 	F:\sts-4.17.0.RELEASE\plugins\org.eclipse.justj.openjdk.hotspot.jre.full.win32.x86_64_17.0.5.v20221102-0933\jre\bin\net.dll
0x00007ff9f2bb0000 - 0x00007ff9f2cbc000 	C:\WINDOWS\SYSTEM32\WINHTTP.dll
0x00007ff9f93a0000 - 0x00007ff9f940a000 	C:\WINDOWS\system32\mswsock.dll
0x00007ff9f4550000 - 0x00007ff9f4565000 	F:\sts-4.17.0.RELEASE\plugins\org.eclipse.justj.openjdk.hotspot.jre.full.win32.x86_64_17.0.5.v20221102-0933\jre\bin\nio.dll
0x00007ff9f1470000 - 0x00007ff9f1479000 	F:\sts-4.17.0.RELEASE\plugins\org.eclipse.justj.openjdk.hotspot.jre.full.win32.x86_64_17.0.5.v20221102-0933\jre\bin\management.dll
0x00007ff9f1450000 - 0x00007ff9f145b000 	F:\sts-4.17.0.RELEASE\plugins\org.eclipse.justj.openjdk.hotspot.jre.full.win32.x86_64_17.0.5.v20221102-0933\jre\bin\management_ext.dll
0x00007ff9fc580000 - 0x00007ff9fc588000 	C:\WINDOWS\System32\PSAPI.DLL
0x00007ff9dd780000 - 0x00007ff9dd797000 	C:\WINDOWS\system32\napinsp.dll
0x00007ff9dd6f0000 - 0x00007ff9dd70b000 	C:\WINDOWS\system32\pnrpnsp.dll
0x00007ff9f3500000 - 0x00007ff9f3515000 	C:\WINDOWS\system32\wshbth.dll
0x00007ff9f4ea0000 - 0x00007ff9f4ebd000 	C:\WINDOWS\system32\NLAapi.dll
0x00007ff9f9090000 - 0x00007ff9f90cb000 	C:\WINDOWS\SYSTEM32\IPHLPAPI.DLL
0x00007ff9f90d0000 - 0x00007ff9f919a000 	C:\WINDOWS\SYSTEM32\DNSAPI.dll
0x00007ff9fbfb0000 - 0x00007ff9fbfb8000 	C:\WINDOWS\System32\NSI.dll
0x00007ff9dd640000 - 0x00007ff9dd652000 	C:\WINDOWS\System32\winrnr.dll
0x00007ff9f1700000 - 0x00007ff9f170a000 	C:\Windows\System32\rasadhlp.dll
0x00007ff9e8e60000 - 0x00007ff9e8ee0000 	C:\WINDOWS\System32\fwpuclnt.dll
0x00007ff9fa390000 - 0x00007ff9fa3b7000 	C:\WINDOWS\System32\bcrypt.dll
0x00007ff9f9590000 - 0x00007ff9f95a8000 	C:\WINDOWS\SYSTEM32\CRYPTSP.dll
0x00007ff9f8cc0000 - 0x00007ff9f8cf4000 	C:\WINDOWS\system32\rsaenh.dll
0x00007ff9f9bc0000 - 0x00007ff9f9bee000 	C:\WINDOWS\SYSTEM32\USERENV.dll
0x00007ff9f95b0000 - 0x00007ff9f95bc000 	C:\WINDOWS\SYSTEM32\CRYPTBASE.dll
0x00007ff9f0600000 - 0x00007ff9f0617000 	C:\WINDOWS\SYSTEM32\dhcpcsvc6.DLL
0x00007ff9f0e80000 - 0x00007ff9f0e9d000 	C:\WINDOWS\SYSTEM32\dhcpcsvc.DLL

dbghelp: loaded successfully - version: 4.0.5 - missing functions: none
symbol engine: initialized successfully - sym options: 0x614 - pdb path: .;F:\sts-4.17.0.RELEASE\plugins\org.eclipse.justj.openjdk.hotspot.jre.full.win32.x86_64_17.0.5.v20221102-0933\jre\bin;C:\WINDOWS\SYSTEM32;C:\WINDOWS\WinSxS\amd64_microsoft.windows.common-controls_6595b64144ccf1df_6.0.19041.1110_none_60b5254171f9507e;F:\sts-4.17.0.RELEASE\plugins\org.eclipse.justj.openjdk.hotspot.jre.full.win32.x86_64_17.0.5.v20221102-0933\jre\bin\server

VM Arguments:
jvm_args: -Dcom.sun.management.jmxremote -Dcom.sun.management.jmxremote.port=50173 -Dcom.sun.management.jmxremote.authenticate=false -Dcom.sun.management.jmxremote.ssl=false -Djava.rmi.server.hostname=localhost -Dspring.jmx.enabled=true -Dmanagement.endpoints.jmx.exposure.include=* -Dspring.application.admin.enabled=true -XX:TieredStopAtLevel=1 -Dspring.boot.project.name=Backend -Dfile.encoding=UTF-8 -XX:+ShowCodeDetailsInExceptionMessages -Xmx2048M 
java_command: com.example.demo.BackendApplication --spring.output.ansi.enabled=always --server.port=8001
java_class_path (initial): F:\SpringBoot\Backend\target\classes;C:\Users\DELL\.m2\repository\org\springframework\boot\spring-boot-starter-data-jpa\3.0.1\spring-boot-starter-data-jpa-3.0.1.jar;C:\Users\DELL\.m2\repository\org\springframework\boot\spring-boot-starter-aop\3.0.1\spring-boot-starter-aop-3.0.1.jar;C:\Users\DELL\.m2\repository\org\springframework\spring-aop\6.0.3\spring-aop-6.0.3.jar;C:\Users\DELL\.m2\repository\org\aspectj\aspectjweaver\1.9.19\aspectjweaver-1.9.19.jar;C:\Users\DELL\.m2\repository\org\springframework\boot\spring-boot-starter-jdbc\3.0.1\spring-boot-starter-jdbc-3.0.1.jar;C:\Users\DELL\.m2\repository\com\zaxxer\HikariCP\5.0.1\HikariCP-5.0.1.jar;C:\Users\DELL\.m2\repository\org\springframework\spring-jdbc\6.0.3\spring-jdbc-6.0.3.jar;C:\Users\DELL\.m2\repository\org\hibernate\orm\hibernate-core\6.1.6.Final\hibernate-core-6.1.6.Final.jar;C:\Users\DELL\.m2\repository\jakarta\persistence\jakarta.persistence-api\3.1.0\jakarta.persistence-api-3.1.0.jar;C:\Users\DELL\.m2\repository\jakarta\transaction\jakarta.transaction-api\2.0.1\jakarta.transaction-api-2.0.1.jar;C:\Users\DELL\.m2\repository\org\jboss\logging\jboss-logging\3.5.0.Final\jboss-logging-3.5.0.Final.jar;C:\Users\DELL\.m2\repository\org\hibernate\common\hibernate-commons-annotations\6.0.2.Final\hibernate-commons-annotations-6.0.2.Final.jar;C:\Users\DELL\.m2\repository\org\jboss\jandex\2.4.2.Final\jandex-2.4.2.Final.jar;C:\Users\DELL\.m2\repository\com\fasterxml\classmate\1.5.1\classmate-1.5.1.jar;C:\Users\DELL\.m2\repository\net\bytebuddy\byte-buddy\1.12.20\byte-buddy-1.12.20.jar;C:\Users\DELL\.m2\repository\org\glassfish\jaxb\jaxb-runtime\4.0.1\jaxb-runtime-4.0.1.jar;C:\Users\DELL\.m2\repository\org\glassfish\jaxb\jaxb-core\4.0.1\jaxb-core-4.0.1.jar;C:\Users\DELL\.m2\repository\org\eclipse\angus\angus-activation\1.0.0\angus-activation-1.0.0.jar;C:\Users\DELL\.m2\repository\org\glassfish\jaxb\txw2\4.0.1\txw2-4.0.1.jar;C:\Users\DELL\.m2\repository\com\sun\istack\istack-commons-runtime\4.
Launcher Type: SUN_STANDARD

[Global flags]
     intx CICompilerCount                          = 4                                         {product} {ergonomic}
     uint ConcGCThreads                            = 2                                         {product} {ergonomic}
     uint G1ConcRefinementThreads                  = 8                                         {product} {ergonomic}
   size_t G1HeapRegionSize                         = 1048576                                   {product} {ergonomic}
    uintx GCDrainStackTargetSize                   = 64                                        {product} {ergonomic}
   size_t InitialHeapSize                          = 132120576                                 {product} {ergonomic}
     bool ManagementServer                         = true                                      {product} {command line}
   size_t MarkStackSize                            = 4194304                                   {product} {ergonomic}
   size_t MaxHeapSize                              = 2147483648                                {product} {command line}
   size_t MaxNewSize                               = 1287651328                                {product} {ergonomic}
   size_t MinHeapDeltaBytes                        = 1048576                                   {product} {ergonomic}
   size_t MinHeapSize                              = 8388608                                   {product} {ergonomic}
    uintx NonProfiledCodeHeapSize                  = 0                                      {pd product} {ergonomic}
     bool ProfileInterpreter                       = false                                  {pd product} {command line}
    uintx ProfiledCodeHeapSize                     = 0                                      {pd product} {ergonomic}
     bool ShowCodeDetailsInExceptionMessages       = true                                   {manageable} {command line}
   size_t SoftMaxHeapSize                          = 2147483648                             {manageable} {ergonomic}
     intx TieredStopAtLevel                        = 1                                         {product} {command line}
     bool UseCompressedClassPointers               = true                           {product lp64_product} {ergonomic}
     bool UseCompressedOops                        = true                           {product lp64_product} {ergonomic}
     bool UseG1GC                                  = true                                      {product} {ergonomic}
     bool UseLargePagesIndividualAllocation        = false                                  {pd product} {ergonomic}

Logging:
Log output configuration:
 #0: stdout all=warning uptime,level,tags
 #1: stderr all=off uptime,level,tags

Environment Variables:
JAVA_HOME=C:\Program Files\Java\jdk1.8.0_45
_JAVA_OPTIONS=  -Xmx2048M
PATH=F:/sts-4.17.0.RELEASE//plugins/org.eclipse.justj.openjdk.hotspot.jre.full.win32.x86_64_17.0.5.v20221102-0933/jre/bin/server;F:/sts-4.17.0.RELEASE//plugins/org.eclipse.justj.openjdk.hotspot.jre.full.win32.x86_64_17.0.5.v20221102-0933/jre/bin;C:\Program Files (x86)\Common Files\Oracle\Java\javapath;C:\ProgramData\Oracle\Java\javapath;C:\Program Files (x86)\Intel\Intel(R) Management Engine Components\iCLS\;C:\Program Files\Intel\Intel(R) Management Engine Components\iCLS\;C:\WINDOWS\system32;C:\WINDOWS;C:\WINDOWS\System32\Wbem;C:\WINDOWS\System32\WindowsPowerShell\v1.0\;C:\WINDOWS\System32\OpenSSH\;C:\Program Files (x86)\Intel\Intel(R) Management Engine Components\DAL;C:\Program Files\Intel\Intel(R) Management Engine Components\DAL;C:\Program Files (x86)\Intel\Intel(R) Management Engine Components\IPT;C:\Program Files\Intel\Intel(R) Management Engine Components\IPT;C:\Program Files\Java\jdk-15.0.1\bin;C:\Program Files\Java\jdk-16.0.1\bin;C:\Program Files (x86)\CodeBlocks\MinGW\bin;C:\Program Files (x86)\GnuWin32\bin;C:\Program Files\glassfish-4.1.1\bin;C:\Program Files\nodejs\;C:\Program Files\MongoDB\Server\5.0\bin;C:\Users\DELL\Postman\file;C:\Program Files\dotnet\;C:\Program Files\Microsoft SQL Server\150\Tools\Binn\;C:\Program Files\Microsoft SQL Server\Client SDK\ODBC\170\Tools\Binn\;F:\apache-maven-3.8.6\bin;C:\Program Files\Java\jre1.8.0_45\bin;F:\NetBeans 8.1\bin;C:\Program Files\Git\cmd;C:\Program Files\Git\bin;C:\Users\DELL\AppData\Local\Microsoft\WindowsApps;C:\iverilog\bin;C:\iverilog\gtkwave\bin;C:\Program Files\Java\jdk1.7.0_80\bin;C:\Program Files\Java\jdk1.8.0_45\bin;C:\Users\DELL\AppData\Roaming\npm;C:\Program Files\MongoDB\Server\5.0\bin;C:\Flex Windows\gcc\bin;C:\Flex Windows\Lex\bin;C:\Flex Windows\bison\bin;C:\Users\DELL\AppData\Local\GitHubDesktop\bin;C:\Users\DELL\.dotnet\tools;C:\Users\DELL\AppData\Local\Programs\Microsoft VS Code\bin;C:\Program Files\Git\bin;;F:\sts-4.17.0.RELEASE;
USERNAME=DELL
OS=Windows_NT
PROCESSOR_IDENTIFIER=Intel64 Family 6 Model 142 Stepping 10, GenuineIntel
TMP=C:\Users\DELL\AppData\Local\Temp
TEMP=C:\Users\DELL\AppData\Local\Temp



---------------  S Y S T E M  ---------------

OS:
 Windows 10 , 64 bit Build 19041 (10.0.19041.2364)
OS uptime: 0 days 0:26 hours

CPU: total 8 (initial active 8) (4 cores per cpu, 2 threads per core) family 6 model 142 stepping 10 microcode 0xca, cx8, cmov, fxsr, ht, mmx, 3dnowpref, sse, sse2, sse3, ssse3, sse4.1, sse4.2, popcnt, lzcnt, tsc, tscinvbit, avx, avx2, aes, erms, clmul, bmi1, bmi2, adx, fma, vzeroupper, clflush, clflushopt

Memory: 4k page, system-wide physical 8056M (507M free)
TotalPageFile size 8056M (AvailPageFile size 4M)
current process WorkingSet (physical memory assigned to process): 67M, peak: 67M
current process commit charge ("private bytes"): 216M, peak: 216M

vm_info: OpenJDK 64-Bit Server VM (17.0.5+8) for windows-amd64 JRE (17.0.5+8), built on Oct 19 2022 04:48:13 by "temurin" with MS VC++ 16.7 (VS2019)

END.
