#
# There is insufficient memory for the Java Runtime Environment to continue.
# Native memory allocation (malloc) failed to allocate 32744 bytes for ChunkPool::allocate
# Possible reasons:
#   The system is out of physical RAM or swap space
#   The process is running with CompressedOops enabled, and the Java Heap may be blocking the growth of the native heap
# Possible solutions:
#   Reduce memory load on the system
#   Increase physical memory or swap space
#   Check if swap backing store is full
#   Decrease Java heap size (-Xmx/-Xms)
#   Decrease number of Java threads
#   Decrease Java thread stack sizes (-Xss)
#   Set larger code cache with -XX:ReservedCodeCacheSize=
#   JVM is running with Unscaled Compressed Oops mode in which the Java heap is
#     placed in the first 4GB address space. The Java Heap base address is the
#     maximum limit for the native heap growth. Please use -XX:HeapBaseMinAddress
#     to set the Java Heap base and to place the Java Heap above 4GB virtual address.
# This output file may be truncated or incomplete.
#
#  Out of Memory Error (arena.cpp:78), pid=12500, tid=12364
#
# JRE version: OpenJDK Runtime Environment Temurin-17.0.5+8 (17.0.5+8) (build 17.0.5+8)
# Java VM: OpenJDK 64-Bit Server VM Temurin-17.0.5+8 (17.0.5+8, mixed mode, emulated-client, tiered, compressed oops, compressed class ptrs, g1 gc, windows-amd64)
# No core dump will be written. Minidumps are not enabled by default on client versions of Windows
#

---------------  S U M M A R Y ------------

Command Line: -Dcom.sun.management.jmxremote -Dcom.sun.management.jmxremote.port=57504 -Dcom.sun.management.jmxremote.authenticate=false -Dcom.sun.management.jmxremote.ssl=false -Djava.rmi.server.hostname=localhost -Dspring.jmx.enabled=true -Dmanagement.endpoints.jmx.exposure.include=* -Dspring.application.admin.enabled=true -XX:TieredStopAtLevel=1 -Dspring.boot.project.name=Backend -Dfile.encoding=UTF-8 -XX:+ShowCodeDetailsInExceptionMessages -Xmx2048M com.example.demo.BackendApplication --spring.output.ansi.enabled=always --server.port=8002

Host: Intel(R) Core(TM) i5-8250U CPU @ 1.60GHz, 8 cores, 7G,  Windows 10 , 64 bit Build 19041 (10.0.19041.2364)
Time: Tue Jan 10 13:59:30 2023 India Standard Time elapsed time: 0.527085 seconds (0d 0h 0m 0s)

---------------  T H R E A D  ---------------

Current thread (0x0000024edc750fe0):  JavaThread "C1 CompilerThread2" daemon [_thread_in_native, id=12364, stack(0x000000c164800000,0x000000c164900000)]


Current CompileTask:
C1:    527  779       1       sun.nio.fs.WindowsDirectoryStream$WindowsDirectoryIterator::isSelfOrParent (24 bytes)

Stack: [0x000000c164800000,0x000000c164900000]
Native frames: (J=compiled Java code, j=interpreted, Vv=VM code, C=native code)
V  [jvm.dll+0x676b3a]
V  [jvm.dll+0x831444]
V  [jvm.dll+0x832bee]
V  [jvm.dll+0x833253]
V  [jvm.dll+0x244ce5]
V  [jvm.dll+0xabdcc]
V  [jvm.dll+0xac17c]
V  [jvm.dll+0x174c8a]
V  [jvm.dll+0x17555a]
V  [jvm.dll+0x177ee3]
V  [jvm.dll+0x179d31]
V  [jvm.dll+0x1344f3]
V  [jvm.dll+0x133def]
V  [jvm.dll+0x134026]
V  [jvm.dll+0x1334ba]
V  [jvm.dll+0x135181]
V  [jvm.dll+0x22698a]
V  [jvm.dll+0x224ac5]
V  [jvm.dll+0x7e727b]
V  [jvm.dll+0x7e17ea]
V  [jvm.dll+0x6759e5]
C  [ucrtbase.dll+0x21bb2]
C  [KERNEL32.DLL+0x17614]
C  [ntdll.dll+0x526a1]


---------------  P R O C E S S  ---------------

Threads class SMR info:
_java_thread_list=0x0000024edc727da0, length=14, elements={
0x0000024ecb848e40, 0x0000024edb68d780, 0x0000024edc013020, 0x0000024edb6b3510,
0x0000024edc033010, 0x0000024edc034330, 0x0000024edc036000, 0x0000024edc037110,
0x0000024edc04cdb0, 0x0000024edc07ab40, 0x0000024edc0f6f10, 0x0000024edc1fd4a0,
0x0000024edc750fe0, 0x0000024edc7363e0
}

Java Threads: ( => current thread )
  0x0000024ecb848e40 JavaThread "main" [_thread_in_vm, id=924, stack(0x000000c163600000,0x000000c163700000)]
  0x0000024edb68d780 JavaThread "Reference Handler" daemon [_thread_blocked, id=1476, stack(0x000000c163d00000,0x000000c163e00000)]
  0x0000024edc013020 JavaThread "Finalizer" daemon [_thread_blocked, id=10080, stack(0x000000c163e00000,0x000000c163f00000)]
  0x0000024edb6b3510 JavaThread "Signal Dispatcher" daemon [_thread_blocked, id=15000, stack(0x000000c163f00000,0x000000c164000000)]
  0x0000024edc033010 JavaThread "Attach Listener" daemon [_thread_blocked, id=13516, stack(0x000000c164000000,0x000000c164100000)]
  0x0000024edc034330 JavaThread "Service Thread" daemon [_thread_blocked, id=4544, stack(0x000000c164100000,0x000000c164200000)]
  0x0000024edc036000 JavaThread "Monitor Deflation Thread" daemon [_thread_blocked, id=7304, stack(0x000000c164200000,0x000000c164300000)]
  0x0000024edc037110 JavaThread "C1 CompilerThread0" daemon [_thread_blocked, id=12864, stack(0x000000c164300000,0x000000c164400000)]
  0x0000024edc04cdb0 JavaThread "Sweeper thread" daemon [_thread_blocked, id=11252, stack(0x000000c164400000,0x000000c164500000)]
  0x0000024edc07ab40 JavaThread "Common-Cleaner" daemon [_thread_blocked, id=8952, stack(0x000000c164500000,0x000000c164600000)]
  0x0000024edc0f6f10 JavaThread "C1 CompilerThread1" daemon [_thread_blocked, id=14676, stack(0x000000c164600000,0x000000c164700000)]
  0x0000024edc1fd4a0 JavaThread "Notification Thread" daemon [_thread_blocked, id=10628, stack(0x000000c164700000,0x000000c164800000)]
=>0x0000024edc750fe0 JavaThread "C1 CompilerThread2" daemon [_thread_in_native, id=12364, stack(0x000000c164800000,0x000000c164900000)]
  0x0000024edc7363e0 JavaThread "C1 CompilerThread3" daemon [_thread_blocked, id=11400, stack(0x000000c164900000,0x000000c164a00000)]

Other Threads:
  0x0000024edb688af0 VMThread "VM Thread" [stack: 0x000000c163c00000,0x000000c163d00000] [id=11572]
  0x0000024ecb8a3b90 GCTaskThread "GC Thread#0" [stack: 0x000000c163700000,0x000000c163800000] [id=13044]
  0x0000024ecb8b49e0 ConcurrentGCThread "G1 Main Marker" [stack: 0x000000c163800000,0x000000c163900000] [id=16136]
  0x0000024ecb8b5be0 ConcurrentGCThread "G1 Conc#0" [stack: 0x000000c163900000,0x000000c163a00000] [id=13440]
  0x0000024ecb90e9f0 ConcurrentGCThread "G1 Refine#0" [stack: 0x000000c163a00000,0x000000c163b00000] [id=7360]
  0x0000024edb4f38c0 ConcurrentGCThread "G1 Service" [stack: 0x000000c163b00000,0x000000c163c00000] [id=9380]

Threads with active compile tasks:
C1 CompilerThread2      593  779       1       sun.nio.fs.WindowsDirectoryStream$WindowsDirectoryIterator::isSelfOrParent (24 bytes)

VM state: not at safepoint (normal execution)

VM Mutex/Monitor currently owned by a thread:  ([mutex/lock_event])
[0x0000024ecb8427c0] Metaspace_lock - owner thread: 0x0000024ecb848e40

Heap address: 0x0000000080000000, size: 2048 MB, Compressed Oops mode: 32-bit

CDS archive(s) not mapped
Compressed class space mapped at: 0x0000000100000000-0x0000000140000000, reserved size: 1073741824
Narrow klass base: 0x0000000000000000, Narrow klass shift: 3, Narrow klass range: 0x140000000

GC Precious Log:
 CPUs: 8 total, 8 available
 Memory: 8056M
 Large Page Support: Disabled
 NUMA Support: Disabled
 Compressed Oops: Enabled (32-bit)
 Heap Region Size: 1M
 Heap Min Capacity: 8M
 Heap Initial Capacity: 126M
 Heap Max Capacity: 2G
 Pre-touch: Disabled
 Parallel Workers: 8
 Concurrent Workers: 2
 Concurrent Refinement Workers: 8
 Periodic GC: Disabled

Heap:
 garbage-first heap   total 129024K, used 10240K [0x0000000080000000, 0x0000000100000000)
  region size 1024K, 10 young (10240K), 0 survivors (0K)
 Metaspace       used 10842K, committed 11008K, reserved 1064960K
  class space    used 1073K, committed 1152K, reserved 1048576K

Heap Regions: E=young(eden), S=young(survivor), O=old, HS=humongous(starts), HC=humongous(continues), CS=collection set, F=free, OA=open archive, CA=closed archive, TAMS=top-at-mark-start (previous, next)
|   0|0x0000000080000000, 0x0000000080100000, 0x0000000080100000|100%|HS|  |TAMS 0x0000000080000000, 0x0000000080000000| Complete 
|   1|0x0000000080100000, 0x0000000080100000, 0x0000000080200000|  0%| F|  |TAMS 0x0000000080100000, 0x0000000080100000| Untracked 
|   2|0x0000000080200000, 0x0000000080200000, 0x0000000080300000|  0%| F|  |TAMS 0x0000000080200000, 0x0000000080200000| Untracked 
|   3|0x0000000080300000, 0x0000000080300000, 0x0000000080400000|  0%| F|  |TAMS 0x0000000080300000, 0x0000000080300000| Untracked 
|   4|0x0000000080400000, 0x0000000080400000, 0x0000000080500000|  0%| F|  |TAMS 0x0000000080400000, 0x0000000080400000| Untracked 
|   5|0x0000000080500000, 0x0000000080500000, 0x0000000080600000|  0%| F|  |TAMS 0x0000000080500000, 0x0000000080500000| Untracked 
|   6|0x0000000080600000, 0x0000000080600000, 0x0000000080700000|  0%| F|  |TAMS 0x0000000080600000, 0x0000000080600000| Untracked 
|   7|0x0000000080700000, 0x0000000080700000, 0x0000000080800000|  0%| F|  |TAMS 0x0000000080700000, 0x0000000080700000| Untracked 
|   8|0x0000000080800000, 0x0000000080800000, 0x0000000080900000|  0%| F|  |TAMS 0x0000000080800000, 0x0000000080800000| Untracked 
|   9|0x0000000080900000, 0x0000000080900000, 0x0000000080a00000|  0%| F|  |TAMS 0x0000000080900000, 0x0000000080900000| Untracked 
|  10|0x0000000080a00000, 0x0000000080a00000, 0x0000000080b00000|  0%| F|  |TAMS 0x0000000080a00000, 0x0000000080a00000| Untracked 
|  11|0x0000000080b00000, 0x0000000080b00000, 0x0000000080c00000|  0%| F|  |TAMS 0x0000000080b00000, 0x0000000080b00000| Untracked 
|  12|0x0000000080c00000, 0x0000000080c00000, 0x0000000080d00000|  0%| F|  |TAMS 0x0000000080c00000, 0x0000000080c00000| Untracked 
|  13|0x0000000080d00000, 0x0000000080d00000, 0x0000000080e00000|  0%| F|  |TAMS 0x0000000080d00000, 0x0000000080d00000| Untracked 
|  14|0x0000000080e00000, 0x0000000080e00000, 0x0000000080f00000|  0%| F|  |TAMS 0x0000000080e00000, 0x0000000080e00000| Untracked 
|  15|0x0000000080f00000, 0x0000000080f00000, 0x0000000081000000|  0%| F|  |TAMS 0x0000000080f00000, 0x0000000080f00000| Untracked 
|  16|0x0000000081000000, 0x0000000081000000, 0x0000000081100000|  0%| F|  |TAMS 0x0000000081000000, 0x0000000081000000| Untracked 
|  17|0x0000000081100000, 0x0000000081100000, 0x0000000081200000|  0%| F|  |TAMS 0x0000000081100000, 0x0000000081100000| Untracked 
|  18|0x0000000081200000, 0x0000000081200000, 0x0000000081300000|  0%| F|  |TAMS 0x0000000081200000, 0x0000000081200000| Untracked 
|  19|0x0000000081300000, 0x0000000081300000, 0x0000000081400000|  0%| F|  |TAMS 0x0000000081300000, 0x0000000081300000| Untracked 
|  20|0x0000000081400000, 0x0000000081400000, 0x0000000081500000|  0%| F|  |TAMS 0x0000000081400000, 0x0000000081400000| Untracked 
|  21|0x0000000081500000, 0x0000000081500000, 0x0000000081600000|  0%| F|  |TAMS 0x0000000081500000, 0x0000000081500000| Untracked 
|  22|0x0000000081600000, 0x0000000081600000, 0x0000000081700000|  0%| F|  |TAMS 0x0000000081600000, 0x0000000081600000| Untracked 
|  23|0x0000000081700000, 0x0000000081700000, 0x0000000081800000|  0%| F|  |TAMS 0x0000000081700000, 0x0000000081700000| Untracked 
|  24|0x0000000081800000, 0x0000000081800000, 0x0000000081900000|  0%| F|  |TAMS 0x0000000081800000, 0x0000000081800000| Untracked 
|  25|0x0000000081900000, 0x0000000081900000, 0x0000000081a00000|  0%| F|  |TAMS 0x0000000081900000, 0x0000000081900000| Untracked 
|  26|0x0000000081a00000, 0x0000000081a00000, 0x0000000081b00000|  0%| F|  |TAMS 0x0000000081a00000, 0x0000000081a00000| Untracked 
|  27|0x0000000081b00000, 0x0000000081b00000, 0x0000000081c00000|  0%| F|  |TAMS 0x0000000081b00000, 0x0000000081b00000| Untracked 
|  28|0x0000000081c00000, 0x0000000081c00000, 0x0000000081d00000|  0%| F|  |TAMS 0x0000000081c00000, 0x0000000081c00000| Untracked 
|  29|0x0000000081d00000, 0x0000000081d00000, 0x0000000081e00000|  0%| F|  |TAMS 0x0000000081d00000, 0x0000000081d00000| Untracked 
|  30|0x0000000081e00000, 0x0000000081e00000, 0x0000000081f00000|  0%| F|  |TAMS 0x0000000081e00000, 0x0000000081e00000| Untracked 
|  31|0x0000000081f00000, 0x0000000081f00000, 0x0000000082000000|  0%| F|  |TAMS 0x0000000081f00000, 0x0000000081f00000| Untracked 
|  32|0x0000000082000000, 0x0000000082000000, 0x0000000082100000|  0%| F|  |TAMS 0x0000000082000000, 0x0000000082000000| Untracked 
|  33|0x0000000082100000, 0x0000000082100000, 0x0000000082200000|  0%| F|  |TAMS 0x0000000082100000, 0x0000000082100000| Untracked 
|  34|0x0000000082200000, 0x0000000082200000, 0x0000000082300000|  0%| F|  |TAMS 0x0000000082200000, 0x0000000082200000| Untracked 
|  35|0x0000000082300000, 0x0000000082300000, 0x0000000082400000|  0%| F|  |TAMS 0x0000000082300000, 0x0000000082300000| Untracked 
|  36|0x0000000082400000, 0x0000000082400000, 0x0000000082500000|  0%| F|  |TAMS 0x0000000082400000, 0x0000000082400000| Untracked 
|  37|0x0000000082500000, 0x0000000082500000, 0x0000000082600000|  0%| F|  |TAMS 0x0000000082500000, 0x0000000082500000| Untracked 
|  38|0x0000000082600000, 0x0000000082600000, 0x0000000082700000|  0%| F|  |TAMS 0x0000000082600000, 0x0000000082600000| Untracked 
|  39|0x0000000082700000, 0x0000000082700000, 0x0000000082800000|  0%| F|  |TAMS 0x0000000082700000, 0x0000000082700000| Untracked 
|  40|0x0000000082800000, 0x0000000082800000, 0x0000000082900000|  0%| F|  |TAMS 0x0000000082800000, 0x0000000082800000| Untracked 
|  41|0x0000000082900000, 0x0000000082900000, 0x0000000082a00000|  0%| F|  |TAMS 0x0000000082900000, 0x0000000082900000| Untracked 
|  42|0x0000000082a00000, 0x0000000082a00000, 0x0000000082b00000|  0%| F|  |TAMS 0x0000000082a00000, 0x0000000082a00000| Untracked 
|  43|0x0000000082b00000, 0x0000000082b00000, 0x0000000082c00000|  0%| F|  |TAMS 0x0000000082b00000, 0x0000000082b00000| Untracked 
|  44|0x0000000082c00000, 0x0000000082c00000, 0x0000000082d00000|  0%| F|  |TAMS 0x0000000082c00000, 0x0000000082c00000| Untracked 
|  45|0x0000000082d00000, 0x0000000082d00000, 0x0000000082e00000|  0%| F|  |TAMS 0x0000000082d00000, 0x0000000082d00000| Untracked 
|  46|0x0000000082e00000, 0x0000000082e00000, 0x0000000082f00000|  0%| F|  |TAMS 0x0000000082e00000, 0x0000000082e00000| Untracked 
|  47|0x0000000082f00000, 0x0000000082f00000, 0x0000000083000000|  0%| F|  |TAMS 0x0000000082f00000, 0x0000000082f00000| Untracked 
|  48|0x0000000083000000, 0x0000000083000000, 0x0000000083100000|  0%| F|  |TAMS 0x0000000083000000, 0x0000000083000000| Untracked 
|  49|0x0000000083100000, 0x0000000083100000, 0x0000000083200000|  0%| F|  |TAMS 0x0000000083100000, 0x0000000083100000| Untracked 
|  50|0x0000000083200000, 0x0000000083200000, 0x0000000083300000|  0%| F|  |TAMS 0x0000000083200000, 0x0000000083200000| Untracked 
|  51|0x0000000083300000, 0x0000000083300000, 0x0000000083400000|  0%| F|  |TAMS 0x0000000083300000, 0x0000000083300000| Untracked 
|  52|0x0000000083400000, 0x0000000083400000, 0x0000000083500000|  0%| F|  |TAMS 0x0000000083400000, 0x0000000083400000| Untracked 
|  53|0x0000000083500000, 0x0000000083500000, 0x0000000083600000|  0%| F|  |TAMS 0x0000000083500000, 0x0000000083500000| Untracked 
|  54|0x0000000083600000, 0x0000000083600000, 0x0000000083700000|  0%| F|  |TAMS 0x0000000083600000, 0x0000000083600000| Untracked 
|  55|0x0000000083700000, 0x0000000083700000, 0x0000000083800000|  0%| F|  |TAMS 0x0000000083700000, 0x0000000083700000| Untracked 
|  56|0x0000000083800000, 0x0000000083800000, 0x0000000083900000|  0%| F|  |TAMS 0x0000000083800000, 0x0000000083800000| Untracked 
|  57|0x0000000083900000, 0x0000000083900000, 0x0000000083a00000|  0%| F|  |TAMS 0x0000000083900000, 0x0000000083900000| Untracked 
|  58|0x0000000083a00000, 0x0000000083a00000, 0x0000000083b00000|  0%| F|  |TAMS 0x0000000083a00000, 0x0000000083a00000| Untracked 
|  59|0x0000000083b00000, 0x0000000083b00000, 0x0000000083c00000|  0%| F|  |TAMS 0x0000000083b00000, 0x0000000083b00000| Untracked 
|  60|0x0000000083c00000, 0x0000000083c00000, 0x0000000083d00000|  0%| F|  |TAMS 0x0000000083c00000, 0x0000000083c00000| Untracked 
|  61|0x0000000083d00000, 0x0000000083d00000, 0x0000000083e00000|  0%| F|  |TAMS 0x0000000083d00000, 0x0000000083d00000| Untracked 
|  62|0x0000000083e00000, 0x0000000083e00000, 0x0000000083f00000|  0%| F|  |TAMS 0x0000000083e00000, 0x0000000083e00000| Untracked 
|  63|0x0000000083f00000, 0x0000000083f00000, 0x0000000084000000|  0%| F|  |TAMS 0x0000000083f00000, 0x0000000083f00000| Untracked 
|  64|0x0000000084000000, 0x0000000084000000, 0x0000000084100000|  0%| F|  |TAMS 0x0000000084000000, 0x0000000084000000| Untracked 
|  65|0x0000000084100000, 0x0000000084100000, 0x0000000084200000|  0%| F|  |TAMS 0x0000000084100000, 0x0000000084100000| Untracked 
|  66|0x0000000084200000, 0x0000000084200000, 0x0000000084300000|  0%| F|  |TAMS 0x0000000084200000, 0x0000000084200000| Untracked 
|  67|0x0000000084300000, 0x0000000084300000, 0x0000000084400000|  0%| F|  |TAMS 0x0000000084300000, 0x0000000084300000| Untracked 
|  68|0x0000000084400000, 0x0000000084400000, 0x0000000084500000|  0%| F|  |TAMS 0x0000000084400000, 0x0000000084400000| Untracked 
|  69|0x0000000084500000, 0x0000000084500000, 0x0000000084600000|  0%| F|  |TAMS 0x0000000084500000, 0x0000000084500000| Untracked 
|  70|0x0000000084600000, 0x0000000084600000, 0x0000000084700000|  0%| F|  |TAMS 0x0000000084600000, 0x0000000084600000| Untracked 
|  71|0x0000000084700000, 0x0000000084700000, 0x0000000084800000|  0%| F|  |TAMS 0x0000000084700000, 0x0000000084700000| Untracked 
|  72|0x0000000084800000, 0x0000000084800000, 0x0000000084900000|  0%| F|  |TAMS 0x0000000084800000, 0x0000000084800000| Untracked 
|  73|0x0000000084900000, 0x0000000084900000, 0x0000000084a00000|  0%| F|  |TAMS 0x0000000084900000, 0x0000000084900000| Untracked 
|  74|0x0000000084a00000, 0x0000000084a00000, 0x0000000084b00000|  0%| F|  |TAMS 0x0000000084a00000, 0x0000000084a00000| Untracked 
|  75|0x0000000084b00000, 0x0000000084b00000, 0x0000000084c00000|  0%| F|  |TAMS 0x0000000084b00000, 0x0000000084b00000| Untracked 
|  76|0x0000000084c00000, 0x0000000084c00000, 0x0000000084d00000|  0%| F|  |TAMS 0x0000000084c00000, 0x0000000084c00000| Untracked 
|  77|0x0000000084d00000, 0x0000000084d00000, 0x0000000084e00000|  0%| F|  |TAMS 0x0000000084d00000, 0x0000000084d00000| Untracked 
|  78|0x0000000084e00000, 0x0000000084e00000, 0x0000000084f00000|  0%| F|  |TAMS 0x0000000084e00000, 0x0000000084e00000| Untracked 
|  79|0x0000000084f00000, 0x0000000084f00000, 0x0000000085000000|  0%| F|  |TAMS 0x0000000084f00000, 0x0000000084f00000| Untracked 
|  80|0x0000000085000000, 0x0000000085000000, 0x0000000085100000|  0%| F|  |TAMS 0x0000000085000000, 0x0000000085000000| Untracked 
|  81|0x0000000085100000, 0x0000000085100000, 0x0000000085200000|  0%| F|  |TAMS 0x0000000085100000, 0x0000000085100000| Untracked 
|  82|0x0000000085200000, 0x0000000085200000, 0x0000000085300000|  0%| F|  |TAMS 0x0000000085200000, 0x0000000085200000| Untracked 
|  83|0x0000000085300000, 0x0000000085300000, 0x0000000085400000|  0%| F|  |TAMS 0x0000000085300000, 0x0000000085300000| Untracked 
|  84|0x0000000085400000, 0x0000000085400000, 0x0000000085500000|  0%| F|  |TAMS 0x0000000085400000, 0x0000000085400000| Untracked 
|  85|0x0000000085500000, 0x0000000085500000, 0x0000000085600000|  0%| F|  |TAMS 0x0000000085500000, 0x0000000085500000| Untracked 
|  86|0x0000000085600000, 0x0000000085600000, 0x0000000085700000|  0%| F|  |TAMS 0x0000000085600000, 0x0000000085600000| Untracked 
|  87|0x0000000085700000, 0x0000000085700000, 0x0000000085800000|  0%| F|  |TAMS 0x0000000085700000, 0x0000000085700000| Untracked 
|  88|0x0000000085800000, 0x0000000085800000, 0x0000000085900000|  0%| F|  |TAMS 0x0000000085800000, 0x0000000085800000| Untracked 
|  89|0x0000000085900000, 0x0000000085900000, 0x0000000085a00000|  0%| F|  |TAMS 0x0000000085900000, 0x0000000085900000| Untracked 
|  90|0x0000000085a00000, 0x0000000085a00000, 0x0000000085b00000|  0%| F|  |TAMS 0x0000000085a00000, 0x0000000085a00000| Untracked 
|  91|0x0000000085b00000, 0x0000000085b00000, 0x0000000085c00000|  0%| F|  |TAMS 0x0000000085b00000, 0x0000000085b00000| Untracked 
|  92|0x0000000085c00000, 0x0000000085c00000, 0x0000000085d00000|  0%| F|  |TAMS 0x0000000085c00000, 0x0000000085c00000| Untracked 
|  93|0x0000000085d00000, 0x0000000085d00000, 0x0000000085e00000|  0%| F|  |TAMS 0x0000000085d00000, 0x0000000085d00000| Untracked 
|  94|0x0000000085e00000, 0x0000000085e00000, 0x0000000085f00000|  0%| F|  |TAMS 0x0000000085e00000, 0x0000000085e00000| Untracked 
|  95|0x0000000085f00000, 0x0000000085f00000, 0x0000000086000000|  0%| F|  |TAMS 0x0000000085f00000, 0x0000000085f00000| Untracked 
|  96|0x0000000086000000, 0x0000000086000000, 0x0000000086100000|  0%| F|  |TAMS 0x0000000086000000, 0x0000000086000000| Untracked 
|  97|0x0000000086100000, 0x0000000086100000, 0x0000000086200000|  0%| F|  |TAMS 0x0000000086100000, 0x0000000086100000| Untracked 
|  98|0x0000000086200000, 0x0000000086200000, 0x0000000086300000|  0%| F|  |TAMS 0x0000000086200000, 0x0000000086200000| Untracked 
|  99|0x0000000086300000, 0x0000000086300000, 0x0000000086400000|  0%| F|  |TAMS 0x0000000086300000, 0x0000000086300000| Untracked 
| 100|0x0000000086400000, 0x0000000086400000, 0x0000000086500000|  0%| F|  |TAMS 0x0000000086400000, 0x0000000086400000| Untracked 
| 101|0x0000000086500000, 0x0000000086500000, 0x0000000086600000|  0%| F|  |TAMS 0x0000000086500000, 0x0000000086500000| Untracked 
| 102|0x0000000086600000, 0x0000000086600000, 0x0000000086700000|  0%| F|  |TAMS 0x0000000086600000, 0x0000000086600000| Untracked 
| 103|0x0000000086700000, 0x0000000086700000, 0x0000000086800000|  0%| F|  |TAMS 0x0000000086700000, 0x0000000086700000| Untracked 
| 104|0x0000000086800000, 0x0000000086800000, 0x0000000086900000|  0%| F|  |TAMS 0x0000000086800000, 0x0000000086800000| Untracked 
| 105|0x0000000086900000, 0x0000000086900000, 0x0000000086a00000|  0%| F|  |TAMS 0x0000000086900000, 0x0000000086900000| Untracked 
| 106|0x0000000086a00000, 0x0000000086a00000, 0x0000000086b00000|  0%| F|  |TAMS 0x0000000086a00000, 0x0000000086a00000| Untracked 
| 107|0x0000000086b00000, 0x0000000086b00000, 0x0000000086c00000|  0%| F|  |TAMS 0x0000000086b00000, 0x0000000086b00000| Untracked 
| 108|0x0000000086c00000, 0x0000000086c00000, 0x0000000086d00000|  0%| F|  |TAMS 0x0000000086c00000, 0x0000000086c00000| Untracked 
| 109|0x0000000086d00000, 0x0000000086d00000, 0x0000000086e00000|  0%| F|  |TAMS 0x0000000086d00000, 0x0000000086d00000| Untracked 
| 110|0x0000000086e00000, 0x0000000086e00000, 0x0000000086f00000|  0%| F|  |TAMS 0x0000000086e00000, 0x0000000086e00000| Untracked 
| 111|0x0000000086f00000, 0x0000000086f00000, 0x0000000087000000|  0%| F|  |TAMS 0x0000000086f00000, 0x0000000086f00000| Untracked 
| 112|0x0000000087000000, 0x0000000087000000, 0x0000000087100000|  0%| F|  |TAMS 0x0000000087000000, 0x0000000087000000| Untracked 
| 113|0x0000000087100000, 0x0000000087100000, 0x0000000087200000|  0%| F|  |TAMS 0x0000000087100000, 0x0000000087100000| Untracked 
| 114|0x0000000087200000, 0x0000000087200000, 0x0000000087300000|  0%| F|  |TAMS 0x0000000087200000, 0x0000000087200000| Untracked 
| 115|0x0000000087300000, 0x0000000087300000, 0x0000000087400000|  0%| F|  |TAMS 0x0000000087300000, 0x0000000087300000| Untracked 
| 116|0x0000000087400000, 0x0000000087476838, 0x0000000087500000| 46%| E|  |TAMS 0x0000000087400000, 0x0000000087400000| Complete 
| 117|0x0000000087500000, 0x0000000087600000, 0x0000000087600000|100%| E|CS|TAMS 0x0000000087500000, 0x0000000087500000| Complete 
| 118|0x0000000087600000, 0x0000000087700000, 0x0000000087700000|100%| E|CS|TAMS 0x0000000087600000, 0x0000000087600000| Complete 
| 119|0x0000000087700000, 0x0000000087800000, 0x0000000087800000|100%| E|CS|TAMS 0x0000000087700000, 0x0000000087700000| Complete 
| 120|0x0000000087800000, 0x0000000087900000, 0x0000000087900000|100%| E|CS|TAMS 0x0000000087800000, 0x0000000087800000| Complete 
| 121|0x0000000087900000, 0x0000000087a00000, 0x0000000087a00000|100%| E|CS|TAMS 0x0000000087900000, 0x0000000087900000| Complete 
| 122|0x0000000087a00000, 0x0000000087b00000, 0x0000000087b00000|100%| E|CS|TAMS 0x0000000087a00000, 0x0000000087a00000| Complete 
| 123|0x0000000087b00000, 0x0000000087c00000, 0x0000000087c00000|100%| E|CS|TAMS 0x0000000087b00000, 0x0000000087b00000| Complete 
| 124|0x0000000087c00000, 0x0000000087d00000, 0x0000000087d00000|100%| E|CS|TAMS 0x0000000087c00000, 0x0000000087c00000| Complete 
| 125|0x0000000087d00000, 0x0000000087e00000, 0x0000000087e00000|100%| E|CS|TAMS 0x0000000087d00000, 0x0000000087d00000| Complete 

Card table byte_map: [0x0000024ed43b0000,0x0000024ed47b0000] _byte_map_base: 0x0000024ed3fb0000

Marking Bits (Prev, Next): (CMBitMap*) 0x0000024ecb8a40b0, (CMBitMap*) 0x0000024ecb8a40f0
 Prev Bits: [0x0000024ed4bb0000, 0x0000024ed6bb0000)
 Next Bits: [0x0000024ed6bb0000, 0x0000024ed8bb0000)

Polling page: 0x0000024ecb910000

Metaspace:

Usage:
  Non-class:      9.54 MB used.
      Class:      1.05 MB used.
       Both:     10.59 MB used.

Virtual space:
  Non-class space:       16.00 MB reserved,       9.62 MB ( 60%) committed,  2 nodes.
      Class space:        1.00 GB reserved,       1.12 MB ( <1%) committed,  1 nodes.
             Both:        1.02 GB reserved,      10.75 MB (  1%) committed. 

Chunk freelists:
   Non-Class:  2.24 MB
       Class:  2.75 MB
        Both:  4.98 MB

MaxMetaspaceSize: unlimited
CompressedClassSpaceSize: 1.00 GB
Initial GC threshold: 21.00 MB
Current GC threshold: 21.00 MB
CDS: off
MetaspaceReclaimPolicy: balanced
 - commit_granule_bytes: 65536.
 - commit_granule_words: 8192.
 - virtual_space_node_default_size: 1048576.
 - enlarge_chunks_in_place: 1.
 - new_chunks_are_fully_committed: 0.
 - uncommit_free_chunks: 1.
 - use_allocation_guard: 0.
 - handle_deallocations: 1.


Internal statistics:

num_allocs_failed_limit: 0.
num_arena_births: 72.
num_arena_deaths: 0.
num_vsnodes_births: 3.
num_vsnodes_deaths: 0.
num_space_committed: 172.
num_space_uncommitted: 0.
num_chunks_returned_to_freelist: 0.
num_chunks_taken_from_freelist: 112.
num_chunk_merges: 0.
num_chunk_splits: 59.
num_chunks_enlarged: 28.
num_purges: 0.
num_inconsistent_stats: 0.

CodeCache: size=49152Kb used=3849Kb max_used=3849Kb free=45302Kb
 bounds [0x0000024ed06d0000, 0x0000024ed0aa0000, 0x0000024ed36d0000]
 total_blobs=1232 nmethods=809 adapters=348
 compilation: enabled
              stopped_count=0, restarted_count=0
 full_count=0

Compilation events (20 events):
Event: 0.523 Thread 0x0000024edc0f6f10 nmethod 771 0x0000024ed0968390 code [0x0000024ed09685a0, 0x0000024ed0968ab8]
Event: 0.523 Thread 0x0000024edc0f6f10  773       1       sun.security.provider.DigestBase::engineUpdate (189 bytes)
Event: 0.523 Thread 0x0000024edc0f6f10 nmethod 773 0x0000024ed0968d90 code [0x0000024ed0968fa0, 0x0000024ed09695a8]
Event: 0.523 Thread 0x0000024edc0f6f10  774       1       java.security.MessageDigest::update (14 bytes)
Event: 0.524 Thread 0x0000024edc0f6f10 nmethod 774 0x0000024ed0969890 code [0x0000024ed0969a20, 0x0000024ed0969b28]
Event: 0.524 Thread 0x0000024edc0f6f10  775       1       java.security.MessageDigest$Delegate::engineUpdate (11 bytes)
Event: 0.524 Thread 0x0000024edc0f6f10 nmethod 775 0x0000024ed0969c10 code [0x0000024ed0969da0, 0x0000024ed0969e88]
Event: 0.524 Thread 0x0000024edc0f6f10  776       1       java.lang.String::getBytes (15 bytes)
Event: 0.524 Thread 0x0000024edc0f6f10 nmethod 776 0x0000024ed096a390 code [0x0000024ed096a540, 0x0000024ed096a658]
Event: 0.524 Thread 0x0000024edc0f6f10  777       1       java.lang.String::encode (48 bytes)
Event: 0.524 Thread 0x0000024edc0f6f10 nmethod 777 0x0000024ed096a710 code [0x0000024ed096a8e0, 0x0000024ed096aab8]
Event: 0.524 Thread 0x0000024edc0f6f10  772       1       sun.nio.fs.WindowsPath::toString (5 bytes)
Event: 0.524 Thread 0x0000024edc0f6f10 nmethod 772 0x0000024ed096ab90 code [0x0000024ed096ad20, 0x0000024ed096adf8]
Event: 0.524 Thread 0x0000024edc0f6f10  778       1       java.nio.file.Files$AcceptAllFilter::accept (2 bytes)
Event: 0.524 Thread 0x0000024edc0f6f10 nmethod 778 0x0000024ed096ae90 code [0x0000024ed096b020, 0x0000024ed096b0f8]
Event: 0.524 Thread 0x0000024edc0f6f10  782   !   1       sun.nio.fs.WindowsDirectoryStream$WindowsDirectoryIterator::readNextEntry (192 bytes)
Event: 0.525 Thread 0x0000024edc0f6f10 nmethod 782 0x0000024ed096b190 code [0x0000024ed096b3e0, 0x0000024ed096ba18]
Event: 0.525 Thread 0x0000024edc0f6f10  781       1       java.lang.String::encodeUTF8 (141 bytes)
Event: 0.525 Thread 0x0000024edc750fe0  779       1       sun.nio.fs.WindowsDirectoryStream$WindowsDirectoryIterator::isSelfOrParent (24 bytes)
Event: 0.525 Thread 0x0000024edc7363e0  783       1       sun.nio.fs.WindowsPathParser::parse (384 bytes)

GC Heap History (0 events):
No events

Dll operation events (7 events):
Event: 0.012 Loaded shared library F:\sts-4.17.0.RELEASE\plugins\org.eclipse.justj.openjdk.hotspot.jre.full.win32.x86_64_17.0.5.v20221102-0933\jre\bin\java.dll
Event: 0.240 Loaded shared library F:\sts-4.17.0.RELEASE\plugins\org.eclipse.justj.openjdk.hotspot.jre.full.win32.x86_64_17.0.5.v20221102-0933\jre\bin\jimage.dll
Event: 0.254 Loaded shared library F:\sts-4.17.0.RELEASE\plugins\org.eclipse.justj.openjdk.hotspot.jre.full.win32.x86_64_17.0.5.v20221102-0933\jre\bin\net.dll
Event: 0.256 Loaded shared library F:\sts-4.17.0.RELEASE\plugins\org.eclipse.justj.openjdk.hotspot.jre.full.win32.x86_64_17.0.5.v20221102-0933\jre\bin\nio.dll
Event: 0.261 Loaded shared library F:\sts-4.17.0.RELEASE\plugins\org.eclipse.justj.openjdk.hotspot.jre.full.win32.x86_64_17.0.5.v20221102-0933\jre\bin\zip.dll
Event: 0.306 Loaded shared library F:\sts-4.17.0.RELEASE\plugins\org.eclipse.justj.openjdk.hotspot.jre.full.win32.x86_64_17.0.5.v20221102-0933\jre\bin\management.dll
Event: 0.319 Loaded shared library F:\sts-4.17.0.RELEASE\plugins\org.eclipse.justj.openjdk.hotspot.jre.full.win32.x86_64_17.0.5.v20221102-0933\jre\bin\management_ext.dll

Deoptimization events (0 events):
No events

Classes unloaded (0 events):
No events

Classes redefined (0 events):
No events

Internal exceptions (8 events):
Event: 0.305 Thread 0x0000024ecb848e40 Exception <a 'java/lang/NoSuchMethodError'{0x0000000087865088}: 'java.lang.Object java.lang.invoke.DirectMethodHandle$Holder.invokeStaticInit(java.lang.Object)'> (0x0000000087865088) 
thrown [s\src\hotspot\share\interpreter\linkResolver.cpp, line 759]
Event: 0.323 Thread 0x0000024ecb848e40 Exception <a 'java/lang/NoSuchMethodError'{0x0000000087880ce0}: 'int java.lang.invoke.DirectMethodHandle$Holder.invokeInterface(java.lang.Object, java.lang.Object)'> (0x0000000087880ce0) 
thrown [s\src\hotspot\share\interpreter\linkResolver.cpp, line 759]
Event: 0.324 Thread 0x0000024ecb848e40 Exception <a 'java/lang/IncompatibleClassChangeError'{0x00000000878842e0}: Found class java.lang.Object, but interface was expected> (0x00000000878842e0) 
thrown [s\src\hotspot\share\interpreter\linkResolver.cpp, line 826]
Event: 0.324 Thread 0x0000024ecb848e40 Exception <a 'java/lang/NoSuchMethodError'{0x0000000087889e90}: 'void java.lang.invoke.DirectMethodHandle$Holder.invokeStatic(java.lang.Object, java.lang.Object)'> (0x0000000087889e90) 
thrown [s\src\hotspot\share\interpreter\linkResolver.cpp, line 759]
Event: 0.365 Thread 0x0000024ecb848e40 Exception <a 'java/lang/NoSuchMethodError'{0x0000000087757ef8}: 'int java.lang.invoke.DirectMethodHandle$Holder.invokeSpecial(java.lang.Object, java.lang.Object, java.lang.Object)'> (0x0000000087757ef8) 
thrown [s\src\hotspot\share\interpreter\linkResolver.cpp, line 759]
Event: 0.417 Thread 0x0000024ecb848e40 Exception <a 'java/lang/NoSuchMethodError'{0x00000000876624c8}: 'void java.lang.invoke.DirectMethodHandle$Holder.invokeStatic(java.lang.Object, java.lang.Object, java.lang.Object)'> (0x00000000876624c8) 
thrown [s\src\hotspot\share\interpreter\linkResolver.cpp, line 759]
Event: 0.441 Thread 0x0000024ecb848e40 Exception <a 'java/lang/NoSuchMethodError'{0x00000000876ad2a8}: 'int java.lang.invoke.DirectMethodHandle$Holder.invokeSpecialIFC(java.lang.Object, java.lang.Object, java.lang.Object)'> (0x00000000876ad2a8) 
thrown [s\src\hotspot\share\interpreter\linkResolver.cpp, line 759]
Event: 0.463 Thread 0x0000024ecb848e40 Exception <a 'java/lang/NoSuchMethodError'{0x00000000875342b0}: 'java.lang.Object java.lang.invoke.DirectMethodHandle$Holder.invokeStaticInit(java.lang.Object, int, int, int, int)'> (0x00000000875342b0) 
thrown [s\src\hotspot\share\interpreter\linkResolver.cpp, line 759]

VM Operations (6 events):
Event: 0.218 Executing VM operation: HandshakeAllThreads
Event: 0.218 Executing VM operation: HandshakeAllThreads done
Event: 0.427 Executing VM operation: HandshakeAllThreads
Event: 0.427 Executing VM operation: HandshakeAllThreads done
Event: 0.453 Executing VM operation: HandshakeAllThreads
Event: 0.453 Executing VM operation: HandshakeAllThreads done

Events (20 events):
Event: 0.475 loading class java/net/DefaultInterface
Event: 0.475 loading class java/net/DefaultInterface done
Event: 0.484 loading class java/net/NetworkInterface$1
Event: 0.484 loading class java/net/NetworkInterface$1 done
Event: 0.520 loading class java/nio/file/Files$AcceptAllFilter
Event: 0.520 loading class java/nio/file/DirectoryStream$Filter
Event: 0.520 loading class java/nio/file/DirectoryStream$Filter done
Event: 0.520 loading class java/nio/file/Files$AcceptAllFilter done
Event: 0.520 loading class sun/nio/fs/WindowsDirectoryStream
Event: 0.520 loading class java/nio/file/DirectoryStream
Event: 0.520 loading class java/nio/file/DirectoryStream done
Event: 0.521 loading class sun/nio/fs/WindowsDirectoryStream done
Event: 0.521 loading class sun/nio/fs/WindowsDirectoryStream$WindowsDirectoryIterator
Event: 0.521 loading class sun/nio/fs/WindowsDirectoryStream$WindowsDirectoryIterator done
Event: 0.521 loading class sun/nio/fs/WindowsPath$WindowsPathWithAttributes
Event: 0.521 loading class sun/nio/fs/BasicFileAttributesHolder
Event: 0.521 loading class sun/nio/fs/BasicFileAttributesHolder done
Event: 0.521 loading class sun/nio/fs/WindowsPath$WindowsPathWithAttributes done
Event: 0.525 Thread 0x0000024edc750fe0 Thread added: 0x0000024edc750fe0
Event: 0.525 Thread 0x0000024edc7363e0 Thread added: 0x0000024edc7363e0


Dynamic libraries:
0x00007ff68a270000 - 0x00007ff68a27e000 	F:\sts-4.17.0.RELEASE\plugins\org.eclipse.justj.openjdk.hotspot.jre.full.win32.x86_64_17.0.5.v20221102-0933\jre\bin\javaw.exe
0x00007ffbd0eb0000 - 0x00007ffbd10a8000 	C:\WINDOWS\SYSTEM32\ntdll.dll
0x00007ffbd0db0000 - 0x00007ffbd0e6f000 	C:\WINDOWS\System32\KERNEL32.DLL
0x00007ffbcec10000 - 0x00007ffbceee2000 	C:\WINDOWS\System32\KERNELBASE.dll
0x00007ffbce950000 - 0x00007ffbcea50000 	C:\WINDOWS\System32\ucrtbase.dll
0x00007ffbc6d70000 - 0x00007ffbc6d87000 	F:\sts-4.17.0.RELEASE\plugins\org.eclipse.justj.openjdk.hotspot.jre.full.win32.x86_64_17.0.5.v20221102-0933\jre\bin\jli.dll
0x00007ffbd0ae0000 - 0x00007ffbd0c81000 	C:\WINDOWS\System32\USER32.dll
0x00007ffbce5a0000 - 0x00007ffbce5c2000 	C:\WINDOWS\System32\win32u.dll
0x00007ffbd0870000 - 0x00007ffbd089b000 	C:\WINDOWS\System32\GDI32.dll
0x00007ffbce840000 - 0x00007ffbce94f000 	C:\WINDOWS\System32\gdi32full.dll
0x00007ffbceac0000 - 0x00007ffbceb5d000 	C:\WINDOWS\System32\msvcp_win.dll
0x00007ffbc5ea0000 - 0x00007ffbc5eb9000 	F:\sts-4.17.0.RELEASE\plugins\org.eclipse.justj.openjdk.hotspot.jre.full.win32.x86_64_17.0.5.v20221102-0933\jre\bin\VCRUNTIME140.dll
0x00007ffbc4fb0000 - 0x00007ffbc524a000 	C:\WINDOWS\WinSxS\amd64_microsoft.windows.common-controls_6595b64144ccf1df_6.0.19041.1110_none_60b5254171f9507e\COMCTL32.dll
0x00007ffbcf250000 - 0x00007ffbcf2ee000 	C:\WINDOWS\System32\msvcrt.dll
0x00007ffbceef0000 - 0x00007ffbcef22000 	C:\WINDOWS\System32\IMM32.DLL
0x00007ffbcb230000 - 0x00007ffbcb23c000 	F:\sts-4.17.0.RELEASE\plugins\org.eclipse.justj.openjdk.hotspot.jre.full.win32.x86_64_17.0.5.v20221102-0933\jre\bin\vcruntime140_1.dll
0x00007ffbb01e0000 - 0x00007ffbb0271000 	F:\sts-4.17.0.RELEASE\plugins\org.eclipse.justj.openjdk.hotspot.jre.full.win32.x86_64_17.0.5.v20221102-0933\jre\bin\msvcp140.dll
0x00007ffb83fb0000 - 0x00007ffb84bf4000 	F:\sts-4.17.0.RELEASE\plugins\org.eclipse.justj.openjdk.hotspot.jre.full.win32.x86_64_17.0.5.v20221102-0933\jre\bin\server\jvm.dll
0x00007ffbd0a30000 - 0x00007ffbd0ade000 	C:\WINDOWS\System32\ADVAPI32.dll
0x00007ffbcf150000 - 0x00007ffbcf1ec000 	C:\WINDOWS\System32\sechost.dll
0x00007ffbcf4a0000 - 0x00007ffbcf5c5000 	C:\WINDOWS\System32\RPCRT4.dll
0x00007ffbc42c0000 - 0x00007ffbc42c9000 	C:\WINDOWS\SYSTEM32\WSOCK32.dll
0x00007ffbcfef0000 - 0x00007ffbcff5b000 	C:\WINDOWS\System32\WS2_32.dll
0x00007ffbc3ea0000 - 0x00007ffbc3ec7000 	C:\WINDOWS\SYSTEM32\WINMM.dll
0x00007ffbc6410000 - 0x00007ffbc641a000 	C:\WINDOWS\SYSTEM32\VERSION.dll
0x00007ffbcce40000 - 0x00007ffbcce52000 	C:\WINDOWS\SYSTEM32\kernel.appcore.dll
0x00007ffbb3da0000 - 0x00007ffbb3daa000 	F:\sts-4.17.0.RELEASE\plugins\org.eclipse.justj.openjdk.hotspot.jre.full.win32.x86_64_17.0.5.v20221102-0933\jre\bin\jimage.dll
0x00007ffbcc350000 - 0x00007ffbcc534000 	C:\WINDOWS\SYSTEM32\DBGHELP.DLL
0x00007ffbbb520000 - 0x00007ffbbb555000 	C:\WINDOWS\SYSTEM32\dbgcore.DLL
0x00007ffbce7b0000 - 0x00007ffbce832000 	C:\WINDOWS\System32\bcryptPrimitives.dll
0x00007ffb9e810000 - 0x00007ffb9e835000 	F:\sts-4.17.0.RELEASE\plugins\org.eclipse.justj.openjdk.hotspot.jre.full.win32.x86_64_17.0.5.v20221102-0933\jre\bin\java.dll
0x00007ffba5dc0000 - 0x00007ffba5dd8000 	F:\sts-4.17.0.RELEASE\plugins\org.eclipse.justj.openjdk.hotspot.jre.full.win32.x86_64_17.0.5.v20221102-0933\jre\bin\zip.dll
0x00007ffbcfff0000 - 0x00007ffbd0734000 	C:\WINDOWS\System32\SHELL32.dll
0x00007ffbcc640000 - 0x00007ffbccdd2000 	C:\WINDOWS\SYSTEM32\windows.storage.dll
0x00007ffbcfaf0000 - 0x00007ffbcfe45000 	C:\WINDOWS\System32\combase.dll
0x00007ffbcdf20000 - 0x00007ffbcdf50000 	C:\WINDOWS\SYSTEM32\Wldp.dll
0x00007ffbcfa40000 - 0x00007ffbcfaed000 	C:\WINDOWS\System32\SHCORE.dll
0x00007ffbd0760000 - 0x00007ffbd07b5000 	C:\WINDOWS\System32\shlwapi.dll
0x00007ffbce4e0000 - 0x00007ffbce4ff000 	C:\WINDOWS\SYSTEM32\profapi.dll
0x00007ffb9f250000 - 0x00007ffb9f269000 	F:\sts-4.17.0.RELEASE\plugins\org.eclipse.justj.openjdk.hotspot.jre.full.win32.x86_64_17.0.5.v20221102-0933\jre\bin\net.dll
0x00007ffbc78a0000 - 0x00007ffbc79ac000 	C:\WINDOWS\SYSTEM32\WINHTTP.dll
0x00007ffbcdc80000 - 0x00007ffbcdcea000 	C:\WINDOWS\system32\mswsock.dll
0x00007ffb84f90000 - 0x00007ffb84fa5000 	F:\sts-4.17.0.RELEASE\plugins\org.eclipse.justj.openjdk.hotspot.jre.full.win32.x86_64_17.0.5.v20221102-0933\jre\bin\nio.dll
0x00007ffbc5e90000 - 0x00007ffbc5e99000 	F:\sts-4.17.0.RELEASE\plugins\org.eclipse.justj.openjdk.hotspot.jre.full.win32.x86_64_17.0.5.v20221102-0933\jre\bin\management.dll
0x00007ffbc5e80000 - 0x00007ffbc5e8b000 	F:\sts-4.17.0.RELEASE\plugins\org.eclipse.justj.openjdk.hotspot.jre.full.win32.x86_64_17.0.5.v20221102-0933\jre\bin\management_ext.dll
0x00007ffbd0740000 - 0x00007ffbd0748000 	C:\WINDOWS\System32\PSAPI.DLL
0x00007ffbc7640000 - 0x00007ffbc7657000 	C:\WINDOWS\system32\napinsp.dll
0x00007ffbc7610000 - 0x00007ffbc762b000 	C:\WINDOWS\system32\pnrpnsp.dll
0x00007ffbc75f0000 - 0x00007ffbc7605000 	C:\WINDOWS\system32\wshbth.dll
0x00007ffbca710000 - 0x00007ffbca72d000 	C:\WINDOWS\system32\NLAapi.dll
0x00007ffbcd970000 - 0x00007ffbcd9ab000 	C:\WINDOWS\SYSTEM32\IPHLPAPI.DLL
0x00007ffbcd9b0000 - 0x00007ffbcda7a000 	C:\WINDOWS\SYSTEM32\DNSAPI.dll
0x00007ffbcef30000 - 0x00007ffbcef38000 	C:\WINDOWS\System32\NSI.dll
0x00007ffbc6cb0000 - 0x00007ffbc6cc2000 	C:\WINDOWS\System32\winrnr.dll
0x00007ffbc4c20000 - 0x00007ffbc4c2a000 	C:\Windows\System32\rasadhlp.dll
0x00007ffbc5250000 - 0x00007ffbc52d0000 	C:\WINDOWS\System32\fwpuclnt.dll
0x00007ffbce780000 - 0x00007ffbce7a7000 	C:\WINDOWS\System32\bcrypt.dll
0x00007ffbcde70000 - 0x00007ffbcde88000 	C:\WINDOWS\SYSTEM32\CRYPTSP.dll
0x00007ffbcd5a0000 - 0x00007ffbcd5d4000 	C:\WINDOWS\system32\rsaenh.dll
0x00007ffbce4a0000 - 0x00007ffbce4ce000 	C:\WINDOWS\SYSTEM32\USERENV.dll
0x00007ffbcde90000 - 0x00007ffbcde9c000 	C:\WINDOWS\SYSTEM32\CRYPTBASE.dll
0x00007ffbc7d40000 - 0x00007ffbc7d57000 	C:\WINDOWS\SYSTEM32\dhcpcsvc6.DLL
0x00007ffbc80b0000 - 0x00007ffbc80cd000 	C:\WINDOWS\SYSTEM32\dhcpcsvc.DLL

dbghelp: loaded successfully - version: 4.0.5 - missing functions: none
symbol engine: initialized successfully - sym options: 0x614 - pdb path: .;F:\sts-4.17.0.RELEASE\plugins\org.eclipse.justj.openjdk.hotspot.jre.full.win32.x86_64_17.0.5.v20221102-0933\jre\bin;C:\WINDOWS\SYSTEM32;C:\WINDOWS\WinSxS\amd64_microsoft.windows.common-controls_6595b64144ccf1df_6.0.19041.1110_none_60b5254171f9507e;F:\sts-4.17.0.RELEASE\plugins\org.eclipse.justj.openjdk.hotspot.jre.full.win32.x86_64_17.0.5.v20221102-0933\jre\bin\server

VM Arguments:
jvm_args: -Dcom.sun.management.jmxremote -Dcom.sun.management.jmxremote.port=57504 -Dcom.sun.management.jmxremote.authenticate=false -Dcom.sun.management.jmxremote.ssl=false -Djava.rmi.server.hostname=localhost -Dspring.jmx.enabled=true -Dmanagement.endpoints.jmx.exposure.include=* -Dspring.application.admin.enabled=true -XX:TieredStopAtLevel=1 -Dspring.boot.project.name=Backend -Dfile.encoding=UTF-8 -XX:+ShowCodeDetailsInExceptionMessages -Xmx2048M 
java_command: com.example.demo.BackendApplication --spring.output.ansi.enabled=always --server.port=8002
java_class_path (initial): F:\SpringBoot\Backend\target\classes;C:\Users\DELL\.m2\repository\org\springframework\boot\spring-boot-starter-data-jpa\3.0.1\spring-boot-starter-data-jpa-3.0.1.jar;C:\Users\DELL\.m2\repository\org\springframework\boot\spring-boot-starter-aop\3.0.1\spring-boot-starter-aop-3.0.1.jar;C:\Users\DELL\.m2\repository\org\springframework\spring-aop\6.0.3\spring-aop-6.0.3.jar;C:\Users\DELL\.m2\repository\org\aspectj\aspectjweaver\1.9.19\aspectjweaver-1.9.19.jar;C:\Users\DELL\.m2\repository\org\springframework\boot\spring-boot-starter-jdbc\3.0.1\spring-boot-starter-jdbc-3.0.1.jar;C:\Users\DELL\.m2\repository\com\zaxxer\HikariCP\5.0.1\HikariCP-5.0.1.jar;C:\Users\DELL\.m2\repository\org\springframework\spring-jdbc\6.0.3\spring-jdbc-6.0.3.jar;C:\Users\DELL\.m2\repository\org\hibernate\orm\hibernate-core\6.1.6.Final\hibernate-core-6.1.6.Final.jar;C:\Users\DELL\.m2\repository\jakarta\persistence\jakarta.persistence-api\3.1.0\jakarta.persistence-api-3.1.0.jar;C:\Users\DELL\.m2\repository\jakarta\transaction\jakarta.transaction-api\2.0.1\jakarta.transaction-api-2.0.1.jar;C:\Users\DELL\.m2\repository\org\jboss\logging\jboss-logging\3.5.0.Final\jboss-logging-3.5.0.Final.jar;C:\Users\DELL\.m2\repository\org\hibernate\common\hibernate-commons-annotations\6.0.2.Final\hibernate-commons-annotations-6.0.2.Final.jar;C:\Users\DELL\.m2\repository\org\jboss\jandex\2.4.2.Final\jandex-2.4.2.Final.jar;C:\Users\DELL\.m2\repository\com\fasterxml\classmate\1.5.1\classmate-1.5.1.jar;C:\Users\DELL\.m2\repository\net\bytebuddy\byte-buddy\1.12.20\byte-buddy-1.12.20.jar;C:\Users\DELL\.m2\repository\org\glassfish\jaxb\jaxb-runtime\4.0.1\jaxb-runtime-4.0.1.jar;C:\Users\DELL\.m2\repository\org\glassfish\jaxb\jaxb-core\4.0.1\jaxb-core-4.0.1.jar;C:\Users\DELL\.m2\repository\org\eclipse\angus\angus-activation\1.0.0\angus-activation-1.0.0.jar;C:\Users\DELL\.m2\repository\org\glassfish\jaxb\txw2\4.0.1\txw2-4.0.1.jar;C:\Users\DELL\.m2\repository\com\sun\istack\istack-commons-runtime\4.
Launcher Type: SUN_STANDARD

[Global flags]
     intx CICompilerCount                          = 4                                         {product} {ergonomic}
     uint ConcGCThreads                            = 2                                         {product} {ergonomic}
     uint G1ConcRefinementThreads                  = 8                                         {product} {ergonomic}
   size_t G1HeapRegionSize                         = 1048576                                   {product} {ergonomic}
    uintx GCDrainStackTargetSize                   = 64                                        {product} {ergonomic}
   size_t InitialHeapSize                          = 132120576                                 {product} {ergonomic}
     bool ManagementServer                         = true                                      {product} {command line}
   size_t MarkStackSize                            = 4194304                                   {product} {ergonomic}
   size_t MaxHeapSize                              = 2147483648                                {product} {command line}
   size_t MaxNewSize                               = 1287651328                                {product} {ergonomic}
   size_t MinHeapDeltaBytes                        = 1048576                                   {product} {ergonomic}
   size_t MinHeapSize                              = 8388608                                   {product} {ergonomic}
    uintx NonProfiledCodeHeapSize                  = 0                                      {pd product} {ergonomic}
     bool ProfileInterpreter                       = false                                  {pd product} {command line}
    uintx ProfiledCodeHeapSize                     = 0                                      {pd product} {ergonomic}
     bool ShowCodeDetailsInExceptionMessages       = true                                   {manageable} {command line}
   size_t SoftMaxHeapSize                          = 2147483648                             {manageable} {ergonomic}
     intx TieredStopAtLevel                        = 1                                         {product} {command line}
     bool UseCompressedClassPointers               = true                           {product lp64_product} {ergonomic}
     bool UseCompressedOops                        = true                           {product lp64_product} {ergonomic}
     bool UseG1GC                                  = true                                      {product} {ergonomic}
     bool UseLargePagesIndividualAllocation        = false                                  {pd product} {ergonomic}

Logging:
Log output configuration:
 #0: stdout all=warning uptime,level,tags
 #1: stderr all=off uptime,level,tags

Environment Variables:
JAVA_HOME=C:\Program Files\Java\jdk1.8.0_45
_JAVA_OPTIONS=  -Xmx2048M
PATH=F:/sts-4.17.0.RELEASE//plugins/org.eclipse.justj.openjdk.hotspot.jre.full.win32.x86_64_17.0.5.v20221102-0933/jre/bin/server;F:/sts-4.17.0.RELEASE//plugins/org.eclipse.justj.openjdk.hotspot.jre.full.win32.x86_64_17.0.5.v20221102-0933/jre/bin;C:\Program Files (x86)\Common Files\Oracle\Java\javapath;C:\ProgramData\Oracle\Java\javapath;C:\Program Files (x86)\Intel\Intel(R) Management Engine Components\iCLS\;C:\Program Files\Intel\Intel(R) Management Engine Components\iCLS\;C:\WINDOWS\system32;C:\WINDOWS;C:\WINDOWS\System32\Wbem;C:\WINDOWS\System32\WindowsPowerShell\v1.0\;C:\WINDOWS\System32\OpenSSH\;C:\Program Files (x86)\Intel\Intel(R) Management Engine Components\DAL;C:\Program Files\Intel\Intel(R) Management Engine Components\DAL;C:\Program Files (x86)\Intel\Intel(R) Management Engine Components\IPT;C:\Program Files\Intel\Intel(R) Management Engine Components\IPT;C:\Program Files\Java\jdk-15.0.1\bin;C:\Program Files\Java\jdk-16.0.1\bin;C:\Program Files (x86)\CodeBlocks\MinGW\bin;C:\Program Files (x86)\GnuWin32\bin;C:\Program Files\glassfish-4.1.1\bin;C:\Program Files\nodejs\;C:\Program Files\MongoDB\Server\5.0\bin;C:\Users\DELL\Postman\file;C:\Program Files\dotnet\;C:\Program Files\Microsoft SQL Server\150\Tools\Binn\;C:\Program Files\Microsoft SQL Server\Client SDK\ODBC\170\Tools\Binn\;F:\apache-maven-3.8.6\bin;C:\Program Files\Java\jre1.8.0_45\bin;F:\NetBeans 8.1\bin;C:\Users\DELL\AppData\Local\Microsoft\WindowsApps;C:\iverilog\bin;C:\iverilog\gtkwave\bin;C:\Program Files\Java\jdk1.7.0_80\bin;C:\Program Files\Java\jdk1.8.0_45\bin;C:\Users\DELL\AppData\Roaming\npm;C:\Program Files\MongoDB\Server\5.0\bin;C:\Flex Windows\gcc\bin;C:\Flex Windows\Lex\bin;C:\Flex Windows\bison\bin;C:\Users\DELL\AppData\Local\GitHubDesktop\bin;C:\Users\DELL\.dotnet\tools;H:\Microsoft VS Code\bin;F:\sts-4.17.0.RELEASE;
USERNAME=DELL
OS=Windows_NT
PROCESSOR_IDENTIFIER=Intel64 Family 6 Model 142 Stepping 10, GenuineIntel
TMP=C:\Users\DELL\AppData\Local\Temp
TEMP=C:\Users\DELL\AppData\Local\Temp



---------------  S Y S T E M  ---------------

OS:
 Windows 10 , 64 bit Build 19041 (10.0.19041.2364)
OS uptime: 0 days 4:24 hours

CPU: total 8 (initial active 8) (4 cores per cpu, 2 threads per core) family 6 model 142 stepping 10 microcode 0xca, cx8, cmov, fxsr, ht, mmx, 3dnowpref, sse, sse2, sse3, ssse3, sse4.1, sse4.2, popcnt, lzcnt, tsc, tscinvbit, avx, avx2, aes, erms, clmul, bmi1, bmi2, adx, fma, vzeroupper, clflush, clflushopt

Memory: 4k page, system-wide physical 8056M (770M free)
TotalPageFile size 8056M (AvailPageFile size 213M)
current process WorkingSet (physical memory assigned to process): 53M, peak: 53M
current process commit charge ("private bytes"): 210M, peak: 210M

vm_info: OpenJDK 64-Bit Server VM (17.0.5+8) for windows-amd64 JRE (17.0.5+8), built on Oct 19 2022 04:48:13 by "temurin" with MS VC++ 16.7 (VS2019)

END.
