#
# There is insufficient memory for the Java Runtime Environment to continue.
# Native memory allocation (mmap) failed to map 13631488 bytes for G1 virtual space
# Possible reasons:
#   The system is out of physical RAM or swap space
#   The process is running with CompressedOops enabled, and the Java Heap may be blocking the growth of the native heap
# Possible solutions:
#   Reduce memory load on the system
#   Increase physical memory or swap space
#   Check if swap backing store is full
#   Decrease Java heap size (-Xmx/-Xms)
#   Decrease number of Java threads
#   Decrease Java thread stack sizes (-Xss)
#   Set larger code cache with -XX:ReservedCodeCacheSize=
#   JVM is running with Unscaled Compressed Oops mode in which the Java heap is
#     placed in the first 4GB address space. The Java Heap base address is the
#     maximum limit for the native heap growth. Please use -XX:HeapBaseMinAddress
#     to set the Java Heap base and to place the Java Heap above 4GB virtual address.
# This output file may be truncated or incomplete.
#
#  Out of Memory Error (os_windows.cpp:3548), pid=1244, tid=16168
#
# JRE version: OpenJDK Runtime Environment Temurin-17.0.5+8 (17.0.5+8) (build 17.0.5+8)
# Java VM: OpenJDK 64-Bit Server VM Temurin-17.0.5+8 (17.0.5+8, mixed mode, emulated-client, tiered, compressed oops, compressed class ptrs, g1 gc, windows-amd64)
# No core dump will be written. Minidumps are not enabled by default on client versions of Windows
#

---------------  S U M M A R Y ------------

Command Line: -Dcom.sun.management.jmxremote -Dcom.sun.management.jmxremote.port=50183 -Dcom.sun.management.jmxremote.authenticate=false -Dcom.sun.management.jmxremote.ssl=false -Djava.rmi.server.hostname=localhost -Dspring.jmx.enabled=true -Dmanagement.endpoints.jmx.exposure.include=* -Dspring.application.admin.enabled=true -XX:TieredStopAtLevel=1 -Dspring.boot.project.name=Backend -Dfile.encoding=UTF-8 -XX:+ShowCodeDetailsInExceptionMessages -Xmx2048M com.example.demo.BackendApplication --spring.output.ansi.enabled=always --server.port=8001

Host: Intel(R) Core(TM) i5-8250U CPU @ 1.60GHz, 8 cores, 7G,  Windows 10 , 64 bit Build 19041 (10.0.19041.2364)
Time: Tue Feb 28 11:31:26 2023 India Standard Time elapsed time: 5.641137 seconds (0d 0h 0m 5s)

---------------  T H R E A D  ---------------

Current thread (0x00000162821f1980):  VMThread "VM Thread" [stack: 0x00000023b6900000,0x00000023b6a00000] [id=16168]

Stack: [0x00000023b6900000,0x00000023b6a00000]
Native frames: (J=compiled Java code, j=interpreted, Vv=VM code, C=native code)
V  [jvm.dll+0x676b3a]
V  [jvm.dll+0x831444]
V  [jvm.dll+0x832bee]
V  [jvm.dll+0x833253]
V  [jvm.dll+0x244ce5]
V  [jvm.dll+0x673a49]
V  [jvm.dll+0x66811a]
V  [jvm.dll+0x303ceb]
V  [jvm.dll+0x30b1e6]
V  [jvm.dll+0x35adbe]
V  [jvm.dll+0x35afef]
V  [jvm.dll+0x2dab88]
V  [jvm.dll+0x2d8e3c]
V  [jvm.dll+0x2d840c]
V  [jvm.dll+0x31c31b]
V  [jvm.dll+0x8376fb]
V  [jvm.dll+0x838434]
V  [jvm.dll+0x83894c]
V  [jvm.dll+0x838d24]
V  [jvm.dll+0x838df0]
V  [jvm.dll+0x7e17ea]
V  [jvm.dll+0x6759e5]
C  [ucrtbase.dll+0x21bb2]
C  [KERNEL32.DLL+0x17614]
C  [ntdll.dll+0x526a1]

VM_Operation (0x00000023b63fbcb0): G1CollectForAllocation, mode: safepoint, requested by thread 0x00000162f438b2b0


---------------  P R O C E S S  ---------------

Threads class SMR info:
_java_thread_list=0x00000162852f21f0, length=27, elements={
0x00000162f438b2b0, 0x00000162821f45a0, 0x00000162821c9200, 0x0000016282c332a0,
0x0000016282c33cc0, 0x0000016282c35590, 0x0000016282c35e50, 0x0000016282c3e7d0,
0x0000016282c40cf0, 0x000001628216b360, 0x0000016282d1b730, 0x0000016282df6110,
0x00000162833498c0, 0x0000016283352800, 0x0000016283353530, 0x0000016283472760,
0x00000162836e5900, 0x00000162836f3bb0, 0x00000162836fc090, 0x000001628375c130,
0x00000162837b3ae0, 0x0000016284fb6190, 0x0000016284fb6660, 0x0000016284fb57f0,
0x0000016284fb74d0, 0x0000016284fb4e50, 0x0000016284fb7e70
}

Java Threads: ( => current thread )
  0x00000162f438b2b0 JavaThread "main" [_thread_blocked, id=10776, stack(0x00000023b6300000,0x00000023b6400000)]
  0x00000162821f45a0 JavaThread "Reference Handler" daemon [_thread_blocked, id=15944, stack(0x00000023b6a00000,0x00000023b6b00000)]
  0x00000162821c9200 JavaThread "Finalizer" daemon [_thread_blocked, id=14360, stack(0x00000023b6b00000,0x00000023b6c00000)]
  0x0000016282c332a0 JavaThread "Signal Dispatcher" daemon [_thread_blocked, id=9176, stack(0x00000023b6c00000,0x00000023b6d00000)]
  0x0000016282c33cc0 JavaThread "Attach Listener" daemon [_thread_blocked, id=10172, stack(0x00000023b6d00000,0x00000023b6e00000)]
  0x0000016282c35590 JavaThread "Service Thread" daemon [_thread_blocked, id=10216, stack(0x00000023b6e00000,0x00000023b6f00000)]
  0x0000016282c35e50 JavaThread "Monitor Deflation Thread" daemon [_thread_blocked, id=7508, stack(0x00000023b6f00000,0x00000023b7000000)]
  0x0000016282c3e7d0 JavaThread "C1 CompilerThread0" daemon [_thread_blocked, id=3024, stack(0x00000023b7000000,0x00000023b7100000)]
  0x0000016282c40cf0 JavaThread "Sweeper thread" daemon [_thread_blocked, id=11720, stack(0x00000023b7100000,0x00000023b7200000)]
  0x000001628216b360 JavaThread "Common-Cleaner" daemon [_thread_blocked, id=9520, stack(0x00000023b7200000,0x00000023b7300000)]
  0x0000016282d1b730 JavaThread "C1 CompilerThread1" daemon [_thread_blocked, id=10496, stack(0x00000023b7300000,0x00000023b7400000)]
  0x0000016282df6110 JavaThread "Notification Thread" daemon [_thread_blocked, id=10480, stack(0x00000023b7400000,0x00000023b7500000)]
  0x00000162833498c0 JavaThread "RMI TCP Accept-0" daemon [_thread_in_native, id=8228, stack(0x00000023b7500000,0x00000023b7600000)]
  0x0000016283352800 JavaThread "RMI TCP Accept-50183" daemon [_thread_in_native, id=7036, stack(0x00000023b7600000,0x00000023b7700000)]
  0x0000016283353530 JavaThread "RMI TCP Accept-0" daemon [_thread_in_native, id=16604, stack(0x00000023b7700000,0x00000023b7800000)]
  0x0000016283472760 JavaThread "RMI TCP Connection(1)-127.0.0.1" daemon [_thread_in_native, id=11616, stack(0x00000023b7900000,0x00000023b7a00000)]
  0x00000162836e5900 JavaThread "RMI Scheduler(0)" daemon [_thread_blocked, id=11996, stack(0x00000023b7a00000,0x00000023b7b00000)]
  0x00000162836f3bb0 JavaThread "RMI TCP Connection(2)-127.0.0.1" daemon [_thread_blocked, id=17240, stack(0x00000023b7b00000,0x00000023b7c00000)]
  0x00000162836fc090 JavaThread "JMX server connection timeout 22" daemon [_thread_blocked, id=10780, stack(0x00000023b7c00000,0x00000023b7d00000)]
  0x000001628375c130 JavaThread "C1 CompilerThread2" daemon [_thread_blocked, id=4660, stack(0x00000023b7d00000,0x00000023b7e00000)]
  0x00000162837b3ae0 JavaThread "C1 CompilerThread3" daemon [_thread_blocked, id=4516, stack(0x00000023b7e00000,0x00000023b7f00000)]
  0x0000016284fb6190 JavaThread "Catalina-utility-1" [_thread_blocked, id=940, stack(0x00000023b8800000,0x00000023b8900000)]
  0x0000016284fb6660 JavaThread "Catalina-utility-2" [_thread_blocked, id=16832, stack(0x00000023b8a00000,0x00000023b8b00000)]
  0x0000016284fb57f0 JavaThread "container-0" [_thread_blocked, id=3976, stack(0x00000023b8b00000,0x00000023b8c00000)]
  0x0000016284fb74d0 JavaThread "mysql-cj-abandoned-connection-cleanup" daemon [_thread_blocked, id=8680, stack(0x00000023b8c00000,0x00000023b8d00000)]
  0x0000016284fb4e50 JavaThread "HikariPool-1 housekeeper" daemon [_thread_blocked, id=10196, stack(0x00000023b8e00000,0x00000023b8f00000)]
  0x0000016284fb7e70 JavaThread "HikariPool-1 connection adder" daemon [_thread_blocked, id=4904, stack(0x00000023b8f00000,0x00000023b9000000)]

Other Threads:
=>0x00000162821f1980 VMThread "VM Thread" [stack: 0x00000023b6900000,0x00000023b6a00000] [id=16168]
  0x00000162f4401580 WatcherThread [stack: 0x00000023b7800000,0x00000023b7900000] [id=17316]
  0x00000162f43e6000 GCTaskThread "GC Thread#0" [stack: 0x00000023b6400000,0x00000023b6500000] [id=10220]
  0x00000162837fec80 GCTaskThread "GC Thread#1" [stack: 0x00000023b7f00000,0x00000023b8000000] [id=14776]
  0x00000162837b47b0 GCTaskThread "GC Thread#2" [stack: 0x00000023b8000000,0x00000023b8100000] [id=7340]
  0x00000162845c6c20 GCTaskThread "GC Thread#3" [stack: 0x00000023b8100000,0x00000023b8200000] [id=16164]
  0x00000162845c72e0 GCTaskThread "GC Thread#4" [stack: 0x00000023b8200000,0x00000023b8300000] [id=9516]
  0x00000162845c95a0 GCTaskThread "GC Thread#5" [stack: 0x00000023b8300000,0x00000023b8400000] [id=13320]
  0x00000162845c9850 GCTaskThread "GC Thread#6" [stack: 0x00000023b8400000,0x00000023b8500000] [id=16052]
  0x00000162845d1b10 GCTaskThread "GC Thread#7" [stack: 0x00000023b8500000,0x00000023b8600000] [id=16852]
  0x00000162f43f75f0 ConcurrentGCThread "G1 Main Marker" [stack: 0x00000023b6500000,0x00000023b6600000] [id=14368]
  0x00000162f43f7f10 ConcurrentGCThread "G1 Conc#0" [stack: 0x00000023b6600000,0x00000023b6700000] [id=11980]
  0x0000016284718450 ConcurrentGCThread "G1 Conc#1" [stack: 0x00000023b8900000,0x00000023b8a00000] [id=10860]
  0x00000162f444e6f0 ConcurrentGCThread "G1 Refine#0" [stack: 0x00000023b6700000,0x00000023b6800000] [id=17268]
  0x00000162837b5280 ConcurrentGCThread "G1 Refine#1" [stack: 0x00000023b8600000,0x00000023b8700000] [id=3988]
  0x00000162831e8020 ConcurrentGCThread "G1 Refine#2" [stack: 0x00000023b8700000,0x00000023b8800000] [id=3540]
  0x000001628203a270 ConcurrentGCThread "G1 Service" [stack: 0x00000023b6800000,0x00000023b6900000] [id=6888]

Threads with active compile tasks:

VM state: at safepoint (normal execution)

VM Mutex/Monitor currently owned by a thread:  ([mutex/lock_event])
[0x00000162f4386570] Threads_lock - owner thread: 0x00000162821f1980
[0x00000162f4386d50] Heap_lock - owner thread: 0x00000162f438b2b0

Heap address: 0x0000000080000000, size: 2048 MB, Compressed Oops mode: 32-bit

CDS archive(s) not mapped
Compressed class space mapped at: 0x0000000100000000-0x0000000140000000, reserved size: 1073741824
Narrow klass base: 0x0000000000000000, Narrow klass shift: 3, Narrow klass range: 0x140000000

GC Precious Log:
 CPUs: 8 total, 8 available
 Memory: 8056M
 Large Page Support: Disabled
 NUMA Support: Disabled
 Compressed Oops: Enabled (32-bit)
 Heap Region Size: 1M
 Heap Min Capacity: 8M
 Heap Initial Capacity: 126M
 Heap Max Capacity: 2G
 Pre-touch: Disabled
 Parallel Workers: 8
 Concurrent Workers: 2
 Concurrent Refinement Workers: 8
 Periodic GC: Disabled

Heap:
 garbage-first heap   total 65536K, used 25762K [0x0000000080000000, 0x0000000100000000)
  region size 1024K, 4 young (4096K), 4 survivors (4096K)
 Metaspace       used 61542K, committed 62080K, reserved 1105920K
  class space    used 8337K, committed 8576K, reserved 1048576K

Heap Regions: E=young(eden), S=young(survivor), O=old, HS=humongous(starts), HC=humongous(continues), CS=collection set, F=free, OA=open archive, CA=closed archive, TAMS=top-at-mark-start (previous, next)
|   0|0x0000000080000000, 0x0000000080100000, 0x0000000080100000|100%|HS|  |TAMS 0x0000000080100000, 0x0000000080000000| Complete 
|   1|0x0000000080100000, 0x0000000080200000, 0x0000000080200000|100%| O|  |TAMS 0x0000000080200000, 0x0000000080100000| Untracked 
|   2|0x0000000080200000, 0x0000000080300000, 0x0000000080300000|100%| O|  |TAMS 0x0000000080300000, 0x0000000080200000| Untracked 
|   3|0x0000000080300000, 0x0000000080400000, 0x0000000080400000|100%| O|  |TAMS 0x0000000080400000, 0x0000000080300000| Untracked 
|   4|0x0000000080400000, 0x0000000080500000, 0x0000000080500000|100%| O|  |TAMS 0x0000000080500000, 0x0000000080400000| Untracked 
|   5|0x0000000080500000, 0x0000000080600000, 0x0000000080600000|100%| O|  |TAMS 0x0000000080600000, 0x0000000080500000| Untracked 
|   6|0x0000000080600000, 0x0000000080700000, 0x0000000080700000|100%| O|  |TAMS 0x0000000080700000, 0x0000000080600000| Untracked 
|   7|0x0000000080700000, 0x0000000080800000, 0x0000000080800000|100%| O|  |TAMS 0x0000000080800000, 0x0000000080700000| Untracked 
|   8|0x0000000080800000, 0x0000000080900000, 0x0000000080900000|100%| O|  |TAMS 0x0000000080900000, 0x0000000080800000| Untracked 
|   9|0x0000000080900000, 0x0000000080a00000, 0x0000000080a00000|100%| O|  |TAMS 0x0000000080a00000, 0x0000000080900000| Untracked 
|  10|0x0000000080a00000, 0x0000000080b00000, 0x0000000080b00000|100%| O|  |TAMS 0x0000000080b00000, 0x0000000080a00000| Untracked 
|  11|0x0000000080b00000, 0x0000000080c00000, 0x0000000080c00000|100%| O|  |TAMS 0x0000000080c00000, 0x0000000080b00000| Untracked 
|  12|0x0000000080c00000, 0x0000000080d00000, 0x0000000080d00000|100%| O|  |TAMS 0x0000000080d00000, 0x0000000080c00000| Untracked 
|  13|0x0000000080d00000, 0x0000000080e00000, 0x0000000080e00000|100%| O|  |TAMS 0x0000000080e00000, 0x0000000080d00000| Untracked 
|  14|0x0000000080e00000, 0x0000000080f00000, 0x0000000080f00000|100%| O|  |TAMS 0x0000000080f00000, 0x0000000080e00000| Untracked 
|  15|0x0000000080f00000, 0x0000000081000000, 0x0000000081000000|100%| O|  |TAMS 0x0000000081000000, 0x0000000080f00000| Untracked 
|  16|0x0000000081000000, 0x0000000081061200, 0x0000000081100000| 37%| O|  |TAMS 0x0000000081061200, 0x0000000081000000| Untracked 
|  17|0x0000000081100000, 0x0000000081200000, 0x0000000081200000|100%| O|  |TAMS 0x0000000081200000, 0x0000000081100000| Untracked 
|  18|0x0000000081200000, 0x0000000081300000, 0x0000000081300000|100%| O|  |TAMS 0x0000000081300000, 0x0000000081200000| Untracked 
|  19|0x0000000081300000, 0x0000000081400000, 0x0000000081400000|100%| O|  |TAMS 0x0000000081400000, 0x0000000081300000| Untracked 
|  20|0x0000000081400000, 0x0000000081500000, 0x0000000081500000|100%| O|  |TAMS 0x0000000081500000, 0x0000000081400000| Untracked 
|  21|0x0000000081500000, 0x0000000081600000, 0x0000000081600000|100%| O|  |TAMS 0x00000000815d9600, 0x0000000081500000| Untracked 
|  22|0x0000000081600000, 0x0000000081697a00, 0x0000000081700000| 59%| O|  |TAMS 0x0000000081600000, 0x0000000081600000| Untracked 
|  23|0x0000000081700000, 0x0000000081700000, 0x0000000081800000|  0%| F|  |TAMS 0x0000000081700000, 0x0000000081700000| Untracked 
|  24|0x0000000081800000, 0x0000000081800000, 0x0000000081900000|  0%| F|  |TAMS 0x0000000081800000, 0x0000000081800000| Untracked 
|  25|0x0000000081900000, 0x0000000081900000, 0x0000000081a00000|  0%| F|  |TAMS 0x0000000081900000, 0x0000000081900000| Untracked 
|  26|0x0000000081a00000, 0x0000000081a00000, 0x0000000081b00000|  0%| F|  |TAMS 0x0000000081a00000, 0x0000000081a00000| Untracked 
|  27|0x0000000081b00000, 0x0000000081b00000, 0x0000000081c00000|  0%| F|  |TAMS 0x0000000081b00000, 0x0000000081b00000| Untracked 
|  28|0x0000000081c00000, 0x0000000081c00000, 0x0000000081d00000|  0%| F|  |TAMS 0x0000000081c00000, 0x0000000081c00000| Untracked 
|  29|0x0000000081d00000, 0x0000000081d00000, 0x0000000081e00000|  0%| F|  |TAMS 0x0000000081d00000, 0x0000000081d00000| Untracked 
|  30|0x0000000081e00000, 0x0000000081e00000, 0x0000000081f00000|  0%| F|  |TAMS 0x0000000081e00000, 0x0000000081e00000| Untracked 
|  31|0x0000000081f00000, 0x0000000081f2ff20, 0x0000000082000000| 18%| S|CS|TAMS 0x0000000081f00000, 0x0000000081f00000| Complete 
|  32|0x0000000082000000, 0x0000000082100000, 0x0000000082100000|100%| S|CS|TAMS 0x0000000082000000, 0x0000000082000000| Complete 
|  33|0x0000000082100000, 0x0000000082200000, 0x0000000082200000|100%| S|CS|TAMS 0x0000000082100000, 0x0000000082100000| Complete 
|  34|0x0000000082200000, 0x0000000082300000, 0x0000000082300000|100%| S|CS|TAMS 0x0000000082200000, 0x0000000082200000| Complete 
|  35|0x0000000082300000, 0x0000000082300000, 0x0000000082400000|  0%| F|  |TAMS 0x0000000082300000, 0x0000000082300000| Untracked 
|  36|0x0000000082400000, 0x0000000082400000, 0x0000000082500000|  0%| F|  |TAMS 0x0000000082400000, 0x0000000082400000| Untracked 
|  37|0x0000000082500000, 0x0000000082500000, 0x0000000082600000|  0%| F|  |TAMS 0x0000000082500000, 0x0000000082500000| Untracked 
|  38|0x0000000082600000, 0x0000000082600000, 0x0000000082700000|  0%| F|  |TAMS 0x0000000082600000, 0x0000000082600000| Untracked 
|  39|0x0000000082700000, 0x0000000082700000, 0x0000000082800000|  0%| F|  |TAMS 0x0000000082700000, 0x0000000082700000| Untracked 
|  40|0x0000000082800000, 0x0000000082800000, 0x0000000082900000|  0%| F|  |TAMS 0x0000000082800000, 0x0000000082800000| Untracked 
|  41|0x0000000082900000, 0x0000000082900000, 0x0000000082a00000|  0%| F|  |TAMS 0x0000000082900000, 0x0000000082900000| Untracked 
|  42|0x0000000082a00000, 0x0000000082a00000, 0x0000000082b00000|  0%| F|  |TAMS 0x0000000082a00000, 0x0000000082a00000| Untracked 
|  43|0x0000000082b00000, 0x0000000082b00000, 0x0000000082c00000|  0%| F|  |TAMS 0x0000000082b00000, 0x0000000082b00000| Untracked 
|  44|0x0000000082c00000, 0x0000000082c00000, 0x0000000082d00000|  0%| F|  |TAMS 0x0000000082c00000, 0x0000000082c00000| Untracked 
|  45|0x0000000082d00000, 0x0000000082d00000, 0x0000000082e00000|  0%| F|  |TAMS 0x0000000082d00000, 0x0000000082d00000| Untracked 
|  46|0x0000000082e00000, 0x0000000082e00000, 0x0000000082f00000|  0%| F|  |TAMS 0x0000000082e00000, 0x0000000082e00000| Untracked 
|  47|0x0000000082f00000, 0x0000000082f00000, 0x0000000083000000|  0%| F|  |TAMS 0x0000000082f00000, 0x0000000082f00000| Untracked 
|  48|0x0000000083000000, 0x0000000083000000, 0x0000000083100000|  0%| F|  |TAMS 0x0000000083000000, 0x0000000083000000| Untracked 
|  49|0x0000000083100000, 0x0000000083100000, 0x0000000083200000|  0%| F|  |TAMS 0x0000000083100000, 0x0000000083100000| Untracked 
|  50|0x0000000083200000, 0x0000000083200000, 0x0000000083300000|  0%| F|  |TAMS 0x0000000083200000, 0x0000000083200000| Untracked 
|  51|0x0000000083300000, 0x0000000083300000, 0x0000000083400000|  0%| F|  |TAMS 0x0000000083300000, 0x0000000083300000| Untracked 
|  52|0x0000000083400000, 0x0000000083400000, 0x0000000083500000|  0%| F|  |TAMS 0x0000000083400000, 0x0000000083400000| Untracked 
|  53|0x0000000083500000, 0x0000000083500000, 0x0000000083600000|  0%| F|  |TAMS 0x0000000083500000, 0x0000000083500000| Untracked 
|  54|0x0000000083600000, 0x0000000083600000, 0x0000000083700000|  0%| F|  |TAMS 0x0000000083600000, 0x0000000083600000| Untracked 
|  55|0x0000000083700000, 0x0000000083700000, 0x0000000083800000|  0%| F|  |TAMS 0x0000000083700000, 0x0000000083700000| Untracked 
|  56|0x0000000083800000, 0x0000000083800000, 0x0000000083900000|  0%| F|  |TAMS 0x0000000083800000, 0x0000000083800000| Untracked 
|  57|0x0000000083900000, 0x0000000083900000, 0x0000000083a00000|  0%| F|  |TAMS 0x0000000083900000, 0x0000000083900000| Untracked 
|  58|0x0000000083a00000, 0x0000000083a00000, 0x0000000083b00000|  0%| F|  |TAMS 0x0000000083a00000, 0x0000000083a00000| Untracked 
|  59|0x0000000083b00000, 0x0000000083b00000, 0x0000000083c00000|  0%| F|  |TAMS 0x0000000083b00000, 0x0000000083b00000| Untracked 
|  60|0x0000000083c00000, 0x0000000083c00000, 0x0000000083d00000|  0%| F|  |TAMS 0x0000000083c00000, 0x0000000083c00000| Untracked 
|  61|0x0000000083d00000, 0x0000000083d00000, 0x0000000083e00000|  0%| F|  |TAMS 0x0000000083d00000, 0x0000000083d00000| Untracked 
| 104|0x0000000086800000, 0x0000000086800000, 0x0000000086900000|  0%| F|  |TAMS 0x0000000086800000, 0x0000000086800000| Untracked 
| 125|0x0000000087d00000, 0x0000000087d00000, 0x0000000087e00000|  0%| F|  |TAMS 0x0000000087d00000, 0x0000000087d00000| Untracked 

Card table byte_map: [0x00000162faf50000,0x00000162fb350000] _byte_map_base: 0x00000162fab50000

Marking Bits (Prev, Next): (CMBitMap*) 0x00000162f43e6560, (CMBitMap*) 0x00000162f43e6520
 Prev Bits: [0x00000162fd750000, 0x00000162ff750000)
 Next Bits: [0x00000162fb750000, 0x00000162fd750000)

Polling page: 0x00000162f2310000

Metaspace:

Usage:
  Non-class:     51.96 MB used.
      Class:      8.14 MB used.
       Both:     60.10 MB used.

Virtual space:
  Non-class space:       56.00 MB reserved,      52.25 MB ( 93%) committed,  7 nodes.
      Class space:        1.00 GB reserved,       8.38 MB ( <1%) committed,  1 nodes.
             Both:        1.05 GB reserved,      60.62 MB (  6%) committed. 

Chunk freelists:
   Non-Class:  3.76 MB
       Class:  3.50 MB
        Both:  7.26 MB

MaxMetaspaceSize: unlimited
CompressedClassSpaceSize: 1.00 GB
Initial GC threshold: 21.00 MB
Current GC threshold: 98.44 MB
CDS: off
MetaspaceReclaimPolicy: balanced
 - commit_granule_bytes: 65536.
 - commit_granule_words: 8192.
 - virtual_space_node_default_size: 1048576.
 - enlarge_chunks_in_place: 1.
 - new_chunks_are_fully_committed: 0.
 - uncommit_free_chunks: 1.
 - use_allocation_guard: 0.
 - handle_deallocations: 1.


Internal statistics:

num_allocs_failed_limit: 9.
num_arena_births: 706.
num_arena_deaths: 0.
num_vsnodes_births: 8.
num_vsnodes_deaths: 0.
num_space_committed: 970.
num_space_uncommitted: 0.
num_chunks_returned_to_freelist: 9.
num_chunks_taken_from_freelist: 2651.
num_chunk_merges: 9.
num_chunk_splits: 1903.
num_chunks_enlarged: 1460.
num_purges: 0.
num_inconsistent_stats: 0.

CodeCache: size=49152Kb used=11564Kb max_used=11564Kb free=37587Kb
 bounds [0x00000162f7a40000, 0x00000162f8590000, 0x00000162faa40000]
 total_blobs=6375 nmethods=5727 adapters=572
 compilation: enabled
              stopped_count=0, restarted_count=0
 full_count=0

Compilation events (20 events):
Event: 5.586 Thread 0x000001628375c130 5717       1       org.springframework.data.util.ReflectionUtils::returnTypeAndParameters (28 bytes)
Event: 5.586 Thread 0x00000162837b3ae0 5718   !   1       java.util.stream.Streams$2::run (47 bytes)
Event: 5.587 Thread 0x00000162837b3ae0 nmethod 5718 0x00000162f8582c90 code [0x00000162f8582e60, 0x00000162f85830b8]
Event: 5.587 Thread 0x00000162837b3ae0 5723       1       jdk.internal.reflect.ByteVectorImpl::put (27 bytes)
Event: 5.587 Thread 0x00000162837b3ae0 nmethod 5723 0x00000162f8583390 code [0x00000162f8583520, 0x00000162f8583668]
Event: 5.587 Thread 0x0000016282c3e7d0 nmethod 5716 0x00000162f8583790 code [0x00000162f85839a0, 0x00000162f8583ee8]
Event: 5.587 Thread 0x00000162837b3ae0 5725       1       org.springframework.aop.support.AopUtils::isEqualsMethod (5 bytes)
Event: 5.587 Thread 0x0000016282c3e7d0 5726       1       org.springframework.aop.support.AopUtils::isHashCodeMethod (5 bytes)
Event: 5.587 Thread 0x00000162837b3ae0 nmethod 5725 0x00000162f8584290 code [0x00000162f8584420, 0x00000162f85844e8]
Event: 5.587 Thread 0x00000162837b3ae0 5724       1       org.springframework.util.Assert::isInstanceOf (8 bytes)
Event: 5.587 Thread 0x0000016282c3e7d0 nmethod 5726 0x00000162f8584590 code [0x00000162f8584720, 0x00000162f8584848]
Event: 5.587 Thread 0x0000016282c3e7d0 5722       1       org.hibernate.metamodel.model.domain.internal.PrimitiveBasicTypeImpl::getJavaType (5 bytes)
Event: 5.587 Thread 0x0000016282c3e7d0 nmethod 5722 0x00000162f8584990 code [0x00000162f8584b20, 0x00000162f8584bf8]
Event: 5.587 Thread 0x00000162837b3ae0 nmethod 5724 0x00000162f8584c90 code [0x00000162f8584e40, 0x00000162f8584fd8]
Event: 5.587 Thread 0x000001628375c130 nmethod 5717 0x00000162f8585110 code [0x00000162f8585320, 0x00000162f8585828]
Event: 5.588 Thread 0x0000016282d1b730 nmethod 5698 0x00000162f8585b90 code [0x00000162f8586360, 0x00000162f85897d8]
Event: 5.590 Thread 0x000001628375c130 5728       1       org.springframework.data.repository.core.support.RepositoryFragment::methods (13 bytes)
Event: 5.590 Thread 0x0000016282d1b730 5727       1       org.springframework.data.repository.core.support.RepositoryComposition$RepositoryFragments$$Lambda$1166/0x000000010084a138::apply (10 bytes)
Event: 5.590 Thread 0x0000016282d1b730 nmethod 5727 0x00000162f858a690 code [0x00000162f858a820, 0x00000162f858a948]
Event: 5.590 Thread 0x000001628375c130 nmethod 5728 0x00000162f858aa10 code [0x00000162f858ac20, 0x00000162f858af68]

GC Heap History (20 events):
Event: 1.452 GC heap after
{Heap after GC invocations=4 (full 0):
 garbage-first heap   total 37888K, used 10780K [0x0000000080000000, 0x0000000100000000)
  region size 1024K, 4 young (4096K), 4 survivors (4096K)
 Metaspace       used 24565K, committed 24896K, reserved 1073152K
  class space    used 2909K, committed 3072K, reserved 1048576K
}
Event: 1.460 GC heap before
{Heap before GC invocations=4 (full 0):
 garbage-first heap   total 37888K, used 11804K [0x0000000080000000, 0x0000000100000000)
  region size 1024K, 5 young (5120K), 4 survivors (4096K)
 Metaspace       used 24573K, committed 24896K, reserved 1073152K
  class space    used 2911K, committed 3072K, reserved 1048576K
}
Event: 1.463 GC heap after
{Heap after GC invocations=5 (full 0):
 garbage-first heap   total 37888K, used 11086K [0x0000000080000000, 0x0000000100000000)
  region size 1024K, 1 young (1024K), 1 survivors (1024K)
 Metaspace       used 24573K, committed 24896K, reserved 1073152K
  class space    used 2911K, committed 3072K, reserved 1048576K
}
Event: 1.564 GC heap before
{Heap before GC invocations=5 (full 0):
 garbage-first heap   total 37888K, used 25422K [0x0000000080000000, 0x0000000100000000)
  region size 1024K, 16 young (16384K), 1 survivors (1024K)
 Metaspace       used 27082K, committed 27328K, reserved 1073152K
  class space    used 3219K, committed 3328K, reserved 1048576K
}
Event: 1.566 GC heap after
{Heap after GC invocations=6 (full 0):
 garbage-first heap   total 37888K, used 11963K [0x0000000080000000, 0x0000000100000000)
  region size 1024K, 2 young (2048K), 2 survivors (2048K)
 Metaspace       used 27082K, committed 27328K, reserved 1073152K
  class space    used 3219K, committed 3328K, reserved 1048576K
}
Event: 1.754 GC heap before
{Heap before GC invocations=6 (full 0):
 garbage-first heap   total 37888K, used 27323K [0x0000000080000000, 0x0000000100000000)
  region size 1024K, 17 young (17408K), 2 survivors (2048K)
 Metaspace       used 29442K, committed 29760K, reserved 1081344K
  class space    used 3572K, committed 3712K, reserved 1048576K
}
Event: 1.758 GC heap after
{Heap after GC invocations=7 (full 0):
 garbage-first heap   total 74752K, used 12821K [0x0000000080000000, 0x0000000100000000)
  region size 1024K, 3 young (3072K), 3 survivors (3072K)
 Metaspace       used 29442K, committed 29760K, reserved 1081344K
  class space    used 3572K, committed 3712K, reserved 1048576K
}
Event: 2.378 GC heap before
{Heap before GC invocations=7 (full 0):
 garbage-first heap   total 74752K, used 48661K [0x0000000080000000, 0x0000000100000000)
  region size 1024K, 38 young (38912K), 3 survivors (3072K)
 Metaspace       used 35488K, committed 35904K, reserved 1081344K
  class space    used 4459K, committed 4672K, reserved 1048576K
}
Event: 2.389 GC heap after
{Heap after GC invocations=8 (full 0):
 garbage-first heap   total 74752K, used 16710K [0x0000000080000000, 0x0000000100000000)
  region size 1024K, 5 young (5120K), 5 survivors (5120K)
 Metaspace       used 35488K, committed 35904K, reserved 1081344K
  class space    used 4459K, committed 4672K, reserved 1048576K
}
Event: 2.407 GC heap before
{Heap before GC invocations=8 (full 0):
 garbage-first heap   total 74752K, used 16710K [0x0000000080000000, 0x0000000100000000)
  region size 1024K, 6 young (6144K), 5 survivors (5120K)
 Metaspace       used 35564K, committed 35968K, reserved 1081344K
  class space    used 4466K, committed 4672K, reserved 1048576K
}
Event: 2.414 GC heap after
{Heap after GC invocations=9 (full 0):
 garbage-first heap   total 74752K, used 17629K [0x0000000080000000, 0x0000000100000000)
  region size 1024K, 1 young (1024K), 1 survivors (1024K)
 Metaspace       used 35564K, committed 35968K, reserved 1081344K
  class space    used 4466K, committed 4672K, reserved 1048576K
}
Event: 2.955 GC heap before
{Heap before GC invocations=10 (full 0):
 garbage-first heap   total 65536K, used 54493K [0x0000000080000000, 0x0000000100000000)
  region size 1024K, 37 young (37888K), 1 survivors (1024K)
 Metaspace       used 43965K, committed 44416K, reserved 1089536K
  class space    used 5662K, committed 5888K, reserved 1048576K
}
Event: 2.957 GC heap after
{Heap after GC invocations=11 (full 0):
 garbage-first heap   total 65536K, used 19009K [0x0000000080000000, 0x0000000100000000)
  region size 1024K, 3 young (3072K), 3 survivors (3072K)
 Metaspace       used 43965K, committed 44416K, reserved 1089536K
  class space    used 5662K, committed 5888K, reserved 1048576K
}
Event: 3.408 GC heap before
{Heap before GC invocations=11 (full 0):
 garbage-first heap   total 65536K, used 48705K [0x0000000080000000, 0x0000000100000000)
  region size 1024K, 32 young (32768K), 3 survivors (3072K)
 Metaspace       used 51695K, committed 52160K, reserved 1097728K
  class space    used 6817K, committed 7040K, reserved 1048576K
}
Event: 3.412 GC heap after
{Heap after GC invocations=12 (full 0):
 garbage-first heap   total 65536K, used 21818K [0x0000000080000000, 0x0000000100000000)
  region size 1024K, 3 young (3072K), 3 survivors (3072K)
 Metaspace       used 51695K, committed 52160K, reserved 1097728K
  class space    used 6817K, committed 7040K, reserved 1048576K
}
Event: 3.771 GC heap before
{Heap before GC invocations=12 (full 0):
 garbage-first heap   total 65536K, used 49466K [0x0000000080000000, 0x0000000100000000)
  region size 1024K, 30 young (30720K), 3 survivors (3072K)
 Metaspace       used 55397K, committed 55808K, reserved 1097728K
  class space    used 7427K, committed 7616K, reserved 1048576K
}
Event: 3.774 GC heap after
{Heap after GC invocations=13 (full 0):
 garbage-first heap   total 65536K, used 22754K [0x0000000080000000, 0x0000000100000000)
  region size 1024K, 1 young (1024K), 1 survivors (1024K)
 Metaspace       used 55397K, committed 55808K, reserved 1097728K
  class space    used 7427K, committed 7616K, reserved 1048576K
}
Event: 5.329 GC heap before
{Heap before GC invocations=13 (full 0):
 garbage-first heap   total 65536K, used 43234K [0x0000000080000000, 0x0000000100000000)
  region size 1024K, 22 young (22528K), 1 survivors (1024K)
 Metaspace       used 59780K, committed 60288K, reserved 1105920K
  class space    used 8005K, committed 8192K, reserved 1048576K
}
Event: 5.332 GC heap after
{Heap after GC invocations=14 (full 0):
 garbage-first heap   total 65536K, used 24076K [0x0000000080000000, 0x0000000100000000)
  region size 1024K, 3 young (3072K), 3 survivors (3072K)
 Metaspace       used 59780K, committed 60288K, reserved 1105920K
  class space    used 8005K, committed 8192K, reserved 1048576K
}
Event: 5.592 GC heap before
{Heap before GC invocations=15 (full 0):
 garbage-first heap   total 65536K, used 50700K [0x0000000080000000, 0x0000000100000000)
  region size 1024K, 29 young (29696K), 3 survivors (3072K)
 Metaspace       used 61542K, committed 62080K, reserved 1105920K
  class space    used 8337K, committed 8576K, reserved 1048576K
}

Dll operation events (9 events):
Event: 0.007 Loaded shared library F:\sts-4.17.0.RELEASE\plugins\org.eclipse.justj.openjdk.hotspot.jre.full.win32.x86_64_17.0.5.v20221102-0933\jre\bin\java.dll
Event: 0.177 Loaded shared library F:\sts-4.17.0.RELEASE\plugins\org.eclipse.justj.openjdk.hotspot.jre.full.win32.x86_64_17.0.5.v20221102-0933\jre\bin\jimage.dll
Event: 0.190 Loaded shared library F:\sts-4.17.0.RELEASE\plugins\org.eclipse.justj.openjdk.hotspot.jre.full.win32.x86_64_17.0.5.v20221102-0933\jre\bin\net.dll
Event: 0.192 Loaded shared library F:\sts-4.17.0.RELEASE\plugins\org.eclipse.justj.openjdk.hotspot.jre.full.win32.x86_64_17.0.5.v20221102-0933\jre\bin\nio.dll
Event: 0.195 Loaded shared library F:\sts-4.17.0.RELEASE\plugins\org.eclipse.justj.openjdk.hotspot.jre.full.win32.x86_64_17.0.5.v20221102-0933\jre\bin\zip.dll
Event: 0.240 Loaded shared library F:\sts-4.17.0.RELEASE\plugins\org.eclipse.justj.openjdk.hotspot.jre.full.win32.x86_64_17.0.5.v20221102-0933\jre\bin\management.dll
Event: 0.251 Loaded shared library F:\sts-4.17.0.RELEASE\plugins\org.eclipse.justj.openjdk.hotspot.jre.full.win32.x86_64_17.0.5.v20221102-0933\jre\bin\management_ext.dll
Event: 0.971 Loaded shared library F:\sts-4.17.0.RELEASE\plugins\org.eclipse.justj.openjdk.hotspot.jre.full.win32.x86_64_17.0.5.v20221102-0933\jre\bin\verify.dll
Event: 2.357 Loaded shared library F:\sts-4.17.0.RELEASE\plugins\org.eclipse.justj.openjdk.hotspot.jre.full.win32.x86_64_17.0.5.v20221102-0933\jre\bin\sunmscapi.dll

Deoptimization events (8 events):
Event: 1.010 Thread 0x00000162f438b2b0 DEOPT PACKING pc=0x00000162f7f99719 sp=0x00000023b63fd3e0
Event: 1.010 Thread 0x00000162f438b2b0 DEOPT UNPACKING pc=0x00000162f7a92b43 sp=0x00000023b63fc8c0 mode 3
Event: 2.451 Thread 0x00000162f438b2b0 DEOPT PACKING pc=0x00000162f8244f7d sp=0x00000023b63fc710
Event: 2.451 Thread 0x00000162f438b2b0 DEOPT UNPACKING pc=0x00000162f7a92b43 sp=0x00000023b63fbc78 mode 3
Event: 5.354 Thread 0x00000162f438b2b0 DEOPT PACKING pc=0x00000162f7fc8a14 sp=0x00000023b63fd080
Event: 5.354 Thread 0x00000162f438b2b0 DEOPT UNPACKING pc=0x00000162f7a92b43 sp=0x00000023b63fc5d8 mode 0
Event: 5.559 Thread 0x00000162f438b2b0 DEOPT PACKING pc=0x00000162f8551c19 sp=0x00000023b63fd810
Event: 5.560 Thread 0x00000162f438b2b0 DEOPT UNPACKING pc=0x00000162f7a92b43 sp=0x00000023b63fccf0 mode 3

Classes unloaded (0 events):
No events

Classes redefined (0 events):
No events

Internal exceptions (20 events):
Event: 3.406 Thread 0x00000162f438b2b0 Exception <a 'java/lang/IncompatibleClassChangeError'{0x00000000823e1d20}: Found class java.lang.Object, but interface was expected> (0x00000000823e1d20) 
thrown [s\src\hotspot\share\interpreter\linkResolver.cpp, line 826]
Event: 3.655 Thread 0x00000162836f3bb0 Exception <a 'java/lang/reflect/InvocationTargetException'{0x00000000832fc4f0}> (0x00000000832fc4f0) 
thrown [s\src\hotspot\share\runtime\reflection.cpp, line 1121]
Event: 3.803 Thread 0x00000162f438b2b0 Exception <a 'java/lang/NoSuchMethodError'{0x0000000083d37e08}: 'int java.lang.invoke.DirectMethodHandle$Holder.invokeStatic(java.lang.Object, java.lang.Object, java.lang.Object, java.lang.Object, java.lang.Object)'> (0x0000000083d37e08) 
thrown [s\src\hotspot\share\interpreter\linkResolver.cpp, line 759]
Event: 3.803 Thread 0x00000162f438b2b0 Exception <a 'java/lang/NoSuchMethodError'{0x0000000083d4b830}: 'java.lang.Object java.lang.invoke.DirectMethodHandle$Holder.newInvokeSpecial(java.lang.Object, java.lang.Object, java.lang.Object, java.lang.Object, java.lang.Object, java.lang.Object, java.lang.Object)'> (0x0000000083d4b830) 
thrown [s\src\hotspot\share\interpreter\linkResolver.cpp, line 759]
Event: 3.831 Thread 0x00000162f438b2b0 Exception <a 'java/lang/NoSuchMethodError'{0x0000000083cfd390}: 'java.lang.Object java.lang.invoke.DirectMethodHandle$Holder.newInvokeSpecial(java.lang.Object, java.lang.Object, java.lang.Object, java.lang.Object, java.lang.Object, java.lang.Object, java.lang.Object, int)'> (0x0000000083cfd390) 
thrown [s\src\hotspot\share\interpreter\linkResolver.cpp, line 759]
Event: 3.831 Thread 0x00000162f438b2b0 Exception <a 'java/lang/NoSuchMethodError'{0x0000000083b02460}: 'java.lang.Object java.lang.invoke.DirectMethodHandle$Holder.invokeSpecial(java.lang.Object, java.lang.Object, java.lang.Object, java.lang.Object, java.lang.Object, java.lang.Object, java.lang.Object, java.lang.Object, int)'> (0x0000000083b02460) 
thrown [s\src\hotspot\share\interpreter\linkResolver.cpp, line 759]
Event: 3.856 Thread 0x00000162f438b2b0 Exception <a 'java/lang/NoSuchMethodError'{0x0000000083a8c6a0}: 'java.lang.Object java.lang.invoke.DirectMethodHandle$Holder.newInvokeSpecial(java.lang.Object, java.lang.Object, int, java.lang.Object, int, java.lang.Object, java.lang.Object, java.lang.Object)'> (0x0000000083a8c6a0) 
thrown [s\src\hotspot\share\interpreter\linkResolver.cpp, line 759]
Event: 3.856 Thread 0x00000162f438b2b0 Exception <a 'java/lang/NoSuchMethodError'{0x0000000083a99578}: 'int java.lang.invoke.DirectMethodHandle$Holder.invokeSpecial(java.lang.Object, java.lang.Object, java.lang.Object, java.lang.Object, java.lang.Object, java.lang.Object)'> (0x0000000083a99578) 
thrown [s\src\hotspot\share\interpreter\linkResolver.cpp, line 759]
Event: 3.864 Thread 0x00000162f438b2b0 Exception <a 'java/lang/NoSuchMethodError'{0x0000000083915b48}: 'void java.lang.invoke.DirectMethodHandle$Holder.invokeInterface(java.lang.Object, java.lang.Object)'> (0x0000000083915b48) 
thrown [s\src\hotspot\share\interpreter\linkResolver.cpp, line 759]
Event: 4.158 Thread 0x00000162836f3bb0 Exception <a 'java/lang/reflect/InvocationTargetException'{0x0000000083501b90}> (0x0000000083501b90) 
thrown [s\src\hotspot\share\runtime\reflection.cpp, line 1121]
Event: 4.661 Thread 0x00000162836f3bb0 Exception <a 'java/lang/reflect/InvocationTargetException'{0x00000000835054e8}> (0x00000000835054e8) 
thrown [s\src\hotspot\share\runtime\reflection.cpp, line 1121]
Event: 5.164 Thread 0x00000162836f3bb0 Exception <a 'java/lang/reflect/InvocationTargetException'{0x0000000083508bf8}> (0x0000000083508bf8) 
thrown [s\src\hotspot\share\runtime\reflection.cpp, line 1121]
Event: 5.256 Thread 0x00000162f438b2b0 Exception <a 'java/lang/IncompatibleClassChangeError'{0x00000000831fb0e8}: Found class java.lang.Object, but interface was expected> (0x00000000831fb0e8) 
thrown [s\src\hotspot\share\interpreter\linkResolver.cpp, line 826]
Event: 5.277 Thread 0x00000162f438b2b0 Exception <a 'java/lang/IncompatibleClassChangeError'{0x0000000082f64d60}: Found class java.lang.Object, but interface was expected> (0x0000000082f64d60) 
thrown [s\src\hotspot\share\interpreter\linkResolver.cpp, line 826]
Event: 5.388 Thread 0x00000162f438b2b0 Exception <a 'java/lang/IncompatibleClassChangeError'{0x0000000083c7e138}: Found class java.lang.Object, but interface was expected> (0x0000000083c7e138) 
thrown [s\src\hotspot\share\interpreter\linkResolver.cpp, line 826]
Event: 5.436 Thread 0x00000162f438b2b0 Exception <a 'java/lang/reflect/InvocationTargetException'{0x0000000083552150}> (0x0000000083552150) 
thrown [s\src\hotspot\share\runtime\reflection.cpp, line 1121]
Event: 5.446 Thread 0x00000162f438b2b0 Exception <a 'java/lang/NoSuchMethodError'{0x00000000835b0038}: 'int java.lang.invoke.DirectMethodHandle$Holder.invokeStatic(java.lang.Object, java.lang.Object, int)'> (0x00000000835b0038) 
thrown [s\src\hotspot\share\interpreter\linkResolver.cpp, line 759]
Event: 5.448 Thread 0x00000162f438b2b0 Exception <a 'java/lang/NoSuchMethodError'{0x00000000835ccf10}: 'java.lang.Object java.lang.invoke.DirectMethodHandle$Holder.newInvokeSpecial(java.lang.Object, java.lang.Object, int)'> (0x00000000835ccf10) 
thrown [s\src\hotspot\share\interpreter\linkResolver.cpp, line 759]
Event: 5.451 Thread 0x00000162f438b2b0 Exception <a 'java/lang/IncompatibleClassChangeError'{0x00000000835f7068}: Found class java.lang.Object, but interface was expected> (0x00000000835f7068) 
thrown [s\src\hotspot\share\interpreter\linkResolver.cpp, line 826]
Event: 5.452 Thread 0x00000162f438b2b0 Exception <a 'java/lang/IncompatibleClassChangeError'{0x00000000835fd708}: Found class java.lang.Object, but interface was expected> (0x00000000835fd708) 
thrown [s\src\hotspot\share\interpreter\linkResolver.cpp, line 826]

VM Operations (20 events):
Event: 3.774 Executing VM operation: G1CollectForAllocation done
Event: 3.908 Executing VM operation: HandshakeAllThreads
Event: 3.908 Executing VM operation: HandshakeAllThreads done
Event: 3.929 Executing VM operation: HandshakeAllThreads
Event: 3.929 Executing VM operation: HandshakeAllThreads done
Event: 4.929 Executing VM operation: Cleanup
Event: 4.929 Executing VM operation: Cleanup done
Event: 5.329 Executing VM operation: CollectForMetadataAllocation
Event: 5.332 Executing VM operation: CollectForMetadataAllocation done
Event: 5.349 Executing VM operation: G1Concurrent
Event: 5.353 Executing VM operation: G1Concurrent done
Event: 5.353 Executing VM operation: HandshakeAllThreads
Event: 5.353 Executing VM operation: HandshakeAllThreads done
Event: 5.363 Executing VM operation: G1Concurrent
Event: 5.363 Executing VM operation: G1Concurrent done
Event: 5.411 Executing VM operation: HandshakeAllThreads
Event: 5.411 Executing VM operation: HandshakeAllThreads done
Event: 5.411 Executing VM operation: HandshakeAllThreads
Event: 5.411 Executing VM operation: HandshakeAllThreads done
Event: 5.592 Executing VM operation: G1CollectForAllocation

Events (20 events):
Event: 5.472 loading class java/util/regex/Pattern$LookBehindEndNode
Event: 5.472 loading class java/util/regex/Pattern$LookBehindEndNode done
Event: 5.472 loading class java/util/regex/Pattern$NotBehind
Event: 5.472 loading class java/util/regex/Pattern$NotBehind done
Event: 5.472 loading class java/util/regex/Pattern$Behind
Event: 5.472 loading class java/util/regex/Pattern$Behind done
Event: 5.472 loading class java/util/regex/Pattern$GroupCurly
Event: 5.473 loading class java/util/regex/Pattern$GroupCurly done
Event: 5.501 loading class java/util/concurrent/ConcurrentHashMap$TreeNode
Event: 5.502 loading class java/util/concurrent/ConcurrentHashMap$TreeNode done
Event: 5.502 loading class java/util/concurrent/ConcurrentHashMap$TreeBin
Event: 5.502 loading class java/util/concurrent/ConcurrentHashMap$TreeBin done
Event: 5.510 loading class java/lang/invoke/MethodHandleImpl$CountingWrapper$1
Event: 5.510 loading class java/lang/invoke/MethodHandleImpl$CountingWrapper$1 done
Event: 5.523 loading class sun/reflect/ReflectionFactory
Event: 5.523 loading class sun/reflect/ReflectionFactory done
Event: 5.523 loading class sun/reflect/ReflectionFactory$1
Event: 5.523 loading class sun/reflect/ReflectionFactory$1 done
Event: 5.523 loading class java/io/OptionalDataException
Event: 5.523 loading class java/io/OptionalDataException done


Dynamic libraries:
0x00007ff633160000 - 0x00007ff63316e000 	F:\sts-4.17.0.RELEASE\plugins\org.eclipse.justj.openjdk.hotspot.jre.full.win32.x86_64_17.0.5.v20221102-0933\jre\bin\javaw.exe
0x00007ff9fc5d0000 - 0x00007ff9fc7c8000 	C:\WINDOWS\SYSTEM32\ntdll.dll
0x00007ff9fbfc0000 - 0x00007ff9fc07f000 	C:\WINDOWS\System32\KERNEL32.DLL
0x00007ff9f9e80000 - 0x00007ff9fa152000 	C:\WINDOWS\System32\KERNELBASE.dll
0x00007ff9f9d80000 - 0x00007ff9f9e80000 	C:\WINDOWS\System32\ucrtbase.dll
0x00007ff9f5800000 - 0x00007ff9f5817000 	F:\sts-4.17.0.RELEASE\plugins\org.eclipse.justj.openjdk.hotspot.jre.full.win32.x86_64_17.0.5.v20221102-0933\jre\bin\jli.dll
0x00007ff9f57d0000 - 0x00007ff9f57e9000 	F:\sts-4.17.0.RELEASE\plugins\org.eclipse.justj.openjdk.hotspot.jre.full.win32.x86_64_17.0.5.v20221102-0933\jre\bin\VCRUNTIME140.dll
0x00007ff9fc3d0000 - 0x00007ff9fc571000 	C:\WINDOWS\System32\USER32.dll
0x00007ff9f9cc0000 - 0x00007ff9f9ce2000 	C:\WINDOWS\System32\win32u.dll
0x00007ff9eb6f0000 - 0x00007ff9eb98a000 	C:\WINDOWS\WinSxS\amd64_microsoft.windows.common-controls_6595b64144ccf1df_6.0.19041.1110_none_60b5254171f9507e\COMCTL32.dll
0x00007ff9fbc30000 - 0x00007ff9fbc5b000 	C:\WINDOWS\System32\GDI32.dll
0x00007ff9fbc60000 - 0x00007ff9fbcfe000 	C:\WINDOWS\System32\msvcrt.dll
0x00007ff9fa280000 - 0x00007ff9fa38f000 	C:\WINDOWS\System32\gdi32full.dll
0x00007ff9fa520000 - 0x00007ff9fa5bd000 	C:\WINDOWS\System32\msvcp_win.dll
0x00007ff9fa7c0000 - 0x00007ff9fa7f2000 	C:\WINDOWS\System32\IMM32.DLL
0x00007ff9f57c0000 - 0x00007ff9f57cc000 	F:\sts-4.17.0.RELEASE\plugins\org.eclipse.justj.openjdk.hotspot.jre.full.win32.x86_64_17.0.5.v20221102-0933\jre\bin\vcruntime140_1.dll
0x00007ff9e2b20000 - 0x00007ff9e2bb1000 	F:\sts-4.17.0.RELEASE\plugins\org.eclipse.justj.openjdk.hotspot.jre.full.win32.x86_64_17.0.5.v20221102-0933\jre\bin\msvcp140.dll
0x00007ff9c4200000 - 0x00007ff9c4e44000 	F:\sts-4.17.0.RELEASE\plugins\org.eclipse.justj.openjdk.hotspot.jre.full.win32.x86_64_17.0.5.v20221102-0933\jre\bin\server\jvm.dll
0x00007ff9fb380000 - 0x00007ff9fb42e000 	C:\WINDOWS\System32\ADVAPI32.dll
0x00007ff9fad00000 - 0x00007ff9fad9c000 	C:\WINDOWS\System32\sechost.dll
0x00007ff9fc2a0000 - 0x00007ff9fc3c5000 	C:\WINDOWS\System32\RPCRT4.dll
0x00007ff9e68a0000 - 0x00007ff9e68a9000 	C:\WINDOWS\SYSTEM32\WSOCK32.dll
0x00007ff9e88b0000 - 0x00007ff9e88d7000 	C:\WINDOWS\SYSTEM32\WINMM.dll
0x00007ff9f0540000 - 0x00007ff9f054a000 	C:\WINDOWS\SYSTEM32\VERSION.dll
0x00007ff9fb310000 - 0x00007ff9fb37b000 	C:\WINDOWS\System32\WS2_32.dll
0x00007ff9f8560000 - 0x00007ff9f8572000 	C:\WINDOWS\SYSTEM32\kernel.appcore.dll
0x00007ff9e3a10000 - 0x00007ff9e3a1a000 	F:\sts-4.17.0.RELEASE\plugins\org.eclipse.justj.openjdk.hotspot.jre.full.win32.x86_64_17.0.5.v20221102-0933\jre\bin\jimage.dll
0x00007ff9f7a70000 - 0x00007ff9f7c54000 	C:\WINDOWS\SYSTEM32\DBGHELP.DLL
0x00007ff9e52c0000 - 0x00007ff9e52f5000 	C:\WINDOWS\SYSTEM32\dbgcore.DLL
0x00007ff9f9cf0000 - 0x00007ff9f9d72000 	C:\WINDOWS\System32\bcryptPrimitives.dll
0x00007ff9c4190000 - 0x00007ff9c41b5000 	F:\sts-4.17.0.RELEASE\plugins\org.eclipse.justj.openjdk.hotspot.jre.full.win32.x86_64_17.0.5.v20221102-0933\jre\bin\java.dll
0x00007ff9c4170000 - 0x00007ff9c4188000 	F:\sts-4.17.0.RELEASE\plugins\org.eclipse.justj.openjdk.hotspot.jre.full.win32.x86_64_17.0.5.v20221102-0933\jre\bin\zip.dll
0x00007ff9fb4e0000 - 0x00007ff9fbc24000 	C:\WINDOWS\System32\SHELL32.dll
0x00007ff9f7d60000 - 0x00007ff9f84f2000 	C:\WINDOWS\SYSTEM32\windows.storage.dll
0x00007ff9faed0000 - 0x00007ff9fb225000 	C:\WINDOWS\System32\combase.dll
0x00007ff9f9640000 - 0x00007ff9f9670000 	C:\WINDOWS\SYSTEM32\Wldp.dll
0x00007ff9fc140000 - 0x00007ff9fc1ed000 	C:\WINDOWS\System32\SHCORE.dll
0x00007ff9fc080000 - 0x00007ff9fc0d5000 	C:\WINDOWS\System32\shlwapi.dll
0x00007ff9f9c00000 - 0x00007ff9f9c1f000 	C:\WINDOWS\SYSTEM32\profapi.dll
0x00007ff9f57a0000 - 0x00007ff9f57b9000 	F:\sts-4.17.0.RELEASE\plugins\org.eclipse.justj.openjdk.hotspot.jre.full.win32.x86_64_17.0.5.v20221102-0933\jre\bin\net.dll
0x00007ff9f2bb0000 - 0x00007ff9f2cbc000 	C:\WINDOWS\SYSTEM32\WINHTTP.dll
0x00007ff9f93a0000 - 0x00007ff9f940a000 	C:\WINDOWS\system32\mswsock.dll
0x00007ff9f4550000 - 0x00007ff9f4565000 	F:\sts-4.17.0.RELEASE\plugins\org.eclipse.justj.openjdk.hotspot.jre.full.win32.x86_64_17.0.5.v20221102-0933\jre\bin\nio.dll
0x00007ff9f5790000 - 0x00007ff9f5799000 	F:\sts-4.17.0.RELEASE\plugins\org.eclipse.justj.openjdk.hotspot.jre.full.win32.x86_64_17.0.5.v20221102-0933\jre\bin\management.dll
0x00007ff9f5780000 - 0x00007ff9f578b000 	F:\sts-4.17.0.RELEASE\plugins\org.eclipse.justj.openjdk.hotspot.jre.full.win32.x86_64_17.0.5.v20221102-0933\jre\bin\management_ext.dll
0x00007ff9fc580000 - 0x00007ff9fc588000 	C:\WINDOWS\System32\PSAPI.DLL
0x00007ff9dd780000 - 0x00007ff9dd797000 	C:\WINDOWS\system32\napinsp.dll
0x00007ff9dd6f0000 - 0x00007ff9dd70b000 	C:\WINDOWS\system32\pnrpnsp.dll
0x00007ff9f3500000 - 0x00007ff9f3515000 	C:\WINDOWS\system32\wshbth.dll
0x00007ff9f4ea0000 - 0x00007ff9f4ebd000 	C:\WINDOWS\system32\NLAapi.dll
0x00007ff9f9090000 - 0x00007ff9f90cb000 	C:\WINDOWS\SYSTEM32\IPHLPAPI.DLL
0x00007ff9f90d0000 - 0x00007ff9f919a000 	C:\WINDOWS\SYSTEM32\DNSAPI.dll
0x00007ff9fbfb0000 - 0x00007ff9fbfb8000 	C:\WINDOWS\System32\NSI.dll
0x00007ff9dd640000 - 0x00007ff9dd652000 	C:\WINDOWS\System32\winrnr.dll
0x00007ff9f1700000 - 0x00007ff9f170a000 	C:\Windows\System32\rasadhlp.dll
0x00007ff9e8e60000 - 0x00007ff9e8ee0000 	C:\WINDOWS\System32\fwpuclnt.dll
0x00007ff9fa390000 - 0x00007ff9fa3b7000 	C:\WINDOWS\System32\bcrypt.dll
0x00007ff9f9590000 - 0x00007ff9f95a8000 	C:\WINDOWS\SYSTEM32\CRYPTSP.dll
0x00007ff9f8cc0000 - 0x00007ff9f8cf4000 	C:\WINDOWS\system32\rsaenh.dll
0x00007ff9f9bc0000 - 0x00007ff9f9bee000 	C:\WINDOWS\SYSTEM32\USERENV.dll
0x00007ff9f95b0000 - 0x00007ff9f95bc000 	C:\WINDOWS\SYSTEM32\CRYPTBASE.dll
0x00007ff9f0600000 - 0x00007ff9f0617000 	C:\WINDOWS\SYSTEM32\dhcpcsvc6.DLL
0x00007ff9f0e80000 - 0x00007ff9f0e9d000 	C:\WINDOWS\SYSTEM32\dhcpcsvc.DLL
0x00007ff9f4540000 - 0x00007ff9f4550000 	F:\sts-4.17.0.RELEASE\plugins\org.eclipse.justj.openjdk.hotspot.jre.full.win32.x86_64_17.0.5.v20221102-0933\jre\bin\verify.dll
0x00007ff9f3fe0000 - 0x00007ff9f3fee000 	F:\sts-4.17.0.RELEASE\plugins\org.eclipse.justj.openjdk.hotspot.jre.full.win32.x86_64_17.0.5.v20221102-0933\jre\bin\sunmscapi.dll
0x00007ff9fa3c0000 - 0x00007ff9fa516000 	C:\WINDOWS\System32\CRYPT32.dll
0x00007ff9f96b0000 - 0x00007ff9f96d7000 	C:\WINDOWS\SYSTEM32\ncrypt.dll
0x00007ff9f9670000 - 0x00007ff9f96ab000 	C:\WINDOWS\SYSTEM32\NTASN1.dll

dbghelp: loaded successfully - version: 4.0.5 - missing functions: none
symbol engine: initialized successfully - sym options: 0x614 - pdb path: .;F:\sts-4.17.0.RELEASE\plugins\org.eclipse.justj.openjdk.hotspot.jre.full.win32.x86_64_17.0.5.v20221102-0933\jre\bin;C:\WINDOWS\SYSTEM32;C:\WINDOWS\WinSxS\amd64_microsoft.windows.common-controls_6595b64144ccf1df_6.0.19041.1110_none_60b5254171f9507e;F:\sts-4.17.0.RELEASE\plugins\org.eclipse.justj.openjdk.hotspot.jre.full.win32.x86_64_17.0.5.v20221102-0933\jre\bin\server

VM Arguments:
jvm_args: -Dcom.sun.management.jmxremote -Dcom.sun.management.jmxremote.port=50183 -Dcom.sun.management.jmxremote.authenticate=false -Dcom.sun.management.jmxremote.ssl=false -Djava.rmi.server.hostname=localhost -Dspring.jmx.enabled=true -Dmanagement.endpoints.jmx.exposure.include=* -Dspring.application.admin.enabled=true -XX:TieredStopAtLevel=1 -Dspring.boot.project.name=Backend -Dfile.encoding=UTF-8 -XX:+ShowCodeDetailsInExceptionMessages -Xmx2048M 
java_command: com.example.demo.BackendApplication --spring.output.ansi.enabled=always --server.port=8001
java_class_path (initial): F:\SpringBoot\Backend\target\classes;C:\Users\DELL\.m2\repository\org\springframework\boot\spring-boot-starter-data-jpa\3.0.1\spring-boot-starter-data-jpa-3.0.1.jar;C:\Users\DELL\.m2\repository\org\springframework\boot\spring-boot-starter-aop\3.0.1\spring-boot-starter-aop-3.0.1.jar;C:\Users\DELL\.m2\repository\org\springframework\spring-aop\6.0.3\spring-aop-6.0.3.jar;C:\Users\DELL\.m2\repository\org\aspectj\aspectjweaver\1.9.19\aspectjweaver-1.9.19.jar;C:\Users\DELL\.m2\repository\org\springframework\boot\spring-boot-starter-jdbc\3.0.1\spring-boot-starter-jdbc-3.0.1.jar;C:\Users\DELL\.m2\repository\com\zaxxer\HikariCP\5.0.1\HikariCP-5.0.1.jar;C:\Users\DELL\.m2\repository\org\springframework\spring-jdbc\6.0.3\spring-jdbc-6.0.3.jar;C:\Users\DELL\.m2\repository\org\hibernate\orm\hibernate-core\6.1.6.Final\hibernate-core-6.1.6.Final.jar;C:\Users\DELL\.m2\repository\jakarta\persistence\jakarta.persistence-api\3.1.0\jakarta.persistence-api-3.1.0.jar;C:\Users\DELL\.m2\repository\jakarta\transaction\jakarta.transaction-api\2.0.1\jakarta.transaction-api-2.0.1.jar;C:\Users\DELL\.m2\repository\org\jboss\logging\jboss-logging\3.5.0.Final\jboss-logging-3.5.0.Final.jar;C:\Users\DELL\.m2\repository\org\hibernate\common\hibernate-commons-annotations\6.0.2.Final\hibernate-commons-annotations-6.0.2.Final.jar;C:\Users\DELL\.m2\repository\org\jboss\jandex\2.4.2.Final\jandex-2.4.2.Final.jar;C:\Users\DELL\.m2\repository\com\fasterxml\classmate\1.5.1\classmate-1.5.1.jar;C:\Users\DELL\.m2\repository\net\bytebuddy\byte-buddy\1.12.20\byte-buddy-1.12.20.jar;C:\Users\DELL\.m2\repository\org\glassfish\jaxb\jaxb-runtime\4.0.1\jaxb-runtime-4.0.1.jar;C:\Users\DELL\.m2\repository\org\glassfish\jaxb\jaxb-core\4.0.1\jaxb-core-4.0.1.jar;C:\Users\DELL\.m2\repository\org\eclipse\angus\angus-activation\1.0.0\angus-activation-1.0.0.jar;C:\Users\DELL\.m2\repository\org\glassfish\jaxb\txw2\4.0.1\txw2-4.0.1.jar;C:\Users\DELL\.m2\repository\com\sun\istack\istack-commons-runtime\4.
Launcher Type: SUN_STANDARD

[Global flags]
     intx CICompilerCount                          = 4                                         {product} {ergonomic}
     uint ConcGCThreads                            = 2                                         {product} {ergonomic}
     uint G1ConcRefinementThreads                  = 8                                         {product} {ergonomic}
   size_t G1HeapRegionSize                         = 1048576                                   {product} {ergonomic}
    uintx GCDrainStackTargetSize                   = 64                                        {product} {ergonomic}
   size_t InitialHeapSize                          = 132120576                                 {product} {ergonomic}
     bool ManagementServer                         = true                                      {product} {command line}
   size_t MarkStackSize                            = 4194304                                   {product} {ergonomic}
   size_t MaxHeapSize                              = 2147483648                                {product} {command line}
   size_t MaxNewSize                               = 1287651328                                {product} {ergonomic}
   size_t MinHeapDeltaBytes                        = 1048576                                   {product} {ergonomic}
   size_t MinHeapSize                              = 8388608                                   {product} {ergonomic}
    uintx NonProfiledCodeHeapSize                  = 0                                      {pd product} {ergonomic}
     bool ProfileInterpreter                       = false                                  {pd product} {command line}
    uintx ProfiledCodeHeapSize                     = 0                                      {pd product} {ergonomic}
     bool ShowCodeDetailsInExceptionMessages       = true                                   {manageable} {command line}
   size_t SoftMaxHeapSize                          = 2147483648                             {manageable} {ergonomic}
     intx TieredStopAtLevel                        = 1                                         {product} {command line}
     bool UseCompressedClassPointers               = true                           {product lp64_product} {ergonomic}
     bool UseCompressedOops                        = true                           {product lp64_product} {ergonomic}
     bool UseG1GC                                  = true                                      {product} {ergonomic}
     bool UseLargePagesIndividualAllocation        = false                                  {pd product} {ergonomic}

Logging:
Log output configuration:
 #0: stdout all=warning uptime,level,tags
 #1: stderr all=off uptime,level,tags

Environment Variables:
JAVA_HOME=C:\Program Files\Java\jdk1.8.0_45
_JAVA_OPTIONS=  -Xmx2048M
PATH=F:/sts-4.17.0.RELEASE//plugins/org.eclipse.justj.openjdk.hotspot.jre.full.win32.x86_64_17.0.5.v20221102-0933/jre/bin/server;F:/sts-4.17.0.RELEASE//plugins/org.eclipse.justj.openjdk.hotspot.jre.full.win32.x86_64_17.0.5.v20221102-0933/jre/bin;C:\Program Files (x86)\Common Files\Oracle\Java\javapath;C:\ProgramData\Oracle\Java\javapath;C:\Program Files (x86)\Intel\Intel(R) Management Engine Components\iCLS\;C:\Program Files\Intel\Intel(R) Management Engine Components\iCLS\;C:\WINDOWS\system32;C:\WINDOWS;C:\WINDOWS\System32\Wbem;C:\WINDOWS\System32\WindowsPowerShell\v1.0\;C:\WINDOWS\System32\OpenSSH\;C:\Program Files (x86)\Intel\Intel(R) Management Engine Components\DAL;C:\Program Files\Intel\Intel(R) Management Engine Components\DAL;C:\Program Files (x86)\Intel\Intel(R) Management Engine Components\IPT;C:\Program Files\Intel\Intel(R) Management Engine Components\IPT;C:\Program Files\Java\jdk-15.0.1\bin;C:\Program Files\Java\jdk-16.0.1\bin;C:\Program Files (x86)\CodeBlocks\MinGW\bin;C:\Program Files (x86)\GnuWin32\bin;C:\Program Files\glassfish-4.1.1\bin;C:\Program Files\nodejs\;C:\Program Files\MongoDB\Server\5.0\bin;C:\Users\DELL\Postman\file;C:\Program Files\dotnet\;C:\Program Files\Microsoft SQL Server\150\Tools\Binn\;C:\Program Files\Microsoft SQL Server\Client SDK\ODBC\170\Tools\Binn\;F:\apache-maven-3.8.6\bin;C:\Program Files\Java\jre1.8.0_45\bin;F:\NetBeans 8.1\bin;C:\Program Files\Git\cmd;C:\Program Files\Git\bin;C:\Users\DELL\AppData\Local\Microsoft\WindowsApps;C:\iverilog\bin;C:\iverilog\gtkwave\bin;C:\Program Files\Java\jdk1.7.0_80\bin;C:\Program Files\Java\jdk1.8.0_45\bin;C:\Users\DELL\AppData\Roaming\npm;C:\Program Files\MongoDB\Server\5.0\bin;C:\Flex Windows\gcc\bin;C:\Flex Windows\Lex\bin;C:\Flex Windows\bison\bin;C:\Users\DELL\AppData\Local\GitHubDesktop\bin;C:\Users\DELL\.dotnet\tools;C:\Users\DELL\AppData\Local\Programs\Microsoft VS Code\bin;C:\Program Files\Git\bin;;F:\sts-4.17.0.RELEASE;
USERNAME=DELL
OS=Windows_NT
PROCESSOR_IDENTIFIER=Intel64 Family 6 Model 142 Stepping 10, GenuineIntel
TMP=C:\Users\DELL\AppData\Local\Temp
TEMP=C:\Users\DELL\AppData\Local\Temp



---------------  S Y S T E M  ---------------

OS:
 Windows 10 , 64 bit Build 19041 (10.0.19041.2364)
OS uptime: 0 days 0:26 hours

CPU: total 8 (initial active 8) (4 cores per cpu, 2 threads per core) family 6 model 142 stepping 10 microcode 0xca, cx8, cmov, fxsr, ht, mmx, 3dnowpref, sse, sse2, sse3, ssse3, sse4.1, sse4.2, popcnt, lzcnt, tsc, tscinvbit, avx, avx2, aes, erms, clmul, bmi1, bmi2, adx, fma, vzeroupper, clflush, clflushopt

Memory: 4k page, system-wide physical 8056M (406M free)
TotalPageFile size 8056M (AvailPageFile size 19M)
current process WorkingSet (physical memory assigned to process): 196M, peak: 196M
current process commit charge ("private bytes"): 229M, peak: 242M

vm_info: OpenJDK 64-Bit Server VM (17.0.5+8) for windows-amd64 JRE (17.0.5+8), built on Oct 19 2022 04:48:13 by "temurin" with MS VC++ 16.7 (VS2019)

END.
