#
# There is insufficient memory for the Java Runtime Environment to continue.
# Native memory allocation (malloc) failed to allocate 32744 bytes for ChunkPool::allocate
# Possible reasons:
#   The system is out of physical RAM or swap space
#   The process is running with CompressedOops enabled, and the Java Heap may be blocking the growth of the native heap
# Possible solutions:
#   Reduce memory load on the system
#   Increase physical memory or swap space
#   Check if swap backing store is full
#   Decrease Java heap size (-Xmx/-Xms)
#   Decrease number of Java threads
#   Decrease Java thread stack sizes (-Xss)
#   Set larger code cache with -XX:ReservedCodeCacheSize=
#   JVM is running with Unscaled Compressed Oops mode in which the Java heap is
#     placed in the first 4GB address space. The Java Heap base address is the
#     maximum limit for the native heap growth. Please use -XX:HeapBaseMinAddress
#     to set the Java Heap base and to place the Java Heap above 4GB virtual address.
# This output file may be truncated or incomplete.
#
#  Out of Memory Error (arena.cpp:78), pid=14008, tid=1784
#
# JRE version: OpenJDK Runtime Environment Temurin-17.0.5+8 (17.0.5+8) (build 17.0.5+8)
# Java VM: OpenJDK 64-Bit Server VM Temurin-17.0.5+8 (17.0.5+8, mixed mode, emulated-client, tiered, compressed oops, compressed class ptrs, g1 gc, windows-amd64)
# No core dump will be written. Minidumps are not enabled by default on client versions of Windows
#

---------------  S U M M A R Y ------------

Command Line: -Dcom.sun.management.jmxremote -Dcom.sun.management.jmxremote.port=53289 -Dcom.sun.management.jmxremote.authenticate=false -Dcom.sun.management.jmxremote.ssl=false -Djava.rmi.server.hostname=localhost -Dspring.jmx.enabled=true -Dmanagement.endpoints.jmx.exposure.include=* -Dspring.application.admin.enabled=true -XX:TieredStopAtLevel=1 -Dspring.boot.project.name=Backend -Dfile.encoding=UTF-8 -XX:+ShowCodeDetailsInExceptionMessages -Xmx2048M com.example.demo.BackendApplication --spring.output.ansi.enabled=always --server.port=8001

Host: Intel(R) Core(TM) i5-8250U CPU @ 1.60GHz, 8 cores, 7G,  Windows 10 , 64 bit Build 19041 (10.0.19041.2364)
Time: Mon Feb 13 13:31:34 2023 India Standard Time elapsed time: 8683.558676 seconds (0d 2h 24m 43s)

---------------  T H R E A D  ---------------

Current thread (0x000002413aca7ea0):  JavaThread "C1 CompilerThread1" daemon [_thread_in_native, id=1784, stack(0x000000d042b00000,0x000000d042c00000)]


Current CompileTask:
C1:8683558 8087   !   1       org.apache.coyote.AbstractProtocol$ConnectionHandler::process (1265 bytes)

Stack: [0x000000d042b00000,0x000000d042c00000]
Native frames: (J=compiled Java code, j=interpreted, Vv=VM code, C=native code)
V  [jvm.dll+0x676b3a]
V  [jvm.dll+0x831444]
V  [jvm.dll+0x832bee]
V  [jvm.dll+0x833253]
V  [jvm.dll+0x244ce5]
V  [jvm.dll+0xabdcc]
V  [jvm.dll+0xac17c]
V  [jvm.dll+0x141b24]
V  [jvm.dll+0x137b8d]
V  [jvm.dll+0x1435c8]
V  [jvm.dll+0x146829]
V  [jvm.dll+0x146245]
V  [jvm.dll+0x13dace]
V  [jvm.dll+0x140085]
V  [jvm.dll+0x13e26c]
V  [jvm.dll+0x146d1d]
V  [jvm.dll+0x146245]
V  [jvm.dll+0x13dace]
V  [jvm.dll+0x140085]
V  [jvm.dll+0x13e364]
V  [jvm.dll+0x1382ef]
V  [jvm.dll+0x147e36]
V  [jvm.dll+0x133a00]
V  [jvm.dll+0x133d60]
V  [jvm.dll+0x134026]
V  [jvm.dll+0x1334ba]
V  [jvm.dll+0x135181]
V  [jvm.dll+0x22698a]
V  [jvm.dll+0x224ac5]
V  [jvm.dll+0x7e727b]
V  [jvm.dll+0x7e17ea]
V  [jvm.dll+0x6759e5]
C  [ucrtbase.dll+0x21bb2]
C  [KERNEL32.DLL+0x17614]
C  [ntdll.dll+0x526a1]


---------------  P R O C E S S  ---------------

Threads class SMR info:
_java_thread_list=0x000002413f83c3e0, length=37, elements={
0x0000024139c38170, 0x0000024139c0c740, 0x0000024139c13b70, 0x000002413a834010,
0x000002413a8358e0, 0x000002413a8365b0, 0x000002413a836e70, 0x000002413a83ac70,
0x000002413a979ef0, 0x000002413aa0bbc0, 0x000002413af6f480, 0x000002413af7ed30,
0x000002413af82a80, 0x000002413b252e30, 0x000002413b2fa9c0, 0x000002413c7883e0,
0x000002413c7888b0, 0x000002413c787a40, 0x000002413c7870a0, 0x000002413c787f10,
0x000002413f67ddf0, 0x000002413f680470, 0x000002413f67f130, 0x000002413f67e790,
0x000002413f67f600, 0x000002413f67e2c0, 0x000002413f682af0, 0x000002413f67ec60,
0x000002413f67fad0, 0x000002413f682fc0, 0x000002413f67d920, 0x000002413f683490,
0x000002413f681c80, 0x000002413f680e10, 0x000002413aca7ea0, 0x000002413f682150,
0x000002413b00d150
}

Java Threads: ( => current thread )
  0x0000024139c38170 JavaThread "Reference Handler" daemon [_thread_blocked, id=13020, stack(0x000000d043500000,0x000000d043600000)]
  0x0000024139c0c740 JavaThread "Finalizer" daemon [_thread_blocked, id=7860, stack(0x000000d043600000,0x000000d043700000)]
  0x0000024139c13b70 JavaThread "Signal Dispatcher" daemon [_thread_blocked, id=7268, stack(0x000000d043700000,0x000000d043800000)]
  0x000002413a834010 JavaThread "Attach Listener" daemon [_thread_blocked, id=1564, stack(0x000000d043800000,0x000000d043900000)]
  0x000002413a8358e0 JavaThread "Service Thread" daemon [_thread_blocked, id=2628, stack(0x000000d043900000,0x000000d043a00000)]
  0x000002413a8365b0 JavaThread "Monitor Deflation Thread" daemon [_thread_blocked, id=13920, stack(0x000000d043a00000,0x000000d043b00000)]
  0x000002413a836e70 JavaThread "C1 CompilerThread0" daemon [_thread_blocked, id=15864, stack(0x000000d043b00000,0x000000d043c00000)]
  0x000002413a83ac70 JavaThread "Sweeper thread" daemon [_thread_blocked, id=12416, stack(0x000000d043c00000,0x000000d043d00000)]
  0x000002413a979ef0 JavaThread "Common-Cleaner" daemon [_thread_blocked, id=12828, stack(0x000000d043d00000,0x000000d043e00000)]
  0x000002413aa0bbc0 JavaThread "Notification Thread" daemon [_thread_blocked, id=9748, stack(0x000000d044000000,0x000000d044100000)]
  0x000002413af6f480 JavaThread "RMI TCP Accept-0" daemon [_thread_in_native, id=6100, stack(0x000000d044100000,0x000000d044200000)]
  0x000002413af7ed30 JavaThread "RMI TCP Accept-53289" daemon [_thread_in_native, id=6692, stack(0x000000d044200000,0x000000d044300000)]
  0x000002413af82a80 JavaThread "RMI TCP Accept-0" daemon [_thread_in_native, id=7136, stack(0x000000d044300000,0x000000d044400000)]
  0x000002413b252e30 JavaThread "RMI Scheduler(0)" daemon [_thread_blocked, id=13812, stack(0x000000d044600000,0x000000d044700000)]
  0x000002413b2fa9c0 JavaThread "JMX server connection timeout 22" daemon [_thread_blocked, id=8668, stack(0x000000d044800000,0x000000d044900000)]
  0x000002413c7883e0 JavaThread "Catalina-utility-1" [_thread_blocked, id=7756, stack(0x000000d045300000,0x000000d045400000)]
  0x000002413c7888b0 JavaThread "Catalina-utility-2" [_thread_blocked, id=9308, stack(0x000000d045500000,0x000000d045600000)]
  0x000002413c787a40 JavaThread "container-0" [_thread_blocked, id=16128, stack(0x000000d045600000,0x000000d045700000)]
  0x000002413c7870a0 JavaThread "mysql-cj-abandoned-connection-cleanup" daemon [_thread_blocked, id=6688, stack(0x000000d045700000,0x000000d045800000)]
  0x000002413c787f10 JavaThread "HikariPool-1 housekeeper" daemon [_thread_blocked, id=8580, stack(0x000000d045900000,0x000000d045a00000)]
  0x000002413f67ddf0 JavaThread "http-nio-8001-exec-1" daemon [_thread_in_native, id=8888, stack(0x000000d045b00000,0x000000d045c00000)]
  0x000002413f680470 JavaThread "http-nio-8001-exec-2" daemon [_thread_blocked, id=7200, stack(0x000000d045c00000,0x000000d045d00000)]
  0x000002413f67f130 JavaThread "http-nio-8001-exec-3" daemon [_thread_blocked, id=6016, stack(0x000000d045d00000,0x000000d045e00000)]
  0x000002413f67e790 JavaThread "http-nio-8001-exec-4" daemon [_thread_in_native, id=14376, stack(0x000000d045e00000,0x000000d045f00000)]
  0x000002413f67f600 JavaThread "http-nio-8001-exec-5" daemon [_thread_in_native, id=5564, stack(0x000000d045f00000,0x000000d046000000)]
  0x000002413f67e2c0 JavaThread "http-nio-8001-exec-6" daemon [_thread_in_native, id=9736, stack(0x000000d046000000,0x000000d046100000)]
  0x000002413f682af0 JavaThread "http-nio-8001-exec-7" daemon [_thread_in_native, id=13444, stack(0x000000d046100000,0x000000d046200000)]
  0x000002413f67ec60 JavaThread "http-nio-8001-exec-8" daemon [_thread_in_native, id=16352, stack(0x000000d046200000,0x000000d046300000)]
  0x000002413f67fad0 JavaThread "http-nio-8001-exec-9" daemon [_thread_blocked, id=6044, stack(0x000000d046300000,0x000000d046400000)]
  0x000002413f682fc0 JavaThread "http-nio-8001-exec-10" daemon [_thread_blocked, id=14432, stack(0x000000d046400000,0x000000d046500000)]
  0x000002413f67d920 JavaThread "http-nio-8001-Poller" daemon [_thread_in_native, id=5048, stack(0x000000d046500000,0x000000d046600000)]
  0x000002413f683490 JavaThread "http-nio-8001-Acceptor" daemon [_thread_in_native, id=9312, stack(0x000000d046600000,0x000000d046700000)]
  0x000002413f681c80 JavaThread "DestroyJavaVM" [_thread_blocked, id=5776, stack(0x000000d042e00000,0x000000d042f00000)]
  0x000002413f680e10 JavaThread "RMI TCP Connection(idle)" daemon [_thread_blocked, id=13636, stack(0x000000d046900000,0x000000d046a00000)]
=>0x000002413aca7ea0 JavaThread "C1 CompilerThread1" daemon [_thread_in_native, id=1784, stack(0x000000d042b00000,0x000000d042c00000)]
  0x000002413f682150 JavaThread "HikariPool-1 connection adder" daemon [_thread_blocked, id=15364, stack(0x000000d042c00000,0x000000d042d00000)]
  0x000002413b00d150 JavaThread "C1 CompilerThread2" daemon [_thread_blocked, id=16244, stack(0x000000d042d00000,0x000000d042e00000)]

Other Threads:
  0x0000024139c36160 VMThread "VM Thread" [stack: 0x000000d043400000,0x000000d043500000] [id=15976]
  0x000002412bdd5940 WatcherThread [stack: 0x000000d044400000,0x000000d044500000] [id=8788]
  0x000002412bda7870 GCTaskThread "GC Thread#0" [stack: 0x000000d042f00000,0x000000d043000000] [id=11268]
  0x000002413b3ccf90 GCTaskThread "GC Thread#1" [stack: 0x000000d044a00000,0x000000d044b00000] [id=8648]
  0x000002413b3e4040 GCTaskThread "GC Thread#2" [stack: 0x000000d044b00000,0x000000d044c00000] [id=5784]
  0x000002413bf75a10 GCTaskThread "GC Thread#3" [stack: 0x000000d044c00000,0x000000d044d00000] [id=14132]
  0x000002413bf75cc0 GCTaskThread "GC Thread#4" [stack: 0x000000d044d00000,0x000000d044e00000] [id=9168]
  0x000002413bf75f70 GCTaskThread "GC Thread#5" [stack: 0x000000d044e00000,0x000000d044f00000] [id=15660]
  0x000002413bf78230 GCTaskThread "GC Thread#6" [stack: 0x000000d044f00000,0x000000d045000000] [id=2544]
  0x000002413bf784e0 GCTaskThread "GC Thread#7" [stack: 0x000000d045000000,0x000000d045100000] [id=3344]
  0x000002412bdb8e60 ConcurrentGCThread "G1 Main Marker" [stack: 0x000000d043000000,0x000000d043100000] [id=11536]
  0x000002412bdb9780 ConcurrentGCThread "G1 Conc#0" [stack: 0x000000d043100000,0x000000d043200000] [id=9960]
  0x000002413c0f1370 ConcurrentGCThread "G1 Conc#1" [stack: 0x000000d045400000,0x000000d045500000] [id=15912]
  0x000002412be0e3d0 ConcurrentGCThread "G1 Refine#0" [stack: 0x000000d043200000,0x000000d043300000] [id=13536]
  0x000002413bf54830 ConcurrentGCThread "G1 Refine#1" [stack: 0x000000d045100000,0x000000d045200000] [id=11632]
  0x000002413ab5f690 ConcurrentGCThread "G1 Refine#2" [stack: 0x000000d045200000,0x000000d045300000] [id=12876]
  0x0000024139a770f0 ConcurrentGCThread "G1 Service" [stack: 0x000000d043300000,0x000000d043400000] [id=8116]

Threads with active compile tasks:
C1 CompilerThread1  8684394 8087   !   1       org.apache.coyote.AbstractProtocol$ConnectionHandler::process (1265 bytes)

VM state: not at safepoint (normal execution)

VM Mutex/Monitor currently owned by a thread: None

Heap address: 0x0000000080000000, size: 2048 MB, Compressed Oops mode: 32-bit

CDS archive(s) not mapped
Compressed class space mapped at: 0x0000000100000000-0x0000000140000000, reserved size: 1073741824
Narrow klass base: 0x0000000000000000, Narrow klass shift: 3, Narrow klass range: 0x140000000

GC Precious Log:
 CPUs: 8 total, 8 available
 Memory: 8056M
 Large Page Support: Disabled
 NUMA Support: Disabled
 Compressed Oops: Enabled (32-bit)
 Heap Region Size: 1M
 Heap Min Capacity: 8M
 Heap Initial Capacity: 126M
 Heap Max Capacity: 2G
 Pre-touch: Disabled
 Parallel Workers: 8
 Concurrent Workers: 2
 Concurrent Refinement Workers: 8
 Periodic GC: Disabled

Heap:
 garbage-first heap   total 86016K, used 42088K [0x0000000080000000, 0x0000000100000000)
  region size 1024K, 17 young (17408K), 4 survivors (4096K)
 Metaspace       used 69375K, committed 70016K, reserved 1114112K
  class space    used 9460K, committed 9792K, reserved 1048576K

Heap Regions: E=young(eden), S=young(survivor), O=old, HS=humongous(starts), HC=humongous(continues), CS=collection set, F=free, OA=open archive, CA=closed archive, TAMS=top-at-mark-start (previous, next)
|   0|0x0000000080000000, 0x0000000080100000, 0x0000000080100000|100%|HS|  |TAMS 0x0000000080100000, 0x0000000080000000| Complete 
|   1|0x0000000080100000, 0x0000000080200000, 0x0000000080200000|100%| O|  |TAMS 0x0000000080200000, 0x0000000080100000| Untracked 
|   2|0x0000000080200000, 0x0000000080300000, 0x0000000080300000|100%| O|  |TAMS 0x0000000080300000, 0x0000000080200000| Untracked 
|   3|0x0000000080300000, 0x0000000080400000, 0x0000000080400000|100%| O|  |TAMS 0x0000000080400000, 0x0000000080300000| Untracked 
|   4|0x0000000080400000, 0x0000000080500000, 0x0000000080500000|100%| O|  |TAMS 0x0000000080500000, 0x0000000080400000| Untracked 
|   5|0x0000000080500000, 0x0000000080600000, 0x0000000080600000|100%| O|  |TAMS 0x0000000080600000, 0x0000000080500000| Untracked 
|   6|0x0000000080600000, 0x0000000080700000, 0x0000000080700000|100%| O|  |TAMS 0x0000000080700000, 0x0000000080600000| Untracked 
|   7|0x0000000080700000, 0x0000000080800000, 0x0000000080800000|100%| O|  |TAMS 0x0000000080800000, 0x0000000080700000| Untracked 
|   8|0x0000000080800000, 0x0000000080900000, 0x0000000080900000|100%| O|  |TAMS 0x0000000080900000, 0x0000000080800000| Untracked 
|   9|0x0000000080900000, 0x0000000080a00000, 0x0000000080a00000|100%| O|  |TAMS 0x0000000080a00000, 0x0000000080900000| Untracked 
|  10|0x0000000080a00000, 0x0000000080b00000, 0x0000000080b00000|100%| O|  |TAMS 0x0000000080b00000, 0x0000000080a00000| Untracked 
|  11|0x0000000080b00000, 0x0000000080c00000, 0x0000000080c00000|100%| O|  |TAMS 0x0000000080b00000, 0x0000000080b00000| Untracked 
|  12|0x0000000080c00000, 0x0000000080d00000, 0x0000000080d00000|100%| O|  |TAMS 0x0000000080d00000, 0x0000000080c00000| Untracked 
|  13|0x0000000080d00000, 0x0000000080e00000, 0x0000000080e00000|100%| O|  |TAMS 0x0000000080e00000, 0x0000000080d00000| Untracked 
|  14|0x0000000080e00000, 0x0000000080f00000, 0x0000000080f00000|100%| O|  |TAMS 0x0000000080f00000, 0x0000000080e00000| Untracked 
|  15|0x0000000080f00000, 0x0000000081000000, 0x0000000081000000|100%| O|  |TAMS 0x0000000081000000, 0x0000000080f00000| Untracked 
|  16|0x0000000081000000, 0x0000000081100000, 0x0000000081100000|100%| O|  |TAMS 0x0000000081100000, 0x0000000081000000| Untracked 
|  17|0x0000000081100000, 0x0000000081200000, 0x0000000081200000|100%| O|  |TAMS 0x0000000081200000, 0x0000000081100000| Untracked 
|  18|0x0000000081200000, 0x0000000081300000, 0x0000000081300000|100%| O|  |TAMS 0x0000000081300000, 0x0000000081200000| Untracked 
|  19|0x0000000081300000, 0x0000000081400000, 0x0000000081400000|100%| O|  |TAMS 0x0000000081370400, 0x0000000081300000| Untracked 
|  20|0x0000000081400000, 0x0000000081500000, 0x0000000081500000|100%| O|  |TAMS 0x0000000081400000, 0x0000000081400000| Untracked 
|  21|0x0000000081500000, 0x0000000081600000, 0x0000000081600000|100%| O|  |TAMS 0x0000000081500000, 0x0000000081500000| Untracked 
|  22|0x0000000081600000, 0x0000000081700000, 0x0000000081700000|100%| O|  |TAMS 0x0000000081600000, 0x0000000081600000| Untracked 
|  23|0x0000000081700000, 0x0000000081800000, 0x0000000081800000|100%| O|  |TAMS 0x0000000081700000, 0x0000000081700000| Untracked 
|  24|0x0000000081800000, 0x0000000081900000, 0x0000000081900000|100%| O|  |TAMS 0x0000000081800000, 0x0000000081800000| Untracked 
|  25|0x0000000081900000, 0x00000000819bee00, 0x0000000081a00000| 74%| O|  |TAMS 0x0000000081900000, 0x0000000081900000| Untracked 
|  26|0x0000000081a00000, 0x0000000081a00000, 0x0000000081b00000|  0%| F|  |TAMS 0x0000000081a00000, 0x0000000081a00000| Untracked 
|  27|0x0000000081b00000, 0x0000000081b00000, 0x0000000081c00000|  0%| F|  |TAMS 0x0000000081b00000, 0x0000000081b00000| Untracked 
|  28|0x0000000081c00000, 0x0000000081c00000, 0x0000000081d00000|  0%| F|  |TAMS 0x0000000081c00000, 0x0000000081c00000| Untracked 
|  29|0x0000000081d00000, 0x0000000081d00000, 0x0000000081e00000|  0%| F|  |TAMS 0x0000000081d00000, 0x0000000081d00000| Untracked 
|  30|0x0000000081e00000, 0x0000000081e00000, 0x0000000081f00000|  0%| F|  |TAMS 0x0000000081e00000, 0x0000000081e00000| Untracked 
|  31|0x0000000081f00000, 0x0000000081f00000, 0x0000000082000000|  0%| F|  |TAMS 0x0000000081f00000, 0x0000000081f00000| Untracked 
|  32|0x0000000082000000, 0x0000000082000000, 0x0000000082100000|  0%| F|  |TAMS 0x0000000082000000, 0x0000000082000000| Untracked 
|  33|0x0000000082100000, 0x0000000082100000, 0x0000000082200000|  0%| F|  |TAMS 0x0000000082100000, 0x0000000082100000| Untracked 
|  34|0x0000000082200000, 0x0000000082200000, 0x0000000082300000|  0%| F|  |TAMS 0x0000000082200000, 0x0000000082200000| Untracked 
|  35|0x0000000082300000, 0x0000000082300000, 0x0000000082400000|  0%| F|  |TAMS 0x0000000082300000, 0x0000000082300000| Untracked 
|  36|0x0000000082400000, 0x0000000082400000, 0x0000000082500000|  0%| F|  |TAMS 0x0000000082400000, 0x0000000082400000| Untracked 
|  37|0x0000000082500000, 0x0000000082500000, 0x0000000082600000|  0%| F|  |TAMS 0x0000000082500000, 0x0000000082500000| Untracked 
|  38|0x0000000082600000, 0x0000000082600000, 0x0000000082700000|  0%| F|  |TAMS 0x0000000082600000, 0x0000000082600000| Untracked 
|  39|0x0000000082700000, 0x0000000082700000, 0x0000000082800000|  0%| F|  |TAMS 0x0000000082700000, 0x0000000082700000| Untracked 
|  40|0x0000000082800000, 0x0000000082800000, 0x0000000082900000|  0%| F|  |TAMS 0x0000000082800000, 0x0000000082800000| Untracked 
|  41|0x0000000082900000, 0x0000000082900000, 0x0000000082a00000|  0%| F|  |TAMS 0x0000000082900000, 0x0000000082900000| Untracked 
|  42|0x0000000082a00000, 0x0000000082a5b4e8, 0x0000000082b00000| 35%| S|CS|TAMS 0x0000000082a00000, 0x0000000082a00000| Complete 
|  43|0x0000000082b00000, 0x0000000082c00000, 0x0000000082c00000|100%| S|CS|TAMS 0x0000000082b00000, 0x0000000082b00000| Complete 
|  44|0x0000000082c00000, 0x0000000082d00000, 0x0000000082d00000|100%| S|CS|TAMS 0x0000000082c00000, 0x0000000082c00000| Complete 
|  45|0x0000000082d00000, 0x0000000082e00000, 0x0000000082e00000|100%| S|CS|TAMS 0x0000000082d00000, 0x0000000082d00000| Complete 
|  46|0x0000000082e00000, 0x0000000082e00000, 0x0000000082f00000|  0%| F|  |TAMS 0x0000000082e00000, 0x0000000082e00000| Untracked 
|  47|0x0000000082f00000, 0x0000000082f00000, 0x0000000083000000|  0%| F|  |TAMS 0x0000000082f00000, 0x0000000082f00000| Untracked 
|  48|0x0000000083000000, 0x0000000083000000, 0x0000000083100000|  0%| F|  |TAMS 0x0000000083000000, 0x0000000083000000| Untracked 
|  49|0x0000000083100000, 0x0000000083100000, 0x0000000083200000|  0%| F|  |TAMS 0x0000000083100000, 0x0000000083100000| Untracked 
|  50|0x0000000083200000, 0x0000000083200000, 0x0000000083300000|  0%| F|  |TAMS 0x0000000083200000, 0x0000000083200000| Untracked 
|  51|0x0000000083300000, 0x0000000083300000, 0x0000000083400000|  0%| F|  |TAMS 0x0000000083300000, 0x0000000083300000| Untracked 
|  52|0x0000000083400000, 0x0000000083400000, 0x0000000083500000|  0%| F|  |TAMS 0x0000000083400000, 0x0000000083400000| Untracked 
|  53|0x0000000083500000, 0x0000000083500000, 0x0000000083600000|  0%| F|  |TAMS 0x0000000083500000, 0x0000000083500000| Untracked 
|  54|0x0000000083600000, 0x0000000083600000, 0x0000000083700000|  0%| F|  |TAMS 0x0000000083600000, 0x0000000083600000| Untracked 
|  55|0x0000000083700000, 0x0000000083700000, 0x0000000083800000|  0%| F|  |TAMS 0x0000000083700000, 0x0000000083700000| Untracked 
|  56|0x0000000083800000, 0x0000000083800000, 0x0000000083900000|  0%| F|  |TAMS 0x0000000083800000, 0x0000000083800000| Untracked 
|  57|0x0000000083900000, 0x0000000083900000, 0x0000000083a00000|  0%| F|  |TAMS 0x0000000083900000, 0x0000000083900000| Untracked 
|  58|0x0000000083a00000, 0x0000000083a00000, 0x0000000083b00000|  0%| F|  |TAMS 0x0000000083a00000, 0x0000000083a00000| Untracked 
|  59|0x0000000083b00000, 0x0000000083b00000, 0x0000000083c00000|  0%| F|  |TAMS 0x0000000083b00000, 0x0000000083b00000| Untracked 
|  60|0x0000000083c00000, 0x0000000083c00000, 0x0000000083d00000|  0%| F|  |TAMS 0x0000000083c00000, 0x0000000083c00000| Untracked 
|  61|0x0000000083d00000, 0x0000000083d00000, 0x0000000083e00000|  0%| F|  |TAMS 0x0000000083d00000, 0x0000000083d00000| Untracked 
|  62|0x0000000083e00000, 0x0000000083e00000, 0x0000000083f00000|  0%| F|  |TAMS 0x0000000083e00000, 0x0000000083e00000| Untracked 
|  63|0x0000000083f00000, 0x0000000083f00000, 0x0000000084000000|  0%| F|  |TAMS 0x0000000083f00000, 0x0000000083f00000| Untracked 
|  64|0x0000000084000000, 0x0000000084000000, 0x0000000084100000|  0%| F|  |TAMS 0x0000000084000000, 0x0000000084000000| Untracked 
|  65|0x0000000084100000, 0x0000000084100000, 0x0000000084200000|  0%| F|  |TAMS 0x0000000084100000, 0x0000000084100000| Untracked 
|  66|0x0000000084200000, 0x0000000084200000, 0x0000000084300000|  0%| F|  |TAMS 0x0000000084200000, 0x0000000084200000| Untracked 
|  67|0x0000000084300000, 0x0000000084300000, 0x0000000084400000|  0%| F|  |TAMS 0x0000000084300000, 0x0000000084300000| Untracked 
|  68|0x0000000084400000, 0x0000000084400000, 0x0000000084500000|  0%| F|  |TAMS 0x0000000084400000, 0x0000000084400000| Untracked 
|  69|0x0000000084500000, 0x0000000084500000, 0x0000000084600000|  0%| F|  |TAMS 0x0000000084500000, 0x0000000084500000| Untracked 
|  70|0x0000000084600000, 0x0000000084600000, 0x0000000084700000|  0%| F|  |TAMS 0x0000000084600000, 0x0000000084600000| Untracked 
|  71|0x0000000084700000, 0x0000000084799d88, 0x0000000084800000| 60%| E|  |TAMS 0x0000000084700000, 0x0000000084700000| Complete 
|  72|0x0000000084800000, 0x0000000084900000, 0x0000000084900000|100%| E|CS|TAMS 0x0000000084800000, 0x0000000084800000| Complete 
|  73|0x0000000084900000, 0x0000000084a00000, 0x0000000084a00000|100%| E|CS|TAMS 0x0000000084900000, 0x0000000084900000| Complete 
|  74|0x0000000084a00000, 0x0000000084b00000, 0x0000000084b00000|100%| E|CS|TAMS 0x0000000084a00000, 0x0000000084a00000| Complete 
|  75|0x0000000084b00000, 0x0000000084c00000, 0x0000000084c00000|100%| E|CS|TAMS 0x0000000084b00000, 0x0000000084b00000| Complete 
|  76|0x0000000084c00000, 0x0000000084d00000, 0x0000000084d00000|100%| E|CS|TAMS 0x0000000084c00000, 0x0000000084c00000| Complete 
|  77|0x0000000084d00000, 0x0000000084e00000, 0x0000000084e00000|100%| E|CS|TAMS 0x0000000084d00000, 0x0000000084d00000| Complete 
|  78|0x0000000084e00000, 0x0000000084f00000, 0x0000000084f00000|100%| E|CS|TAMS 0x0000000084e00000, 0x0000000084e00000| Complete 
|  79|0x0000000084f00000, 0x0000000085000000, 0x0000000085000000|100%| E|CS|TAMS 0x0000000084f00000, 0x0000000084f00000| Complete 
|  80|0x0000000085000000, 0x0000000085100000, 0x0000000085100000|100%| E|CS|TAMS 0x0000000085000000, 0x0000000085000000| Complete 
|  81|0x0000000085100000, 0x0000000085200000, 0x0000000085200000|100%| E|CS|TAMS 0x0000000085100000, 0x0000000085100000| Complete 
|  82|0x0000000085200000, 0x0000000085300000, 0x0000000085300000|100%| E|CS|TAMS 0x0000000085200000, 0x0000000085200000| Complete 
| 125|0x0000000087d00000, 0x0000000087e00000, 0x0000000087e00000|100%| E|CS|TAMS 0x0000000087d00000, 0x0000000087d00000| Complete 

Card table byte_map: [0x0000024132910000,0x0000024132d10000] _byte_map_base: 0x0000024132510000

Marking Bits (Prev, Next): (CMBitMap*) 0x000002412bda7dd0, (CMBitMap*) 0x000002412bda7d90
 Prev Bits: [0x0000024135110000, 0x0000024137110000)
 Next Bits: [0x0000024133110000, 0x0000024135110000)

Polling page: 0x0000024129d00000

Metaspace:

Usage:
  Non-class:     58.51 MB used.
      Class:      9.24 MB used.
       Both:     67.75 MB used.

Virtual space:
  Non-class space:       64.00 MB reserved,      58.81 MB ( 92%) committed,  8 nodes.
      Class space:        1.00 GB reserved,       9.56 MB ( <1%) committed,  1 nodes.
             Both:        1.06 GB reserved,      68.38 MB (  6%) committed. 

Chunk freelists:
   Non-Class:  1.00 MB
       Class:  2.42 MB
        Both:  3.43 MB

MaxMetaspaceSize: unlimited
CompressedClassSpaceSize: 1.00 GB
Initial GC threshold: 21.00 MB
Current GC threshold: 99.00 MB
CDS: off
MetaspaceReclaimPolicy: balanced
 - commit_granule_bytes: 65536.
 - commit_granule_words: 8192.
 - virtual_space_node_default_size: 1048576.
 - enlarge_chunks_in_place: 1.
 - new_chunks_are_fully_committed: 0.
 - uncommit_free_chunks: 1.
 - use_allocation_guard: 0.
 - handle_deallocations: 1.


Internal statistics:

num_allocs_failed_limit: 11.
num_arena_births: 856.
num_arena_deaths: 0.
num_vsnodes_births: 9.
num_vsnodes_deaths: 0.
num_space_committed: 1094.
num_space_uncommitted: 0.
num_chunks_returned_to_freelist: 11.
num_chunks_taken_from_freelist: 3121.
num_chunk_merges: 11.
num_chunk_splits: 2227.
num_chunks_enlarged: 1681.
num_purges: 0.
num_inconsistent_stats: 0.

CodeCache: size=49152Kb used=15189Kb max_used=15189Kb free=33962Kb
 bounds [0x000002412f400000, 0x00000241302e0000, 0x0000024132400000]
 total_blobs=9001 nmethods=8332 adapters=593
 compilation: enabled
              stopped_count=0, restarted_count=0
 full_count=0

Compilation events (20 events):
Event: 8683.473 Thread 0x000002413b00d150 nmethod 8083 0x000002413022a010 code [0x000002413022a1e0, 0x000002413022a5a8]
Event: 8683.473 Thread 0x000002413b00d150 8088       1       org.apache.tomcat.util.net.NioEndpoint$NioSocketWrapper::setAppReadBufHandler (12 bytes)
Event: 8683.473 Thread 0x000002413b00d150 nmethod 8088 0x000002413022a810 code [0x000002413022a9a0, 0x000002413022aac8]
Event: 8683.474 Thread 0x000002413b00d150 8092       1       org.springframework.web.servlet.mvc.method.RequestMappingInfo::getActivePatternsCondition (32 bytes)
Event: 8683.474 Thread 0x000002413b00d150 nmethod 8092 0x000002413022ab90 code [0x000002413022ad40, 0x000002413022aec8]
Event: 8683.474 Thread 0x000002413b00d150 8089       1       sun.nio.ch.SelectorImpl::selectedKeys (9 bytes)
Event: 8683.474 Thread 0x000002413b00d150 nmethod 8089 0x000002413022af90 code [0x000002413022b120, 0x000002413022b268]
Event: 8683.474 Thread 0x000002413b00d150 8090       1       sun.nio.ch.Util$2::iterator (10 bytes)
Event: 8683.474 Thread 0x000002413b00d150 nmethod 8090 0x000002413022b310 code [0x000002413022b4a0, 0x000002413022b588]
Event: 8683.478 Thread 0x000002413a836e70 nmethod 8091 0x000002413022b610 code [0x000002413022bc60, 0x000002413022e088]
Event: 8683.499 Thread 0x000002413b00d150 8093       1       org.hibernate.engine.jdbc.internal.JdbcCoordinatorImpl::abortBatch (17 bytes)
Event: 8683.499 Thread 0x000002413b00d150 nmethod 8093 0x0000024130230110 code [0x00000241302302a0, 0x00000241302303c8]
Event: 8683.499 Thread 0x000002413b00d150 8094   !   1       org.apache.tomcat.util.threads.ThreadPoolExecutor::getTask (177 bytes)
Event: 8683.500 Thread 0x000002413b00d150 nmethod 8094 0x0000024130230490 code [0x0000024130230680, 0x0000024130230b38]
Event: 8683.500 Thread 0x000002413b00d150 8095       1       org.apache.coyote.AbstractProtocol$RecycledProcessors::pop (22 bytes)
Event: 8683.500 Thread 0x000002413a836e70 8096       1       org.apache.tomcat.util.net.NioEndpoint$NioSocketWrapper::getSslSupport (25 bytes)
Event: 8683.500 Thread 0x000002413a836e70 nmethod 8096 0x0000024130230d90 code [0x0000024130230f40, 0x00000241302310c8]
Event: 8683.500 Thread 0x000002413b00d150 nmethod 8095 0x0000024130231190 code [0x0000024130231320, 0x0000024130231488]
Event: 8683.500 Thread 0x000002413a836e70 8097       1       org.apache.coyote.AbstractProcessorLight::process (289 bytes)
Event: 8683.501 Thread 0x000002413a836e70 nmethod 8097 0x0000024130231590 code [0x0000024130231880, 0x0000024130232118]

GC Heap History (20 events):
Event: 1.576 GC heap before
{Heap before GC invocations=6 (full 0):
 garbage-first heap   total 37888K, used 26151K [0x0000000080000000, 0x0000000100000000)
  region size 1024K, 17 young (17408K), 2 survivors (2048K)
 Metaspace       used 29271K, committed 29504K, reserved 1081344K
  class space    used 3551K, committed 3648K, reserved 1048576K
}
Event: 1.580 GC heap after
{Heap after GC invocations=7 (full 0):
 garbage-first heap   total 74752K, used 12697K [0x0000000080000000, 0x0000000100000000)
  region size 1024K, 2 young (2048K), 2 survivors (2048K)
 Metaspace       used 29271K, committed 29504K, reserved 1081344K
  class space    used 3551K, committed 3648K, reserved 1048576K
}
Event: 2.124 GC heap before
{Heap before GC invocations=7 (full 0):
 garbage-first heap   total 74752K, used 48537K [0x0000000080000000, 0x0000000100000000)
  region size 1024K, 37 young (37888K), 2 survivors (2048K)
 Metaspace       used 35380K, committed 35776K, reserved 1081344K
  class space    used 4442K, committed 4672K, reserved 1048576K
}
Event: 2.136 GC heap after
{Heap after GC invocations=8 (full 0):
 garbage-first heap   total 74752K, used 16571K [0x0000000080000000, 0x0000000100000000)
  region size 1024K, 5 young (5120K), 5 survivors (5120K)
 Metaspace       used 35380K, committed 35776K, reserved 1081344K
  class space    used 4442K, committed 4672K, reserved 1048576K
}
Event: 2.188 GC heap before
{Heap before GC invocations=8 (full 0):
 garbage-first heap   total 74752K, used 19643K [0x0000000080000000, 0x0000000100000000)
  region size 1024K, 9 young (9216K), 5 survivors (5120K)
 Metaspace       used 35680K, committed 36096K, reserved 1081344K
  class space    used 4497K, committed 4672K, reserved 1048576K
}
Event: 2.198 GC heap after
{Heap after GC invocations=9 (full 0):
 garbage-first heap   total 74752K, used 17166K [0x0000000080000000, 0x0000000100000000)
  region size 1024K, 1 young (1024K), 1 survivors (1024K)
 Metaspace       used 35680K, committed 36096K, reserved 1081344K
  class space    used 4497K, committed 4672K, reserved 1048576K
}
Event: 2.755 GC heap before
{Heap before GC invocations=10 (full 0):
 garbage-first heap   total 61440K, used 53006K [0x0000000080000000, 0x0000000100000000)
  region size 1024K, 37 young (37888K), 1 survivors (1024K)
 Metaspace       used 44245K, committed 44736K, reserved 1089536K
  class space    used 5702K, committed 5952K, reserved 1048576K
}
Event: 2.758 GC heap after
{Heap after GC invocations=11 (full 0):
 garbage-first heap   total 61440K, used 19130K [0x0000000080000000, 0x0000000100000000)
  region size 1024K, 3 young (3072K), 3 survivors (3072K)
 Metaspace       used 44245K, committed 44736K, reserved 1089536K
  class space    used 5702K, committed 5952K, reserved 1048576K
}
Event: 2.783 GC heap before
{Heap before GC invocations=11 (full 0):
 garbage-first heap   total 61440K, used 20154K [0x0000000080000000, 0x0000000100000000)
  region size 1024K, 4 young (4096K), 3 survivors (3072K)
 Metaspace       used 44587K, committed 45056K, reserved 1089536K
  class space    used 5745K, committed 5952K, reserved 1048576K
}
Event: 2.786 GC heap after
{Heap after GC invocations=12 (full 0):
 garbage-first heap   total 61440K, used 19301K [0x0000000080000000, 0x0000000100000000)
  region size 1024K, 1 young (1024K), 1 survivors (1024K)
 Metaspace       used 44587K, committed 45056K, reserved 1089536K
  class space    used 5745K, committed 5952K, reserved 1048576K
}
Event: 3.182 GC heap before
{Heap before GC invocations=12 (full 0):
 garbage-first heap   total 61440K, used 44901K [0x0000000080000000, 0x0000000100000000)
  region size 1024K, 27 young (27648K), 1 survivors (1024K)
 Metaspace       used 51546K, committed 51968K, reserved 1097728K
  class space    used 6794K, committed 6976K, reserved 1048576K
}
Event: 3.185 GC heap after
{Heap after GC invocations=13 (full 0):
 garbage-first heap   total 86016K, used 21086K [0x0000000080000000, 0x0000000100000000)
  region size 1024K, 3 young (3072K), 3 survivors (3072K)
 Metaspace       used 51546K, committed 51968K, reserved 1097728K
  class space    used 6794K, committed 6976K, reserved 1048576K
}
Event: 3.935 GC heap before
{Heap before GC invocations=13 (full 0):
 garbage-first heap   total 86016K, used 64094K [0x0000000080000000, 0x0000000100000000)
  region size 1024K, 45 young (46080K), 3 survivors (3072K)
 Metaspace       used 58311K, committed 58816K, reserved 1105920K
  class space    used 7858K, committed 8064K, reserved 1048576K
}
Event: 3.939 GC heap after
{Heap after GC invocations=14 (full 0):
 garbage-first heap   total 86016K, used 22977K [0x0000000080000000, 0x0000000100000000)
  region size 1024K, 4 young (4096K), 4 survivors (4096K)
 Metaspace       used 58311K, committed 58816K, reserved 1105920K
  class space    used 7858K, committed 8064K, reserved 1048576K
}
Event: 4.033 GC heap before
{Heap before GC invocations=14 (full 0):
 garbage-first heap   total 86016K, used 30145K [0x0000000080000000, 0x0000000100000000)
  region size 1024K, 12 young (12288K), 4 survivors (4096K)
 Metaspace       used 60003K, committed 60480K, reserved 1105920K
  class space    used 8033K, committed 8256K, reserved 1048576K
}
Event: 4.037 GC heap after
{Heap after GC invocations=15 (full 0):
 garbage-first heap   total 86016K, used 23910K [0x0000000080000000, 0x0000000100000000)
  region size 1024K, 3 young (3072K), 3 survivors (3072K)
 Metaspace       used 60003K, committed 60480K, reserved 1105920K
  class space    used 8033K, committed 8256K, reserved 1048576K
}
Event: 4.493 GC heap before
{Heap before GC invocations=16 (full 0):
 garbage-first heap   total 86016K, used 65894K [0x0000000080000000, 0x0000000100000000)
  region size 1024K, 44 young (45056K), 3 survivors (3072K)
 Metaspace       used 63669K, committed 64192K, reserved 1105920K
  class space    used 8644K, committed 8896K, reserved 1048576K
}
Event: 4.498 GC heap after
{Heap after GC invocations=17 (full 0):
 garbage-first heap   total 86016K, used 26911K [0x0000000080000000, 0x0000000100000000)
  region size 1024K, 6 young (6144K), 6 survivors (6144K)
 Metaspace       used 63669K, committed 64192K, reserved 1105920K
  class space    used 8644K, committed 8896K, reserved 1048576K
}
Event: 8678.548 GC heap before
{Heap before GC invocations=17 (full 0):
 garbage-first heap   total 86016K, used 64799K [0x0000000080000000, 0x0000000100000000)
  region size 1024K, 44 young (45056K), 6 survivors (6144K)
 Metaspace       used 69322K, committed 69952K, reserved 1114112K
  class space    used 9447K, committed 9728K, reserved 1048576K
}
Event: 8678.559 GC heap after
{Heap after GC invocations=18 (full 0):
 garbage-first heap   total 86016K, used 29800K [0x0000000080000000, 0x0000000100000000)
  region size 1024K, 4 young (4096K), 4 survivors (4096K)
 Metaspace       used 69322K, committed 69952K, reserved 1114112K
  class space    used 9447K, committed 9728K, reserved 1048576K
}

Dll operation events (9 events):
Event: 0.006 Loaded shared library F:\sts-4.17.0.RELEASE\plugins\org.eclipse.justj.openjdk.hotspot.jre.full.win32.x86_64_17.0.5.v20221102-0933\jre\bin\java.dll
Event: 0.158 Loaded shared library F:\sts-4.17.0.RELEASE\plugins\org.eclipse.justj.openjdk.hotspot.jre.full.win32.x86_64_17.0.5.v20221102-0933\jre\bin\jimage.dll
Event: 0.171 Loaded shared library F:\sts-4.17.0.RELEASE\plugins\org.eclipse.justj.openjdk.hotspot.jre.full.win32.x86_64_17.0.5.v20221102-0933\jre\bin\net.dll
Event: 0.172 Loaded shared library F:\sts-4.17.0.RELEASE\plugins\org.eclipse.justj.openjdk.hotspot.jre.full.win32.x86_64_17.0.5.v20221102-0933\jre\bin\nio.dll
Event: 0.176 Loaded shared library F:\sts-4.17.0.RELEASE\plugins\org.eclipse.justj.openjdk.hotspot.jre.full.win32.x86_64_17.0.5.v20221102-0933\jre\bin\zip.dll
Event: 0.229 Loaded shared library F:\sts-4.17.0.RELEASE\plugins\org.eclipse.justj.openjdk.hotspot.jre.full.win32.x86_64_17.0.5.v20221102-0933\jre\bin\management.dll
Event: 0.242 Loaded shared library F:\sts-4.17.0.RELEASE\plugins\org.eclipse.justj.openjdk.hotspot.jre.full.win32.x86_64_17.0.5.v20221102-0933\jre\bin\management_ext.dll
Event: 0.993 Loaded shared library F:\sts-4.17.0.RELEASE\plugins\org.eclipse.justj.openjdk.hotspot.jre.full.win32.x86_64_17.0.5.v20221102-0933\jre\bin\verify.dll
Event: 2.140 Loaded shared library F:\sts-4.17.0.RELEASE\plugins\org.eclipse.justj.openjdk.hotspot.jre.full.win32.x86_64_17.0.5.v20221102-0933\jre\bin\sunmscapi.dll

Deoptimization events (14 events):
Event: 1.046 Thread 0x000002412bd48b50 DEOPT PACKING pc=0x000002412f96c719 sp=0x000000d042efd810
Event: 1.046 Thread 0x000002412bd48b50 DEOPT UNPACKING pc=0x000002412f452b43 sp=0x000000d042efccf0 mode 3
Event: 2.220 Thread 0x000002412bd48b50 DEOPT PACKING pc=0x000002412fbf1a7d sp=0x000000d042efcb40
Event: 2.220 Thread 0x000002412bd48b50 DEOPT UNPACKING pc=0x000002412f452b43 sp=0x000000d042efc0a8 mode 3
Event: 3.923 Thread 0x000002412bd48b50 DEOPT PACKING pc=0x000002412fe83a19 sp=0x000000d042efdc60
Event: 3.923 Thread 0x000002412bd48b50 DEOPT UNPACKING pc=0x000002412f452b43 sp=0x000000d042efd140 mode 3
Event: 4.063 Thread 0x000002412bd48b50 DEOPT PACKING pc=0x000002412f9c0214 sp=0x000000d042efca70
Event: 4.063 Thread 0x000002412bd48b50 DEOPT UNPACKING pc=0x000002412f452b43 sp=0x000000d042efbfc8 mode 0
Event: 4.241 Thread 0x000002412bd48b50 DEOPT PACKING pc=0x000002412f9adc42 sp=0x000000d042efe280
Event: 4.241 Thread 0x000002412bd48b50 DEOPT UNPACKING pc=0x000002412f452b43 sp=0x000000d042efd788 mode 3
Event: 4.242 Thread 0x000002412bd48b50 DEOPT PACKING pc=0x000002412f9957c5 sp=0x000000d042efe240
Event: 4.242 Thread 0x000002412bd48b50 DEOPT UNPACKING pc=0x000002412f452b43 sp=0x000000d042efd788 mode 3
Event: 2696.888 Thread 0x000002413f682fc0 DEOPT PACKING pc=0x000002412f58dffb sp=0x000000d0464fd480
Event: 2696.888 Thread 0x000002413f682fc0 DEOPT UNPACKING pc=0x000002412f452b43 sp=0x000000d0464fc9a8 mode 3

Classes unloaded (0 events):
No events

Classes redefined (0 events):
No events

Internal exceptions (20 events):
Event: 4.105 Thread 0x000002412bd48b50 Exception <a 'java/lang/IncompatibleClassChangeError'{0x0000000084f7c9d8}: Found class java.lang.Object, but interface was expected> (0x0000000084f7c9d8) 
thrown [s\src\hotspot\share\interpreter\linkResolver.cpp, line 826]
Event: 4.151 Thread 0x000002412bd48b50 Exception <a 'java/lang/reflect/InvocationTargetException'{0x000000008454f3a8}> (0x000000008454f3a8) 
thrown [s\src\hotspot\share\runtime\reflection.cpp, line 1121]
Event: 4.158 Thread 0x000002412bd48b50 Exception <a 'java/lang/NoSuchMethodError'{0x00000000845acdf8}: 'int java.lang.invoke.DirectMethodHandle$Holder.invokeStatic(java.lang.Object, java.lang.Object, int)'> (0x00000000845acdf8) 
thrown [s\src\hotspot\share\interpreter\linkResolver.cpp, line 759]
Event: 4.160 Thread 0x000002412bd48b50 Exception <a 'java/lang/NoSuchMethodError'{0x00000000845c9cd0}: 'java.lang.Object java.lang.invoke.DirectMethodHandle$Holder.newInvokeSpecial(java.lang.Object, java.lang.Object, int)'> (0x00000000845c9cd0) 
thrown [s\src\hotspot\share\interpreter\linkResolver.cpp, line 759]
Event: 4.163 Thread 0x000002412bd48b50 Exception <a 'java/lang/IncompatibleClassChangeError'{0x00000000845f7518}: Found class java.lang.Object, but interface was expected> (0x00000000845f7518) 
thrown [s\src\hotspot\share\interpreter\linkResolver.cpp, line 826]
Event: 4.224 Thread 0x000002412bd48b50 Exception <a 'java/lang/reflect/InvocationTargetException'{0x0000000083ceb078}> (0x0000000083ceb078) 
thrown [s\src\hotspot\share\runtime\reflection.cpp, line 1121]
Event: 4.225 Thread 0x000002412bd48b50 Exception <a 'java/lang/reflect/InvocationTargetException'{0x0000000083cf5958}> (0x0000000083cf5958) 
thrown [s\src\hotspot\share\runtime\reflection.cpp, line 1121]
Event: 4.243 Thread 0x000002413b253f30 Exception <a 'java/lang/reflect/InvocationTargetException'{0x0000000083a82360}> (0x0000000083a82360) 
thrown [s\src\hotspot\share\runtime\reflection.cpp, line 1121]
Event: 4.340 Thread 0x000002412bd48b50 Exception <a 'java/lang/NoSuchMethodError'{0x00000000832487e8}: 'void java.lang.invoke.DirectMethodHandle$Holder.invokeVirtual(java.lang.Object, java.lang.Object, int)'> (0x00000000832487e8) 
thrown [s\src\hotspot\share\interpreter\linkResolver.cpp, line 759]
Event: 4.342 Thread 0x000002412bd48b50 Exception <a 'java/lang/NoSuchMethodError'{0x0000000083263390}: 'void java.lang.invoke.DirectMethodHandle$Holder.invokeVirtual(java.lang.Object, java.lang.Object, long)'> (0x0000000083263390) 
thrown [s\src\hotspot\share\interpreter\linkResolver.cpp, line 759]
Event: 4.431 Thread 0x000002412bd48b50 Exception <a 'java/lang/IncompatibleClassChangeError'{0x0000000082cb6360}: Found class java.lang.Object, but interface was expected> (0x0000000082cb6360) 
thrown [s\src\hotspot\share\interpreter\linkResolver.cpp, line 826]
Event: 4.453 Thread 0x000002412bd48b50 Exception <a 'java/lang/NoSuchMethodError'{0x0000000082a403b0}: 'int java.lang.invoke.DirectMethodHandle$Holder.invokeStaticInit(java.lang.Object, java.lang.Object, java.lang.Object, java.lang.Object)'> (0x0000000082a403b0) 
thrown [s\src\hotspot\share\interpreter\linkResolver.cpp, line 759]
Event: 4.552 Thread 0x000002412bd48b50 Exception <a 'java/lang/NoSuchMethodError'{0x0000000084f052c8}: 'java.lang.Object java.lang.invoke.DirectMethodHandle$Holder.newInvokeSpecial(java.lang.Object, java.lang.Object, int, java.lang.Object, java.lang.Object)'> (0x0000000084f052c8) 
thrown [s\src\hotspot\share\interpreter\linkResolver.cpp, line 759]
Event: 4.552 Thread 0x000002412bd48b50 Exception <a 'java/lang/NoSuchMethodError'{0x0000000084f10658}: 'java.lang.Object java.lang.invoke.DirectMethodHandle$Holder.invokeSpecial(java.lang.Object, java.lang.Object, int, java.lang.Object, int, java.lang.Object)'> (0x0000000084f10658) 
thrown [s\src\hotspot\share\interpreter\linkResolver.cpp, line 759]
Event: 4.553 Thread 0x000002412bd48b50 Exception <a 'java/lang/NoSuchMethodError'{0x0000000084f183d0}: 'java.lang.Object java.lang.invoke.DirectMethodHandle$Holder.newInvokeSpecial(java.lang.Object, java.lang.Object, int, java.lang.Object, int)'> (0x0000000084f183d0) 
thrown [s\src\hotspot\share\interpreter\linkResolver.cpp, line 759]
Event: 4.553 Thread 0x000002412bd48b50 Exception <a 'java/lang/NoSuchMethodError'{0x0000000084f1c4d0}: 'java.lang.Object java.lang.invoke.DirectMethodHandle$Holder.invokeSpecial(java.lang.Object, java.lang.Object, java.lang.Object, int, java.lang.Object, int)'> (0x0000000084f1c4d0) 
thrown [s\src\hotspot\share\interpreter\linkResolver.cpp, line 759]
Event: 8.255 Thread 0x000002413f67ddf0 Exception <a 'java/lang/NoSuchMethodError'{0x000000008487d028}: 'java.lang.Object java.lang.invoke.DirectMethodHandle$Holder.invokeSpecial(java.lang.Object, java.lang.Object, java.lang.Object, java.lang.Object, java.lang.Object, long)'> (0x000000008487d028) 
thrown [s\src\hotspot\share\interpreter\linkResolver.cpp, line 759]
Event: 8.255 Thread 0x000002413f67ddf0 Exception <a 'java/lang/NoSuchMethodError'{0x0000000084880a68}: 'java.lang.Object java.lang.invoke.Invokers$Holder.linkToTargetMethod(java.lang.Object, java.lang.Object, java.lang.Object, long, java.lang.Object)'> (0x0000000084880a68) 
thrown [s\src\hotspot\share\interpreter\linkResolver.cpp, line 759]
Event: 8.411 Thread 0x000002413f680470 Exception <a 'java/lang/NoSuchMethodError'{0x0000000083f083c8}: 'java.lang.Object java.lang.invoke.DirectMethodHandle$Holder.invokeInterface(java.lang.Object, java.lang.Object, java.lang.Object, java.lang.Object)'> (0x0000000083f083c8) 
thrown [s\src\hotspot\share\interpreter\linkResolver.cpp, line 759]
Event: 8.427 Thread 0x000002413f680470 Exception <a 'java/lang/IncompatibleClassChangeError'{0x0000000083e14d78}: Found class java.lang.Object, but interface was expected> (0x0000000083e14d78) 
thrown [s\src\hotspot\share\interpreter\linkResolver.cpp, line 826]

VM Operations (20 events):
Event: 7463.212 Executing VM operation: Cleanup
Event: 7463.213 Executing VM operation: Cleanup done
Event: 7517.630 Executing VM operation: Cleanup
Event: 7517.630 Executing VM operation: Cleanup done
Event: 7935.671 Executing VM operation: Cleanup
Event: 7935.672 Executing VM operation: Cleanup done
Event: 7942.731 Executing VM operation: Cleanup
Event: 7942.731 Executing VM operation: Cleanup done
Event: 8657.341 Executing VM operation: Cleanup
Event: 8657.341 Executing VM operation: Cleanup done
Event: 8678.548 Executing VM operation: G1CollectForAllocation
Event: 8678.559 Executing VM operation: G1CollectForAllocation done
Event: 8679.568 Executing VM operation: Cleanup
Event: 8679.568 Executing VM operation: Cleanup done
Event: 8680.578 Executing VM operation: Cleanup
Event: 8680.578 Executing VM operation: Cleanup done
Event: 8681.585 Executing VM operation: Cleanup
Event: 8681.585 Executing VM operation: Cleanup done
Event: 8682.591 Executing VM operation: Cleanup
Event: 8682.591 Executing VM operation: Cleanup done

Events (20 events):
Event: 1789.845 Thread 0x000002413f67ffa0 Thread added: 0x000002413f67ffa0
Event: 1799.531 Thread 0x000002413f683960 Thread exited: 0x000002413f683960
Event: 1799.547 Thread 0x000002413f67ffa0 Thread exited: 0x000002413f67ffa0
Event: 1802.557 Thread 0x000002413f683960 Thread added: 0x000002413f683960
Event: 1802.558 Thread 0x000002413f67ffa0 Thread added: 0x000002413f67ffa0
Event: 1807.571 Thread 0x000002413f683960 Thread exited: 0x000002413f683960
Event: 1807.586 Thread 0x000002413f67ffa0 Thread exited: 0x000002413f67ffa0
Event: 2069.826 Thread 0x000002413b1f2790 Thread added: 0x000002413b1f2790
Event: 2074.911 Thread 0x000002413b1f2790 Thread exited: 0x000002413b1f2790
Event: 2674.493 Thread 0x000002413acc4c90 Thread added: 0x000002413acc4c90
Event: 2679.645 Thread 0x000002413acc4c90 Thread exited: 0x000002413acc4c90
Event: 2950.117 Thread 0x000002413b2ef240 Thread added: 0x000002413b2ef240
Event: 2955.201 Thread 0x000002413b2ef240 Thread exited: 0x000002413b2ef240
Event: 6949.674 Thread 0x000002413f6817b0 Thread added: 0x000002413f6817b0
Event: 6949.674 Thread 0x000002413f6847d0 Thread added: 0x000002413f6847d0
Event: 6954.689 Thread 0x000002413f6817b0 Thread exited: 0x000002413f6817b0
Event: 6954.846 Thread 0x000002413f6847d0 Thread exited: 0x000002413f6847d0
Event: 8678.826 Thread 0x000002413aca7ea0 Thread added: 0x000002413aca7ea0
Event: 8679.255 Thread 0x000002413f682150 Thread added: 0x000002413f682150
Event: 8679.620 Thread 0x000002413b00d150 Thread added: 0x000002413b00d150


Dynamic libraries:
0x00007ff66a5c0000 - 0x00007ff66a5ce000 	F:\sts-4.17.0.RELEASE\plugins\org.eclipse.justj.openjdk.hotspot.jre.full.win32.x86_64_17.0.5.v20221102-0933\jre\bin\javaw.exe
0x00007fffea7d0000 - 0x00007fffea9c8000 	C:\WINDOWS\SYSTEM32\ntdll.dll
0x00007fffe9b40000 - 0x00007fffe9bff000 	C:\WINDOWS\System32\KERNEL32.DLL
0x00007fffe8070000 - 0x00007fffe8342000 	C:\WINDOWS\System32\KERNELBASE.dll
0x00007fffe85b0000 - 0x00007fffe86b0000 	C:\WINDOWS\System32\ucrtbase.dll
0x00007fffe3330000 - 0x00007fffe3349000 	F:\sts-4.17.0.RELEASE\plugins\org.eclipse.justj.openjdk.hotspot.jre.full.win32.x86_64_17.0.5.v20221102-0933\jre\bin\VCRUNTIME140.dll
0x00007fffe3350000 - 0x00007fffe3367000 	F:\sts-4.17.0.RELEASE\plugins\org.eclipse.justj.openjdk.hotspot.jre.full.win32.x86_64_17.0.5.v20221102-0933\jre\bin\jli.dll
0x00007fffe9920000 - 0x00007fffe9ac1000 	C:\WINDOWS\System32\USER32.dll
0x00007fffe7f10000 - 0x00007fffe7f32000 	C:\WINDOWS\System32\win32u.dll
0x00007fffda9e0000 - 0x00007fffdac7a000 	C:\WINDOWS\WinSxS\amd64_microsoft.windows.common-controls_6595b64144ccf1df_6.0.19041.1110_none_60b5254171f9507e\COMCTL32.dll
0x00007fffe97d0000 - 0x00007fffe986e000 	C:\WINDOWS\System32\msvcrt.dll
0x00007fffea170000 - 0x00007fffea19b000 	C:\WINDOWS\System32\GDI32.dll
0x00007fffe84a0000 - 0x00007fffe85af000 	C:\WINDOWS\System32\gdi32full.dll
0x00007fffe8350000 - 0x00007fffe83ed000 	C:\WINDOWS\System32\msvcp_win.dll
0x00007fffea1a0000 - 0x00007fffea1d2000 	C:\WINDOWS\System32\IMM32.DLL
0x00007fffe3320000 - 0x00007fffe332c000 	F:\sts-4.17.0.RELEASE\plugins\org.eclipse.justj.openjdk.hotspot.jre.full.win32.x86_64_17.0.5.v20221102-0933\jre\bin\vcruntime140_1.dll
0x00007fffe1850000 - 0x00007fffe18e1000 	F:\sts-4.17.0.RELEASE\plugins\org.eclipse.justj.openjdk.hotspot.jre.full.win32.x86_64_17.0.5.v20221102-0933\jre\bin\msvcp140.dll
0x00007fff9b0b0000 - 0x00007fff9bcf4000 	F:\sts-4.17.0.RELEASE\plugins\org.eclipse.justj.openjdk.hotspot.jre.full.win32.x86_64_17.0.5.v20221102-0933\jre\bin\server\jvm.dll
0x00007fffe9870000 - 0x00007fffe991e000 	C:\WINDOWS\System32\ADVAPI32.dll
0x00007fffe9c00000 - 0x00007fffe9c9c000 	C:\WINDOWS\System32\sechost.dll
0x00007fffea040000 - 0x00007fffea165000 	C:\WINDOWS\System32\RPCRT4.dll
0x00007fffd5340000 - 0x00007fffd5349000 	C:\WINDOWS\SYSTEM32\WSOCK32.dll
0x00007fffdeed0000 - 0x00007fffdeeda000 	C:\WINDOWS\SYSTEM32\VERSION.dll
0x00007fffd9e50000 - 0x00007fffd9e77000 	C:\WINDOWS\SYSTEM32\WINMM.dll
0x00007fffe8f50000 - 0x00007fffe8fbb000 	C:\WINDOWS\System32\WS2_32.dll
0x00007fffe69b0000 - 0x00007fffe69c2000 	C:\WINDOWS\SYSTEM32\kernel.appcore.dll
0x00007fffd39e0000 - 0x00007fffd39ea000 	F:\sts-4.17.0.RELEASE\plugins\org.eclipse.justj.openjdk.hotspot.jre.full.win32.x86_64_17.0.5.v20221102-0933\jre\bin\jimage.dll
0x00007fffe6450000 - 0x00007fffe6634000 	C:\WINDOWS\SYSTEM32\DBGHELP.DLL
0x00007fffd40e0000 - 0x00007fffd4115000 	C:\WINDOWS\SYSTEM32\dbgcore.DLL
0x00007fffe7fb0000 - 0x00007fffe8032000 	C:\WINDOWS\System32\bcryptPrimitives.dll
0x00007fffb6840000 - 0x00007fffb6865000 	F:\sts-4.17.0.RELEASE\plugins\org.eclipse.justj.openjdk.hotspot.jre.full.win32.x86_64_17.0.5.v20221102-0933\jre\bin\java.dll
0x00007fffbb020000 - 0x00007fffbb038000 	F:\sts-4.17.0.RELEASE\plugins\org.eclipse.justj.openjdk.hotspot.jre.full.win32.x86_64_17.0.5.v20221102-0933\jre\bin\zip.dll
0x00007fffe8fc0000 - 0x00007fffe9704000 	C:\WINDOWS\System32\SHELL32.dll
0x00007fffe5bb0000 - 0x00007fffe6342000 	C:\WINDOWS\SYSTEM32\windows.storage.dll
0x00007fffe8840000 - 0x00007fffe8b95000 	C:\WINDOWS\System32\combase.dll
0x00007fffe7840000 - 0x00007fffe7870000 	C:\WINDOWS\SYSTEM32\Wldp.dll
0x00007fffe8ea0000 - 0x00007fffe8f4d000 	C:\WINDOWS\System32\SHCORE.dll
0x00007fffe9ad0000 - 0x00007fffe9b25000 	C:\WINDOWS\System32\shlwapi.dll
0x00007fffe7e00000 - 0x00007fffe7e1f000 	C:\WINDOWS\SYSTEM32\profapi.dll
0x00007fffb7010000 - 0x00007fffb7029000 	F:\sts-4.17.0.RELEASE\plugins\org.eclipse.justj.openjdk.hotspot.jre.full.win32.x86_64_17.0.5.v20221102-0933\jre\bin\net.dll
0x00007fffdedc0000 - 0x00007fffdeecc000 	C:\WINDOWS\SYSTEM32\WINHTTP.dll
0x00007fffe75a0000 - 0x00007fffe760a000 	C:\WINDOWS\system32\mswsock.dll
0x00007fffb6820000 - 0x00007fffb6835000 	F:\sts-4.17.0.RELEASE\plugins\org.eclipse.justj.openjdk.hotspot.jre.full.win32.x86_64_17.0.5.v20221102-0933\jre\bin\nio.dll
0x00007fffe32d0000 - 0x00007fffe32d9000 	F:\sts-4.17.0.RELEASE\plugins\org.eclipse.justj.openjdk.hotspot.jre.full.win32.x86_64_17.0.5.v20221102-0933\jre\bin\management.dll
0x00007fffe32c0000 - 0x00007fffe32cb000 	F:\sts-4.17.0.RELEASE\plugins\org.eclipse.justj.openjdk.hotspot.jre.full.win32.x86_64_17.0.5.v20221102-0933\jre\bin\management_ext.dll
0x00007fffe8810000 - 0x00007fffe8818000 	C:\WINDOWS\System32\PSAPI.DLL
0x00007fffcd390000 - 0x00007fffcd3a7000 	C:\WINDOWS\system32\napinsp.dll
0x00007fffcd2c0000 - 0x00007fffcd2db000 	C:\WINDOWS\system32\pnrpnsp.dll
0x00007fffcd280000 - 0x00007fffcd295000 	C:\WINDOWS\system32\wshbth.dll
0x00007fffe38e0000 - 0x00007fffe38fd000 	C:\WINDOWS\system32\NLAapi.dll
0x00007fffe7290000 - 0x00007fffe72cb000 	C:\WINDOWS\SYSTEM32\IPHLPAPI.DLL
0x00007fffe72d0000 - 0x00007fffe739a000 	C:\WINDOWS\SYSTEM32\DNSAPI.dll
0x00007fffe9dd0000 - 0x00007fffe9dd8000 	C:\WINDOWS\System32\NSI.dll
0x00007fffcd210000 - 0x00007fffcd222000 	C:\WINDOWS\System32\winrnr.dll
0x00007fffda2e0000 - 0x00007fffda2ea000 	C:\Windows\System32\rasadhlp.dll
0x00007fffda340000 - 0x00007fffda3c0000 	C:\WINDOWS\System32\fwpuclnt.dll
0x00007fffe8040000 - 0x00007fffe8067000 	C:\WINDOWS\System32\bcrypt.dll
0x00007fffe77a0000 - 0x00007fffe77b8000 	C:\WINDOWS\SYSTEM32\CRYPTSP.dll
0x00007fffe6ec0000 - 0x00007fffe6ef4000 	C:\WINDOWS\system32\rsaenh.dll
0x00007fffe7dc0000 - 0x00007fffe7dee000 	C:\WINDOWS\SYSTEM32\USERENV.dll
0x00007fffe7790000 - 0x00007fffe779c000 	C:\WINDOWS\SYSTEM32\CRYPTBASE.dll
0x00007fffdfa90000 - 0x00007fffdfaa7000 	C:\WINDOWS\SYSTEM32\dhcpcsvc6.DLL
0x00007fffe06b0000 - 0x00007fffe06cd000 	C:\WINDOWS\SYSTEM32\dhcpcsvc.DLL
0x00007fffe26a0000 - 0x00007fffe26b0000 	F:\sts-4.17.0.RELEASE\plugins\org.eclipse.justj.openjdk.hotspot.jre.full.win32.x86_64_17.0.5.v20221102-0933\jre\bin\verify.dll
0x00007fffc52f0000 - 0x00007fffc52fe000 	F:\sts-4.17.0.RELEASE\plugins\org.eclipse.justj.openjdk.hotspot.jre.full.win32.x86_64_17.0.5.v20221102-0933\jre\bin\sunmscapi.dll
0x00007fffe86b0000 - 0x00007fffe8806000 	C:\WINDOWS\System32\CRYPT32.dll
0x00007fffe78b0000 - 0x00007fffe78d7000 	C:\WINDOWS\SYSTEM32\ncrypt.dll
0x00007fffe7870000 - 0x00007fffe78ab000 	C:\WINDOWS\SYSTEM32\NTASN1.dll
0x00007fffe32e0000 - 0x00007fffe32e7000 	C:\WINDOWS\system32\wshunix.dll

dbghelp: loaded successfully - version: 4.0.5 - missing functions: none
symbol engine: initialized successfully - sym options: 0x614 - pdb path: .;F:\sts-4.17.0.RELEASE\plugins\org.eclipse.justj.openjdk.hotspot.jre.full.win32.x86_64_17.0.5.v20221102-0933\jre\bin;C:\WINDOWS\SYSTEM32;C:\WINDOWS\WinSxS\amd64_microsoft.windows.common-controls_6595b64144ccf1df_6.0.19041.1110_none_60b5254171f9507e;F:\sts-4.17.0.RELEASE\plugins\org.eclipse.justj.openjdk.hotspot.jre.full.win32.x86_64_17.0.5.v20221102-0933\jre\bin\server

VM Arguments:
jvm_args: -Dcom.sun.management.jmxremote -Dcom.sun.management.jmxremote.port=53289 -Dcom.sun.management.jmxremote.authenticate=false -Dcom.sun.management.jmxremote.ssl=false -Djava.rmi.server.hostname=localhost -Dspring.jmx.enabled=true -Dmanagement.endpoints.jmx.exposure.include=* -Dspring.application.admin.enabled=true -XX:TieredStopAtLevel=1 -Dspring.boot.project.name=Backend -Dfile.encoding=UTF-8 -XX:+ShowCodeDetailsInExceptionMessages -Xmx2048M 
java_command: com.example.demo.BackendApplication --spring.output.ansi.enabled=always --server.port=8001
java_class_path (initial): F:\SpringBoot\Backend\target\classes;C:\Users\DELL\.m2\repository\org\springframework\boot\spring-boot-starter-data-jpa\3.0.1\spring-boot-starter-data-jpa-3.0.1.jar;C:\Users\DELL\.m2\repository\org\springframework\boot\spring-boot-starter-aop\3.0.1\spring-boot-starter-aop-3.0.1.jar;C:\Users\DELL\.m2\repository\org\springframework\spring-aop\6.0.3\spring-aop-6.0.3.jar;C:\Users\DELL\.m2\repository\org\aspectj\aspectjweaver\1.9.19\aspectjweaver-1.9.19.jar;C:\Users\DELL\.m2\repository\org\springframework\boot\spring-boot-starter-jdbc\3.0.1\spring-boot-starter-jdbc-3.0.1.jar;C:\Users\DELL\.m2\repository\com\zaxxer\HikariCP\5.0.1\HikariCP-5.0.1.jar;C:\Users\DELL\.m2\repository\org\springframework\spring-jdbc\6.0.3\spring-jdbc-6.0.3.jar;C:\Users\DELL\.m2\repository\org\hibernate\orm\hibernate-core\6.1.6.Final\hibernate-core-6.1.6.Final.jar;C:\Users\DELL\.m2\repository\jakarta\persistence\jakarta.persistence-api\3.1.0\jakarta.persistence-api-3.1.0.jar;C:\Users\DELL\.m2\repository\jakarta\transaction\jakarta.transaction-api\2.0.1\jakarta.transaction-api-2.0.1.jar;C:\Users\DELL\.m2\repository\org\jboss\logging\jboss-logging\3.5.0.Final\jboss-logging-3.5.0.Final.jar;C:\Users\DELL\.m2\repository\org\hibernate\common\hibernate-commons-annotations\6.0.2.Final\hibernate-commons-annotations-6.0.2.Final.jar;C:\Users\DELL\.m2\repository\org\jboss\jandex\2.4.2.Final\jandex-2.4.2.Final.jar;C:\Users\DELL\.m2\repository\com\fasterxml\classmate\1.5.1\classmate-1.5.1.jar;C:\Users\DELL\.m2\repository\net\bytebuddy\byte-buddy\1.12.20\byte-buddy-1.12.20.jar;C:\Users\DELL\.m2\repository\org\glassfish\jaxb\jaxb-runtime\4.0.1\jaxb-runtime-4.0.1.jar;C:\Users\DELL\.m2\repository\org\glassfish\jaxb\jaxb-core\4.0.1\jaxb-core-4.0.1.jar;C:\Users\DELL\.m2\repository\org\eclipse\angus\angus-activation\1.0.0\angus-activation-1.0.0.jar;C:\Users\DELL\.m2\repository\org\glassfish\jaxb\txw2\4.0.1\txw2-4.0.1.jar;C:\Users\DELL\.m2\repository\com\sun\istack\istack-commons-runtime\4.
Launcher Type: SUN_STANDARD

[Global flags]
     intx CICompilerCount                          = 4                                         {product} {ergonomic}
     uint ConcGCThreads                            = 2                                         {product} {ergonomic}
     uint G1ConcRefinementThreads                  = 8                                         {product} {ergonomic}
   size_t G1HeapRegionSize                         = 1048576                                   {product} {ergonomic}
    uintx GCDrainStackTargetSize                   = 64                                        {product} {ergonomic}
   size_t InitialHeapSize                          = 132120576                                 {product} {ergonomic}
     bool ManagementServer                         = true                                      {product} {command line}
   size_t MarkStackSize                            = 4194304                                   {product} {ergonomic}
   size_t MaxHeapSize                              = 2147483648                                {product} {command line}
   size_t MaxNewSize                               = 1287651328                                {product} {ergonomic}
   size_t MinHeapDeltaBytes                        = 1048576                                   {product} {ergonomic}
   size_t MinHeapSize                              = 8388608                                   {product} {ergonomic}
    uintx NonProfiledCodeHeapSize                  = 0                                      {pd product} {ergonomic}
     bool ProfileInterpreter                       = false                                  {pd product} {command line}
    uintx ProfiledCodeHeapSize                     = 0                                      {pd product} {ergonomic}
     bool ShowCodeDetailsInExceptionMessages       = true                                   {manageable} {command line}
   size_t SoftMaxHeapSize                          = 2147483648                             {manageable} {ergonomic}
     intx TieredStopAtLevel                        = 1                                         {product} {command line}
     bool UseCompressedClassPointers               = true                           {product lp64_product} {ergonomic}
     bool UseCompressedOops                        = true                           {product lp64_product} {ergonomic}
     bool UseG1GC                                  = true                                      {product} {ergonomic}
     bool UseLargePagesIndividualAllocation        = false                                  {pd product} {ergonomic}

Logging:
Log output configuration:
 #0: stdout all=warning uptime,level,tags
 #1: stderr all=off uptime,level,tags

Environment Variables:
JAVA_HOME=C:\Program Files\Java\jdk1.8.0_45
_JAVA_OPTIONS=  -Xmx2048M
PATH=F:/sts-4.17.0.RELEASE//plugins/org.eclipse.justj.openjdk.hotspot.jre.full.win32.x86_64_17.0.5.v20221102-0933/jre/bin/server;F:/sts-4.17.0.RELEASE//plugins/org.eclipse.justj.openjdk.hotspot.jre.full.win32.x86_64_17.0.5.v20221102-0933/jre/bin;C:\Program Files (x86)\Common Files\Oracle\Java\javapath;C:\ProgramData\Oracle\Java\javapath;C:\Program Files (x86)\Intel\Intel(R) Management Engine Components\iCLS\;C:\Program Files\Intel\Intel(R) Management Engine Components\iCLS\;C:\WINDOWS\system32;C:\WINDOWS;C:\WINDOWS\System32\Wbem;C:\WINDOWS\System32\WindowsPowerShell\v1.0\;C:\WINDOWS\System32\OpenSSH\;C:\Program Files (x86)\Intel\Intel(R) Management Engine Components\DAL;C:\Program Files\Intel\Intel(R) Management Engine Components\DAL;C:\Program Files (x86)\Intel\Intel(R) Management Engine Components\IPT;C:\Program Files\Intel\Intel(R) Management Engine Components\IPT;C:\Program Files\Java\jdk-15.0.1\bin;C:\Program Files\Java\jdk-16.0.1\bin;C:\Program Files (x86)\CodeBlocks\MinGW\bin;C:\Program Files (x86)\GnuWin32\bin;C:\Program Files\glassfish-4.1.1\bin;C:\Program Files\nodejs\;C:\Program Files\MongoDB\Server\5.0\bin;C:\Users\DELL\Postman\file;C:\Program Files\dotnet\;C:\Program Files\Microsoft SQL Server\150\Tools\Binn\;C:\Program Files\Microsoft SQL Server\Client SDK\ODBC\170\Tools\Binn\;F:\apache-maven-3.8.6\bin;C:\Program Files\Java\jre1.8.0_45\bin;F:\NetBeans 8.1\bin;C:\Users\DELL\AppData\Local\Microsoft\WindowsApps;C:\iverilog\bin;C:\iverilog\gtkwave\bin;C:\Program Files\Java\jdk1.7.0_80\bin;C:\Program Files\Java\jdk1.8.0_45\bin;C:\Users\DELL\AppData\Roaming\npm;C:\Program Files\MongoDB\Server\5.0\bin;C:\Flex Windows\gcc\bin;C:\Flex Windows\Lex\bin;C:\Flex Windows\bison\bin;C:\Users\DELL\AppData\Local\GitHubDesktop\bin;C:\Users\DELL\.dotnet\tools;H:\Microsoft VS Code\bin;F:\sts-4.17.0.RELEASE;
USERNAME=DELL
OS=Windows_NT
PROCESSOR_IDENTIFIER=Intel64 Family 6 Model 142 Stepping 10, GenuineIntel
TMP=C:\Users\DELL\AppData\Local\Temp
TEMP=C:\Users\DELL\AppData\Local\Temp



---------------  S Y S T E M  ---------------

OS:
 Windows 10 , 64 bit Build 19041 (10.0.19041.2364)
OS uptime: 0 days 4:03 hours

CPU: total 8 (initial active 8) (4 cores per cpu, 2 threads per core) family 6 model 142 stepping 10 microcode 0xca, cx8, cmov, fxsr, ht, mmx, 3dnowpref, sse, sse2, sse3, ssse3, sse4.1, sse4.2, popcnt, lzcnt, tsc, tscinvbit, avx, avx2, aes, erms, clmul, bmi1, bmi2, adx, fma, vzeroupper, clflush, clflushopt

Memory: 4k page, system-wide physical 8056M (1213M free)
TotalPageFile size 8056M (AvailPageFile size 373M)
current process WorkingSet (physical memory assigned to process): 236M, peak: 236M
current process commit charge ("private bytes"): 271M, peak: 271M

vm_info: OpenJDK 64-Bit Server VM (17.0.5+8) for windows-amd64 JRE (17.0.5+8), built on Oct 19 2022 04:48:13 by "temurin" with MS VC++ 16.7 (VS2019)

END.
