#
# There is insufficient memory for the Java Runtime Environment to continue.
# Native memory allocation (mmap) failed to map 65536 bytes for Failed to commit metaspace.
# Possible reasons:
#   The system is out of physical RAM or swap space
#   The process is running with CompressedOops enabled, and the Java Heap may be blocking the growth of the native heap
# Possible solutions:
#   Reduce memory load on the system
#   Increase physical memory or swap space
#   Check if swap backing store is full
#   Decrease Java heap size (-Xmx/-Xms)
#   Decrease number of Java threads
#   Decrease Java thread stack sizes (-Xss)
#   Set larger code cache with -XX:ReservedCodeCacheSize=
#   JVM is running with Unscaled Compressed Oops mode in which the Java heap is
#     placed in the first 4GB address space. The Java Heap base address is the
#     maximum limit for the native heap growth. Please use -XX:HeapBaseMinAddress
#     to set the Java Heap base and to place the Java Heap above 4GB virtual address.
# This output file may be truncated or incomplete.
#
#  Out of Memory Error (virtualSpaceNode.cpp:110), pid=17248, tid=13884
#
# JRE version: OpenJDK Runtime Environment Temurin-17.0.5+8 (17.0.5+8) (build 17.0.5+8)
# Java VM: OpenJDK 64-Bit Server VM Temurin-17.0.5+8 (17.0.5+8, mixed mode, emulated-client, tiered, compressed oops, compressed class ptrs, g1 gc, windows-amd64)
# No core dump will be written. Minidumps are not enabled by default on client versions of Windows
#

---------------  S U M M A R Y ------------

Command Line: -Dcom.sun.management.jmxremote -Dcom.sun.management.jmxremote.port=50101 -Dcom.sun.management.jmxremote.authenticate=false -Dcom.sun.management.jmxremote.ssl=false -Djava.rmi.server.hostname=localhost -Dspring.jmx.enabled=true -Dmanagement.endpoints.jmx.exposure.include=* -Dspring.application.admin.enabled=true -XX:TieredStopAtLevel=1 -Dspring.boot.project.name=Backend -Dfile.encoding=UTF-8 -XX:+ShowCodeDetailsInExceptionMessages -Xmx2048M com.example.demo.BackendApplication --spring.output.ansi.enabled=always --server.port=8001

Host: Intel(R) Core(TM) i5-8250U CPU @ 1.60GHz, 8 cores, 7G,  Windows 10 , 64 bit Build 19041 (10.0.19041.2364)
Time: Tue Feb 28 11:30:58 2023 India Standard Time elapsed time: 17.196839 seconds (0d 0h 0m 17s)

---------------  T H R E A D  ---------------

Current thread (0x00000207d68c2a00):  JavaThread "http-nio-8001-exec-1" daemon [_thread_in_vm, id=13884, stack(0x0000006a44a00000,0x0000006a44b00000)]

Stack: [0x0000006a44a00000,0x0000006a44b00000]
Native frames: (J=compiled Java code, j=interpreted, Vv=VM code, C=native code)
V  [jvm.dll+0x676b3a]
V  [jvm.dll+0x831444]
V  [jvm.dll+0x832bee]
V  [jvm.dll+0x833253]
V  [jvm.dll+0x244ce5]
V  [jvm.dll+0x82d4db]
V  [jvm.dll+0x61b2f6]
V  [jvm.dll+0x1bfd2e]
V  [jvm.dll+0x61dc41]
V  [jvm.dll+0x61bc96]
V  [jvm.dll+0x36ace2]
V  [jvm.dll+0x1e165b]
V  [jvm.dll+0x53be59]
V  [jvm.dll+0x7ac5a8]
V  [jvm.dll+0x7ac694]
V  [jvm.dll+0x40ba25]
V  [jvm.dll+0x411bb8]
C  [java.dll+0x17ec]

Java frames: (J=compiled Java code, j=interpreted, Vv=VM code)
J 1200  java.lang.ClassLoader.defineClass1(Ljava/lang/ClassLoader;Ljava/lang/String;[BIILjava/security/ProtectionDomain;Ljava/lang/String;)Ljava/lang/Class; java.base@17.0.5 (0 bytes) @ 0x00000207c97a39db [0x00000207c97a3920+0x00000000000000bb]
J 1314 c1 java.lang.ClassLoader.defineClass(Ljava/lang/String;[BIILjava/security/ProtectionDomain;)Ljava/lang/Class; java.base@17.0.5 (43 bytes) @ 0x00000207c97d32dc [0x00000207c97d31e0+0x00000000000000fc]
J 1225 c1 jdk.internal.loader.BuiltinClassLoader.defineClass(Ljava/lang/String;Ljdk/internal/loader/Resource;)Ljava/lang/Class; java.base@17.0.5 (121 bytes) @ 0x00000207c97b1844 [0x00000207c97b13a0+0x00000000000004a4]
J 1215 c1 jdk.internal.loader.BuiltinClassLoader.findClassOnClassPathOrNull(Ljava/lang/String;)Ljava/lang/Class; java.base@17.0.5 (64 bytes) @ 0x00000207c97ab71c [0x00000207c97ab480+0x000000000000029c]
J 1058 c1 jdk.internal.loader.BuiltinClassLoader.loadClassOrNull(Ljava/lang/String;Z)Ljava/lang/Class; java.base@17.0.5 (143 bytes) @ 0x00000207c9765c44 [0x00000207c9765800+0x0000000000000444]
J 1116 c1 jdk.internal.loader.ClassLoaders$AppClassLoader.loadClass(Ljava/lang/String;Z)Ljava/lang/Class; java.base@17.0.5 (40 bytes) @ 0x00000207c97855a4 [0x00000207c9785460+0x0000000000000144]
J 1113 c1 java.lang.ClassLoader.loadClass(Ljava/lang/String;)Ljava/lang/Class; java.base@17.0.5 (7 bytes) @ 0x00000207c97849e4 [0x00000207c97849a0+0x0000000000000044]
v  ~StubRoutines::call_stub
j  com.fasterxml.jackson.databind.introspect.POJOPropertyBuilder.findViews()[Ljava/lang/Class;+1
j  com.fasterxml.jackson.databind.ser.PropertyBuilder.buildWriter(Lcom/fasterxml/jackson/databind/SerializerProvider;Lcom/fasterxml/jackson/databind/introspect/BeanPropertyDefinition;Lcom/fasterxml/jackson/databind/JavaType;Lcom/fasterxml/jackson/databind/JsonSerializer;Lcom/fasterxml/jackson/databind/jsontype/TypeSerializer;Lcom/fasterxml/jackson/databind/jsontype/TypeSerializer;Lcom/fasterxml/jackson/databind/introspect/AnnotatedMember;Z)Lcom/fasterxml/jackson/databind/ser/BeanPropertyWriter;+485
j  com.fasterxml.jackson.databind.ser.BeanSerializerFactory._constructWriter(Lcom/fasterxml/jackson/databind/SerializerProvider;Lcom/fasterxml/jackson/databind/introspect/BeanPropertyDefinition;Lcom/fasterxml/jackson/databind/ser/PropertyBuilder;ZLcom/fasterxml/jackson/databind/introspect/AnnotatedMember;)Lcom/fasterxml/jackson/databind/ser/BeanPropertyWriter;+136
j  com.fasterxml.jackson.databind.ser.BeanSerializerFactory.findBeanProperties(Lcom/fasterxml/jackson/databind/SerializerProvider;Lcom/fasterxml/jackson/databind/BeanDescription;Lcom/fasterxml/jackson/databind/ser/BeanSerializerBuilder;)Ljava/util/List;+194
j  com.fasterxml.jackson.databind.ser.BeanSerializerFactory.constructBeanOrAddOnSerializer(Lcom/fasterxml/jackson/databind/SerializerProvider;Lcom/fasterxml/jackson/databind/JavaType;Lcom/fasterxml/jackson/databind/BeanDescription;Z)Lcom/fasterxml/jackson/databind/JsonSerializer;+76
j  com.fasterxml.jackson.databind.ser.BeanSerializerFactory.findBeanOrAddOnSerializer(Lcom/fasterxml/jackson/databind/SerializerProvider;Lcom/fasterxml/jackson/databind/JavaType;Lcom/fasterxml/jackson/databind/BeanDescription;Z)Lcom/fasterxml/jackson/databind/JsonSerializer;+29
j  com.fasterxml.jackson.databind.ser.BeanSerializerFactory._createSerializer2(Lcom/fasterxml/jackson/databind/SerializerProvider;Lcom/fasterxml/jackson/databind/JavaType;Lcom/fasterxml/jackson/databind/BeanDescription;Z)Lcom/fasterxml/jackson/databind/JsonSerializer;+189
j  com.fasterxml.jackson.databind.ser.BeanSerializerFactory.createSerializer(Lcom/fasterxml/jackson/databind/SerializerProvider;Lcom/fasterxml/jackson/databind/JavaType;)Lcom/fasterxml/jackson/databind/JsonSerializer;+142
j  com.fasterxml.jackson.databind.SerializerProvider._createUntypedSerializer(Lcom/fasterxml/jackson/databind/JavaType;)Lcom/fasterxml/jackson/databind/JsonSerializer;+6
j  com.fasterxml.jackson.databind.SerializerProvider._createAndCacheUntypedSerializer(Ljava/lang/Class;)Lcom/fasterxml/jackson/databind/JsonSerializer;+11
j  com.fasterxml.jackson.databind.SerializerProvider.findContentValueSerializer(Ljava/lang/Class;Lcom/fasterxml/jackson/databind/BeanProperty;)Lcom/fasterxml/jackson/databind/JsonSerializer;+48
j  com.fasterxml.jackson.databind.ser.impl.PropertySerializerMap.findAndAddSecondarySerializer(Ljava/lang/Class;Lcom/fasterxml/jackson/databind/SerializerProvider;Lcom/fasterxml/jackson/databind/BeanProperty;)Lcom/fasterxml/jackson/databind/ser/impl/PropertySerializerMap$SerializerAndMapResult;+3
j  com.fasterxml.jackson.databind.ser.std.AsArraySerializerBase._findAndAddDynamic(Lcom/fasterxml/jackson/databind/ser/impl/PropertySerializerMap;Ljava/lang/Class;Lcom/fasterxml/jackson/databind/SerializerProvider;)Lcom/fasterxml/jackson/databind/JsonSerializer;+7
j  com.fasterxml.jackson.databind.ser.std.CollectionSerializer.serializeContents(Ljava/util/Collection;Lcom/fasterxml/jackson/core/JsonGenerator;Lcom/fasterxml/jackson/databind/SerializerProvider;)V+139
j  com.fasterxml.jackson.databind.ser.std.CollectionSerializer.serialize(Ljava/util/Collection;Lcom/fasterxml/jackson/core/JsonGenerator;Lcom/fasterxml/jackson/databind/SerializerProvider;)V+60
j  com.fasterxml.jackson.databind.ser.std.CollectionSerializer.serialize(Ljava/lang/Object;Lcom/fasterxml/jackson/core/JsonGenerator;Lcom/fasterxml/jackson/databind/SerializerProvider;)V+7
j  com.fasterxml.jackson.databind.ser.DefaultSerializerProvider._serialize(Lcom/fasterxml/jackson/core/JsonGenerator;Ljava/lang/Object;Lcom/fasterxml/jackson/databind/JsonSerializer;)V+4
j  com.fasterxml.jackson.databind.ser.DefaultSerializerProvider.serializeValue(Lcom/fasterxml/jackson/core/JsonGenerator;Ljava/lang/Object;Lcom/fasterxml/jackson/databind/JavaType;Lcom/fasterxml/jackson/databind/JsonSerializer;)V+143
j  com.fasterxml.jackson.databind.ObjectWriter$Prefetch.serialize(Lcom/fasterxml/jackson/core/JsonGenerator;Ljava/lang/Object;Lcom/fasterxml/jackson/databind/ser/DefaultSerializerProvider;)V+46
j  com.fasterxml.jackson.databind.ObjectWriter.writeValue(Lcom/fasterxml/jackson/core/JsonGenerator;Ljava/lang/Object;)V+100
j  org.springframework.http.converter.json.AbstractJackson2HttpMessageConverter.writeInternal(Ljava/lang/Object;Ljava/lang/reflect/Type;Lorg/springframework/http/HttpOutputMessage;)V+302
j  org.springframework.http.converter.AbstractGenericHttpMessageConverter.write(Ljava/lang/Object;Ljava/lang/reflect/Type;Lorg/springframework/http/MediaType;Lorg/springframework/http/HttpOutputMessage;)V+57
j  org.springframework.web.servlet.mvc.method.annotation.AbstractMessageConverterMethodProcessor.writeWithMessageConverters(Ljava/lang/Object;Lorg/springframework/core/MethodParameter;Lorg/springframework/http/server/ServletServerHttpRequest;Lorg/springframework/http/server/ServletServerHttpResponse;)V+781
j  org.springframework.web.servlet.mvc.method.annotation.RequestResponseBodyMethodProcessor.handleReturnValue(Ljava/lang/Object;Lorg/springframework/core/MethodParameter;Lorg/springframework/web/method/support/ModelAndViewContainer;Lorg/springframework/web/context/request/NativeWebRequest;)V+84
j  org.springframework.web.method.support.HandlerMethodReturnValueHandlerComposite.handleReturnValue(Ljava/lang/Object;Lorg/springframework/core/MethodParameter;Lorg/springframework/web/method/support/ModelAndViewContainer;Lorg/springframework/web/context/request/NativeWebRequest;)V+40
j  org.springframework.web.servlet.mvc.method.annotation.ServletInvocableHandlerMethod.invokeAndHandle(Lorg/springframework/web/context/request/ServletWebRequest;Lorg/springframework/web/method/support/ModelAndViewContainer;[Ljava/lang/Object;)V+104
j  org.springframework.web.servlet.mvc.method.annotation.RequestMappingHandlerAdapter.invokeHandlerMethod(Ljakarta/servlet/http/HttpServletRequest;Ljakarta/servlet/http/HttpServletResponse;Lorg/springframework/web/method/HandlerMethod;)Lorg/springframework/web/servlet/ModelAndView;+244
j  org.springframework.web.servlet.mvc.method.annotation.RequestMappingHandlerAdapter.handleInternal(Ljakarta/servlet/http/HttpServletRequest;Ljakarta/servlet/http/HttpServletResponse;Lorg/springframework/web/method/HandlerMethod;)Lorg/springframework/web/servlet/ModelAndView;+81
j  org.springframework.web.servlet.mvc.method.AbstractHandlerMethodAdapter.handle(Ljakarta/servlet/http/HttpServletRequest;Ljakarta/servlet/http/HttpServletResponse;Ljava/lang/Object;)Lorg/springframework/web/servlet/ModelAndView;+7
j  org.springframework.web.servlet.DispatcherServlet.doDispatch(Ljakarta/servlet/http/HttpServletRequest;Ljakarta/servlet/http/HttpServletResponse;)V+259
j  org.springframework.web.servlet.DispatcherServlet.doService(Ljakarta/servlet/http/HttpServletRequest;Ljakarta/servlet/http/HttpServletResponse;)V+242
j  org.springframework.web.servlet.FrameworkServlet.processRequest(Ljakarta/servlet/http/HttpServletRequest;Ljakarta/servlet/http/HttpServletResponse;)V+70
j  org.springframework.web.servlet.FrameworkServlet.doGet(Ljakarta/servlet/http/HttpServletRequest;Ljakarta/servlet/http/HttpServletResponse;)V+3
j  jakarta.servlet.http.HttpServlet.service(Ljakarta/servlet/http/HttpServletRequest;Ljakarta/servlet/http/HttpServletResponse;)V+35
j  org.springframework.web.servlet.FrameworkServlet.service(Ljakarta/servlet/http/HttpServletRequest;Ljakarta/servlet/http/HttpServletResponse;)V+20
j  jakarta.servlet.http.HttpServlet.service(Ljakarta/servlet/ServletRequest;Ljakarta/servlet/ServletResponse;)V+36
j  org.apache.catalina.core.ApplicationFilterChain.internalDoFilter(Ljakarta/servlet/ServletRequest;Ljakarta/servlet/ServletResponse;)V+305
j  org.apache.catalina.core.ApplicationFilterChain.doFilter(Ljakarta/servlet/ServletRequest;Ljakarta/servlet/ServletResponse;)V+99
j  org.apache.tomcat.websocket.server.WsFilter.doFilter(Ljakarta/servlet/ServletRequest;Ljakarta/servlet/ServletResponse;Ljakarta/servlet/FilterChain;)V+21
j  org.apache.catalina.core.ApplicationFilterChain.internalDoFilter(Ljakarta/servlet/ServletRequest;Ljakarta/servlet/ServletResponse;)V+135
j  org.apache.catalina.core.ApplicationFilterChain.doFilter(Ljakarta/servlet/ServletRequest;Ljakarta/servlet/ServletResponse;)V+99
j  org.springframework.web.filter.RequestContextFilter.doFilterInternal(Ljakarta/servlet/http/HttpServletRequest;Ljakarta/servlet/http/HttpServletResponse;Ljakarta/servlet/FilterChain;)V+21
j  org.springframework.web.filter.OncePerRequestFilter.doFilter(Ljakarta/servlet/ServletRequest;Ljakarta/servlet/ServletResponse;Ljakarta/servlet/FilterChain;)V+150
j  org.apache.catalina.core.ApplicationFilterChain.internalDoFilter(Ljakarta/servlet/ServletRequest;Ljakarta/servlet/ServletResponse;)V+135
j  org.apache.catalina.core.ApplicationFilterChain.doFilter(Ljakarta/servlet/ServletRequest;Ljakarta/servlet/ServletResponse;)V+99
j  org.springframework.web.filter.FormContentFilter.doFilterInternal(Ljakarta/servlet/http/HttpServletRequest;Ljakarta/servlet/http/HttpServletResponse;Ljakarta/servlet/FilterChain;)V+38
j  org.springframework.web.filter.OncePerRequestFilter.doFilter(Ljakarta/servlet/ServletRequest;Ljakarta/servlet/ServletResponse;Ljakarta/servlet/FilterChain;)V+150
j  org.apache.catalina.core.ApplicationFilterChain.internalDoFilter(Ljakarta/servlet/ServletRequest;Ljakarta/servlet/ServletResponse;)V+135
j  org.apache.catalina.core.ApplicationFilterChain.doFilter(Ljakarta/servlet/ServletRequest;Ljakarta/servlet/ServletResponse;)V+99
j  org.springframework.web.filter.CharacterEncodingFilter.doFilterInternal(Ljakarta/servlet/http/HttpServletRequest;Ljakarta/servlet/http/HttpServletResponse;Ljakarta/servlet/FilterChain;)V+53
j  org.springframework.web.filter.OncePerRequestFilter.doFilter(Ljakarta/servlet/ServletRequest;Ljakarta/servlet/ServletResponse;Ljakarta/servlet/FilterChain;)V+150
j  org.apache.catalina.core.ApplicationFilterChain.internalDoFilter(Ljakarta/servlet/ServletRequest;Ljakarta/servlet/ServletResponse;)V+135
j  org.apache.catalina.core.ApplicationFilterChain.doFilter(Ljakarta/servlet/ServletRequest;Ljakarta/servlet/ServletResponse;)V+99
j  org.apache.catalina.core.StandardWrapperValve.invoke(Lorg/apache/catalina/connector/Request;Lorg/apache/catalina/connector/Response;)V+514
j  org.apache.catalina.core.StandardContextValve.invoke(Lorg/apache/catalina/connector/Request;Lorg/apache/catalina/connector/Response;)V+169
j  org.apache.catalina.authenticator.AuthenticatorBase.invoke(Lorg/apache/catalina/connector/Request;Lorg/apache/catalina/connector/Response;)V+218
j  org.apache.catalina.core.StandardHostValve.invoke(Lorg/apache/catalina/connector/Request;Lorg/apache/catalina/connector/Response;)V+131
j  org.apache.catalina.valves.ErrorReportValve.invoke(Lorg/apache/catalina/connector/Request;Lorg/apache/catalina/connector/Response;)V+6
j  org.apache.catalina.core.StandardEngineValve.invoke(Lorg/apache/catalina/connector/Request;Lorg/apache/catalina/connector/Response;)V+59
j  org.apache.catalina.connector.CoyoteAdapter.service(Lorg/apache/coyote/Request;Lorg/apache/coyote/Response;)V+203
j  org.apache.coyote.http11.Http11Processor.service(Lorg/apache/tomcat/util/net/SocketWrapperBase;)Lorg/apache/tomcat/util/net/AbstractEndpoint$Handler$SocketState;+785
j  org.apache.coyote.AbstractProcessorLight.process(Lorg/apache/tomcat/util/net/SocketWrapperBase;Lorg/apache/tomcat/util/net/SocketEvent;)Lorg/apache/tomcat/util/net/AbstractEndpoint$Handler$SocketState;+152
j  org.apache.coyote.AbstractProtocol$ConnectionHandler.process(Lorg/apache/tomcat/util/net/SocketWrapperBase;Lorg/apache/tomcat/util/net/SocketEvent;)Lorg/apache/tomcat/util/net/AbstractEndpoint$Handler$SocketState;+482
j  org.apache.tomcat.util.net.NioEndpoint$SocketProcessor.doRun()V+249
j  org.apache.tomcat.util.net.SocketProcessorBase.run()V+32
j  org.apache.tomcat.util.threads.ThreadPoolExecutor.runWorker(Lorg/apache/tomcat/util/threads/ThreadPoolExecutor$Worker;)V+92
j  org.apache.tomcat.util.threads.ThreadPoolExecutor$Worker.run()V+5
j  org.apache.tomcat.util.threads.TaskThread$WrappingRunnable.run()V+4
j  java.lang.Thread.run()V+11 java.base@17.0.5
v  ~StubRoutines::call_stub

---------------  P R O C E S S  ---------------

Threads class SMR info:
_java_thread_list=0x00000207d961e2b0, length=44, elements={
0x00000207d3b42f50, 0x00000207d4412750, 0x00000207d4419ea0, 0x00000207d3b68170,
0x00000207d4433010, 0x00000207d44348e0, 0x00000207d44406b0, 0x00000207d4440fb0,
0x00000207d44fe0d0, 0x00000207d458af70, 0x00000207d44fe9b0, 0x00000207d3ad7b00,
0x00000207d46663c0, 0x00000207d4ca6ff0, 0x00000207d4ce9c30, 0x00000207d4cead10,
0x00000207d4d40430, 0x00000207d4d42d20, 0x00000207d4c9e1c0, 0x00000207d4d34500,
0x00000207d68c2060, 0x00000207d68c4210, 0x00000207d68c3d40, 0x00000207d68c46e0,
0x00000207d68c4bb0, 0x00000207d68c2a00, 0x00000207d68c2ed0, 0x00000207d94f7ef0,
0x00000207d94f4a00, 0x00000207d94f8890, 0x00000207d94f7550, 0x00000207d94f4530,
0x00000207d94f5d40, 0x00000207d94f6210, 0x00000207d94f4060, 0x00000207d94f4ed0,
0x00000207d94fb3e0, 0x00000207d94fa570, 0x00000207d94f9700, 0x00000207d94fb8b0,
0x00000207d94f5870, 0x00000207d94faa40, 0x00000207d94f7080, 0x00000207d94f9230
}

Java Threads: ( => current thread )
  0x00000207d3b42f50 JavaThread "Reference Handler" daemon [_thread_blocked, id=1656, stack(0x0000006a42400000,0x0000006a42500000)]
  0x00000207d4412750 JavaThread "Finalizer" daemon [_thread_blocked, id=11180, stack(0x0000006a42500000,0x0000006a42600000)]
  0x00000207d4419ea0 JavaThread "Signal Dispatcher" daemon [_thread_blocked, id=10148, stack(0x0000006a42600000,0x0000006a42700000)]
  0x00000207d3b68170 JavaThread "Attach Listener" daemon [_thread_blocked, id=11132, stack(0x0000006a42700000,0x0000006a42800000)]
  0x00000207d4433010 JavaThread "Service Thread" daemon [_thread_blocked, id=10124, stack(0x0000006a42800000,0x0000006a42900000)]
  0x00000207d44348e0 JavaThread "Monitor Deflation Thread" daemon [_thread_blocked, id=10140, stack(0x0000006a42900000,0x0000006a42a00000)]
  0x00000207d44406b0 JavaThread "C1 CompilerThread0" daemon [_thread_blocked, id=10144, stack(0x0000006a42a00000,0x0000006a42b00000)]
  0x00000207d4440fb0 JavaThread "Sweeper thread" daemon [_thread_blocked, id=9220, stack(0x0000006a42b00000,0x0000006a42c00000)]
  0x00000207d44fe0d0 JavaThread "Common-Cleaner" daemon [_thread_blocked, id=12912, stack(0x0000006a42c00000,0x0000006a42d00000)]
  0x00000207d458af70 JavaThread "C1 CompilerThread1" daemon [_thread_blocked, id=7976, stack(0x0000006a42d00000,0x0000006a42e00000)]
  0x00000207d44fe9b0 JavaThread "C1 CompilerThread2" daemon [_thread_blocked, id=2408, stack(0x0000006a42e00000,0x0000006a42f00000)]
  0x00000207d3ad7b00 JavaThread "C1 CompilerThread3" daemon [_thread_blocked, id=10968, stack(0x0000006a42f00000,0x0000006a43000000)]
  0x00000207d46663c0 JavaThread "Notification Thread" daemon [_thread_blocked, id=7584, stack(0x0000006a43000000,0x0000006a43100000)]
  0x00000207d4ca6ff0 JavaThread "RMI TCP Accept-0" daemon [_thread_in_native, id=9004, stack(0x0000006a43100000,0x0000006a43200000)]
  0x00000207d4ce9c30 JavaThread "RMI TCP Accept-50101" daemon [_thread_in_native, id=10800, stack(0x0000006a43200000,0x0000006a43300000)]
  0x00000207d4cead10 JavaThread "RMI TCP Accept-0" daemon [_thread_in_native, id=10840, stack(0x0000006a43300000,0x0000006a43400000)]
  0x00000207d4d40430 JavaThread "RMI TCP Connection(1)-127.0.0.1" daemon [_thread_in_native, id=8072, stack(0x0000006a43500000,0x0000006a43600000)]
  0x00000207d4d42d20 JavaThread "RMI Scheduler(0)" daemon [_thread_blocked, id=4512, stack(0x0000006a43600000,0x0000006a43700000)]
  0x00000207d4c9e1c0 JavaThread "RMI TCP Connection(2)-127.0.0.1" daemon [_thread_in_native, id=6420, stack(0x0000006a43700000,0x0000006a43800000)]
  0x00000207d4d34500 JavaThread "JMX server connection timeout 22" daemon [_thread_blocked, id=10772, stack(0x0000006a43800000,0x0000006a43900000)]
  0x00000207d68c2060 JavaThread "Catalina-utility-1" [_thread_blocked, id=11056, stack(0x0000006a44200000,0x0000006a44300000)]
  0x00000207d68c4210 JavaThread "Catalina-utility-2" [_thread_blocked, id=10644, stack(0x0000006a44400000,0x0000006a44500000)]
  0x00000207d68c3d40 JavaThread "container-0" [_thread_blocked, id=10492, stack(0x0000006a44500000,0x0000006a44600000)]
  0x00000207d68c46e0 JavaThread "mysql-cj-abandoned-connection-cleanup" daemon [_thread_blocked, id=7412, stack(0x0000006a44600000,0x0000006a44700000)]
  0x00000207d68c4bb0 JavaThread "HikariPool-1 housekeeper" daemon [_thread_blocked, id=1736, stack(0x0000006a44800000,0x0000006a44900000)]
=>0x00000207d68c2a00 JavaThread "http-nio-8001-exec-1" daemon [_thread_in_vm, id=13884, stack(0x0000006a44a00000,0x0000006a44b00000)]
  0x00000207d68c2ed0 JavaThread "http-nio-8001-exec-2" daemon [_thread_blocked, id=10084, stack(0x0000006a44b00000,0x0000006a44c00000)]
  0x00000207d94f7ef0 JavaThread "http-nio-8001-exec-3" daemon [_thread_blocked, id=10308, stack(0x0000006a44c00000,0x0000006a44d00000)]
  0x00000207d94f4a00 JavaThread "http-nio-8001-exec-4" daemon [_thread_blocked, id=14224, stack(0x0000006a44d00000,0x0000006a44e00000)]
  0x00000207d94f8890 JavaThread "http-nio-8001-exec-5" daemon [_thread_blocked, id=8888, stack(0x0000006a44e00000,0x0000006a44f00000)]
  0x00000207d94f7550 JavaThread "http-nio-8001-exec-6" daemon [_thread_blocked, id=6724, stack(0x0000006a44f00000,0x0000006a45000000)]
  0x00000207d94f4530 JavaThread "http-nio-8001-exec-7" daemon [_thread_blocked, id=16776, stack(0x0000006a45000000,0x0000006a45100000)]
  0x00000207d94f5d40 JavaThread "http-nio-8001-exec-8" daemon [_thread_blocked, id=15596, stack(0x0000006a45100000,0x0000006a45200000)]
  0x00000207d94f6210 JavaThread "http-nio-8001-exec-9" daemon [_thread_blocked, id=9292, stack(0x0000006a45200000,0x0000006a45300000)]
  0x00000207d94f4060 JavaThread "http-nio-8001-exec-10" daemon [_thread_blocked, id=17004, stack(0x0000006a45300000,0x0000006a45400000)]
  0x00000207d94f4ed0 JavaThread "http-nio-8001-Poller" daemon [_thread_in_vm, id=13496, stack(0x0000006a45400000,0x0000006a45500000)]
  0x00000207d94fb3e0 JavaThread "http-nio-8001-Acceptor" daemon [_thread_in_native, id=10892, stack(0x0000006a45500000,0x0000006a45600000)]
  0x00000207d94fa570 JavaThread "DestroyJavaVM" [_thread_blocked, id=10832, stack(0x0000006a41d00000,0x0000006a41e00000)]
  0x00000207d94f9700 JavaThread "RMI TCP Connection(3)-127.0.0.1" daemon [_thread_in_native, id=17272, stack(0x0000006a45700000,0x0000006a45800000)]
  0x00000207d94fb8b0 JavaThread "RMI TCP Connection(4)-127.0.0.1" daemon [_thread_in_native, id=8772, stack(0x0000006a45800000,0x0000006a45900000)]
  0x00000207d94f5870 JavaThread "RMI TCP Connection(5)-127.0.0.1" daemon [_thread_in_native, id=8800, stack(0x0000006a45a00000,0x0000006a45b00000)]
  0x00000207d94faa40 JavaThread "RMI TCP Connection(6)-127.0.0.1" daemon [_thread_in_native, id=13432, stack(0x0000006a45b00000,0x0000006a45c00000)]
  0x00000207d94f7080 JavaThread "RMI TCP Connection(7)-127.0.0.1" daemon [_thread_in_native, id=8816, stack(0x0000006a45d00000,0x0000006a45e00000)]
  0x00000207d94f9230 JavaThread "RMI TCP Connection(8)-127.0.0.1" daemon [_thread_in_native, id=8864, stack(0x0000006a45e00000,0x0000006a45f00000)]

Other Threads:
  0x00000207d3b3db70 VMThread "VM Thread" [stack: 0x0000006a42300000,0x0000006a42400000] [id=2616]
  0x00000207d4ca7cd0 WatcherThread [stack: 0x0000006a43400000,0x0000006a43500000] [id=4704]
  0x00000207c5ce36b0 GCTaskThread "GC Thread#0" [stack: 0x0000006a41e00000,0x0000006a41f00000] [id=14904]
  0x00000207d5060a30 GCTaskThread "GC Thread#1" [stack: 0x0000006a43900000,0x0000006a43a00000] [id=9680]
  0x00000207d5027270 GCTaskThread "GC Thread#2" [stack: 0x0000006a43a00000,0x0000006a43b00000] [id=9692]
  0x00000207d5057bc0 GCTaskThread "GC Thread#3" [stack: 0x0000006a43b00000,0x0000006a43c00000] [id=9700]
  0x00000207d5057e70 GCTaskThread "GC Thread#4" [stack: 0x0000006a43c00000,0x0000006a43d00000] [id=9704]
  0x00000207d509e270 GCTaskThread "GC Thread#5" [stack: 0x0000006a43d00000,0x0000006a43e00000] [id=9352]
  0x00000207d50a0530 GCTaskThread "GC Thread#6" [stack: 0x0000006a43e00000,0x0000006a43f00000] [id=10128]
  0x00000207d50a07e0 GCTaskThread "GC Thread#7" [stack: 0x0000006a43f00000,0x0000006a44000000] [id=9968]
  0x00000207c5cf4500 ConcurrentGCThread "G1 Main Marker" [stack: 0x0000006a41f00000,0x0000006a42000000] [id=4224]
  0x00000207c5cf4e20 ConcurrentGCThread "G1 Conc#0" [stack: 0x0000006a42000000,0x0000006a42100000] [id=10896]
  0x00000207d60b3c40 ConcurrentGCThread "G1 Conc#1" [stack: 0x0000006a44300000,0x0000006a44400000] [id=10004]
  0x00000207c5d4e950 ConcurrentGCThread "G1 Refine#0" [stack: 0x0000006a42100000,0x0000006a42200000] [id=9880]
  0x00000207d5027520 ConcurrentGCThread "G1 Refine#1" [stack: 0x0000006a44000000,0x0000006a44100000] [id=9972]
  0x00000207d46d6070 ConcurrentGCThread "G1 Refine#2" [stack: 0x0000006a44100000,0x0000006a44200000] [id=9976]
  0x00000207d39a38c0 ConcurrentGCThread "G1 Service" [stack: 0x0000006a42200000,0x0000006a42300000] [id=9884]

Threads with active compile tasks:

VM state: not at safepoint (normal execution)

VM Mutex/Monitor currently owned by a thread:  ([mutex/lock_event])
[0x00000207c5c821d0] Metaspace_lock - owner thread: 0x00000207d68c2a00

Heap address: 0x0000000080000000, size: 2048 MB, Compressed Oops mode: 32-bit

CDS archive(s) not mapped
Compressed class space mapped at: 0x0000000100000000-0x0000000140000000, reserved size: 1073741824
Narrow klass base: 0x0000000000000000, Narrow klass shift: 3, Narrow klass range: 0x140000000

GC Precious Log:
 CPUs: 8 total, 8 available
 Memory: 8056M
 Large Page Support: Disabled
 NUMA Support: Disabled
 Compressed Oops: Enabled (32-bit)
 Heap Region Size: 1M
 Heap Min Capacity: 8M
 Heap Initial Capacity: 126M
 Heap Max Capacity: 2G
 Pre-touch: Disabled
 Parallel Workers: 8
 Concurrent Workers: 2
 Concurrent Refinement Workers: 8
 Periodic GC: Disabled

Heap:
 garbage-first heap   total 54272K, used 34715K [0x0000000080000000, 0x0000000100000000)
  region size 1024K, 11 young (11264K), 3 survivors (3072K)
 Metaspace       used 66848K, committed 67392K, reserved 1114112K
  class space    used 9079K, committed 9344K, reserved 1048576K

Heap Regions: E=young(eden), S=young(survivor), O=old, HS=humongous(starts), HC=humongous(continues), CS=collection set, F=free, OA=open archive, CA=closed archive, TAMS=top-at-mark-start (previous, next)
|   0|0x0000000080000000, 0x0000000080100000, 0x0000000080100000|100%|HS|  |TAMS 0x0000000080100000, 0x0000000080000000| Complete 
|   1|0x0000000080100000, 0x0000000080200000, 0x0000000080200000|100%| O|  |TAMS 0x0000000080200000, 0x0000000080100000| Untracked 
|   2|0x0000000080200000, 0x0000000080300000, 0x0000000080300000|100%| O|  |TAMS 0x0000000080300000, 0x0000000080200000| Untracked 
|   3|0x0000000080300000, 0x0000000080400000, 0x0000000080400000|100%| O|  |TAMS 0x0000000080400000, 0x0000000080300000| Untracked 
|   4|0x0000000080400000, 0x0000000080500000, 0x0000000080500000|100%| O|  |TAMS 0x0000000080500000, 0x0000000080400000| Untracked 
|   5|0x0000000080500000, 0x0000000080600000, 0x0000000080600000|100%| O|  |TAMS 0x0000000080600000, 0x0000000080500000| Untracked 
|   6|0x0000000080600000, 0x00000000806e9800, 0x0000000080700000| 91%| O|  |TAMS 0x00000000806e9800, 0x0000000080600000| Untracked 
|   7|0x0000000080700000, 0x0000000080800000, 0x0000000080800000|100%| O|  |TAMS 0x0000000080800000, 0x0000000080700000| Untracked 
|   8|0x0000000080800000, 0x0000000080900000, 0x0000000080900000|100%| O|  |TAMS 0x0000000080900000, 0x0000000080800000| Untracked 
|   9|0x0000000080900000, 0x0000000080a00000, 0x0000000080a00000|100%| O|  |TAMS 0x0000000080a00000, 0x0000000080900000| Untracked 
|  10|0x0000000080a00000, 0x0000000080b00000, 0x0000000080b00000|100%| O|  |TAMS 0x0000000080b00000, 0x0000000080a00000| Complete 
|  11|0x0000000080b00000, 0x0000000080c00000, 0x0000000080c00000|100%| O|  |TAMS 0x0000000080c00000, 0x0000000080b00000| Untracked 
|  12|0x0000000080c00000, 0x0000000080d00000, 0x0000000080d00000|100%| O|  |TAMS 0x0000000080d00000, 0x0000000080c00000| Untracked 
|  13|0x0000000080d00000, 0x0000000080e00000, 0x0000000080e00000|100%| O|  |TAMS 0x0000000080e00000, 0x0000000080d00000| Untracked 
|  14|0x0000000080e00000, 0x0000000080f00000, 0x0000000080f00000|100%| O|  |TAMS 0x0000000080f00000, 0x0000000080e00000| Untracked 
|  15|0x0000000080f00000, 0x0000000081000000, 0x0000000081000000|100%| O|  |TAMS 0x0000000081000000, 0x0000000080f00000| Untracked 
|  16|0x0000000081000000, 0x0000000081100000, 0x0000000081100000|100%| O|  |TAMS 0x0000000081100000, 0x0000000081000000| Untracked 
|  17|0x0000000081100000, 0x0000000081200000, 0x0000000081200000|100%| O|  |TAMS 0x0000000081200000, 0x0000000081100000| Untracked 
|  18|0x0000000081200000, 0x0000000081300000, 0x0000000081300000|100%| O|  |TAMS 0x0000000081300000, 0x0000000081200000| Untracked 
|  19|0x0000000081300000, 0x0000000081400000, 0x0000000081400000|100%| O|  |TAMS 0x0000000081400000, 0x0000000081300000| Untracked 
|  20|0x0000000081400000, 0x0000000081500000, 0x0000000081500000|100%| O|  |TAMS 0x0000000081500000, 0x0000000081400000| Untracked 
|  21|0x0000000081500000, 0x0000000081600000, 0x0000000081600000|100%| O|  |TAMS 0x0000000081600000, 0x0000000081500000| Untracked 
|  22|0x0000000081600000, 0x0000000081700000, 0x0000000081700000|100%| O|  |TAMS 0x0000000081700000, 0x0000000081600000| Untracked 
|  23|0x0000000081700000, 0x0000000081800000, 0x0000000081800000|100%| O|  |TAMS 0x00000000817c6e00, 0x0000000081700000| Untracked 
|  24|0x0000000081800000, 0x0000000081900000, 0x0000000081900000|100%| O|  |TAMS 0x0000000081800000, 0x0000000081800000| Untracked 
|  25|0x0000000081900000, 0x000000008192e200, 0x0000000081a00000| 18%| O|  |TAMS 0x0000000081900000, 0x0000000081900000| Untracked 
|  26|0x0000000081a00000, 0x0000000081a00000, 0x0000000081b00000|  0%| F|  |TAMS 0x0000000081a00000, 0x0000000081a00000| Untracked 
|  27|0x0000000081b00000, 0x0000000081b00000, 0x0000000081c00000|  0%| F|  |TAMS 0x0000000081b00000, 0x0000000081b00000| Untracked 
|  28|0x0000000081c00000, 0x0000000081c00000, 0x0000000081d00000|  0%| F|  |TAMS 0x0000000081c00000, 0x0000000081c00000| Untracked 
|  29|0x0000000081d00000, 0x0000000081d00000, 0x0000000081e00000|  0%| F|  |TAMS 0x0000000081d00000, 0x0000000081d00000| Untracked 
|  30|0x0000000081e00000, 0x0000000081e00000, 0x0000000081f00000|  0%| F|  |TAMS 0x0000000081e00000, 0x0000000081e00000| Untracked 
|  31|0x0000000081f00000, 0x0000000081f00000, 0x0000000082000000|  0%| F|  |TAMS 0x0000000081f00000, 0x0000000081f00000| Untracked 
|  32|0x0000000082000000, 0x0000000082000000, 0x0000000082100000|  0%| F|  |TAMS 0x0000000082000000, 0x0000000082000000| Untracked 
|  33|0x0000000082100000, 0x00000000821cf500, 0x0000000082200000| 80%| S|CS|TAMS 0x0000000082100000, 0x0000000082100000| Complete 
|  34|0x0000000082200000, 0x0000000082300000, 0x0000000082300000|100%| S|CS|TAMS 0x0000000082200000, 0x0000000082200000| Complete 
|  35|0x0000000082300000, 0x0000000082300000, 0x0000000082400000|  0%| F|  |TAMS 0x0000000082300000, 0x0000000082300000| Untracked 
|  36|0x0000000082400000, 0x0000000082500000, 0x0000000082500000|100%| S|CS|TAMS 0x0000000082400000, 0x0000000082400000| Complete 
|  37|0x0000000082500000, 0x0000000082500000, 0x0000000082600000|  0%| F|  |TAMS 0x0000000082500000, 0x0000000082500000| Untracked 
|  38|0x0000000082600000, 0x0000000082600000, 0x0000000082700000|  0%| F|  |TAMS 0x0000000082600000, 0x0000000082600000| Untracked 
|  39|0x0000000082700000, 0x0000000082700000, 0x0000000082800000|  0%| F|  |TAMS 0x0000000082700000, 0x0000000082700000| Untracked 
|  40|0x0000000082800000, 0x0000000082800000, 0x0000000082900000|  0%| F|  |TAMS 0x0000000082800000, 0x0000000082800000| Untracked 
|  41|0x0000000082900000, 0x0000000082900000, 0x0000000082a00000|  0%| F|  |TAMS 0x0000000082900000, 0x0000000082900000| Untracked 
|  42|0x0000000082a00000, 0x0000000082a00000, 0x0000000082b00000|  0%| F|  |TAMS 0x0000000082a00000, 0x0000000082a00000| Untracked 
|  43|0x0000000082b00000, 0x0000000082b00000, 0x0000000082c00000|  0%| F|  |TAMS 0x0000000082b00000, 0x0000000082b00000| Untracked 
|  44|0x0000000082c00000, 0x0000000082c00000, 0x0000000082d00000|  0%| F|  |TAMS 0x0000000082c00000, 0x0000000082c00000| Untracked 
|  45|0x0000000082d00000, 0x0000000082d46570, 0x0000000082e00000| 27%| E|  |TAMS 0x0000000082d00000, 0x0000000082d00000| Complete 
|  46|0x0000000082e00000, 0x0000000082f00000, 0x0000000082f00000|100%| E|  |TAMS 0x0000000082e00000, 0x0000000082e00000| Complete 
|  47|0x0000000082f00000, 0x0000000083000000, 0x0000000083000000|100%| E|CS|TAMS 0x0000000082f00000, 0x0000000082f00000| Complete 
|  48|0x0000000083000000, 0x0000000083100000, 0x0000000083100000|100%| E|CS|TAMS 0x0000000083000000, 0x0000000083000000| Complete 
|  49|0x0000000083100000, 0x0000000083200000, 0x0000000083200000|100%| E|CS|TAMS 0x0000000083100000, 0x0000000083100000| Complete 
|  99|0x0000000086300000, 0x0000000086400000, 0x0000000086400000|100%| E|CS|TAMS 0x0000000086300000, 0x0000000086300000| Complete 
| 103|0x0000000086700000, 0x0000000086800000, 0x0000000086800000|100%| E|CS|TAMS 0x0000000086700000, 0x0000000086700000| Complete 
| 125|0x0000000087d00000, 0x0000000087e00000, 0x0000000087e00000|100%| E|CS|TAMS 0x0000000087d00000, 0x0000000087d00000| Complete 

Card table byte_map: [0x00000207cc850000,0x00000207ccc50000] _byte_map_base: 0x00000207cc450000

Marking Bits (Prev, Next): (CMBitMap*) 0x00000207c5ce3c10, (CMBitMap*) 0x00000207c5ce3bd0
 Prev Bits: [0x00000207cf050000, 0x00000207d1050000)
 Next Bits: [0x00000207cd050000, 0x00000207cf050000)

Polling page: 0x00000207c3e20000

Metaspace:

Usage:
  Non-class:     56.41 MB used.
      Class:      8.87 MB used.
       Both:     65.28 MB used.

Virtual space:
  Non-class space:       64.00 MB reserved,      56.69 MB ( 89%) committed,  8 nodes.
      Class space:        1.00 GB reserved,       9.12 MB ( <1%) committed,  1 nodes.
             Both:        1.06 GB reserved,      65.81 MB (  6%) committed. 

Chunk freelists:
   Non-Class:  2.70 MB
       Class:  2.80 MB
        Both:  5.50 MB

MaxMetaspaceSize: unlimited
CompressedClassSpaceSize: 1.00 GB
Initial GC threshold: 21.00 MB
Current GC threshold: 106.56 MB
CDS: off
MetaspaceReclaimPolicy: balanced
 - commit_granule_bytes: 65536.
 - commit_granule_words: 8192.
 - virtual_space_node_default_size: 1048576.
 - enlarge_chunks_in_place: 1.
 - new_chunks_are_fully_committed: 0.
 - uncommit_free_chunks: 1.
 - use_allocation_guard: 0.
 - handle_deallocations: 1.


Internal statistics:

num_allocs_failed_limit: 6.
num_arena_births: 792.
num_arena_deaths: 0.
num_vsnodes_births: 9.
num_vsnodes_deaths: 0.
num_space_committed: 1053.
num_space_uncommitted: 0.
num_chunks_returned_to_freelist: 6.
num_chunks_taken_from_freelist: 2935.
num_chunk_merges: 6.
num_chunk_splits: 2120.
num_chunks_enlarged: 1614.
num_purges: 0.
num_inconsistent_stats: 0.

CodeCache: size=49152Kb used=12477Kb max_used=12477Kb free=36674Kb
 bounds [0x00000207c9340000, 0x00000207c9f70000, 0x00000207cc340000]
 total_blobs=6933 nmethods=6270 adapters=587
 compilation: enabled
              stopped_count=0, restarted_count=0
 full_count=0

Compilation events (20 events):
Event: 17.009 Thread 0x00000207d44406b0 6261       1       com.fasterxml.jackson.databind.JavaType::getRawClass (5 bytes)
Event: 17.009 Thread 0x00000207d44406b0 nmethod 6261 0x00000207c9f69c90 code [0x00000207c9f69e20, 0x00000207c9f69ef8]
Event: 17.025 Thread 0x00000207d44406b0 6262   !   1       sun.net.www.protocol.jar.JarFileFactory::getCachedJarFile (149 bytes)
Event: 17.025 Thread 0x00000207d44fe9b0 6263   !   1       sun.net.www.protocol.jar.JarFileFactory::cacheIfAbsent (90 bytes)
Event: 17.025 Thread 0x00000207d458af70 6264   !   1       sun.net.www.protocol.jar.JarFileFactory::getConnection (40 bytes)
Event: 17.025 Thread 0x00000207d3ad7b00 6265 %     1       java.util.Properties$LineReader::readLine @ 53 (584 bytes)
Event: 17.025 Thread 0x00000207d458af70 nmethod 6264 0x00000207c9f69f90 code [0x00000207c9f6a160, 0x00000207c9f6a3f8]
Event: 17.025 Thread 0x00000207d44406b0 nmethod 6262 0x00000207c9f6a590 code [0x00000207c9f6a7c0, 0x00000207c9f6ac28]
Event: 17.026 Thread 0x00000207d44fe9b0 nmethod 6263 0x00000207c9f6af10 code [0x00000207c9f6b120, 0x00000207c9f6b588]
Event: 17.026 Thread 0x00000207d44fe9b0 6266       1       java.lang.ClassLoader::getResource (41 bytes)
Event: 17.026 Thread 0x00000207d44fe9b0 nmethod 6266 0x00000207c9f6b990 code [0x00000207c9f6bb60, 0x00000207c9f6bd58]
Event: 17.027 Thread 0x00000207d3ad7b00 nmethod 6265% 0x00000207c9f6be90 code [0x00000207c9f6c120, 0x00000207c9f6d458]
Event: 17.051 Thread 0x00000207d3ad7b00 6267       1       com.fasterxml.jackson.databind.type.ClassKey::<init> (29 bytes)
Event: 17.051 Thread 0x00000207d3ad7b00 nmethod 6267 0x00000207c9f6e410 code [0x00000207c9f6e5c0, 0x00000207c9f6e798]
Event: 17.107 Thread 0x00000207d44406b0 6268       1       com.fasterxml.jackson.databind.introspect.AnnotatedMember::getAnnotation (18 bytes)
Event: 17.107 Thread 0x00000207d458af70 6269       1       com.fasterxml.jackson.databind.introspect.AnnotationMap::get (21 bytes)
Event: 17.108 Thread 0x00000207d3ad7b00 6270       1       com.fasterxml.jackson.databind.AnnotationIntrospector::_findAnnotation (6 bytes)
Event: 17.108 Thread 0x00000207d458af70 nmethod 6269 0x00000207c9f6e890 code [0x00000207c9f6ea40, 0x00000207c9f6ebc8]
Event: 17.108 Thread 0x00000207d3ad7b00 nmethod 6270 0x00000207c9f6ec90 code [0x00000207c9f6ee20, 0x00000207c9f6ef08]
Event: 17.108 Thread 0x00000207d44406b0 nmethod 6268 0x00000207c9f6ef90 code [0x00000207c9f6f140, 0x00000207c9f6f2e8]

GC Heap History (20 events):
Event: 10.391 GC heap before
{Heap before GC invocations=15 (full 0):
 garbage-first heap   total 41984K, used 30256K [0x0000000080000000, 0x0000000100000000)
  region size 1024K, 12 young (12288K), 2 survivors (2048K)
 Metaspace       used 51607K, committed 52096K, reserved 1097728K
  class space    used 6808K, committed 7040K, reserved 1048576K
}
Event: 10.393 GC heap after
{Heap after GC invocations=16 (full 0):
 garbage-first heap   total 41984K, used 21721K [0x0000000080000000, 0x0000000100000000)
  region size 1024K, 1 young (1024K), 1 survivors (1024K)
 Metaspace       used 51607K, committed 52096K, reserved 1097728K
  class space    used 6808K, committed 7040K, reserved 1048576K
}
Event: 10.644 GC heap before
{Heap before GC invocations=17 (full 0):
 garbage-first heap   total 41984K, used 30937K [0x0000000080000000, 0x0000000100000000)
  region size 1024K, 11 young (11264K), 1 survivors (1024K)
 Metaspace       used 54228K, committed 54656K, reserved 1097728K
  class space    used 7278K, committed 7488K, reserved 1048576K
}
Event: 10.646 GC heap after
{Heap after GC invocations=18 (full 0):
 garbage-first heap   total 41984K, used 22127K [0x0000000080000000, 0x0000000100000000)
  region size 1024K, 2 young (2048K), 2 survivors (2048K)
 Metaspace       used 54228K, committed 54656K, reserved 1097728K
  class space    used 7278K, committed 7488K, reserved 1048576K
}
Event: 10.813 GC heap before
{Heap before GC invocations=18 (full 0):
 garbage-first heap   total 41984K, used 32367K [0x0000000080000000, 0x0000000100000000)
  region size 1024K, 12 young (12288K), 2 survivors (2048K)
 Metaspace       used 55115K, committed 55616K, reserved 1097728K
  class space    used 7429K, committed 7680K, reserved 1048576K
}
Event: 10.815 GC heap after
{Heap after GC invocations=19 (full 0):
 garbage-first heap   total 41984K, used 22413K [0x0000000080000000, 0x0000000100000000)
  region size 1024K, 1 young (1024K), 1 survivors (1024K)
 Metaspace       used 55115K, committed 55616K, reserved 1097728K
  class space    used 7429K, committed 7680K, reserved 1048576K
}
Event: 10.947 GC heap before
{Heap before GC invocations=20 (full 0):
 garbage-first heap   total 43008K, used 32653K [0x0000000080000000, 0x0000000100000000)
  region size 1024K, 11 young (11264K), 1 survivors (1024K)
 Metaspace       used 55575K, committed 56128K, reserved 1097728K
  class space    used 7498K, committed 7744K, reserved 1048576K
}
Event: 10.948 GC heap after
{Heap after GC invocations=21 (full 0):
 garbage-first heap   total 43008K, used 22567K [0x0000000080000000, 0x0000000100000000)
  region size 1024K, 1 young (1024K), 1 survivors (1024K)
 Metaspace       used 55575K, committed 56128K, reserved 1097728K
  class space    used 7498K, committed 7744K, reserved 1048576K
}
Event: 12.677 GC heap before
{Heap before GC invocations=21 (full 0):
 garbage-first heap   total 43008K, used 32807K [0x0000000080000000, 0x0000000100000000)
  region size 1024K, 12 young (12288K), 1 survivors (1024K)
 Metaspace       used 57987K, committed 58496K, reserved 1105920K
  class space    used 7846K, committed 8064K, reserved 1048576K
}
Event: 12.679 GC heap after
{Heap after GC invocations=22 (full 0):
 garbage-first heap   total 43008K, used 23426K [0x0000000080000000, 0x0000000100000000)
  region size 1024K, 2 young (2048K), 2 survivors (2048K)
 Metaspace       used 57987K, committed 58496K, reserved 1105920K
  class space    used 7846K, committed 8064K, reserved 1048576K
}
Event: 12.957 GC heap before
{Heap before GC invocations=23 (full 0):
 garbage-first heap   total 45056K, used 32642K [0x0000000080000000, 0x0000000100000000)
  region size 1024K, 12 young (12288K), 2 survivors (2048K)
 Metaspace       used 59943K, committed 60416K, reserved 1105920K
  class space    used 8127K, committed 8320K, reserved 1048576K
}
Event: 12.960 GC heap after
{Heap after GC invocations=24 (full 0):
 garbage-first heap   total 45056K, used 24353K [0x0000000080000000, 0x0000000100000000)
  region size 1024K, 2 young (2048K), 2 survivors (2048K)
 Metaspace       used 59943K, committed 60416K, reserved 1105920K
  class space    used 8127K, committed 8320K, reserved 1048576K
}
Event: 13.150 GC heap before
{Heap before GC invocations=24 (full 0):
 garbage-first heap   total 45056K, used 35617K [0x0000000080000000, 0x0000000100000000)
  region size 1024K, 13 young (13312K), 2 survivors (2048K)
 Metaspace       used 61315K, committed 61888K, reserved 1105920K
  class space    used 8318K, committed 8576K, reserved 1048576K
}
Event: 13.153 GC heap after
{Heap after GC invocations=25 (full 0):
 garbage-first heap   total 54272K, used 25062K [0x0000000080000000, 0x0000000100000000)
  region size 1024K, 2 young (2048K), 2 survivors (2048K)
 Metaspace       used 61315K, committed 61888K, reserved 1105920K
  class space    used 8318K, committed 8576K, reserved 1048576K
}
Event: 13.300 GC heap before
{Heap before GC invocations=26 (full 0):
 garbage-first heap   total 54272K, used 43494K [0x0000000080000000, 0x0000000100000000)
  region size 1024K, 20 young (20480K), 2 survivors (2048K)
 Metaspace       used 61578K, committed 62144K, reserved 1105920K
  class space    used 8353K, committed 8640K, reserved 1048576K
}
Event: 13.302 GC heap after
{Heap after GC invocations=27 (full 0):
 garbage-first heap   total 54272K, used 25932K [0x0000000080000000, 0x0000000100000000)
  region size 1024K, 3 young (3072K), 3 survivors (3072K)
 Metaspace       used 61578K, committed 62144K, reserved 1105920K
  class space    used 8353K, committed 8640K, reserved 1048576K
}
Event: 13.614 GC heap before
{Heap before GC invocations=27 (full 0):
 garbage-first heap   total 54272K, used 43340K [0x0000000080000000, 0x0000000100000000)
  region size 1024K, 20 young (20480K), 3 survivors (3072K)
 Metaspace       used 62873K, committed 63424K, reserved 1105920K
  class space    used 8540K, committed 8832K, reserved 1048576K
}
Event: 13.618 GC heap after
{Heap after GC invocations=28 (full 0):
 garbage-first heap   total 54272K, used 27103K [0x0000000080000000, 0x0000000100000000)
  region size 1024K, 3 young (3072K), 3 survivors (3072K)
 Metaspace       used 62873K, committed 63424K, reserved 1105920K
  class space    used 8540K, committed 8832K, reserved 1048576K
}
Event: 15.630 GC heap before
{Heap before GC invocations=28 (full 0):
 garbage-first heap   total 54272K, used 43487K [0x0000000080000000, 0x0000000100000000)
  region size 1024K, 19 young (19456K), 3 survivors (3072K)
 Metaspace       used 64851K, committed 65472K, reserved 1105920K
  class space    used 8832K, committed 9088K, reserved 1048576K
}
Event: 15.635 GC heap after
{Heap after GC invocations=29 (full 0):
 garbage-first heap   total 54272K, used 28571K [0x0000000080000000, 0x0000000100000000)
  region size 1024K, 3 young (3072K), 3 survivors (3072K)
 Metaspace       used 64851K, committed 65472K, reserved 1105920K
  class space    used 8832K, committed 9088K, reserved 1048576K
}

Dll operation events (9 events):
Event: 0.016 Loaded shared library F:\sts-4.17.0.RELEASE\plugins\org.eclipse.justj.openjdk.hotspot.jre.full.win32.x86_64_17.0.5.v20221102-0933\jre\bin\java.dll
Event: 0.446 Loaded shared library F:\sts-4.17.0.RELEASE\plugins\org.eclipse.justj.openjdk.hotspot.jre.full.win32.x86_64_17.0.5.v20221102-0933\jre\bin\jimage.dll
Event: 0.785 Loaded shared library F:\sts-4.17.0.RELEASE\plugins\org.eclipse.justj.openjdk.hotspot.jre.full.win32.x86_64_17.0.5.v20221102-0933\jre\bin\net.dll
Event: 0.787 Loaded shared library F:\sts-4.17.0.RELEASE\plugins\org.eclipse.justj.openjdk.hotspot.jre.full.win32.x86_64_17.0.5.v20221102-0933\jre\bin\nio.dll
Event: 0.791 Loaded shared library F:\sts-4.17.0.RELEASE\plugins\org.eclipse.justj.openjdk.hotspot.jre.full.win32.x86_64_17.0.5.v20221102-0933\jre\bin\zip.dll
Event: 1.012 Loaded shared library F:\sts-4.17.0.RELEASE\plugins\org.eclipse.justj.openjdk.hotspot.jre.full.win32.x86_64_17.0.5.v20221102-0933\jre\bin\management.dll
Event: 1.029 Loaded shared library F:\sts-4.17.0.RELEASE\plugins\org.eclipse.justj.openjdk.hotspot.jre.full.win32.x86_64_17.0.5.v20221102-0933\jre\bin\management_ext.dll
Event: 5.102 Loaded shared library F:\sts-4.17.0.RELEASE\plugins\org.eclipse.justj.openjdk.hotspot.jre.full.win32.x86_64_17.0.5.v20221102-0933\jre\bin\verify.dll
Event: 8.225 Loaded shared library F:\sts-4.17.0.RELEASE\plugins\org.eclipse.justj.openjdk.hotspot.jre.full.win32.x86_64_17.0.5.v20221102-0933\jre\bin\sunmscapi.dll

Deoptimization events (12 events):
Event: 5.165 Thread 0x00000207c5c88a00 DEOPT PACKING pc=0x00000207c98aff19 sp=0x0000006a41dfd170
Event: 5.165 Thread 0x00000207c5c88a00 DEOPT UNPACKING pc=0x00000207c9392b43 sp=0x0000006a41dfc650 mode 3
Event: 8.320 Thread 0x00000207c5c88a00 DEOPT PACKING pc=0x00000207c9b53efd sp=0x0000006a41dfc4a0
Event: 8.320 Thread 0x00000207c5c88a00 DEOPT UNPACKING pc=0x00000207c9392b43 sp=0x0000006a41dfba08 mode 3
Event: 12.903 Thread 0x00000207c5c88a00 DEOPT PACKING pc=0x00000207c991a594 sp=0x0000006a41dfce10
Event: 12.903 Thread 0x00000207c5c88a00 DEOPT UNPACKING pc=0x00000207c9392b43 sp=0x0000006a41dfc368 mode 0
Event: 13.231 Thread 0x00000207c5c88a00 DEOPT PACKING pc=0x00000207c9e5a719 sp=0x0000006a41dfd5a0
Event: 13.231 Thread 0x00000207c5c88a00 DEOPT UNPACKING pc=0x00000207c9392b43 sp=0x0000006a41dfca80 mode 3
Event: 13.286 Thread 0x00000207c5c88a00 DEOPT PACKING pc=0x00000207c995ffc2 sp=0x0000006a41dfd130
Event: 13.286 Thread 0x00000207c5c88a00 DEOPT UNPACKING pc=0x00000207c9392b43 sp=0x0000006a41dfc638 mode 3
Event: 13.286 Thread 0x00000207c5c88a00 DEOPT PACKING pc=0x00000207c98ecdfc sp=0x0000006a41dfd080
Event: 13.286 Thread 0x00000207c5c88a00 DEOPT UNPACKING pc=0x00000207c9392b43 sp=0x0000006a41dfc638 mode 3

Classes unloaded (0 events):
No events

Classes redefined (0 events):
No events

Internal exceptions (20 events):
Event: 13.047 Thread 0x00000207c5c88a00 Exception <a 'java/lang/reflect/InvocationTargetException'{0x00000000825c58d8}> (0x00000000825c58d8) 
thrown [s\src\hotspot\share\runtime\reflection.cpp, line 1121]
Event: 13.056 Thread 0x00000207c5c88a00 Exception <a 'java/lang/NoSuchMethodError'{0x00000000824238a8}: 'int java.lang.invoke.DirectMethodHandle$Holder.invokeStatic(java.lang.Object, java.lang.Object, int)'> (0x00000000824238a8) 
thrown [s\src\hotspot\share\interpreter\linkResolver.cpp, line 759]
Event: 13.058 Thread 0x00000207c5c88a00 Exception <a 'java/lang/NoSuchMethodError'{0x0000000082440fd0}: 'java.lang.Object java.lang.invoke.DirectMethodHandle$Holder.newInvokeSpecial(java.lang.Object, java.lang.Object, int)'> (0x0000000082440fd0) 
thrown [s\src\hotspot\share\interpreter\linkResolver.cpp, line 759]
Event: 13.065 Thread 0x00000207c5c88a00 Exception <a 'java/lang/IncompatibleClassChangeError'{0x000000008246b128}: Found class java.lang.Object, but interface was expected> (0x000000008246b128) 
thrown [s\src\hotspot\share\interpreter\linkResolver.cpp, line 826]
Event: 13.065 Thread 0x00000207c5c88a00 Exception <a 'java/lang/IncompatibleClassChangeError'{0x0000000082471708}: Found class java.lang.Object, but interface was expected> (0x0000000082471708) 
thrown [s\src\hotspot\share\interpreter\linkResolver.cpp, line 826]
Event: 13.282 Thread 0x00000207c5c88a00 Exception <a 'java/lang/reflect/InvocationTargetException'{0x00000000825153a0}> (0x00000000825153a0) 
thrown [s\src\hotspot\share\runtime\reflection.cpp, line 1121]
Event: 13.283 Thread 0x00000207c5c88a00 Exception <a 'java/lang/reflect/InvocationTargetException'{0x0000000082521020}> (0x0000000082521020) 
thrown [s\src\hotspot\share\runtime\reflection.cpp, line 1121]
Event: 13.314 Thread 0x00000207c5c88a00 Exception <a 'java/lang/reflect/InvocationTargetException'{0x0000000082f09cb0}> (0x0000000082f09cb0) 
thrown [s\src\hotspot\share\runtime\reflection.cpp, line 1121]
Event: 13.316 Thread 0x00000207c5c88a00 Exception <a 'java/lang/reflect/InvocationTargetException'{0x0000000082f1b098}> (0x0000000082f1b098) 
thrown [s\src\hotspot\share\runtime\reflection.cpp, line 1121]
Event: 13.316 Thread 0x00000207c5c88a00 Exception <a 'java/lang/reflect/InvocationTargetException'{0x0000000082f258e0}> (0x0000000082f258e0) 
thrown [s\src\hotspot\share\runtime\reflection.cpp, line 1121]
Event: 13.522 Thread 0x00000207c5c88a00 Exception <a 'java/lang/NoSuchMethodError'{0x000000008262e788}: 'void java.lang.invoke.DirectMethodHandle$Holder.invokeVirtual(java.lang.Object, java.lang.Object, int)'> (0x000000008262e788) 
thrown [s\src\hotspot\share\interpreter\linkResolver.cpp, line 759]
Event: 13.523 Thread 0x00000207c5c88a00 Exception <a 'java/lang/NoSuchMethodError'{0x0000000082649330}: 'void java.lang.invoke.DirectMethodHandle$Holder.invokeVirtual(java.lang.Object, java.lang.Object, long)'> (0x0000000082649330) 
thrown [s\src\hotspot\share\interpreter\linkResolver.cpp, line 759]
Event: 13.932 Thread 0x00000207c5c88a00 Exception <a 'java/lang/IncompatibleClassChangeError'{0x00000000831b26d8}: Found class java.lang.Object, but interface was expected> (0x00000000831b26d8) 
thrown [s\src\hotspot\share\interpreter\linkResolver.cpp, line 826]
Event: 13.971 Thread 0x00000207c5c88a00 Exception <a 'java/lang/NoSuchMethodError'{0x0000000082f3d880}: 'int java.lang.invoke.DirectMethodHandle$Holder.invokeStaticInit(java.lang.Object, java.lang.Object, java.lang.Object, java.lang.Object)'> (0x0000000082f3d880) 
thrown [s\src\hotspot\share\interpreter\linkResolver.cpp, line 759]
Event: 14.118 Thread 0x00000207c5c88a00 Exception <a 'java/lang/NoSuchMethodError'{0x00000000828106c8}: 'java.lang.Object java.lang.invoke.DirectMethodHandle$Holder.newInvokeSpecial(java.lang.Object, java.lang.Object, int, java.lang.Object, java.lang.Object)'> (0x00000000828106c8) 
thrown [s\src\hotspot\share\interpreter\linkResolver.cpp, line 759]
Event: 14.119 Thread 0x00000207c5c88a00 Exception <a 'java/lang/NoSuchMethodError'{0x000000008281ba58}: 'java.lang.Object java.lang.invoke.DirectMethodHandle$Holder.invokeSpecial(java.lang.Object, java.lang.Object, int, java.lang.Object, int, java.lang.Object)'> (0x000000008281ba58) 
thrown [s\src\hotspot\share\interpreter\linkResolver.cpp, line 759]
Event: 14.119 Thread 0x00000207c5c88a00 Exception <a 'java/lang/NoSuchMethodError'{0x00000000828237d0}: 'java.lang.Object java.lang.invoke.DirectMethodHandle$Holder.newInvokeSpecial(java.lang.Object, java.lang.Object, int, java.lang.Object, int)'> (0x00000000828237d0) 
thrown [s\src\hotspot\share\interpreter\linkResolver.cpp, line 759]
Event: 14.120 Thread 0x00000207c5c88a00 Exception <a 'java/lang/NoSuchMethodError'{0x00000000828278d0}: 'java.lang.Object java.lang.invoke.DirectMethodHandle$Holder.invokeSpecial(java.lang.Object, java.lang.Object, java.lang.Object, int, java.lang.Object, int)'> (0x00000000828278d0) 
thrown [s\src\hotspot\share\interpreter\linkResolver.cpp, line 759]
Event: 16.337 Thread 0x00000207d68c2a00 Exception <a 'java/lang/NoSuchMethodError'{0x000000008679c4f0}: 'java.lang.Object java.lang.invoke.DirectMethodHandle$Holder.invokeSpecial(java.lang.Object, java.lang.Object, java.lang.Object, java.lang.Object, java.lang.Object, long)'> (0x000000008679c4f0) 
thrown [s\src\hotspot\share\interpreter\linkResolver.cpp, line 759]
Event: 16.337 Thread 0x00000207d68c2a00 Exception <a 'java/lang/NoSuchMethodError'{0x000000008679ff40}: 'java.lang.Object java.lang.invoke.Invokers$Holder.linkToTargetMethod(java.lang.Object, java.lang.Object, java.lang.Object, long, java.lang.Object)'> (0x000000008679ff40) 
thrown [s\src\hotspot\share\interpreter\linkResolver.cpp, line 759]

VM Operations (20 events):
Event: 13.910 Executing VM operation: HandshakeAllThreads
Event: 13.910 Executing VM operation: HandshakeAllThreads done
Event: 14.924 Executing VM operation: Cleanup
Event: 14.924 Executing VM operation: Cleanup done
Event: 15.630 Executing VM operation: G1CollectForAllocation
Event: 15.635 Executing VM operation: G1CollectForAllocation done
Event: 15.665 Executing VM operation: G1Concurrent
Event: 15.667 Executing VM operation: G1Concurrent done
Event: 15.678 Executing VM operation: G1Concurrent
Event: 15.678 Executing VM operation: G1Concurrent done
Event: 16.390 Executing VM operation: HandshakeAllThreads
Event: 16.390 Executing VM operation: HandshakeAllThreads done
Event: 16.618 Executing VM operation: HandshakeAllThreads
Event: 16.618 Executing VM operation: HandshakeAllThreads done
Event: 17.000 Executing VM operation: HandshakeAllThreads
Event: 17.000 Executing VM operation: HandshakeAllThreads done
Event: 17.000 Executing VM operation: Cleanup
Event: 17.000 Executing VM operation: Cleanup done
Event: 17.098 Executing VM operation: HandshakeAllThreads
Event: 17.098 Executing VM operation: HandshakeAllThreads done

Events (20 events):
Event: 16.339 loading class sun/nio/cs/ThreadLocalCoders$Cache done
Event: 16.340 loading class sun/nio/cs/ThreadLocalCoders$1 done
Event: 16.340 loading class sun/nio/cs/ThreadLocalCoders$2
Event: 16.340 loading class sun/nio/cs/ThreadLocalCoders$2 done
Event: 16.601 loading class java/time/format/DateTimeFormatterBuilder$ZoneTextPrinterParser
Event: 16.601 loading class java/time/format/DateTimeFormatterBuilder$ZoneTextPrinterParser done
Event: 16.602 loading class java/time/format/DateTimeFormatterBuilder$ReducedPrinterParser
Event: 16.602 loading class java/time/format/DateTimeFormatterBuilder$ReducedPrinterParser done
Event: 17.004 loading class java/util/OptionalLong
Event: 17.005 loading class java/util/OptionalLong done
Event: 17.005 loading class java/util/OptionalDouble
Event: 17.005 loading class java/util/OptionalDouble done
Event: 17.093 loading class java/util/stream/LongStream
Event: 17.093 loading class java/util/stream/LongStream done
Event: 17.093 loading class java/util/stream/DoubleStream
Event: 17.094 loading class java/util/stream/DoubleStream done
Event: 17.110 loading class org/w3c/dom/Node
Event: 17.110 loading class org/w3c/dom/Node done
Event: 17.110 loading class org/w3c/dom/Document
Event: 17.110 loading class org/w3c/dom/Document done


Dynamic libraries:
0x00007ff633160000 - 0x00007ff63316e000 	F:\sts-4.17.0.RELEASE\plugins\org.eclipse.justj.openjdk.hotspot.jre.full.win32.x86_64_17.0.5.v20221102-0933\jre\bin\javaw.exe
0x00007ff9fc5d0000 - 0x00007ff9fc7c8000 	C:\WINDOWS\SYSTEM32\ntdll.dll
0x00007ff9fbfc0000 - 0x00007ff9fc07f000 	C:\WINDOWS\System32\KERNEL32.DLL
0x00007ff9f9e80000 - 0x00007ff9fa152000 	C:\WINDOWS\System32\KERNELBASE.dll
0x00007ff9f9d80000 - 0x00007ff9f9e80000 	C:\WINDOWS\System32\ucrtbase.dll
0x00007ff9f5800000 - 0x00007ff9f5817000 	F:\sts-4.17.0.RELEASE\plugins\org.eclipse.justj.openjdk.hotspot.jre.full.win32.x86_64_17.0.5.v20221102-0933\jre\bin\jli.dll
0x00007ff9fc3d0000 - 0x00007ff9fc571000 	C:\WINDOWS\System32\USER32.dll
0x00007ff9f9cc0000 - 0x00007ff9f9ce2000 	C:\WINDOWS\System32\win32u.dll
0x00007ff9fbc30000 - 0x00007ff9fbc5b000 	C:\WINDOWS\System32\GDI32.dll
0x00007ff9fa280000 - 0x00007ff9fa38f000 	C:\WINDOWS\System32\gdi32full.dll
0x00007ff9fa520000 - 0x00007ff9fa5bd000 	C:\WINDOWS\System32\msvcp_win.dll
0x00007ff9e28b0000 - 0x00007ff9e28c9000 	F:\sts-4.17.0.RELEASE\plugins\org.eclipse.justj.openjdk.hotspot.jre.full.win32.x86_64_17.0.5.v20221102-0933\jre\bin\VCRUNTIME140.dll
0x00007ff9eb6f0000 - 0x00007ff9eb98a000 	C:\WINDOWS\WinSxS\amd64_microsoft.windows.common-controls_6595b64144ccf1df_6.0.19041.1110_none_60b5254171f9507e\COMCTL32.dll
0x00007ff9fbc60000 - 0x00007ff9fbcfe000 	C:\WINDOWS\System32\msvcrt.dll
0x00007ff9fa7c0000 - 0x00007ff9fa7f2000 	C:\WINDOWS\System32\IMM32.DLL
0x00007ff9f3fd0000 - 0x00007ff9f3fdc000 	F:\sts-4.17.0.RELEASE\plugins\org.eclipse.justj.openjdk.hotspot.jre.full.win32.x86_64_17.0.5.v20221102-0933\jre\bin\vcruntime140_1.dll
0x00007ff9cbc60000 - 0x00007ff9cbcf1000 	F:\sts-4.17.0.RELEASE\plugins\org.eclipse.justj.openjdk.hotspot.jre.full.win32.x86_64_17.0.5.v20221102-0933\jre\bin\msvcp140.dll
0x00007ff9c4200000 - 0x00007ff9c4e44000 	F:\sts-4.17.0.RELEASE\plugins\org.eclipse.justj.openjdk.hotspot.jre.full.win32.x86_64_17.0.5.v20221102-0933\jre\bin\server\jvm.dll
0x00007ff9fb380000 - 0x00007ff9fb42e000 	C:\WINDOWS\System32\ADVAPI32.dll
0x00007ff9fad00000 - 0x00007ff9fad9c000 	C:\WINDOWS\System32\sechost.dll
0x00007ff9fc2a0000 - 0x00007ff9fc3c5000 	C:\WINDOWS\System32\RPCRT4.dll
0x00007ff9e68a0000 - 0x00007ff9e68a9000 	C:\WINDOWS\SYSTEM32\WSOCK32.dll
0x00007ff9fb310000 - 0x00007ff9fb37b000 	C:\WINDOWS\System32\WS2_32.dll
0x00007ff9e88b0000 - 0x00007ff9e88d7000 	C:\WINDOWS\SYSTEM32\WINMM.dll
0x00007ff9f0540000 - 0x00007ff9f054a000 	C:\WINDOWS\SYSTEM32\VERSION.dll
0x00007ff9f8560000 - 0x00007ff9f8572000 	C:\WINDOWS\SYSTEM32\kernel.appcore.dll
0x00007ff9e3a10000 - 0x00007ff9e3a1a000 	F:\sts-4.17.0.RELEASE\plugins\org.eclipse.justj.openjdk.hotspot.jre.full.win32.x86_64_17.0.5.v20221102-0933\jre\bin\jimage.dll
0x00007ff9f7a70000 - 0x00007ff9f7c54000 	C:\WINDOWS\SYSTEM32\DBGHELP.DLL
0x00007ff9e52c0000 - 0x00007ff9e52f5000 	C:\WINDOWS\SYSTEM32\dbgcore.DLL
0x00007ff9f9cf0000 - 0x00007ff9f9d72000 	C:\WINDOWS\System32\bcryptPrimitives.dll
0x00007ff9c4190000 - 0x00007ff9c41b5000 	F:\sts-4.17.0.RELEASE\plugins\org.eclipse.justj.openjdk.hotspot.jre.full.win32.x86_64_17.0.5.v20221102-0933\jre\bin\java.dll
0x00007ff9c4170000 - 0x00007ff9c4188000 	F:\sts-4.17.0.RELEASE\plugins\org.eclipse.justj.openjdk.hotspot.jre.full.win32.x86_64_17.0.5.v20221102-0933\jre\bin\zip.dll
0x00007ff9fb4e0000 - 0x00007ff9fbc24000 	C:\WINDOWS\System32\SHELL32.dll
0x00007ff9f7d60000 - 0x00007ff9f84f2000 	C:\WINDOWS\SYSTEM32\windows.storage.dll
0x00007ff9faed0000 - 0x00007ff9fb225000 	C:\WINDOWS\System32\combase.dll
0x00007ff9f9640000 - 0x00007ff9f9670000 	C:\WINDOWS\SYSTEM32\Wldp.dll
0x00007ff9fc140000 - 0x00007ff9fc1ed000 	C:\WINDOWS\System32\SHCORE.dll
0x00007ff9fc080000 - 0x00007ff9fc0d5000 	C:\WINDOWS\System32\shlwapi.dll
0x00007ff9f9c00000 - 0x00007ff9f9c1f000 	C:\WINDOWS\SYSTEM32\profapi.dll
0x00007ff9f57a0000 - 0x00007ff9f57b9000 	F:\sts-4.17.0.RELEASE\plugins\org.eclipse.justj.openjdk.hotspot.jre.full.win32.x86_64_17.0.5.v20221102-0933\jre\bin\net.dll
0x00007ff9f2bb0000 - 0x00007ff9f2cbc000 	C:\WINDOWS\SYSTEM32\WINHTTP.dll
0x00007ff9f93a0000 - 0x00007ff9f940a000 	C:\WINDOWS\system32\mswsock.dll
0x00007ff9f4550000 - 0x00007ff9f4565000 	F:\sts-4.17.0.RELEASE\plugins\org.eclipse.justj.openjdk.hotspot.jre.full.win32.x86_64_17.0.5.v20221102-0933\jre\bin\nio.dll
0x00007ff9f1470000 - 0x00007ff9f1479000 	F:\sts-4.17.0.RELEASE\plugins\org.eclipse.justj.openjdk.hotspot.jre.full.win32.x86_64_17.0.5.v20221102-0933\jre\bin\management.dll
0x00007ff9f1450000 - 0x00007ff9f145b000 	F:\sts-4.17.0.RELEASE\plugins\org.eclipse.justj.openjdk.hotspot.jre.full.win32.x86_64_17.0.5.v20221102-0933\jre\bin\management_ext.dll
0x00007ff9fc580000 - 0x00007ff9fc588000 	C:\WINDOWS\System32\PSAPI.DLL
0x00007ff9dd780000 - 0x00007ff9dd797000 	C:\WINDOWS\system32\napinsp.dll
0x00007ff9dd6f0000 - 0x00007ff9dd70b000 	C:\WINDOWS\system32\pnrpnsp.dll
0x00007ff9f3500000 - 0x00007ff9f3515000 	C:\WINDOWS\system32\wshbth.dll
0x00007ff9f4ea0000 - 0x00007ff9f4ebd000 	C:\WINDOWS\system32\NLAapi.dll
0x00007ff9f9090000 - 0x00007ff9f90cb000 	C:\WINDOWS\SYSTEM32\IPHLPAPI.DLL
0x00007ff9f90d0000 - 0x00007ff9f919a000 	C:\WINDOWS\SYSTEM32\DNSAPI.dll
0x00007ff9fbfb0000 - 0x00007ff9fbfb8000 	C:\WINDOWS\System32\NSI.dll
0x00007ff9dd640000 - 0x00007ff9dd652000 	C:\WINDOWS\System32\winrnr.dll
0x00007ff9f1700000 - 0x00007ff9f170a000 	C:\Windows\System32\rasadhlp.dll
0x00007ff9e8e60000 - 0x00007ff9e8ee0000 	C:\WINDOWS\System32\fwpuclnt.dll
0x00007ff9fa390000 - 0x00007ff9fa3b7000 	C:\WINDOWS\System32\bcrypt.dll
0x00007ff9f9590000 - 0x00007ff9f95a8000 	C:\WINDOWS\SYSTEM32\CRYPTSP.dll
0x00007ff9f8cc0000 - 0x00007ff9f8cf4000 	C:\WINDOWS\system32\rsaenh.dll
0x00007ff9f9bc0000 - 0x00007ff9f9bee000 	C:\WINDOWS\SYSTEM32\USERENV.dll
0x00007ff9f95b0000 - 0x00007ff9f95bc000 	C:\WINDOWS\SYSTEM32\CRYPTBASE.dll
0x00007ff9f0600000 - 0x00007ff9f0617000 	C:\WINDOWS\SYSTEM32\dhcpcsvc6.DLL
0x00007ff9f0e80000 - 0x00007ff9f0e9d000 	C:\WINDOWS\SYSTEM32\dhcpcsvc.DLL
0x00007ff9f4540000 - 0x00007ff9f4550000 	F:\sts-4.17.0.RELEASE\plugins\org.eclipse.justj.openjdk.hotspot.jre.full.win32.x86_64_17.0.5.v20221102-0933\jre\bin\verify.dll
0x00007ff9f3fe0000 - 0x00007ff9f3fee000 	F:\sts-4.17.0.RELEASE\plugins\org.eclipse.justj.openjdk.hotspot.jre.full.win32.x86_64_17.0.5.v20221102-0933\jre\bin\sunmscapi.dll
0x00007ff9fa3c0000 - 0x00007ff9fa516000 	C:\WINDOWS\System32\CRYPT32.dll
0x00007ff9f96b0000 - 0x00007ff9f96d7000 	C:\WINDOWS\SYSTEM32\ncrypt.dll
0x00007ff9f9670000 - 0x00007ff9f96ab000 	C:\WINDOWS\SYSTEM32\NTASN1.dll
0x00007ff991750000 - 0x00007ff991757000 	C:\WINDOWS\system32\wshunix.dll

dbghelp: loaded successfully - version: 4.0.5 - missing functions: none
symbol engine: initialized successfully - sym options: 0x614 - pdb path: .;F:\sts-4.17.0.RELEASE\plugins\org.eclipse.justj.openjdk.hotspot.jre.full.win32.x86_64_17.0.5.v20221102-0933\jre\bin;C:\WINDOWS\SYSTEM32;C:\WINDOWS\WinSxS\amd64_microsoft.windows.common-controls_6595b64144ccf1df_6.0.19041.1110_none_60b5254171f9507e;F:\sts-4.17.0.RELEASE\plugins\org.eclipse.justj.openjdk.hotspot.jre.full.win32.x86_64_17.0.5.v20221102-0933\jre\bin\server

VM Arguments:
jvm_args: -Dcom.sun.management.jmxremote -Dcom.sun.management.jmxremote.port=50101 -Dcom.sun.management.jmxremote.authenticate=false -Dcom.sun.management.jmxremote.ssl=false -Djava.rmi.server.hostname=localhost -Dspring.jmx.enabled=true -Dmanagement.endpoints.jmx.exposure.include=* -Dspring.application.admin.enabled=true -XX:TieredStopAtLevel=1 -Dspring.boot.project.name=Backend -Dfile.encoding=UTF-8 -XX:+ShowCodeDetailsInExceptionMessages -Xmx2048M 
java_command: com.example.demo.BackendApplication --spring.output.ansi.enabled=always --server.port=8001
java_class_path (initial): F:\SpringBoot\Backend\target\classes;C:\Users\DELL\.m2\repository\org\springframework\boot\spring-boot-starter-data-jpa\3.0.1\spring-boot-starter-data-jpa-3.0.1.jar;C:\Users\DELL\.m2\repository\org\springframework\boot\spring-boot-starter-aop\3.0.1\spring-boot-starter-aop-3.0.1.jar;C:\Users\DELL\.m2\repository\org\springframework\spring-aop\6.0.3\spring-aop-6.0.3.jar;C:\Users\DELL\.m2\repository\org\aspectj\aspectjweaver\1.9.19\aspectjweaver-1.9.19.jar;C:\Users\DELL\.m2\repository\org\springframework\boot\spring-boot-starter-jdbc\3.0.1\spring-boot-starter-jdbc-3.0.1.jar;C:\Users\DELL\.m2\repository\com\zaxxer\HikariCP\5.0.1\HikariCP-5.0.1.jar;C:\Users\DELL\.m2\repository\org\springframework\spring-jdbc\6.0.3\spring-jdbc-6.0.3.jar;C:\Users\DELL\.m2\repository\org\hibernate\orm\hibernate-core\6.1.6.Final\hibernate-core-6.1.6.Final.jar;C:\Users\DELL\.m2\repository\jakarta\persistence\jakarta.persistence-api\3.1.0\jakarta.persistence-api-3.1.0.jar;C:\Users\DELL\.m2\repository\jakarta\transaction\jakarta.transaction-api\2.0.1\jakarta.transaction-api-2.0.1.jar;C:\Users\DELL\.m2\repository\org\jboss\logging\jboss-logging\3.5.0.Final\jboss-logging-3.5.0.Final.jar;C:\Users\DELL\.m2\repository\org\hibernate\common\hibernate-commons-annotations\6.0.2.Final\hibernate-commons-annotations-6.0.2.Final.jar;C:\Users\DELL\.m2\repository\org\jboss\jandex\2.4.2.Final\jandex-2.4.2.Final.jar;C:\Users\DELL\.m2\repository\com\fasterxml\classmate\1.5.1\classmate-1.5.1.jar;C:\Users\DELL\.m2\repository\net\bytebuddy\byte-buddy\1.12.20\byte-buddy-1.12.20.jar;C:\Users\DELL\.m2\repository\org\glassfish\jaxb\jaxb-runtime\4.0.1\jaxb-runtime-4.0.1.jar;C:\Users\DELL\.m2\repository\org\glassfish\jaxb\jaxb-core\4.0.1\jaxb-core-4.0.1.jar;C:\Users\DELL\.m2\repository\org\eclipse\angus\angus-activation\1.0.0\angus-activation-1.0.0.jar;C:\Users\DELL\.m2\repository\org\glassfish\jaxb\txw2\4.0.1\txw2-4.0.1.jar;C:\Users\DELL\.m2\repository\com\sun\istack\istack-commons-runtime\4.
Launcher Type: SUN_STANDARD

[Global flags]
     intx CICompilerCount                          = 4                                         {product} {ergonomic}
     uint ConcGCThreads                            = 2                                         {product} {ergonomic}
     uint G1ConcRefinementThreads                  = 8                                         {product} {ergonomic}
   size_t G1HeapRegionSize                         = 1048576                                   {product} {ergonomic}
    uintx GCDrainStackTargetSize                   = 64                                        {product} {ergonomic}
   size_t InitialHeapSize                          = 132120576                                 {product} {ergonomic}
     bool ManagementServer                         = true                                      {product} {command line}
   size_t MarkStackSize                            = 4194304                                   {product} {ergonomic}
   size_t MaxHeapSize                              = 2147483648                                {product} {command line}
   size_t MaxNewSize                               = 1287651328                                {product} {ergonomic}
   size_t MinHeapDeltaBytes                        = 1048576                                   {product} {ergonomic}
   size_t MinHeapSize                              = 8388608                                   {product} {ergonomic}
    uintx NonProfiledCodeHeapSize                  = 0                                      {pd product} {ergonomic}
     bool ProfileInterpreter                       = false                                  {pd product} {command line}
    uintx ProfiledCodeHeapSize                     = 0                                      {pd product} {ergonomic}
     bool ShowCodeDetailsInExceptionMessages       = true                                   {manageable} {command line}
   size_t SoftMaxHeapSize                          = 2147483648                             {manageable} {ergonomic}
     intx TieredStopAtLevel                        = 1                                         {product} {command line}
     bool UseCompressedClassPointers               = true                           {product lp64_product} {ergonomic}
     bool UseCompressedOops                        = true                           {product lp64_product} {ergonomic}
     bool UseG1GC                                  = true                                      {product} {ergonomic}
     bool UseLargePagesIndividualAllocation        = false                                  {pd product} {ergonomic}

Logging:
Log output configuration:
 #0: stdout all=warning uptime,level,tags
 #1: stderr all=off uptime,level,tags

Environment Variables:
JAVA_HOME=C:\Program Files\Java\jdk1.8.0_45
_JAVA_OPTIONS=  -Xmx2048M
PATH=F:/sts-4.17.0.RELEASE//plugins/org.eclipse.justj.openjdk.hotspot.jre.full.win32.x86_64_17.0.5.v20221102-0933/jre/bin/server;F:/sts-4.17.0.RELEASE//plugins/org.eclipse.justj.openjdk.hotspot.jre.full.win32.x86_64_17.0.5.v20221102-0933/jre/bin;C:\Program Files (x86)\Common Files\Oracle\Java\javapath;C:\ProgramData\Oracle\Java\javapath;C:\Program Files (x86)\Intel\Intel(R) Management Engine Components\iCLS\;C:\Program Files\Intel\Intel(R) Management Engine Components\iCLS\;C:\WINDOWS\system32;C:\WINDOWS;C:\WINDOWS\System32\Wbem;C:\WINDOWS\System32\WindowsPowerShell\v1.0\;C:\WINDOWS\System32\OpenSSH\;C:\Program Files (x86)\Intel\Intel(R) Management Engine Components\DAL;C:\Program Files\Intel\Intel(R) Management Engine Components\DAL;C:\Program Files (x86)\Intel\Intel(R) Management Engine Components\IPT;C:\Program Files\Intel\Intel(R) Management Engine Components\IPT;C:\Program Files\Java\jdk-15.0.1\bin;C:\Program Files\Java\jdk-16.0.1\bin;C:\Program Files (x86)\CodeBlocks\MinGW\bin;C:\Program Files (x86)\GnuWin32\bin;C:\Program Files\glassfish-4.1.1\bin;C:\Program Files\nodejs\;C:\Program Files\MongoDB\Server\5.0\bin;C:\Users\DELL\Postman\file;C:\Program Files\dotnet\;C:\Program Files\Microsoft SQL Server\150\Tools\Binn\;C:\Program Files\Microsoft SQL Server\Client SDK\ODBC\170\Tools\Binn\;F:\apache-maven-3.8.6\bin;C:\Program Files\Java\jre1.8.0_45\bin;F:\NetBeans 8.1\bin;C:\Program Files\Git\cmd;C:\Program Files\Git\bin;C:\Users\DELL\AppData\Local\Microsoft\WindowsApps;C:\iverilog\bin;C:\iverilog\gtkwave\bin;C:\Program Files\Java\jdk1.7.0_80\bin;C:\Program Files\Java\jdk1.8.0_45\bin;C:\Users\DELL\AppData\Roaming\npm;C:\Program Files\MongoDB\Server\5.0\bin;C:\Flex Windows\gcc\bin;C:\Flex Windows\Lex\bin;C:\Flex Windows\bison\bin;C:\Users\DELL\AppData\Local\GitHubDesktop\bin;C:\Users\DELL\.dotnet\tools;C:\Users\DELL\AppData\Local\Programs\Microsoft VS Code\bin;C:\Program Files\Git\bin;;F:\sts-4.17.0.RELEASE;
USERNAME=DELL
OS=Windows_NT
PROCESSOR_IDENTIFIER=Intel64 Family 6 Model 142 Stepping 10, GenuineIntel
TMP=C:\Users\DELL\AppData\Local\Temp
TEMP=C:\Users\DELL\AppData\Local\Temp



---------------  S Y S T E M  ---------------

OS:
 Windows 10 , 64 bit Build 19041 (10.0.19041.2364)
OS uptime: 0 days 0:26 hours

CPU: total 8 (initial active 8) (4 cores per cpu, 2 threads per core) family 6 model 142 stepping 10 microcode 0xca, cx8, cmov, fxsr, ht, mmx, 3dnowpref, sse, sse2, sse3, ssse3, sse4.1, sse4.2, popcnt, lzcnt, tsc, tscinvbit, avx, avx2, aes, erms, clmul, bmi1, bmi2, adx, fma, vzeroupper, clflush, clflushopt

Memory: 4k page, system-wide physical 8056M (378M free)
TotalPageFile size 8056M (AvailPageFile size 8M)
current process WorkingSet (physical memory assigned to process): 193M, peak: 193M
current process commit charge ("private bytes"): 226M, peak: 229M

vm_info: OpenJDK 64-Bit Server VM (17.0.5+8) for windows-amd64 JRE (17.0.5+8), built on Oct 19 2022 04:48:13 by "temurin" with MS VC++ 16.7 (VS2019)

END.
