#
# There is insufficient memory for the Java Runtime Environment to continue.
# Native memory allocation (mmap) failed to map 65536 bytes for Failed to commit metaspace.
# Possible reasons:
#   The system is out of physical RAM or swap space
#   The process is running with CompressedOops enabled, and the Java Heap may be blocking the growth of the native heap
# Possible solutions:
#   Reduce memory load on the system
#   Increase physical memory or swap space
#   Check if swap backing store is full
#   Decrease Java heap size (-Xmx/-Xms)
#   Decrease number of Java threads
#   Decrease Java thread stack sizes (-Xss)
#   Set larger code cache with -XX:ReservedCodeCacheSize=
#   JVM is running with Unscaled Compressed Oops mode in which the Java heap is
#     placed in the first 4GB address space. The Java Heap base address is the
#     maximum limit for the native heap growth. Please use -XX:HeapBaseMinAddress
#     to set the Java Heap base and to place the Java Heap above 4GB virtual address.
# This output file may be truncated or incomplete.
#
#  Out of Memory Error (virtualSpaceNode.cpp:110), pid=4856, tid=13740
#
# JRE version: OpenJDK Runtime Environment Temurin-17.0.5+8 (17.0.5+8) (build 17.0.5+8)
# Java VM: OpenJDK 64-Bit Server VM Temurin-17.0.5+8 (17.0.5+8, mixed mode, emulated-client, tiered, compressed oops, compressed class ptrs, g1 gc, windows-amd64)
# No core dump will be written. Minidumps are not enabled by default on client versions of Windows
#

---------------  S U M M A R Y ------------

Command Line: -Dcom.sun.management.jmxremote -Dcom.sun.management.jmxremote.port=56229 -Dcom.sun.management.jmxremote.authenticate=false -Dcom.sun.management.jmxremote.ssl=false -Djava.rmi.server.hostname=localhost -Dspring.jmx.enabled=true -Dmanagement.endpoints.jmx.exposure.include=* -Dspring.application.admin.enabled=true -XX:TieredStopAtLevel=1 -Dspring.boot.project.name=Backend -Dfile.encoding=UTF-8 -XX:+ShowCodeDetailsInExceptionMessages -Xmx2048M com.example.demo.BackendApplication --spring.output.ansi.enabled=always --server.port=8000

Host: Intel(R) Core(TM) i5-8250U CPU @ 1.60GHz, 8 cores, 7G,  Windows 10 , 64 bit Build 19041 (10.0.19041.2364)
Time: Sat Dec 31 14:45:28 2022 India Standard Time elapsed time: 23.108837 seconds (0d 0h 0m 23s)

---------------  T H R E A D  ---------------

Current thread (0x0000029c095ecca0):  JavaThread "http-nio-8000-exec-1" daemon [_thread_in_vm, id=13740, stack(0x000000ea84a00000,0x000000ea84b00000)]

Stack: [0x000000ea84a00000,0x000000ea84b00000]
Native frames: (J=compiled Java code, j=interpreted, Vv=VM code, C=native code)
V  [jvm.dll+0x676b3a]
V  [jvm.dll+0x831444]
V  [jvm.dll+0x832bee]
V  [jvm.dll+0x833253]
V  [jvm.dll+0x244ce5]
V  [jvm.dll+0x82d4db]
V  [jvm.dll+0x61b2f6]
V  [jvm.dll+0x1bfd2e]
V  [jvm.dll+0x61dc41]
V  [jvm.dll+0x61bc96]
V  [jvm.dll+0x239811]
V  [jvm.dll+0x1e9a70]
V  [jvm.dll+0x1e9ef5]
V  [jvm.dll+0x1ea92f]
V  [jvm.dll+0x1dfdd1]
V  [jvm.dll+0x53be30]
V  [jvm.dll+0x7ac5a8]
V  [jvm.dll+0x7ac694]
V  [jvm.dll+0x40ba25]
V  [jvm.dll+0x411bb8]
C  [java.dll+0x17ec]

Java frames: (J=compiled Java code, j=interpreted, Vv=VM code)
J 1166  java.lang.ClassLoader.defineClass1(Ljava/lang/ClassLoader;Ljava/lang/String;[BIILjava/security/ProtectionDomain;Ljava/lang/String;)Ljava/lang/Class; java.base@17.0.5 (0 bytes) @ 0x0000029c7913bb5b [0x0000029c7913baa0+0x00000000000000bb]
J 1287 c1 java.lang.ClassLoader.defineClass(Ljava/lang/String;[BIILjava/security/ProtectionDomain;)Ljava/lang/Class; java.base@17.0.5 (43 bytes) @ 0x0000029c7916dadc [0x0000029c7916d9e0+0x00000000000000fc]
J 1191 c1 jdk.internal.loader.BuiltinClassLoader.defineClass(Ljava/lang/String;Ljdk/internal/loader/Resource;)Ljava/lang/Class; java.base@17.0.5 (121 bytes) @ 0x0000029c791499c4 [0x0000029c79149520+0x00000000000004a4]
J 1181 c1 jdk.internal.loader.BuiltinClassLoader.findClassOnClassPathOrNull(Ljava/lang/String;)Ljava/lang/Class; java.base@17.0.5 (64 bytes) @ 0x0000029c7914389c [0x0000029c79143600+0x000000000000029c]
J 1033 c1 jdk.internal.loader.BuiltinClassLoader.loadClassOrNull(Ljava/lang/String;Z)Ljava/lang/Class; java.base@17.0.5 (143 bytes) @ 0x0000029c790fdd44 [0x0000029c790fd900+0x0000000000000444]
J 1093 c1 jdk.internal.loader.ClassLoaders$AppClassLoader.loadClass(Ljava/lang/String;Z)Ljava/lang/Class; java.base@17.0.5 (40 bytes) @ 0x0000029c7911e324 [0x0000029c7911e1e0+0x0000000000000144]
J 1090 c1 java.lang.ClassLoader.loadClass(Ljava/lang/String;)Ljava/lang/Class; java.base@17.0.5 (7 bytes) @ 0x0000029c7911d764 [0x0000029c7911d720+0x0000000000000044]
v  ~StubRoutines::call_stub
j  org.springframework.web.filter.RequestContextFilter.initContextHolders(Ljakarta/servlet/http/HttpServletRequest;Lorg/springframework/web/context/request/ServletRequestAttributes;)V+10
j  org.springframework.web.filter.RequestContextFilter.doFilterInternal(Ljakarta/servlet/http/HttpServletRequest;Ljakarta/servlet/http/HttpServletResponse;Ljakarta/servlet/FilterChain;)V+15
j  org.springframework.web.filter.OncePerRequestFilter.doFilter(Ljakarta/servlet/ServletRequest;Ljakarta/servlet/ServletResponse;Ljakarta/servlet/FilterChain;)V+150
j  org.apache.catalina.core.ApplicationFilterChain.internalDoFilter(Ljakarta/servlet/ServletRequest;Ljakarta/servlet/ServletResponse;)V+135
j  org.apache.catalina.core.ApplicationFilterChain.doFilter(Ljakarta/servlet/ServletRequest;Ljakarta/servlet/ServletResponse;)V+99
j  org.springframework.web.filter.FormContentFilter.doFilterInternal(Ljakarta/servlet/http/HttpServletRequest;Ljakarta/servlet/http/HttpServletResponse;Ljakarta/servlet/FilterChain;)V+38
j  org.springframework.web.filter.OncePerRequestFilter.doFilter(Ljakarta/servlet/ServletRequest;Ljakarta/servlet/ServletResponse;Ljakarta/servlet/FilterChain;)V+150
j  org.apache.catalina.core.ApplicationFilterChain.internalDoFilter(Ljakarta/servlet/ServletRequest;Ljakarta/servlet/ServletResponse;)V+135
j  org.apache.catalina.core.ApplicationFilterChain.doFilter(Ljakarta/servlet/ServletRequest;Ljakarta/servlet/ServletResponse;)V+99
j  org.springframework.web.filter.CharacterEncodingFilter.doFilterInternal(Ljakarta/servlet/http/HttpServletRequest;Ljakarta/servlet/http/HttpServletResponse;Ljakarta/servlet/FilterChain;)V+53
j  org.springframework.web.filter.OncePerRequestFilter.doFilter(Ljakarta/servlet/ServletRequest;Ljakarta/servlet/ServletResponse;Ljakarta/servlet/FilterChain;)V+150
j  org.apache.catalina.core.ApplicationFilterChain.internalDoFilter(Ljakarta/servlet/ServletRequest;Ljakarta/servlet/ServletResponse;)V+135
j  org.apache.catalina.core.ApplicationFilterChain.doFilter(Ljakarta/servlet/ServletRequest;Ljakarta/servlet/ServletResponse;)V+99
j  org.apache.catalina.core.StandardWrapperValve.invoke(Lorg/apache/catalina/connector/Request;Lorg/apache/catalina/connector/Response;)V+514
j  org.apache.catalina.core.StandardContextValve.invoke(Lorg/apache/catalina/connector/Request;Lorg/apache/catalina/connector/Response;)V+169
j  org.apache.catalina.authenticator.AuthenticatorBase.invoke(Lorg/apache/catalina/connector/Request;Lorg/apache/catalina/connector/Response;)V+218
j  org.apache.catalina.core.StandardHostValve.invoke(Lorg/apache/catalina/connector/Request;Lorg/apache/catalina/connector/Response;)V+131
j  org.apache.catalina.valves.ErrorReportValve.invoke(Lorg/apache/catalina/connector/Request;Lorg/apache/catalina/connector/Response;)V+6
j  org.apache.catalina.core.StandardEngineValve.invoke(Lorg/apache/catalina/connector/Request;Lorg/apache/catalina/connector/Response;)V+59
j  org.apache.catalina.connector.CoyoteAdapter.service(Lorg/apache/coyote/Request;Lorg/apache/coyote/Response;)V+203
j  org.apache.coyote.http11.Http11Processor.service(Lorg/apache/tomcat/util/net/SocketWrapperBase;)Lorg/apache/tomcat/util/net/AbstractEndpoint$Handler$SocketState;+785
j  org.apache.coyote.AbstractProcessorLight.process(Lorg/apache/tomcat/util/net/SocketWrapperBase;Lorg/apache/tomcat/util/net/SocketEvent;)Lorg/apache/tomcat/util/net/AbstractEndpoint$Handler$SocketState;+152
j  org.apache.coyote.AbstractProtocol$ConnectionHandler.process(Lorg/apache/tomcat/util/net/SocketWrapperBase;Lorg/apache/tomcat/util/net/SocketEvent;)Lorg/apache/tomcat/util/net/AbstractEndpoint$Handler$SocketState;+482
j  org.apache.tomcat.util.net.NioEndpoint$SocketProcessor.doRun()V+249
j  org.apache.tomcat.util.net.SocketProcessorBase.run()V+32
j  org.apache.tomcat.util.threads.ThreadPoolExecutor.runWorker(Lorg/apache/tomcat/util/threads/ThreadPoolExecutor$Worker;)V+92
j  org.apache.tomcat.util.threads.ThreadPoolExecutor$Worker.run()V+5
j  org.apache.tomcat.util.threads.TaskThread$WrappingRunnable.run()V+4
j  java.lang.Thread.run()V+11 java.base@17.0.5
v  ~StubRoutines::call_stub

---------------  P R O C E S S  ---------------

Threads class SMR info:
_java_thread_list=0x0000029c064acb40, length=41, elements={
0x0000029c04814670, 0x0000029c04816e20, 0x0000029c0482d400, 0x0000029c0482dcc0,
0x0000029c0482f590, 0x0000029c0482fe50, 0x0000029c0483d840, 0x0000029c0483ee80,
0x0000029c7f50b9b0, 0x0000029c04a1d3b0, 0x0000029c0505df20, 0x0000029c0505c5e0,
0x0000029c0507b020, 0x0000029c050df870, 0x0000029c05121830, 0x0000029c05121d00,
0x0000029c05140100, 0x0000029c04dcd980, 0x0000029c04dcc640, 0x0000029c04dcc170,
0x0000029c04dccb10, 0x0000029c04dccfe0, 0x0000029c095ecca0, 0x0000029c095ef7f0,
0x0000029c095eee50, 0x0000029c095efcc0, 0x0000029c095ee980, 0x0000029c095ed170,
0x0000029c095ef320, 0x0000029c095ed640, 0x0000029c095ec300, 0x0000029c095ec7d0,
0x0000029c095edb10, 0x0000029c095edfe0, 0x0000029c095ee4b0, 0x0000029c09632a50,
0x0000029c0962cee0, 0x0000029c0962e6f0, 0x0000029c0962d880, 0x0000029c0962dd50,
0x0000029c0962ebc0
}

Java Threads: ( => current thread )
  0x0000029c04814670 JavaThread "Reference Handler" daemon [_thread_blocked, id=6876, stack(0x000000ea82400000,0x000000ea82500000)]
  0x0000029c04816e20 JavaThread "Finalizer" daemon [_thread_blocked, id=7892, stack(0x000000ea82500000,0x000000ea82600000)]
  0x0000029c0482d400 JavaThread "Signal Dispatcher" daemon [_thread_blocked, id=7176, stack(0x000000ea82600000,0x000000ea82700000)]
  0x0000029c0482dcc0 JavaThread "Attach Listener" daemon [_thread_blocked, id=7296, stack(0x000000ea82700000,0x000000ea82800000)]
  0x0000029c0482f590 JavaThread "Service Thread" daemon [_thread_blocked, id=14584, stack(0x000000ea82800000,0x000000ea82900000)]
  0x0000029c0482fe50 JavaThread "Monitor Deflation Thread" daemon [_thread_blocked, id=12388, stack(0x000000ea82900000,0x000000ea82a00000)]
  0x0000029c0483d840 JavaThread "C1 CompilerThread0" daemon [_thread_blocked, id=13480, stack(0x000000ea82a00000,0x000000ea82b00000)]
  0x0000029c0483ee80 JavaThread "Sweeper thread" daemon [_thread_blocked, id=16816, stack(0x000000ea82b00000,0x000000ea82c00000)]
  0x0000029c7f50b9b0 JavaThread "Common-Cleaner" daemon [_thread_blocked, id=18404, stack(0x000000ea82c00000,0x000000ea82d00000)]
  0x0000029c04a1d3b0 JavaThread "Notification Thread" daemon [_thread_blocked, id=636, stack(0x000000ea82f00000,0x000000ea83000000)]
  0x0000029c0505df20 JavaThread "RMI TCP Accept-0" daemon [_thread_in_native, id=14392, stack(0x000000ea83000000,0x000000ea83100000)]
  0x0000029c0505c5e0 JavaThread "RMI TCP Accept-56229" daemon [_thread_in_native, id=10324, stack(0x000000ea83100000,0x000000ea83200000)]
  0x0000029c0507b020 JavaThread "RMI TCP Accept-0" daemon [_thread_in_native, id=17020, stack(0x000000ea83200000,0x000000ea83300000)]
  0x0000029c050df870 JavaThread "RMI TCP Connection(1)-127.0.0.1" daemon [_thread_in_native, id=14388, stack(0x000000ea83400000,0x000000ea83500000)]
  0x0000029c05121830 JavaThread "RMI Scheduler(0)" daemon [_thread_blocked, id=12488, stack(0x000000ea83500000,0x000000ea83600000)]
  0x0000029c05121d00 JavaThread "RMI TCP Connection(2)-127.0.0.1" daemon [_thread_in_native, id=14444, stack(0x000000ea83600000,0x000000ea83700000)]
  0x0000029c05140100 JavaThread "JMX server connection timeout 22" daemon [_thread_blocked, id=9688, stack(0x000000ea83700000,0x000000ea83800000)]
  0x0000029c04dcd980 JavaThread "Catalina-utility-1" [_thread_blocked, id=14780, stack(0x000000ea84100000,0x000000ea84200000)]
  0x0000029c04dcc640 JavaThread "Catalina-utility-2" [_thread_blocked, id=3652, stack(0x000000ea84400000,0x000000ea84500000)]
  0x0000029c04dcc170 JavaThread "container-0" [_thread_blocked, id=16704, stack(0x000000ea84500000,0x000000ea84600000)]
  0x0000029c04dccb10 JavaThread "mysql-cj-abandoned-connection-cleanup" daemon [_thread_blocked, id=15488, stack(0x000000ea84600000,0x000000ea84700000)]
  0x0000029c04dccfe0 JavaThread "HikariPool-1 housekeeper" daemon [_thread_blocked, id=7028, stack(0x000000ea84800000,0x000000ea84900000)]
=>0x0000029c095ecca0 JavaThread "http-nio-8000-exec-1" daemon [_thread_in_vm, id=13740, stack(0x000000ea84a00000,0x000000ea84b00000)]
  0x0000029c095ef7f0 JavaThread "http-nio-8000-exec-2" daemon [_thread_blocked, id=1248, stack(0x000000ea84b00000,0x000000ea84c00000)]
  0x0000029c095eee50 JavaThread "http-nio-8000-exec-3" daemon [_thread_blocked, id=13676, stack(0x000000ea84c00000,0x000000ea84d00000)]
  0x0000029c095efcc0 JavaThread "http-nio-8000-exec-4" daemon [_thread_blocked, id=15684, stack(0x000000ea84d00000,0x000000ea84e00000)]
  0x0000029c095ee980 JavaThread "http-nio-8000-exec-5" daemon [_thread_blocked, id=18144, stack(0x000000ea84e00000,0x000000ea84f00000)]
  0x0000029c095ed170 JavaThread "http-nio-8000-exec-6" daemon [_thread_blocked, id=11416, stack(0x000000ea84f00000,0x000000ea85000000)]
  0x0000029c095ef320 JavaThread "http-nio-8000-exec-7" daemon [_thread_blocked, id=4892, stack(0x000000ea85000000,0x000000ea85100000)]
  0x0000029c095ed640 JavaThread "http-nio-8000-exec-8" daemon [_thread_blocked, id=16912, stack(0x000000ea85100000,0x000000ea85200000)]
  0x0000029c095ec300 JavaThread "http-nio-8000-exec-9" daemon [_thread_blocked, id=17872, stack(0x000000ea85200000,0x000000ea85300000)]
  0x0000029c095ec7d0 JavaThread "http-nio-8000-exec-10" daemon [_thread_blocked, id=16988, stack(0x000000ea85300000,0x000000ea85400000)]
  0x0000029c095edb10 JavaThread "http-nio-8000-Poller" daemon [_thread_in_native, id=11576, stack(0x000000ea85400000,0x000000ea85500000)]
  0x0000029c095edfe0 JavaThread "http-nio-8000-Acceptor" daemon [_thread_in_native, id=13960, stack(0x000000ea85500000,0x000000ea85600000)]
  0x0000029c095ee4b0 JavaThread "DestroyJavaVM" [_thread_blocked, id=16204, stack(0x000000ea81d00000,0x000000ea81e00000)]
  0x0000029c09632a50 JavaThread "RMI TCP Connection(3)-127.0.0.1" daemon [_thread_in_native, id=12652, stack(0x000000ea85700000,0x000000ea85800000)]
  0x0000029c0962cee0 JavaThread "RMI TCP Connection(4)-127.0.0.1" daemon [_thread_in_native, id=14732, stack(0x000000ea85800000,0x000000ea85900000)]
  0x0000029c0962e6f0 JavaThread "RMI TCP Connection(5)-127.0.0.1" daemon [_thread_in_native, id=7660, stack(0x000000ea85900000,0x000000ea85a00000)]
  0x0000029c0962d880 JavaThread "RMI TCP Connection(6)-127.0.0.1" daemon [_thread_in_native, id=4816, stack(0x000000ea85a00000,0x000000ea85b00000)]
  0x0000029c0962dd50 JavaThread "RMI TCP Connection(7)-127.0.0.1" daemon [_thread_in_native, id=3772, stack(0x000000ea85c00000,0x000000ea85d00000)]
  0x0000029c0962ebc0 JavaThread "RMI TCP Connection(8)-127.0.0.1" daemon [_thread_in_native, id=11904, stack(0x000000ea85e00000,0x000000ea85f00000)]

Other Threads:
  0x0000029c7f5821a0 VMThread "VM Thread" [stack: 0x000000ea82300000,0x000000ea82400000] [id=16560]
  0x0000029c757401a0 WatcherThread [stack: 0x000000ea83300000,0x000000ea83400000] [id=5788]
  0x0000029c75713b40 GCTaskThread "GC Thread#0" [stack: 0x000000ea81e00000,0x000000ea81f00000] [id=9048]
  0x0000029c0545ad00 GCTaskThread "GC Thread#1" [stack: 0x000000ea83800000,0x000000ea83900000] [id=4468]
  0x0000029c0542c660 GCTaskThread "GC Thread#2" [stack: 0x000000ea83900000,0x000000ea83a00000] [id=4596]
  0x0000029c0547e390 GCTaskThread "GC Thread#3" [stack: 0x000000ea83a00000,0x000000ea83b00000] [id=2072]
  0x0000029c0547e640 GCTaskThread "GC Thread#4" [stack: 0x000000ea83b00000,0x000000ea83c00000] [id=5436]
  0x0000029c0547e8f0 GCTaskThread "GC Thread#5" [stack: 0x000000ea83c00000,0x000000ea83d00000] [id=5984]
  0x0000029c05480bb0 GCTaskThread "GC Thread#6" [stack: 0x000000ea83d00000,0x000000ea83e00000] [id=18080]
  0x0000029c05480e60 GCTaskThread "GC Thread#7" [stack: 0x000000ea83e00000,0x000000ea83f00000] [id=4560]
  0x0000029c75724990 ConcurrentGCThread "G1 Main Marker" [stack: 0x000000ea81f00000,0x000000ea82000000] [id=3200]
  0x0000029c75725a50 ConcurrentGCThread "G1 Conc#0" [stack: 0x000000ea82000000,0x000000ea82100000] [id=628]
  0x0000029c06413870 ConcurrentGCThread "G1 Conc#1" [stack: 0x000000ea84200000,0x000000ea84300000] [id=17096]
  0x0000029c7577e040 ConcurrentGCThread "G1 Refine#0" [stack: 0x000000ea82100000,0x000000ea82200000] [id=17616]
  0x0000029c0542c910 ConcurrentGCThread "G1 Refine#1" [stack: 0x000000ea83f00000,0x000000ea84000000] [id=15268]
  0x0000029c0546d130 ConcurrentGCThread "G1 Refine#2" [stack: 0x000000ea84000000,0x000000ea84100000] [id=14720]
  0x0000029c7577e970 ConcurrentGCThread "G1 Service" [stack: 0x000000ea82200000,0x000000ea82300000] [id=8504]

Threads with active compile tasks:

VM state: not at safepoint (normal execution)

VM Mutex/Monitor currently owned by a thread:  ([mutex/lock_event])
[0x0000029c756b2380] Metaspace_lock - owner thread: 0x0000029c095ecca0

Heap address: 0x0000000080000000, size: 2048 MB, Compressed Oops mode: 32-bit

CDS archive(s) not mapped
Compressed class space mapped at: 0x0000000100000000-0x0000000140000000, reserved size: 1073741824
Narrow klass base: 0x0000000000000000, Narrow klass shift: 3, Narrow klass range: 0x140000000

GC Precious Log:
 CPUs: 8 total, 8 available
 Memory: 8056M
 Large Page Support: Disabled
 NUMA Support: Disabled
 Compressed Oops: Enabled (32-bit)
 Heap Region Size: 1M
 Heap Min Capacity: 8M
 Heap Initial Capacity: 126M
 Heap Max Capacity: 2G
 Pre-touch: Disabled
 Parallel Workers: 8
 Concurrent Workers: 2
 Concurrent Refinement Workers: 8
 Periodic GC: Disabled

Heap:
 garbage-first heap   total 44032K, used 32487K [0x0000000080000000, 0x0000000100000000)
  region size 1024K, 12 young (12288K), 2 survivors (2048K)
 Metaspace       used 59954K, committed 60416K, reserved 1105920K
  class space    used 8098K, committed 8320K, reserved 1048576K

Heap Regions: E=young(eden), S=young(survivor), O=old, HS=humongous(starts), HC=humongous(continues), CS=collection set, F=free, OA=open archive, CA=closed archive, TAMS=top-at-mark-start (previous, next)
|   0|0x0000000080000000, 0x0000000080100000, 0x0000000080100000|100%|HS|  |TAMS 0x0000000080100000, 0x0000000080000000| Complete 
|   1|0x0000000080100000, 0x0000000080200000, 0x0000000080200000|100%| O|  |TAMS 0x0000000080200000, 0x0000000080100000| Untracked 
|   2|0x0000000080200000, 0x0000000080300000, 0x0000000080300000|100%| O|  |TAMS 0x0000000080300000, 0x0000000080200000| Untracked 
|   3|0x0000000080300000, 0x0000000080400000, 0x0000000080400000|100%| O|  |TAMS 0x0000000080400000, 0x0000000080300000| Untracked 
|   4|0x0000000080400000, 0x0000000080500000, 0x0000000080500000|100%| O|  |TAMS 0x0000000080500000, 0x0000000080400000| Untracked 
|   5|0x0000000080500000, 0x0000000080600000, 0x0000000080600000|100%| O|  |TAMS 0x0000000080600000, 0x0000000080500000| Untracked 
|   6|0x0000000080600000, 0x0000000080700000, 0x0000000080700000|100%| O|  |TAMS 0x0000000080700000, 0x0000000080600000| Untracked 
|   7|0x0000000080700000, 0x0000000080800000, 0x0000000080800000|100%| O|  |TAMS 0x0000000080800000, 0x0000000080700000| Untracked 
|   8|0x0000000080800000, 0x0000000080900000, 0x0000000080900000|100%| O|  |TAMS 0x0000000080900000, 0x0000000080800000| Untracked 
|   9|0x0000000080900000, 0x0000000080a00000, 0x0000000080a00000|100%| O|  |TAMS 0x0000000080a00000, 0x0000000080900000| Untracked 
|  10|0x0000000080a00000, 0x0000000080b00000, 0x0000000080b00000|100%| O|  |TAMS 0x0000000080b00000, 0x0000000080a00000| Untracked 
|  11|0x0000000080b00000, 0x0000000080c00000, 0x0000000080c00000|100%| O|  |TAMS 0x0000000080c00000, 0x0000000080b00000| Untracked 
|  12|0x0000000080c00000, 0x0000000080d00000, 0x0000000080d00000|100%| O|  |TAMS 0x0000000080d00000, 0x0000000080c00000| Untracked 
|  13|0x0000000080d00000, 0x0000000080e00000, 0x0000000080e00000|100%| O|  |TAMS 0x0000000080e00000, 0x0000000080d00000| Untracked 
|  14|0x0000000080e00000, 0x0000000080f00000, 0x0000000080f00000|100%| O|  |TAMS 0x0000000080f00000, 0x0000000080e00000| Untracked 
|  15|0x0000000080f00000, 0x0000000081000000, 0x0000000081000000|100%| O|  |TAMS 0x0000000081000000, 0x0000000080f00000| Untracked 
|  16|0x0000000081000000, 0x0000000081100000, 0x0000000081100000|100%| O|  |TAMS 0x0000000081100000, 0x0000000081000000| Untracked 
|  17|0x0000000081100000, 0x0000000081200000, 0x0000000081200000|100%| O|  |TAMS 0x0000000081200000, 0x0000000081100000| Untracked 
|  18|0x0000000081200000, 0x0000000081300000, 0x0000000081300000|100%| O|  |TAMS 0x0000000081300000, 0x0000000081200000| Untracked 
|  19|0x0000000081300000, 0x0000000081400000, 0x0000000081400000|100%| O|  |TAMS 0x0000000081383600, 0x0000000081300000| Untracked 
|  20|0x0000000081400000, 0x0000000081500000, 0x0000000081500000|100%| O|  |TAMS 0x0000000081400000, 0x0000000081400000| Untracked 
|  21|0x0000000081500000, 0x0000000081600000, 0x0000000081600000|100%| O|  |TAMS 0x0000000081500000, 0x0000000081500000| Untracked 
|  22|0x0000000081600000, 0x0000000081643400, 0x0000000081700000| 26%| O|  |TAMS 0x0000000081600000, 0x0000000081600000| Untracked 
|  23|0x0000000081700000, 0x0000000081700000, 0x0000000081800000|  0%| F|  |TAMS 0x0000000081700000, 0x0000000081700000| Untracked 
|  24|0x0000000081800000, 0x0000000081800000, 0x0000000081900000|  0%| F|  |TAMS 0x0000000081800000, 0x0000000081800000| Untracked 
|  25|0x0000000081900000, 0x0000000081900000, 0x0000000081a00000|  0%| F|  |TAMS 0x0000000081900000, 0x0000000081900000| Untracked 
|  26|0x0000000081a00000, 0x0000000081a00000, 0x0000000081b00000|  0%| F|  |TAMS 0x0000000081a00000, 0x0000000081a00000| Untracked 
|  27|0x0000000081b00000, 0x0000000081b00000, 0x0000000081c00000|  0%| F|  |TAMS 0x0000000081b00000, 0x0000000081b00000| Untracked 
|  28|0x0000000081c00000, 0x0000000081c00000, 0x0000000081d00000|  0%| F|  |TAMS 0x0000000081c00000, 0x0000000081c00000| Untracked 
|  29|0x0000000081d00000, 0x0000000081d76b90, 0x0000000081e00000| 46%| S|CS|TAMS 0x0000000081d00000, 0x0000000081d00000| Complete 
|  30|0x0000000081e00000, 0x0000000081f00000, 0x0000000081f00000|100%| S|CS|TAMS 0x0000000081e00000, 0x0000000081e00000| Complete 
|  31|0x0000000081f00000, 0x0000000081f00000, 0x0000000082000000|  0%| F|  |TAMS 0x0000000081f00000, 0x0000000081f00000| Untracked 
|  32|0x0000000082000000, 0x0000000082000000, 0x0000000082100000|  0%| F|  |TAMS 0x0000000082000000, 0x0000000082000000| Untracked 
|  33|0x0000000082100000, 0x0000000082136ca0, 0x0000000082200000| 21%| E|  |TAMS 0x0000000082100000, 0x0000000082100000| Complete 
|  34|0x0000000082200000, 0x0000000082300000, 0x0000000082300000|100%| E|CS|TAMS 0x0000000082200000, 0x0000000082200000| Complete 
|  35|0x0000000082300000, 0x0000000082400000, 0x0000000082400000|100%| E|  |TAMS 0x0000000082300000, 0x0000000082300000| Complete 
|  36|0x0000000082400000, 0x0000000082500000, 0x0000000082500000|100%| E|CS|TAMS 0x0000000082400000, 0x0000000082400000| Complete 
|  37|0x0000000082500000, 0x0000000082600000, 0x0000000082600000|100%| E|CS|TAMS 0x0000000082500000, 0x0000000082500000| Complete 
|  38|0x0000000082600000, 0x0000000082700000, 0x0000000082700000|100%| E|CS|TAMS 0x0000000082600000, 0x0000000082600000| Complete 
|  39|0x0000000082700000, 0x0000000082800000, 0x0000000082800000|100%| E|CS|TAMS 0x0000000082700000, 0x0000000082700000| Complete 
|  99|0x0000000086300000, 0x0000000086400000, 0x0000000086400000|100%| E|CS|TAMS 0x0000000086300000, 0x0000000086300000| Complete 
| 103|0x0000000086700000, 0x0000000086800000, 0x0000000086800000|100%| E|CS|TAMS 0x0000000086700000, 0x0000000086700000| Complete 
| 125|0x0000000087d00000, 0x0000000087e00000, 0x0000000087e00000|100%| E|CS|TAMS 0x0000000087d00000, 0x0000000087d00000| Complete 

Card table byte_map: [0x0000029c7c290000,0x0000029c7c690000] _byte_map_base: 0x0000029c7be90000

Marking Bits (Prev, Next): (CMBitMap*) 0x0000029c757140a0, (CMBitMap*) 0x0000029c75714060
 Prev Bits: [0x0000029c00000000, 0x0000029c02000000)
 Next Bits: [0x0000029c7ca90000, 0x0000029c7ea90000)

Polling page: 0x0000029c735f0000

Metaspace:

Usage:
  Non-class:     50.64 MB used.
      Class:      7.91 MB used.
       Both:     58.55 MB used.

Virtual space:
  Non-class space:       56.00 MB reserved,      50.88 MB ( 91%) committed,  7 nodes.
      Class space:        1.00 GB reserved,       8.12 MB ( <1%) committed,  1 nodes.
             Both:        1.05 GB reserved,      59.00 MB (  5%) committed. 

Chunk freelists:
   Non-Class:  240.00 KB
       Class:  3.88 MB
        Both:  4.11 MB

MaxMetaspaceSize: unlimited
CompressedClassSpaceSize: 1.00 GB
Initial GC threshold: 21.00 MB
Current GC threshold: 93.69 MB
CDS: off
MetaspaceReclaimPolicy: balanced
 - commit_granule_bytes: 65536.
 - commit_granule_words: 8192.
 - virtual_space_node_default_size: 1048576.
 - enlarge_chunks_in_place: 1.
 - new_chunks_are_fully_committed: 0.
 - uncommit_free_chunks: 1.
 - use_allocation_guard: 0.
 - handle_deallocations: 1.


Internal statistics:

num_allocs_failed_limit: 6.
num_arena_births: 716.
num_arena_deaths: 0.
num_vsnodes_births: 8.
num_vsnodes_deaths: 0.
num_space_committed: 944.
num_space_uncommitted: 0.
num_chunks_returned_to_freelist: 6.
num_chunks_taken_from_freelist: 2595.
num_chunk_merges: 6.
num_chunk_splits: 1845.
num_chunks_enlarged: 1406.
num_purges: 0.
num_inconsistent_stats: 0.

CodeCache: size=49152Kb used=8094Kb max_used=9725Kb free=41057Kb
 bounds [0x0000029c78d70000, 0x0000029c796f0000, 0x0000029c7bd70000]
 total_blobs=5114 nmethods=4503 adapters=538
 compilation: enabled
              stopped_count=0, restarted_count=0
 full_count=0

Compilation events (20 events):
Event: 23.063 Thread 0x0000029c0483d840 4494       1       java.lang.invoke.DelegatingMethodHandle::makeReinvokerForm (344 bytes)
Event: 23.064 Thread 0x0000029c0483d840 nmethod 4494 0x0000029c78fa9e90 code [0x0000029c78faa180, 0x0000029c78fab3c8]
Event: 23.064 Thread 0x0000029c0483d840 4495       1       java.lang.invoke.DelegatingMethodHandle::whichKind (44 bytes)
Event: 23.064 Thread 0x0000029c0483d840 nmethod 4495 0x0000029c78fa9b90 code [0x0000029c78fa9d20, 0x0000029c78fa9e38]
Event: 23.064 Thread 0x0000029c0483d840 4496       1       java.lang.invoke.MethodHandles::filterArgumentChecks (44 bytes)
Event: 23.065 Thread 0x0000029c0483d840 nmethod 4496 0x0000029c78fa9610 code [0x0000029c78fa97c0, 0x0000029c78fa9978]
Event: 23.065 Thread 0x0000029c0483d840 4500       1       java.lang.invoke.StringConcatFactory::generateMHInlineCopy (622 bytes)
Event: 23.067 Thread 0x0000029c0483d840 nmethod 4500 0x0000029c78fa6590 code [0x0000029c78fa6a20, 0x0000029c78fa8588]
Event: 23.067 Thread 0x0000029c0483d840 4497       1       java.lang.invoke.MethodHandle::viewAsType (33 bytes)
Event: 23.067 Thread 0x0000029c0483d840 nmethod 4497 0x0000029c78fa6290 code [0x0000029c78fa6420, 0x0000029c78fa6508]
Event: 23.067 Thread 0x0000029c0483d840 4498       1       java.lang.invoke.DelegatingMethodHandle$Holder::delegate (25 bytes)
Event: 23.067 Thread 0x0000029c0483d840 nmethod 4498 0x0000029c78fa5e90 code [0x0000029c78fa6040, 0x0000029c78fa61a8]
Event: 23.067 Thread 0x0000029c0483d840 4499   !   1       java.lang.invoke.StringConcatFactory::makeConcatWithConstants (251 bytes)
Event: 23.069 Thread 0x0000029c0483d840 nmethod 4499 0x0000029c78fa3f90 code [0x0000029c78fa4340, 0x0000029c78fa53c8]
Event: 23.069 Thread 0x0000029c0483d840 4501       1       java.lang.invoke.MethodHandles::filterArgumentsWithCombiner (9 bytes)
Event: 23.069 Thread 0x0000029c0483d840 nmethod 4501 0x0000029c78fa3c90 code [0x0000029c78fa3e20, 0x0000029c78fa3f08]
Event: 23.069 Thread 0x0000029c0483d840 4502       1       java.lang.invoke.LambdaFormEditor::filterArgumentsForm (74 bytes)
Event: 23.069 Thread 0x0000029c0483d840 nmethod 4502 0x0000029c78fa3810 code [0x0000029c78fa39e0, 0x0000029c78fa3b98]
Event: 23.071 Thread 0x0000029c0483d840 4503       1       org.apache.tomcat.util.http.MimeHeaderField::getName (5 bytes)
Event: 23.071 Thread 0x0000029c0483d840 nmethod 4503 0x0000029c78fa3510 code [0x0000029c78fa36a0, 0x0000029c78fa3778]

GC Heap History (20 events):
Event: 7.811 GC heap before
{Heap before GC invocations=8 (full 0):
 garbage-first heap   total 34816K, used 25829K [0x0000000080000000, 0x0000000100000000)
  region size 1024K, 14 young (14336K), 2 survivors (2048K)
 Metaspace       used 33629K, committed 34048K, reserved 1081344K
  class space    used 4212K, committed 4416K, reserved 1048576K
}
Event: 7.816 GC heap after
{Heap after GC invocations=9 (full 0):
 garbage-first heap   total 34816K, used 15159K [0x0000000080000000, 0x0000000100000000)
  region size 1024K, 2 young (2048K), 2 survivors (2048K)
 Metaspace       used 33629K, committed 34048K, reserved 1081344K
  class space    used 4212K, committed 4416K, reserved 1048576K
}
Event: 8.332 GC heap before
{Heap before GC invocations=9 (full 0):
 garbage-first heap   total 34816K, used 24375K [0x0000000080000000, 0x0000000100000000)
  region size 1024K, 12 young (12288K), 2 survivors (2048K)
 Metaspace       used 35610K, committed 36096K, reserved 1081344K
  class space    used 4467K, committed 4672K, reserved 1048576K
}
Event: 8.335 GC heap after
{Heap after GC invocations=10 (full 0):
 garbage-first heap   total 44032K, used 16396K [0x0000000080000000, 0x0000000100000000)
  region size 1024K, 2 young (2048K), 2 survivors (2048K)
 Metaspace       used 35610K, committed 36096K, reserved 1081344K
  class space    used 4467K, committed 4672K, reserved 1048576K
}
Event: 8.409 GC heap before
{Heap before GC invocations=10 (full 0):
 garbage-first heap   total 44032K, used 16396K [0x0000000080000000, 0x0000000100000000)
  region size 1024K, 3 young (3072K), 2 survivors (2048K)
 Metaspace       used 35694K, committed 36096K, reserved 1081344K
  class space    used 4484K, committed 4672K, reserved 1048576K
}
Event: 8.411 GC heap after
{Heap after GC invocations=11 (full 0):
 garbage-first heap   total 44032K, used 16388K [0x0000000080000000, 0x0000000100000000)
  region size 1024K, 2 young (2048K), 2 survivors (2048K)
 Metaspace       used 35694K, committed 36096K, reserved 1081344K
  class space    used 4484K, committed 4672K, reserved 1048576K
}
Event: 9.164 GC heap before
{Heap before GC invocations=12 (full 0):
 garbage-first heap   total 44032K, used 31748K [0x0000000080000000, 0x0000000100000000)
  region size 1024K, 18 young (18432K), 2 survivors (2048K)
 Metaspace       used 39078K, committed 39552K, reserved 1089536K
  class space    used 5008K, committed 5248K, reserved 1048576K
}
Event: 9.167 GC heap after
{Heap after GC invocations=13 (full 0):
 garbage-first heap   total 44032K, used 17185K [0x0000000080000000, 0x0000000100000000)
  region size 1024K, 3 young (3072K), 3 survivors (3072K)
 Metaspace       used 39078K, committed 39552K, reserved 1089536K
  class space    used 5008K, committed 5248K, reserved 1048576K
}
Event: 9.818 GC heap before
{Heap before GC invocations=13 (full 0):
 garbage-first heap   total 44032K, used 32545K [0x0000000080000000, 0x0000000100000000)
  region size 1024K, 19 young (19456K), 3 survivors (3072K)
 Metaspace       used 43662K, committed 44096K, reserved 1089536K
  class space    used 5605K, committed 5824K, reserved 1048576K
}
Event: 9.821 GC heap after
{Heap after GC invocations=14 (full 0):
 garbage-first heap   total 44032K, used 18743K [0x0000000080000000, 0x0000000100000000)
  region size 1024K, 3 young (3072K), 3 survivors (3072K)
 Metaspace       used 43662K, committed 44096K, reserved 1089536K
  class space    used 5605K, committed 5824K, reserved 1048576K
}
Event: 10.183 GC heap before
{Heap before GC invocations=14 (full 0):
 garbage-first heap   total 44032K, used 34103K [0x0000000080000000, 0x0000000100000000)
  region size 1024K, 18 young (18432K), 3 survivors (3072K)
 Metaspace       used 47827K, committed 48320K, reserved 1097728K
  class space    used 6168K, committed 6400K, reserved 1048576K
}
Event: 10.186 GC heap after
{Heap after GC invocations=15 (full 0):
 garbage-first heap   total 44032K, used 20046K [0x0000000080000000, 0x0000000100000000)
  region size 1024K, 3 young (3072K), 3 survivors (3072K)
 Metaspace       used 47827K, committed 48320K, reserved 1097728K
  class space    used 6168K, committed 6400K, reserved 1048576K
}
Event: 10.679 GC heap before
{Heap before GC invocations=15 (full 0):
 garbage-first heap   total 44032K, used 33358K [0x0000000080000000, 0x0000000100000000)
  region size 1024K, 17 young (17408K), 3 survivors (3072K)
 Metaspace       used 52399K, committed 52864K, reserved 1097728K
  class space    used 6919K, committed 7168K, reserved 1048576K
}
Event: 10.682 GC heap after
{Heap after GC invocations=16 (full 0):
 garbage-first heap   total 44032K, used 20935K [0x0000000080000000, 0x0000000100000000)
  region size 1024K, 3 young (3072K), 3 survivors (3072K)
 Metaspace       used 52399K, committed 52864K, reserved 1097728K
  class space    used 6919K, committed 7168K, reserved 1048576K
}
Event: 10.942 GC heap before
{Heap before GC invocations=16 (full 0):
 garbage-first heap   total 44032K, used 34247K [0x0000000080000000, 0x0000000100000000)
  region size 1024K, 16 young (16384K), 3 survivors (3072K)
 Metaspace       used 55470K, committed 56000K, reserved 1097728K
  class space    used 7454K, committed 7680K, reserved 1048576K
}
Event: 10.945 GC heap after
{Heap after GC invocations=17 (full 0):
 garbage-first heap   total 44032K, used 21415K [0x0000000080000000, 0x0000000100000000)
  region size 1024K, 2 young (2048K), 2 survivors (2048K)
 Metaspace       used 55470K, committed 56000K, reserved 1097728K
  class space    used 7454K, committed 7680K, reserved 1048576K
}
Event: 11.346 GC heap before
{Heap before GC invocations=17 (full 0):
 garbage-first heap   total 44032K, used 34727K [0x0000000080000000, 0x0000000100000000)
  region size 1024K, 15 young (15360K), 2 survivors (2048K)
 Metaspace       used 56969K, committed 57408K, reserved 1105920K
  class space    used 7680K, committed 7872K, reserved 1048576K
}
Event: 11.349 GC heap after
{Heap after GC invocations=18 (full 0):
 garbage-first heap   total 44032K, used 22863K [0x0000000080000000, 0x0000000100000000)
  region size 1024K, 2 young (2048K), 2 survivors (2048K)
 Metaspace       used 56969K, committed 57408K, reserved 1105920K
  class space    used 7680K, committed 7872K, reserved 1048576K
}
Event: 11.696 GC heap before
{Heap before GC invocations=19 (full 0):
 garbage-first heap   total 44032K, used 34127K [0x0000000080000000, 0x0000000100000000)
  region size 1024K, 14 young (14336K), 2 survivors (2048K)
 Metaspace       used 58287K, committed 58816K, reserved 1105920K
  class space    used 7893K, committed 8128K, reserved 1048576K
}
Event: 11.700 GC heap after
{Heap after GC invocations=20 (full 0):
 garbage-first heap   total 44032K, used 24295K [0x0000000080000000, 0x0000000100000000)
  region size 1024K, 2 young (2048K), 2 survivors (2048K)
 Metaspace       used 58287K, committed 58816K, reserved 1105920K
  class space    used 7893K, committed 8128K, reserved 1048576K
}

Dll operation events (9 events):
Event: 0.281 Loaded shared library F:\sts-4.17.0.RELEASE\plugins\org.eclipse.justj.openjdk.hotspot.jre.full.win32.x86_64_17.0.5.v20221102-0933\jre\bin\java.dll
Event: 0.900 Loaded shared library F:\sts-4.17.0.RELEASE\plugins\org.eclipse.justj.openjdk.hotspot.jre.full.win32.x86_64_17.0.5.v20221102-0933\jre\bin\jimage.dll
Event: 0.966 Loaded shared library F:\sts-4.17.0.RELEASE\plugins\org.eclipse.justj.openjdk.hotspot.jre.full.win32.x86_64_17.0.5.v20221102-0933\jre\bin\net.dll
Event: 1.008 Loaded shared library F:\sts-4.17.0.RELEASE\plugins\org.eclipse.justj.openjdk.hotspot.jre.full.win32.x86_64_17.0.5.v20221102-0933\jre\bin\nio.dll
Event: 1.013 Loaded shared library F:\sts-4.17.0.RELEASE\plugins\org.eclipse.justj.openjdk.hotspot.jre.full.win32.x86_64_17.0.5.v20221102-0933\jre\bin\zip.dll
Event: 1.110 Loaded shared library F:\sts-4.17.0.RELEASE\plugins\org.eclipse.justj.openjdk.hotspot.jre.full.win32.x86_64_17.0.5.v20221102-0933\jre\bin\management.dll
Event: 1.247 Loaded shared library F:\sts-4.17.0.RELEASE\plugins\org.eclipse.justj.openjdk.hotspot.jre.full.win32.x86_64_17.0.5.v20221102-0933\jre\bin\management_ext.dll
Event: 4.957 Loaded shared library F:\sts-4.17.0.RELEASE\plugins\org.eclipse.justj.openjdk.hotspot.jre.full.win32.x86_64_17.0.5.v20221102-0933\jre\bin\verify.dll
Event: 8.113 Loaded shared library F:\sts-4.17.0.RELEASE\plugins\org.eclipse.justj.openjdk.hotspot.jre.full.win32.x86_64_17.0.5.v20221102-0933\jre\bin\sunmscapi.dll

Deoptimization events (10 events):
Event: 5.043 Thread 0x0000029c756b8df0 DEOPT PACKING pc=0x0000029c79255499 sp=0x000000ea81dfd250
Event: 5.043 Thread 0x0000029c756b8df0 DEOPT UNPACKING pc=0x0000029c78dc2b43 sp=0x000000ea81dfc730 mode 3
Event: 8.268 Thread 0x0000029c756b8df0 DEOPT PACKING pc=0x0000029c7952d37d sp=0x000000ea81dfc580
Event: 8.268 Thread 0x0000029c756b8df0 DEOPT UNPACKING pc=0x0000029c78dc2b43 sp=0x000000ea81dfbae8 mode 3
Event: 10.795 Thread 0x0000029c756b8df0 DEOPT PACKING pc=0x0000029c7960ea74 sp=0x000000ea81dfc5f0
Event: 10.795 Thread 0x0000029c756b8df0 DEOPT UNPACKING pc=0x0000029c78dc2b43 sp=0x000000ea81dfba78 mode 0
Event: 11.133 Thread 0x0000029c756b8df0 DEOPT PACKING pc=0x0000029c7934e2c2 sp=0x000000ea81dfdcc0
Event: 11.133 Thread 0x0000029c756b8df0 DEOPT UNPACKING pc=0x0000029c78dc2b43 sp=0x000000ea81dfd1c8 mode 3
Event: 11.133 Thread 0x0000029c756b8df0 DEOPT PACKING pc=0x0000029c79326835 sp=0x000000ea81dfdc80
Event: 11.133 Thread 0x0000029c756b8df0 DEOPT UNPACKING pc=0x0000029c78dc2b43 sp=0x000000ea81dfd1c8 mode 3

Classes unloaded (0 events):
No events

Classes redefined (0 events):
No events

Internal exceptions (20 events):
Event: 10.082 Thread 0x0000029c756b8df0 Exception <a 'java/lang/NoSuchMethodError'{0x00000000820e1830}: 'java.lang.Object java.lang.invoke.Invokers$Holder.linkToTargetMethod(java.lang.Object, java.lang.Object, int, java.lang.Object)'> (0x00000000820e1830) 
thrown [s\src\hotspot\share\interpreter\linkResolver.cpp, line 759]
Event: 10.336 Thread 0x0000029c05121d00 Exception <a 'java/lang/reflect/InvocationTargetException'{0x000000008274c850}> (0x000000008274c850) 
thrown [s\src\hotspot\share\runtime\reflection.cpp, line 1121]
Event: 10.456 Thread 0x0000029c756b8df0 Exception <a 'java/lang/NoSuchMethodError'{0x0000000082490ff8}: 'java.lang.Object java.lang.invoke.DirectMethodHandle$Holder.invokeStatic(java.lang.Object, java.lang.Object, int, java.lang.Object)'> (0x0000000082490ff8) 
thrown [s\src\hotspot\share\interpreter\linkResolver.cpp, line 759]
Event: 10.456 Thread 0x0000029c756b8df0 Exception <a 'java/lang/NoSuchMethodError'{0x0000000082494a90}: 'java.lang.Object java.lang.invoke.DirectMethodHandle$Holder.invokeStaticInit(java.lang.Object, java.lang.Object, int, java.lang.Object)'> (0x0000000082494a90) 
thrown [s\src\hotspot\share\interpreter\linkResolver.cpp, line 759]
Event: 10.490 Thread 0x0000029c756b8df0 Exception <a 'java/lang/IncompatibleClassChangeError'{0x00000000823c1760}: Found class java.lang.Object, but interface was expected> (0x00000000823c1760) 
thrown [s\src\hotspot\share\interpreter\linkResolver.cpp, line 826]
Event: 10.885 Thread 0x0000029c756b8df0 Exception <a 'java/lang/NoSuchMethodError'{0x000000008219de40}: 'java.lang.Object java.lang.invoke.DirectMethodHandle$Holder.newInvokeSpecial(java.lang.Object, java.lang.Object, java.lang.Object, java.lang.Object, java.lang.Object, java.lang.Object, java.lang.Object, int)'> (0x000000008219de40) 
thrown [s\src\hotspot\share\interpreter\linkResolver.cpp, line 759]
Event: 10.885 Thread 0x0000029c756b8df0 Exception <a 'java/lang/NoSuchMethodError'{0x00000000821a2e38}: 'java.lang.Object java.lang.invoke.DirectMethodHandle$Holder.invokeSpecial(java.lang.Object, java.lang.Object, java.lang.Object, java.lang.Object, java.lang.Object, java.lang.Object, java.lang.Object, java.lang.Object, int)'> (0x00000000821a2e38) 
thrown [s\src\hotspot\share\interpreter\linkResolver.cpp, line 759]
Event: 10.909 Thread 0x0000029c756b8df0 Exception <a 'java/lang/NoSuchMethodError'{0x00000000820ee380}: 'void java.lang.invoke.DirectMethodHandle$Holder.invokeInterface(java.lang.Object, java.lang.Object)'> (0x00000000820ee380) 
thrown [s\src\hotspot\share\interpreter\linkResolver.cpp, line 759]
Event: 10.935 Thread 0x0000029c756b8df0 Exception <a 'java/lang/NoSuchMethodError'{0x0000000081e91830}: 'java.lang.Object java.lang.invoke.DirectMethodHandle$Holder.newInvokeSpecial(java.lang.Object, java.lang.Object, java.lang.Object, java.lang.Object, java.lang.Object, java.lang.Object, java.lang.Object)'> (0x0000000081e91830) 
thrown [s\src\hotspot\share\interpreter\linkResolver.cpp, line 759]
Event: 11.003 Thread 0x0000029c756b8df0 Exception <a 'java/lang/IncompatibleClassChangeError'{0x00000000863b1978}: Found class java.lang.Object, but interface was expected> (0x00000000863b1978) 
thrown [s\src\hotspot\share\interpreter\linkResolver.cpp, line 826]
Event: 11.349 Thread 0x0000029c756b8df0 Exception <a 'java/lang/NoSuchMethodError'{0x0000000087d015a8}: 'void java.lang.invoke.DirectMethodHandle$Holder.invokeVirtual(java.lang.Object, java.lang.Object, int)'> (0x0000000087d015a8) 
thrown [s\src\hotspot\share\interpreter\linkResolver.cpp, line 759]
Event: 11.351 Thread 0x0000029c756b8df0 Exception <a 'java/lang/NoSuchMethodError'{0x0000000087d1c180}: 'void java.lang.invoke.DirectMethodHandle$Holder.invokeVirtual(java.lang.Object, java.lang.Object, long)'> (0x0000000087d1c180) 
thrown [s\src\hotspot\share\interpreter\linkResolver.cpp, line 759]
Event: 11.540 Thread 0x0000029c756b8df0 Exception <a 'java/lang/IncompatibleClassChangeError'{0x0000000082423280}: Found class java.lang.Object, but interface was expected> (0x0000000082423280) 
thrown [s\src\hotspot\share\interpreter\linkResolver.cpp, line 826]
Event: 11.568 Thread 0x0000029c756b8df0 Exception <a 'java/lang/NoSuchMethodError'{0x0000000082297ad0}: 'int java.lang.invoke.DirectMethodHandle$Holder.invokeStaticInit(java.lang.Object, java.lang.Object, java.lang.Object, java.lang.Object)'> (0x0000000082297ad0) 
thrown [s\src\hotspot\share\interpreter\linkResolver.cpp, line 759]
Event: 11.746 Thread 0x0000029c756b8df0 Exception <a 'java/lang/NoSuchMethodError'{0x00000000863ee340}: 'java.lang.Object java.lang.invoke.DirectMethodHandle$Holder.newInvokeSpecial(java.lang.Object, java.lang.Object, int, java.lang.Object, java.lang.Object)'> (0x00000000863ee340) 
thrown [s\src\hotspot\share\interpreter\linkResolver.cpp, line 759]
Event: 11.746 Thread 0x0000029c756b8df0 Exception <a 'java/lang/NoSuchMethodError'{0x00000000863f99b8}: 'java.lang.Object java.lang.invoke.DirectMethodHandle$Holder.invokeSpecial(java.lang.Object, java.lang.Object, int, java.lang.Object, int, java.lang.Object)'> (0x00000000863f99b8) 
thrown [s\src\hotspot\share\interpreter\linkResolver.cpp, line 759]
Event: 11.747 Thread 0x0000029c756b8df0 Exception <a 'java/lang/NoSuchMethodError'{0x0000000082702028}: 'java.lang.Object java.lang.invoke.DirectMethodHandle$Holder.newInvokeSpecial(java.lang.Object, java.lang.Object, int, java.lang.Object, int)'> (0x0000000082702028) 
thrown [s\src\hotspot\share\interpreter\linkResolver.cpp, line 759]
Event: 11.747 Thread 0x0000029c756b8df0 Exception <a 'java/lang/NoSuchMethodError'{0x0000000082706128}: 'java.lang.Object java.lang.invoke.DirectMethodHandle$Holder.invokeSpecial(java.lang.Object, java.lang.Object, java.lang.Object, int, java.lang.Object, int)'> (0x0000000082706128) 
thrown [s\src\hotspot\share\interpreter\linkResolver.cpp, line 759]
Event: 21.922 Thread 0x0000029c095ecca0 Exception <a 'java/lang/NoSuchMethodError'{0x00000000823ad448}: 'java.lang.Object java.lang.invoke.DirectMethodHandle$Holder.invokeSpecial(java.lang.Object, java.lang.Object, java.lang.Object, java.lang.Object, java.lang.Object, long)'> (0x00000000823ad448) 
thrown [s\src\hotspot\share\interpreter\linkResolver.cpp, line 759]
Event: 21.922 Thread 0x0000029c095ecca0 Exception <a 'java/lang/NoSuchMethodError'{0x00000000823b0e88}: 'java.lang.Object java.lang.invoke.Invokers$Holder.linkToTargetMethod(java.lang.Object, java.lang.Object, java.lang.Object, long, java.lang.Object)'> (0x00000000823b0e88) 
thrown [s\src\hotspot\share\interpreter\linkResolver.cpp, line 759]

VM Operations (20 events):
Event: 11.139 Executing VM operation: HandshakeAllThreads
Event: 11.139 Executing VM operation: HandshakeAllThreads done
Event: 11.234 Executing VM operation: HandshakeAllThreads
Event: 11.234 Executing VM operation: HandshakeAllThreads done
Event: 11.345 Executing VM operation: G1CollectForAllocation
Event: 11.349 Executing VM operation: G1CollectForAllocation done
Event: 11.364 Executing VM operation: G1Concurrent
Event: 11.367 Executing VM operation: G1Concurrent done
Event: 11.378 Executing VM operation: G1Concurrent
Event: 11.378 Executing VM operation: G1Concurrent done
Event: 11.388 Executing VM operation: HandshakeAllThreads
Event: 11.388 Executing VM operation: HandshakeAllThreads done
Event: 11.527 Executing VM operation: HandshakeAllThreads
Event: 11.527 Executing VM operation: HandshakeAllThreads done
Event: 11.696 Executing VM operation: G1CollectForAllocation
Event: 11.700 Executing VM operation: G1CollectForAllocation done
Event: 12.706 Executing VM operation: Cleanup
Event: 12.706 Executing VM operation: Cleanup done
Event: 23.042 Executing VM operation: HandshakeAllThreads
Event: 23.042 Executing VM operation: HandshakeAllThreads done

Events (20 events):
Event: 21.715 loading class sun/nio/ch/SocketAdaptor done
Event: 21.716 loading class sun/nio/ch/SocketChannelImpl$DefaultOptionsHolder
Event: 21.716 loading class sun/nio/ch/SocketChannelImpl$DefaultOptionsHolder done
Event: 21.717 loading class sun/nio/ch/SelectionKeyImpl
Event: 21.718 loading class java/nio/channels/spi/AbstractSelectionKey
Event: 21.718 loading class java/nio/channels/SelectionKey
Event: 21.718 loading class java/nio/channels/SelectionKey done
Event: 21.718 loading class java/nio/channels/spi/AbstractSelectionKey done
Event: 21.718 loading class sun/nio/ch/SelectionKeyImpl done
Event: 21.718 loading class java/lang/invoke/ConstantBootstraps
Event: 21.719 loading class java/lang/invoke/ConstantBootstraps done
Event: 21.925 loading class sun/nio/cs/ThreadLocalCoders
Event: 22.970 loading class sun/nio/cs/ThreadLocalCoders done
Event: 22.970 loading class sun/nio/cs/ThreadLocalCoders$1
Event: 22.970 loading class sun/nio/cs/ThreadLocalCoders$Cache
Event: 22.970 loading class sun/nio/cs/ThreadLocalCoders$Cache done
Event: 22.970 loading class sun/nio/cs/ThreadLocalCoders$1 done
Event: 22.970 loading class sun/nio/cs/ThreadLocalCoders$2
Event: 22.970 loading class sun/nio/cs/ThreadLocalCoders$2 done
Event: 23.062 Thread 0x0000029c04906020 Thread exited: 0x0000029c04906020


Dynamic libraries:
0x00007ff7da6b0000 - 0x00007ff7da6be000 	F:\sts-4.17.0.RELEASE\plugins\org.eclipse.justj.openjdk.hotspot.jre.full.win32.x86_64_17.0.5.v20221102-0933\jre\bin\javaw.exe
0x00007ff8100d0000 - 0x00007ff8102c8000 	C:\WINDOWS\SYSTEM32\ntdll.dll
0x00007ff80f590000 - 0x00007ff80f64f000 	C:\WINDOWS\System32\KERNEL32.DLL
0x00007ff80db80000 - 0x00007ff80de52000 	C:\WINDOWS\System32\KERNELBASE.dll
0x00007ff80df70000 - 0x00007ff80e070000 	C:\WINDOWS\System32\ucrtbase.dll
0x00007ffff0780000 - 0x00007ffff0799000 	F:\sts-4.17.0.RELEASE\plugins\org.eclipse.justj.openjdk.hotspot.jre.full.win32.x86_64_17.0.5.v20221102-0933\jre\bin\VCRUNTIME140.dll
0x00007ffff7b00000 - 0x00007ffff7b17000 	F:\sts-4.17.0.RELEASE\plugins\org.eclipse.justj.openjdk.hotspot.jre.full.win32.x86_64_17.0.5.v20221102-0933\jre\bin\jli.dll
0x00007ff80f720000 - 0x00007ff80f8c1000 	C:\WINDOWS\System32\USER32.dll
0x00007ff80d9f0000 - 0x00007ff80da12000 	C:\WINDOWS\System32\win32u.dll
0x00007ff80f440000 - 0x00007ff80f46b000 	C:\WINDOWS\System32\GDI32.dll
0x00007ff800030000 - 0x00007ff8002ca000 	C:\WINDOWS\WinSxS\amd64_microsoft.windows.common-controls_6595b64144ccf1df_6.0.19041.1110_none_60b5254171f9507e\COMCTL32.dll
0x00007ff80de60000 - 0x00007ff80df6f000 	C:\WINDOWS\System32\gdi32full.dll
0x00007ff80f1a0000 - 0x00007ff80f23e000 	C:\WINDOWS\System32\msvcrt.dll
0x00007ff80d810000 - 0x00007ff80d8ad000 	C:\WINDOWS\System32\msvcp_win.dll
0x00007ff80f6e0000 - 0x00007ff80f712000 	C:\WINDOWS\System32\IMM32.DLL
0x00007ff808090000 - 0x00007ff80809c000 	F:\sts-4.17.0.RELEASE\plugins\org.eclipse.justj.openjdk.hotspot.jre.full.win32.x86_64_17.0.5.v20221102-0933\jre\bin\vcruntime140_1.dll
0x00007fffefa10000 - 0x00007fffefaa1000 	F:\sts-4.17.0.RELEASE\plugins\org.eclipse.justj.openjdk.hotspot.jre.full.win32.x86_64_17.0.5.v20221102-0933\jre\bin\msvcp140.dll
0x00007fffc28d0000 - 0x00007fffc3514000 	F:\sts-4.17.0.RELEASE\plugins\org.eclipse.justj.openjdk.hotspot.jre.full.win32.x86_64_17.0.5.v20221102-0933\jre\bin\server\jvm.dll
0x00007ff80e4d0000 - 0x00007ff80e57e000 	C:\WINDOWS\System32\ADVAPI32.dll
0x00007ff80f0e0000 - 0x00007ff80f17c000 	C:\WINDOWS\System32\sechost.dll
0x00007ff80e9f0000 - 0x00007ff80eb15000 	C:\WINDOWS\System32\RPCRT4.dll
0x00007ffffce70000 - 0x00007ffffce97000 	C:\WINDOWS\SYSTEM32\WINMM.dll
0x00007ffffa790000 - 0x00007ffffa799000 	C:\WINDOWS\SYSTEM32\WSOCK32.dll
0x00007ff804b60000 - 0x00007ff804b6a000 	C:\WINDOWS\SYSTEM32\VERSION.dll
0x00007ff810020000 - 0x00007ff81008b000 	C:\WINDOWS\System32\ws2_32.DLL
0x00007ff80c060000 - 0x00007ff80c072000 	C:\WINDOWS\SYSTEM32\kernel.appcore.dll
0x00007ff809230000 - 0x00007ff80923a000 	F:\sts-4.17.0.RELEASE\plugins\org.eclipse.justj.openjdk.hotspot.jre.full.win32.x86_64_17.0.5.v20221102-0933\jre\bin\jimage.dll
0x00007ff80b570000 - 0x00007ff80b754000 	C:\WINDOWS\SYSTEM32\DBGHELP.DLL
0x00007ffff9a10000 - 0x00007ffff9a45000 	C:\WINDOWS\SYSTEM32\dbgcore.DLL
0x00007ff80d8b0000 - 0x00007ff80d932000 	C:\WINDOWS\System32\bcryptPrimitives.dll
0x00007ffff1820000 - 0x00007ffff1845000 	F:\sts-4.17.0.RELEASE\plugins\org.eclipse.justj.openjdk.hotspot.jre.full.win32.x86_64_17.0.5.v20221102-0933\jre\bin\java.dll
0x00007ff806b90000 - 0x00007ff806ba8000 	F:\sts-4.17.0.RELEASE\plugins\org.eclipse.justj.openjdk.hotspot.jre.full.win32.x86_64_17.0.5.v20221102-0933\jre\bin\zip.dll
0x00007ff80f8d0000 - 0x00007ff810014000 	C:\WINDOWS\System32\SHELL32.dll
0x00007ff80b860000 - 0x00007ff80bff2000 	C:\WINDOWS\SYSTEM32\windows.storage.dll
0x00007ff80e110000 - 0x00007ff80e465000 	C:\WINDOWS\System32\combase.dll
0x00007ff80d140000 - 0x00007ff80d170000 	C:\WINDOWS\SYSTEM32\Wldp.dll
0x00007ff80edf0000 - 0x00007ff80ee9d000 	C:\WINDOWS\System32\SHCORE.dll
0x00007ff80eea0000 - 0x00007ff80eef5000 	C:\WINDOWS\System32\shlwapi.dll
0x00007ff80d700000 - 0x00007ff80d71f000 	C:\WINDOWS\SYSTEM32\profapi.dll
0x00007ffff36d0000 - 0x00007ffff36e9000 	F:\sts-4.17.0.RELEASE\plugins\org.eclipse.justj.openjdk.hotspot.jre.full.win32.x86_64_17.0.5.v20221102-0933\jre\bin\net.dll
0x00007ff8066b0000 - 0x00007ff8067bc000 	C:\WINDOWS\SYSTEM32\WINHTTP.dll
0x00007ff80cea0000 - 0x00007ff80cf0a000 	C:\WINDOWS\system32\mswsock.dll
0x00007ffff2dd0000 - 0x00007ffff2de5000 	F:\sts-4.17.0.RELEASE\plugins\org.eclipse.justj.openjdk.hotspot.jre.full.win32.x86_64_17.0.5.v20221102-0933\jre\bin\nio.dll
0x00007ff805330000 - 0x00007ff805339000 	F:\sts-4.17.0.RELEASE\plugins\org.eclipse.justj.openjdk.hotspot.jre.full.win32.x86_64_17.0.5.v20221102-0933\jre\bin\management.dll
0x00007ffff9c10000 - 0x00007ffff9c1b000 	F:\sts-4.17.0.RELEASE\plugins\org.eclipse.justj.openjdk.hotspot.jre.full.win32.x86_64_17.0.5.v20221102-0933\jre\bin\management_ext.dll
0x00007ff80eb20000 - 0x00007ff80eb28000 	C:\WINDOWS\System32\PSAPI.DLL
0x00007ffff41b0000 - 0x00007ffff41c7000 	C:\WINDOWS\system32\napinsp.dll
0x00007ffff4190000 - 0x00007ffff41ab000 	C:\WINDOWS\system32\pnrpnsp.dll
0x00007ffff3f80000 - 0x00007ffff3f95000 	C:\WINDOWS\system32\wshbth.dll
0x00007ff80a550000 - 0x00007ff80a56d000 	C:\WINDOWS\system32\NLAapi.dll
0x00007ff80cb90000 - 0x00007ff80cbcb000 	C:\WINDOWS\SYSTEM32\IPHLPAPI.DLL
0x00007ff80cbd0000 - 0x00007ff80cc9a000 	C:\WINDOWS\SYSTEM32\DNSAPI.dll
0x00007ff80f0d0000 - 0x00007ff80f0d8000 	C:\WINDOWS\System32\NSI.dll
0x00007ffff3f60000 - 0x00007ffff3f72000 	C:\WINDOWS\System32\winrnr.dll
0x00007ff800000000 - 0x00007ff80000a000 	C:\Windows\System32\rasadhlp.dll
0x00007fffff710000 - 0x00007fffff790000 	C:\WINDOWS\System32\fwpuclnt.dll
0x00007ff80e0e0000 - 0x00007ff80e107000 	C:\WINDOWS\System32\bcrypt.dll
0x00007ff80d0a0000 - 0x00007ff80d0b8000 	C:\WINDOWS\SYSTEM32\CRYPTSP.dll
0x00007ff80c7c0000 - 0x00007ff80c7f4000 	C:\WINDOWS\system32\rsaenh.dll
0x00007ff80d680000 - 0x00007ff80d6ae000 	C:\WINDOWS\SYSTEM32\USERENV.dll
0x00007ff80d090000 - 0x00007ff80d09c000 	C:\WINDOWS\SYSTEM32\CRYPTBASE.dll
0x00007ff806b10000 - 0x00007ff806b27000 	C:\WINDOWS\SYSTEM32\dhcpcsvc6.DLL
0x00007ff806f10000 - 0x00007ff806f2d000 	C:\WINDOWS\SYSTEM32\dhcpcsvc.DLL
0x00007ff809220000 - 0x00007ff809230000 	F:\sts-4.17.0.RELEASE\plugins\org.eclipse.justj.openjdk.hotspot.jre.full.win32.x86_64_17.0.5.v20221102-0933\jre\bin\verify.dll
0x00007ff809200000 - 0x00007ff80920e000 	F:\sts-4.17.0.RELEASE\plugins\org.eclipse.justj.openjdk.hotspot.jre.full.win32.x86_64_17.0.5.v20221102-0933\jre\bin\sunmscapi.dll
0x00007ff80da20000 - 0x00007ff80db76000 	C:\WINDOWS\System32\CRYPT32.dll
0x00007ff80d1b0000 - 0x00007ff80d1d7000 	C:\WINDOWS\SYSTEM32\ncrypt.dll
0x00007ff80d170000 - 0x00007ff80d1ab000 	C:\WINDOWS\SYSTEM32\NTASN1.dll
0x00007fffb8880000 - 0x00007fffb8887000 	C:\WINDOWS\system32\wshunix.dll

dbghelp: loaded successfully - version: 4.0.5 - missing functions: none
symbol engine: initialized successfully - sym options: 0x614 - pdb path: .;F:\sts-4.17.0.RELEASE\plugins\org.eclipse.justj.openjdk.hotspot.jre.full.win32.x86_64_17.0.5.v20221102-0933\jre\bin;C:\WINDOWS\SYSTEM32;C:\WINDOWS\WinSxS\amd64_microsoft.windows.common-controls_6595b64144ccf1df_6.0.19041.1110_none_60b5254171f9507e;F:\sts-4.17.0.RELEASE\plugins\org.eclipse.justj.openjdk.hotspot.jre.full.win32.x86_64_17.0.5.v20221102-0933\jre\bin\server

VM Arguments:
jvm_args: -Dcom.sun.management.jmxremote -Dcom.sun.management.jmxremote.port=56229 -Dcom.sun.management.jmxremote.authenticate=false -Dcom.sun.management.jmxremote.ssl=false -Djava.rmi.server.hostname=localhost -Dspring.jmx.enabled=true -Dmanagement.endpoints.jmx.exposure.include=* -Dspring.application.admin.enabled=true -XX:TieredStopAtLevel=1 -Dspring.boot.project.name=Backend -Dfile.encoding=UTF-8 -XX:+ShowCodeDetailsInExceptionMessages -Xmx2048M 
java_command: com.example.demo.BackendApplication --spring.output.ansi.enabled=always --server.port=8000
java_class_path (initial): F:\SpringBoot\Backend\target\classes;C:\Users\DELL\.m2\repository\org\springframework\boot\spring-boot-starter-data-jpa\3.0.1\spring-boot-starter-data-jpa-3.0.1.jar;C:\Users\DELL\.m2\repository\org\springframework\boot\spring-boot-starter-aop\3.0.1\spring-boot-starter-aop-3.0.1.jar;C:\Users\DELL\.m2\repository\org\springframework\spring-aop\6.0.3\spring-aop-6.0.3.jar;C:\Users\DELL\.m2\repository\org\aspectj\aspectjweaver\1.9.19\aspectjweaver-1.9.19.jar;C:\Users\DELL\.m2\repository\org\springframework\boot\spring-boot-starter-jdbc\3.0.1\spring-boot-starter-jdbc-3.0.1.jar;C:\Users\DELL\.m2\repository\com\zaxxer\HikariCP\5.0.1\HikariCP-5.0.1.jar;C:\Users\DELL\.m2\repository\org\springframework\spring-jdbc\6.0.3\spring-jdbc-6.0.3.jar;C:\Users\DELL\.m2\repository\org\hibernate\orm\hibernate-core\6.1.6.Final\hibernate-core-6.1.6.Final.jar;C:\Users\DELL\.m2\repository\jakarta\persistence\jakarta.persistence-api\3.1.0\jakarta.persistence-api-3.1.0.jar;C:\Users\DELL\.m2\repository\jakarta\transaction\jakarta.transaction-api\2.0.1\jakarta.transaction-api-2.0.1.jar;C:\Users\DELL\.m2\repository\org\jboss\logging\jboss-logging\3.5.0.Final\jboss-logging-3.5.0.Final.jar;C:\Users\DELL\.m2\repository\org\hibernate\common\hibernate-commons-annotations\6.0.2.Final\hibernate-commons-annotations-6.0.2.Final.jar;C:\Users\DELL\.m2\repository\org\jboss\jandex\2.4.2.Final\jandex-2.4.2.Final.jar;C:\Users\DELL\.m2\repository\com\fasterxml\classmate\1.5.1\classmate-1.5.1.jar;C:\Users\DELL\.m2\repository\net\bytebuddy\byte-buddy\1.12.20\byte-buddy-1.12.20.jar;C:\Users\DELL\.m2\repository\org\glassfish\jaxb\jaxb-runtime\4.0.1\jaxb-runtime-4.0.1.jar;C:\Users\DELL\.m2\repository\org\glassfish\jaxb\jaxb-core\4.0.1\jaxb-core-4.0.1.jar;C:\Users\DELL\.m2\repository\org\eclipse\angus\angus-activation\1.0.0\angus-activation-1.0.0.jar;C:\Users\DELL\.m2\repository\org\glassfish\jaxb\txw2\4.0.1\txw2-4.0.1.jar;C:\Users\DELL\.m2\repository\com\sun\istack\istack-commons-runtime\4.
Launcher Type: SUN_STANDARD

[Global flags]
     intx CICompilerCount                          = 4                                         {product} {ergonomic}
     uint ConcGCThreads                            = 2                                         {product} {ergonomic}
     uint G1ConcRefinementThreads                  = 8                                         {product} {ergonomic}
   size_t G1HeapRegionSize                         = 1048576                                   {product} {ergonomic}
    uintx GCDrainStackTargetSize                   = 64                                        {product} {ergonomic}
   size_t InitialHeapSize                          = 132120576                                 {product} {ergonomic}
     bool ManagementServer                         = true                                      {product} {command line}
   size_t MarkStackSize                            = 4194304                                   {product} {ergonomic}
   size_t MaxHeapSize                              = 2147483648                                {product} {command line}
   size_t MaxNewSize                               = 1287651328                                {product} {ergonomic}
   size_t MinHeapDeltaBytes                        = 1048576                                   {product} {ergonomic}
   size_t MinHeapSize                              = 8388608                                   {product} {ergonomic}
    uintx NonProfiledCodeHeapSize                  = 0                                      {pd product} {ergonomic}
     bool ProfileInterpreter                       = false                                  {pd product} {command line}
    uintx ProfiledCodeHeapSize                     = 0                                      {pd product} {ergonomic}
     bool ShowCodeDetailsInExceptionMessages       = true                                   {manageable} {command line}
   size_t SoftMaxHeapSize                          = 2147483648                             {manageable} {ergonomic}
     intx TieredStopAtLevel                        = 1                                         {product} {command line}
     bool UseCompressedClassPointers               = true                           {product lp64_product} {ergonomic}
     bool UseCompressedOops                        = true                           {product lp64_product} {ergonomic}
     bool UseG1GC                                  = true                                      {product} {ergonomic}
     bool UseLargePagesIndividualAllocation        = false                                  {pd product} {ergonomic}

Logging:
Log output configuration:
 #0: stdout all=warning uptime,level,tags
 #1: stderr all=off uptime,level,tags

Environment Variables:
JAVA_HOME=C:\Program Files\Java\jdk1.8.0_45
_JAVA_OPTIONS=  -Xmx2048M
PATH=F:/sts-4.17.0.RELEASE//plugins/org.eclipse.justj.openjdk.hotspot.jre.full.win32.x86_64_17.0.5.v20221102-0933/jre/bin/server;F:/sts-4.17.0.RELEASE//plugins/org.eclipse.justj.openjdk.hotspot.jre.full.win32.x86_64_17.0.5.v20221102-0933/jre/bin;C:\Program Files (x86)\Common Files\Oracle\Java\javapath;C:\ProgramData\Oracle\Java\javapath;C:\Program Files (x86)\Intel\Intel(R) Management Engine Components\iCLS\;C:\Program Files\Intel\Intel(R) Management Engine Components\iCLS\;C:\WINDOWS\system32;C:\WINDOWS;C:\WINDOWS\System32\Wbem;C:\WINDOWS\System32\WindowsPowerShell\v1.0\;C:\WINDOWS\System32\OpenSSH\;C:\Program Files (x86)\Intel\Intel(R) Management Engine Components\DAL;C:\Program Files\Intel\Intel(R) Management Engine Components\DAL;C:\Program Files (x86)\Intel\Intel(R) Management Engine Components\IPT;C:\Program Files\Intel\Intel(R) Management Engine Components\IPT;C:\Program Files\Java\jdk-15.0.1\bin;C:\Program Files\Java\jdk-16.0.1\bin;C:\Program Files (x86)\CodeBlocks\MinGW\bin;C:\Program Files (x86)\GnuWin32\bin;C:\Program Files\glassfish-4.1.1\bin;C:\Program Files\nodejs\;C:\Program Files\MongoDB\Server\5.0\bin;C:\Users\DELL\Postman\file;C:\Program Files\dotnet\;C:\Program Files\Microsoft SQL Server\150\Tools\Binn\;C:\Program Files\Microsoft SQL Server\Client SDK\ODBC\170\Tools\Binn\;F:\apache-maven-3.8.6\bin;C:\Program Files\Java\jre1.8.0_45\bin;F:\NetBeans 8.1\bin;C:\Users\DELL\AppData\Local\Microsoft\WindowsApps;C:\iverilog\bin;C:\iverilog\gtkwave\bin;C:\Program Files\Java\jdk1.7.0_80\bin;C:\Program Files\Java\jdk1.8.0_45\bin;C:\Users\DELL\AppData\Roaming\npm;C:\Program Files\MongoDB\Server\5.0\bin;C:\Flex Windows\gcc\bin;C:\Flex Windows\Lex\bin;C:\Flex Windows\bison\bin;C:\Users\DELL\AppData\Local\GitHubDesktop\bin;C:\Users\DELL\.dotnet\tools;H:\Microsoft VS Code\bin;F:\sts-4.17.0.RELEASE;
USERNAME=DELL
OS=Windows_NT
PROCESSOR_IDENTIFIER=Intel64 Family 6 Model 142 Stepping 10, GenuineIntel
TMP=C:\Users\DELL\AppData\Local\Temp
TEMP=C:\Users\DELL\AppData\Local\Temp



---------------  S Y S T E M  ---------------

OS:
 Windows 10 , 64 bit Build 19041 (10.0.19041.2364)
OS uptime: 0 days 5:11 hours

CPU: total 8 (initial active 8) (4 cores per cpu, 2 threads per core) family 6 model 142 stepping 10 microcode 0xca, cx8, cmov, fxsr, ht, mmx, 3dnowpref, sse, sse2, sse3, ssse3, sse4.1, sse4.2, popcnt, lzcnt, tsc, tscinvbit, avx, avx2, aes, erms, clmul, bmi1, bmi2, adx, fma, vzeroupper, clflush, clflushopt

Memory: 4k page, system-wide physical 8056M (559M free)
TotalPageFile size 8056M (AvailPageFile size 1M)
current process WorkingSet (physical memory assigned to process): 170M, peak: 170M
current process commit charge ("private bytes"): 203M, peak: 228M

vm_info: OpenJDK 64-Bit Server VM (17.0.5+8) for windows-amd64 JRE (17.0.5+8), built on Oct 19 2022 04:48:13 by "temurin" with MS VC++ 16.7 (VS2019)

END.
