#
# There is insufficient memory for the Java Runtime Environment to continue.
# Native memory allocation (malloc) failed to allocate 32744 bytes for ChunkPool::allocate
# Possible reasons:
#   The system is out of physical RAM or swap space
#   The process is running with CompressedOops enabled, and the Java Heap may be blocking the growth of the native heap
# Possible solutions:
#   Reduce memory load on the system
#   Increase physical memory or swap space
#   Check if swap backing store is full
#   Decrease Java heap size (-Xmx/-Xms)
#   Decrease number of Java threads
#   Decrease Java thread stack sizes (-Xss)
#   Set larger code cache with -XX:ReservedCodeCacheSize=
#   JVM is running with Unscaled Compressed Oops mode in which the Java heap is
#     placed in the first 4GB address space. The Java Heap base address is the
#     maximum limit for the native heap growth. Please use -XX:HeapBaseMinAddress
#     to set the Java Heap base and to place the Java Heap above 4GB virtual address.
# This output file may be truncated or incomplete.
#
#  Out of Memory Error (arena.cpp:78), pid=8504, tid=9112
#
# JRE version: OpenJDK Runtime Environment Temurin-17.0.5+8 (17.0.5+8) (build 17.0.5+8)
# Java VM: OpenJDK 64-Bit Server VM Temurin-17.0.5+8 (17.0.5+8, mixed mode, emulated-client, tiered, compressed oops, compressed class ptrs, g1 gc, windows-amd64)
# No core dump will be written. Minidumps are not enabled by default on client versions of Windows
#

---------------  S U M M A R Y ------------

Command Line: -Dcom.sun.management.jmxremote -Dcom.sun.management.jmxremote.port=51835 -Dcom.sun.management.jmxremote.authenticate=false -Dcom.sun.management.jmxremote.ssl=false -Djava.rmi.server.hostname=localhost -Dspring.jmx.enabled=true -Dmanagement.endpoints.jmx.exposure.include=* -Dspring.application.admin.enabled=true -XX:TieredStopAtLevel=1 -Dspring.boot.project.name=Backend -Dfile.encoding=UTF-8 -XX:+ShowCodeDetailsInExceptionMessages -Xmx2048M com.example.demo.BackendApplication --spring.output.ansi.enabled=always --server.port=8001

Host: Intel(R) Core(TM) i5-8250U CPU @ 1.60GHz, 8 cores, 7G,  Windows 10 , 64 bit Build 19041 (10.0.19041.2364)
Time: Sat Feb 18 10:40:30 2023 India Standard Time elapsed time: 350.637214 seconds (0d 0h 5m 50s)

---------------  T H R E A D  ---------------

Current thread (0x000002510d11eb50):  JavaThread "C1 CompilerThread1" daemon [_thread_in_native, id=9112, stack(0x0000005bcaa00000,0x0000005bcab00000)]


Current CompileTask:
C1: 350637 8012       1       org.apache.catalina.connector.CoyoteAdapter::parsePathParameters (634 bytes)

Stack: [0x0000005bcaa00000,0x0000005bcab00000]
Native frames: (J=compiled Java code, j=interpreted, Vv=VM code, C=native code)
V  [jvm.dll+0x676b3a]
V  [jvm.dll+0x831444]
V  [jvm.dll+0x832bee]
V  [jvm.dll+0x833253]
V  [jvm.dll+0x244ce5]
V  [jvm.dll+0xabdcc]
V  [jvm.dll+0xac17c]
V  [jvm.dll+0x175993]
V  [jvm.dll+0x175a5d]
V  [jvm.dll+0x178223]
V  [jvm.dll+0x179d31]
V  [jvm.dll+0x1344f3]
V  [jvm.dll+0x133def]
V  [jvm.dll+0x134026]
V  [jvm.dll+0x1334ba]
V  [jvm.dll+0x135181]
V  [jvm.dll+0x22698a]
V  [jvm.dll+0x224ac5]
V  [jvm.dll+0x7e727b]
V  [jvm.dll+0x7e17ea]
V  [jvm.dll+0x6759e5]
C  [ucrtbase.dll+0x21bb2]
C  [KERNEL32.DLL+0x17614]
C  [ntdll.dll+0x526a1]


---------------  P R O C E S S  ---------------

Threads class SMR info:
_java_thread_list=0x00000251120d3bb0, length=37, elements={
0x000002510d013260, 0x000002517fd945a0, 0x000002517fdcafe0, 0x000002517fdcba00,
0x000002517fdcda70, 0x000002517fdcead0, 0x000002510d02db90, 0x000002510d0328d0,
0x000002510d103010, 0x000002510d201d50, 0x000002510d76bdb0, 0x000002510d768920,
0x000002510d768df0, 0x000002510dab1010, 0x000002510db05030, 0x000002510f174580,
0x000002510f1770d0, 0x000002510f176260, 0x000002510f174a50, 0x000002510f1740b0,
0x000002510f176c00, 0x000002510f1753f0, 0x000002510f175d90, 0x000002510f176730,
0x000002510f177a70, 0x000002510f1758c0, 0x00000251121f48e0, 0x00000251121f6f60,
0x00000251121f2260, 0x00000251121f5750, 0x00000251121f13f0, 0x00000251121f1d90,
0x00000251121f0a50, 0x00000251121f5c20, 0x000002510d11eb50, 0x000002510f4b0480,
0x000002510f4b0990
}

Java Threads: ( => current thread )
  0x000002510d013260 JavaThread "Reference Handler" daemon [_thread_blocked, id=16796, stack(0x0000005bcb400000,0x0000005bcb500000)]
  0x000002517fd945a0 JavaThread "Finalizer" daemon [_thread_blocked, id=15016, stack(0x0000005bcb500000,0x0000005bcb600000)]
  0x000002517fdcafe0 JavaThread "Signal Dispatcher" daemon [_thread_blocked, id=14664, stack(0x0000005bcb600000,0x0000005bcb700000)]
  0x000002517fdcba00 JavaThread "Attach Listener" daemon [_thread_blocked, id=7532, stack(0x0000005bcb700000,0x0000005bcb800000)]
  0x000002517fdcda70 JavaThread "Service Thread" daemon [_thread_blocked, id=16252, stack(0x0000005bcb800000,0x0000005bcb900000)]
  0x000002517fdcead0 JavaThread "Monitor Deflation Thread" daemon [_thread_blocked, id=4636, stack(0x0000005bcb900000,0x0000005bcba00000)]
  0x000002510d02db90 JavaThread "C1 CompilerThread0" daemon [_thread_in_native, id=13180, stack(0x0000005bcba00000,0x0000005bcbb00000)]
  0x000002510d0328d0 JavaThread "Sweeper thread" daemon [_thread_blocked, id=17088, stack(0x0000005bcbb00000,0x0000005bcbc00000)]
  0x000002510d103010 JavaThread "Common-Cleaner" daemon [_thread_blocked, id=8160, stack(0x0000005bcbc00000,0x0000005bcbd00000)]
  0x000002510d201d50 JavaThread "Notification Thread" daemon [_thread_blocked, id=11352, stack(0x0000005bcbe00000,0x0000005bcbf00000)]
  0x000002510d76bdb0 JavaThread "RMI TCP Accept-0" daemon [_thread_in_native, id=8420, stack(0x0000005bcbf00000,0x0000005bcc000000)]
  0x000002510d768920 JavaThread "RMI TCP Accept-51835" daemon [_thread_in_native, id=8468, stack(0x0000005bcc000000,0x0000005bcc100000)]
  0x000002510d768df0 JavaThread "RMI TCP Accept-0" daemon [_thread_in_native, id=8492, stack(0x0000005bcc100000,0x0000005bcc200000)]
  0x000002510dab1010 JavaThread "RMI Scheduler(0)" daemon [_thread_blocked, id=12792, stack(0x0000005bcc400000,0x0000005bcc500000)]
  0x000002510db05030 JavaThread "JMX server connection timeout 22" daemon [_thread_blocked, id=3940, stack(0x0000005bcc600000,0x0000005bcc700000)]
  0x000002510f174580 JavaThread "Catalina-utility-1" [_thread_blocked, id=16856, stack(0x0000005bcd000000,0x0000005bcd100000)]
  0x000002510f1770d0 JavaThread "Catalina-utility-2" [_thread_blocked, id=16552, stack(0x0000005bcd400000,0x0000005bcd500000)]
  0x000002510f176260 JavaThread "container-0" [_thread_blocked, id=7848, stack(0x0000005bcd500000,0x0000005bcd600000)]
  0x000002510f174a50 JavaThread "mysql-cj-abandoned-connection-cleanup" daemon [_thread_blocked, id=16568, stack(0x0000005bcd600000,0x0000005bcd700000)]
  0x000002510f1740b0 JavaThread "HikariPool-1 housekeeper" daemon [_thread_blocked, id=10532, stack(0x0000005bcd800000,0x0000005bcd900000)]
  0x000002510f176c00 JavaThread "http-nio-8001-exec-1" daemon [_thread_blocked, id=16712, stack(0x0000005bcda00000,0x0000005bcdb00000)]
  0x000002510f1753f0 JavaThread "http-nio-8001-exec-2" daemon [_thread_blocked, id=12912, stack(0x0000005bcdb00000,0x0000005bcdc00000)]
  0x000002510f175d90 JavaThread "http-nio-8001-exec-3" daemon [_thread_blocked, id=1384, stack(0x0000005bcdc00000,0x0000005bcdd00000)]
  0x000002510f176730 JavaThread "http-nio-8001-exec-4" daemon [_thread_blocked, id=6132, stack(0x0000005bcdd00000,0x0000005bcde00000)]
  0x000002510f177a70 JavaThread "http-nio-8001-exec-5" daemon [_thread_blocked, id=16592, stack(0x0000005bcde00000,0x0000005bcdf00000)]
  0x000002510f1758c0 JavaThread "http-nio-8001-exec-6" daemon [_thread_blocked, id=5348, stack(0x0000005bcdf00000,0x0000005bce000000)]
  0x00000251121f48e0 JavaThread "http-nio-8001-exec-7" daemon [_thread_blocked, id=8976, stack(0x0000005bce000000,0x0000005bce100000)]
  0x00000251121f6f60 JavaThread "http-nio-8001-exec-8" daemon [_thread_in_Java, id=5552, stack(0x0000005bce100000,0x0000005bce200000)]
  0x00000251121f2260 JavaThread "http-nio-8001-exec-9" daemon [_thread_blocked, id=6024, stack(0x0000005bce200000,0x0000005bce300000)]
  0x00000251121f5750 JavaThread "http-nio-8001-exec-10" daemon [_thread_blocked, id=13000, stack(0x0000005bce300000,0x0000005bce400000)]
  0x00000251121f13f0 JavaThread "http-nio-8001-Poller" daemon [_thread_in_native, id=14388, stack(0x0000005bce400000,0x0000005bce500000)]
  0x00000251121f1d90 JavaThread "http-nio-8001-Acceptor" daemon [_thread_in_native, id=10028, stack(0x0000005bce500000,0x0000005bce600000)]
  0x00000251121f0a50 JavaThread "DestroyJavaVM" [_thread_blocked, id=7720, stack(0x0000005bcad00000,0x0000005bcae00000)]
  0x00000251121f5c20 JavaThread "RMI TCP Connection(idle)" daemon [_thread_blocked, id=13260, stack(0x0000005bceb00000,0x0000005bcec00000)]
=>0x000002510d11eb50 JavaThread "C1 CompilerThread1" daemon [_thread_in_native, id=9112, stack(0x0000005bcaa00000,0x0000005bcab00000)]
  0x000002510f4b0480 JavaThread "C1 CompilerThread2" daemon [_thread_in_native, id=4572, stack(0x0000005bcab00000,0x0000005bcac00000)]
  0x000002510f4b0990 JavaThread "C1 CompilerThread3" daemon [_thread_blocked, id=12916, stack(0x0000005bcac00000,0x0000005bcad00000)]

Other Threads:
  0x000002517fdbc160 VMThread "VM Thread" [stack: 0x0000005bcb300000,0x0000005bcb400000] [id=10764]
  0x000002517e4d9fd0 WatcherThread [stack: 0x0000005bcc200000,0x0000005bcc300000] [id=3952]
  0x000002517e536c10 GCTaskThread "GC Thread#0" [stack: 0x0000005bcae00000,0x0000005bcaf00000] [id=16948]
  0x000002510db6dfb0 GCTaskThread "GC Thread#1" [stack: 0x0000005bcc700000,0x0000005bcc800000] [id=13320]
  0x000002510db6e260 GCTaskThread "GC Thread#2" [stack: 0x0000005bcc800000,0x0000005bcc900000] [id=4752]
  0x000002510db46640 GCTaskThread "GC Thread#3" [stack: 0x0000005bcc900000,0x0000005bcca00000] [id=6872]
  0x000002510db69870 GCTaskThread "GC Thread#4" [stack: 0x0000005bcca00000,0x0000005bccb00000] [id=8784]
  0x000002510dbc96c0 GCTaskThread "GC Thread#5" [stack: 0x0000005bccb00000,0x0000005bccc00000] [id=14124]
  0x000002510dbc9970 GCTaskThread "GC Thread#6" [stack: 0x0000005bccc00000,0x0000005bccd00000] [id=4960]
  0x000002510dbcfc40 GCTaskThread "GC Thread#7" [stack: 0x0000005bccd00000,0x0000005bcce00000] [id=16808]
  0x000002517e547a60 ConcurrentGCThread "G1 Main Marker" [stack: 0x0000005bcaf00000,0x0000005bcb000000] [id=5424]
  0x000002517e548b20 ConcurrentGCThread "G1 Conc#0" [stack: 0x0000005bcb000000,0x0000005bcb100000] [id=12244]
  0x000002510ea80d00 ConcurrentGCThread "G1 Conc#1" [stack: 0x0000005bcd100000,0x0000005bcd200000] [id=14128]
  0x000002517e59e8a0 ConcurrentGCThread "G1 Refine#0" [stack: 0x0000005bcb100000,0x0000005bcb200000] [id=10468]
  0x000002510db6e510 ConcurrentGCThread "G1 Refine#1" [stack: 0x0000005bcce00000,0x0000005bccf00000] [id=16004]
  0x000002510d277c60 ConcurrentGCThread "G1 Refine#2" [stack: 0x0000005bccf00000,0x0000005bcd000000] [id=4568]
  0x000002517fc06740 ConcurrentGCThread "G1 Service" [stack: 0x0000005bcb200000,0x0000005bcb300000] [id=5432]

Threads with active compile tasks:
C1 CompilerThread0   350763 7975   !   1       org.apache.coyote.AbstractProtocol$ConnectionHandler::process (1265 bytes)
C1 CompilerThread1   350763 8012       1       org.apache.catalina.connector.CoyoteAdapter::parsePathParameters (634 bytes)
C1 CompilerThread2   350763 8004   !   1       org.apache.catalina.connector.CoyoteAdapter::service (908 bytes)

VM state: not at safepoint (normal execution)

VM Mutex/Monitor currently owned by a thread: None

Heap address: 0x0000000080000000, size: 2048 MB, Compressed Oops mode: 32-bit

CDS archive(s) not mapped
Compressed class space mapped at: 0x0000000100000000-0x0000000140000000, reserved size: 1073741824
Narrow klass base: 0x0000000000000000, Narrow klass shift: 3, Narrow klass range: 0x140000000

GC Precious Log:
 CPUs: 8 total, 8 available
 Memory: 8056M
 Large Page Support: Disabled
 NUMA Support: Disabled
 Compressed Oops: Enabled (32-bit)
 Heap Region Size: 1M
 Heap Min Capacity: 8M
 Heap Initial Capacity: 126M
 Heap Max Capacity: 2G
 Pre-touch: Disabled
 Parallel Workers: 8
 Concurrent Workers: 2
 Concurrent Refinement Workers: 8
 Periodic GC: Disabled

Heap:
 garbage-first heap   total 51200K, used 28319K [0x0000000080000000, 0x0000000100000000)
  region size 1024K, 2 young (2048K), 1 survivors (1024K)
 Metaspace       used 66660K, committed 67328K, reserved 1114112K
  class space    used 9033K, committed 9344K, reserved 1048576K

Heap Regions: E=young(eden), S=young(survivor), O=old, HS=humongous(starts), HC=humongous(continues), CS=collection set, F=free, OA=open archive, CA=closed archive, TAMS=top-at-mark-start (previous, next)
|   0|0x0000000080000000, 0x0000000080100000, 0x0000000080100000|100%|HS|  |TAMS 0x0000000080100000, 0x0000000080000000| Complete 
|   1|0x0000000080100000, 0x0000000080200000, 0x0000000080200000|100%| O|  |TAMS 0x0000000080200000, 0x0000000080100000| Untracked 
|   2|0x0000000080200000, 0x0000000080300000, 0x0000000080300000|100%| O|  |TAMS 0x0000000080300000, 0x0000000080200000| Untracked 
|   3|0x0000000080300000, 0x0000000080400000, 0x0000000080400000|100%| O|  |TAMS 0x0000000080400000, 0x0000000080300000| Untracked 
|   4|0x0000000080400000, 0x0000000080500000, 0x0000000080500000|100%| O|  |TAMS 0x0000000080500000, 0x0000000080400000| Untracked 
|   5|0x0000000080500000, 0x0000000080600000, 0x0000000080600000|100%| O|  |TAMS 0x0000000080600000, 0x0000000080500000| Untracked 
|   6|0x0000000080600000, 0x00000000806e9600, 0x0000000080700000| 91%| O|  |TAMS 0x00000000806e9600, 0x0000000080600000| Complete 
|   7|0x0000000080700000, 0x0000000080800000, 0x0000000080800000|100%| O|  |TAMS 0x0000000080800000, 0x0000000080700000| Untracked 
|   8|0x0000000080800000, 0x0000000080900000, 0x0000000080900000|100%| O|  |TAMS 0x0000000080900000, 0x0000000080800000| Untracked 
|   9|0x0000000080900000, 0x0000000080a00000, 0x0000000080a00000|100%| O|  |TAMS 0x0000000080a00000, 0x0000000080900000| Complete 
|  10|0x0000000080a00000, 0x0000000080a00000, 0x0000000080b00000|  0%| F|  |TAMS 0x0000000080a00000, 0x0000000080a00000| Untracked 
|  11|0x0000000080b00000, 0x0000000080c00000, 0x0000000080c00000|100%| O|  |TAMS 0x0000000080c00000, 0x0000000080b00000| Untracked 
|  12|0x0000000080c00000, 0x0000000080c00000, 0x0000000080d00000|  0%| F|  |TAMS 0x0000000080c00000, 0x0000000080c00000| Untracked 
|  13|0x0000000080d00000, 0x0000000080e00000, 0x0000000080e00000|100%| O|  |TAMS 0x0000000080e00000, 0x0000000080d00000| Complete 
|  14|0x0000000080e00000, 0x0000000080f00000, 0x0000000080f00000|100%| O|  |TAMS 0x0000000080f00000, 0x0000000080e00000| Complete 
|  15|0x0000000080f00000, 0x0000000081000000, 0x0000000081000000|100%| O|  |TAMS 0x0000000081000000, 0x0000000080f00000| Complete 
|  16|0x0000000081000000, 0x0000000081100000, 0x0000000081100000|100%| O|  |TAMS 0x0000000081100000, 0x0000000081000000| Untracked 
|  17|0x0000000081100000, 0x0000000081200000, 0x0000000081200000|100%| O|  |TAMS 0x0000000081200000, 0x0000000081100000| Untracked 
|  18|0x0000000081200000, 0x0000000081300000, 0x0000000081300000|100%| O|  |TAMS 0x0000000081300000, 0x0000000081200000| Untracked 
|  19|0x0000000081300000, 0x0000000081400000, 0x0000000081400000|100%| O|  |TAMS 0x0000000081400000, 0x0000000081300000| Untracked 
|  20|0x0000000081400000, 0x0000000081500000, 0x0000000081500000|100%| O|  |TAMS 0x0000000081500000, 0x0000000081400000| Untracked 
|  21|0x0000000081500000, 0x0000000081600000, 0x0000000081600000|100%| O|  |TAMS 0x0000000081600000, 0x0000000081500000| Untracked 
|  22|0x0000000081600000, 0x0000000081700000, 0x0000000081700000|100%| O|  |TAMS 0x0000000081700000, 0x0000000081600000| Untracked 
|  23|0x0000000081700000, 0x0000000081800000, 0x0000000081800000|100%| O|  |TAMS 0x0000000081800000, 0x0000000081700000| Complete 
|  24|0x0000000081800000, 0x0000000081900000, 0x0000000081900000|100%| O|  |TAMS 0x0000000081900000, 0x0000000081800000| Complete 
|  25|0x0000000081900000, 0x0000000081a00000, 0x0000000081a00000|100%| O|  |TAMS 0x0000000081a00000, 0x0000000081900000| Untracked 
|  26|0x0000000081a00000, 0x0000000081b00000, 0x0000000081b00000|100%| O|  |TAMS 0x0000000081b00000, 0x0000000081a00000| Untracked 
|  27|0x0000000081b00000, 0x0000000081c00000, 0x0000000081c00000|100%| O|  |TAMS 0x0000000081c00000, 0x0000000081b00000| Complete 
|  28|0x0000000081c00000, 0x0000000081d00000, 0x0000000081d00000|100%| O|  |TAMS 0x0000000081d00000, 0x0000000081c00000| Untracked 
|  29|0x0000000081d00000, 0x0000000081db6c00, 0x0000000081e00000| 71%| O|  |TAMS 0x0000000081db6c00, 0x0000000081d00000| Untracked 
|  30|0x0000000081e00000, 0x0000000081e00000, 0x0000000081f00000|  0%| F|  |TAMS 0x0000000081e00000, 0x0000000081e00000| Untracked 
|  31|0x0000000081f00000, 0x0000000081f00000, 0x0000000082000000|  0%| F|  |TAMS 0x0000000081f00000, 0x0000000081f00000| Untracked 
|  32|0x0000000082000000, 0x0000000082000000, 0x0000000082100000|  0%| F|  |TAMS 0x0000000082000000, 0x0000000082000000| Untracked 
|  33|0x0000000082100000, 0x0000000082100000, 0x0000000082200000|  0%| F|  |TAMS 0x0000000082100000, 0x0000000082100000| Untracked 
|  34|0x0000000082200000, 0x0000000082200000, 0x0000000082300000|  0%| F|  |TAMS 0x0000000082200000, 0x0000000082200000| Untracked 
|  35|0x0000000082300000, 0x0000000082300000, 0x0000000082400000|  0%| F|  |TAMS 0x0000000082300000, 0x0000000082300000| Untracked 
|  36|0x0000000082400000, 0x0000000082407a10, 0x0000000082500000|  2%| S|CS|TAMS 0x0000000082400000, 0x0000000082400000| Complete 
|  37|0x0000000082500000, 0x0000000082500000, 0x0000000082600000|  0%| F|  |TAMS 0x0000000082500000, 0x0000000082500000| Untracked 
|  38|0x0000000082600000, 0x0000000082600000, 0x0000000082700000|  0%| F|  |TAMS 0x0000000082600000, 0x0000000082600000| Untracked 
|  39|0x0000000082700000, 0x0000000082700000, 0x0000000082800000|  0%| F|  |TAMS 0x0000000082700000, 0x0000000082700000| Untracked 
|  40|0x0000000082800000, 0x0000000082800000, 0x0000000082900000|  0%| F|  |TAMS 0x0000000082800000, 0x0000000082800000| Untracked 
|  41|0x0000000082900000, 0x0000000082900000, 0x0000000082a00000|  0%| F|  |TAMS 0x0000000082900000, 0x0000000082900000| Untracked 
|  42|0x0000000082a00000, 0x0000000082a00000, 0x0000000082b00000|  0%| F|  |TAMS 0x0000000082a00000, 0x0000000082a00000| Untracked 
|  43|0x0000000082b00000, 0x0000000082b00000, 0x0000000082c00000|  0%| F|  |TAMS 0x0000000082b00000, 0x0000000082b00000| Untracked 
|  44|0x0000000082c00000, 0x0000000082c00000, 0x0000000082d00000|  0%| F|  |TAMS 0x0000000082c00000, 0x0000000082c00000| Untracked 
|  45|0x0000000082d00000, 0x0000000082d00000, 0x0000000082e00000|  0%| F|  |TAMS 0x0000000082d00000, 0x0000000082d00000| Untracked 
| 103|0x0000000086700000, 0x0000000086700000, 0x0000000086800000|  0%| F|  |TAMS 0x0000000086700000, 0x0000000086700000| Untracked 
| 104|0x0000000086800000, 0x0000000086800000, 0x0000000086900000|  0%| F|  |TAMS 0x0000000086800000, 0x0000000086800000| Untracked 
| 124|0x0000000087c00000, 0x0000000087c00000, 0x0000000087d00000|  0%| F|  |TAMS 0x0000000087c00000, 0x0000000087c00000| Untracked 
| 125|0x0000000087d00000, 0x0000000087d98210, 0x0000000087e00000| 59%| E|  |TAMS 0x0000000087d00000, 0x0000000087d00000| Complete 

Card table byte_map: [0x000002517eab0000,0x000002517eeb0000] _byte_map_base: 0x000002517e6b0000

Marking Bits (Prev, Next): (CMBitMap*) 0x000002517e537170, (CMBitMap*) 0x000002517e537130
 Prev Bits: [0x00000251085f0000, 0x000002510a5f0000)
 Next Bits: [0x00000251065f0000, 0x00000251085f0000)

Polling page: 0x000002517dca0000

Metaspace:

Usage:
  Non-class:     56.28 MB used.
      Class:      8.82 MB used.
       Both:     65.10 MB used.

Virtual space:
  Non-class space:       64.00 MB reserved,      56.62 MB ( 88%) committed,  8 nodes.
      Class space:        1.00 GB reserved,       9.12 MB ( <1%) committed,  1 nodes.
             Both:        1.06 GB reserved,      65.75 MB (  6%) committed. 

Chunk freelists:
   Non-Class:  2.98 MB
       Class:  2.91 MB
        Both:  5.89 MB

MaxMetaspaceSize: unlimited
CompressedClassSpaceSize: 1.00 GB
Initial GC threshold: 21.00 MB
Current GC threshold: 109.62 MB
CDS: off
MetaspaceReclaimPolicy: balanced
 - commit_granule_bytes: 65536.
 - commit_granule_words: 8192.
 - virtual_space_node_default_size: 1048576.
 - enlarge_chunks_in_place: 1.
 - new_chunks_are_fully_committed: 0.
 - uncommit_free_chunks: 1.
 - use_allocation_guard: 0.
 - handle_deallocations: 1.


Internal statistics:

num_allocs_failed_limit: 6.
num_arena_births: 846.
num_arena_deaths: 314.
num_vsnodes_births: 9.
num_vsnodes_deaths: 0.
num_space_committed: 1052.
num_space_uncommitted: 0.
num_chunks_returned_to_freelist: 380.
num_chunks_taken_from_freelist: 3110.
num_chunk_merges: 129.
num_chunk_splits: 2129.
num_chunks_enlarged: 1607.
num_purges: 4.
num_inconsistent_stats: 0.

CodeCache: size=49152Kb used=15376Kb max_used=15376Kb free=33775Kb
 bounds [0x00000251035f0000, 0x0000025104500000, 0x00000251065f0000]
 total_blobs=8700 nmethods=8035 adapters=588
 compilation: enabled
              stopped_count=0, restarted_count=0
 full_count=0

Compilation events (20 events):
Event: 350.618 Thread 0x000002510f4b0990 8024       1       org.springframework.web.servlet.mvc.method.annotation.ModelAndViewMethodReturnValueHandler::supportsReturnType (10 bytes)
Event: 350.618 Thread 0x000002510f4b0990 nmethod 8024 0x00000251044e9e10 code [0x00000251044e9fc0, 0x00000251044ea0d8]
Event: 350.618 Thread 0x000002510f4b0990 8025       1       com.fasterxml.jackson.databind.SerializerProvider::findTypedValueSerializer (101 bytes)
Event: 350.618 Thread 0x000002510f4b0990 nmethod 8025 0x00000251044ea190 code [0x00000251044ea3a0, 0x00000251044ea8b8]
Event: 350.618 Thread 0x000002510f4b0990 8026   !   1       org.apache.coyote.http11.Http11Processor::checkMaxSwallowSize (60 bytes)
Event: 350.619 Thread 0x000002510f4b0990 nmethod 8026 0x00000251044eac90 code [0x00000251044eae20, 0x00000251044eafa8]
Event: 350.619 Thread 0x000002510f4b0990 8016   !   1       org.apache.catalina.connector.CoyoteAdapter::convertURI (115 bytes)
Event: 350.619 Thread 0x000002510f4b0990 nmethod 8016 0x00000251044eb110 code [0x00000251044eb300, 0x00000251044eb728]
Event: 350.619 Thread 0x000002510f4b0990 8017       1       org.apache.tomcat.util.buf.CharChunk::allocate (49 bytes)
Event: 350.619 Thread 0x000002510f4b0990 nmethod 8017 0x00000251044ebb10 code [0x00000251044ebca0, 0x00000251044ebe78]
Event: 350.619 Thread 0x000002510f4b0990 8018       1       org.apache.tomcat.util.buf.B2CConverter::convert (452 bytes)
Event: 350.621 Thread 0x000002510f4b0990 nmethod 8018 0x00000251044ebf90 code [0x00000251044ec360, 0x00000251044ed5b8]
Event: 350.621 Thread 0x000002510f4b0990 8019       1       java.nio.charset.CoderResult::isError (14 bytes)
Event: 350.621 Thread 0x000002510f4b0990 nmethod 8019 0x00000251044ee210 code [0x00000251044ee3a0, 0x00000251044ee478]
Event: 350.621 Thread 0x000002510f4b0990 8020       1       java.nio.charset.CoderResult::isMalformed (14 bytes)
Event: 350.621 Thread 0x000002510f4b0990 nmethod 8020 0x00000251044ee510 code [0x00000251044ee6a0, 0x00000251044ee778]
Event: 350.621 Thread 0x000002510f4b0990 8027       1       org.apache.tomcat.util.buf.B2CConverter::recycle (18 bytes)
Event: 350.622 Thread 0x000002510f4b0990 nmethod 8027 0x00000251044ee810 code [0x00000251044ee9a0, 0x00000251044eeaa8]
Event: 350.622 Thread 0x000002510f4b0990 8011       1       org.apache.tomcat.util.buf.MessageBytes::setCharset (9 bytes)
Event: 350.622 Thread 0x000002510f4b0990 nmethod 8011 0x00000251044eeb90 code [0x00000251044eed20, 0x00000251044eee38]

GC Heap History (20 events):
Event: 8.021 GC heap before
{Heap before GC invocations=15 (full 0):
 garbage-first heap   total 46080K, used 35980K [0x0000000080000000, 0x0000000100000000)
  region size 1024K, 15 young (15360K), 2 survivors (2048K)
 Metaspace       used 55342K, committed 55744K, reserved 1097728K
  class space    used 7422K, committed 7616K, reserved 1048576K
}
Event: 8.024 GC heap after
{Heap after GC invocations=16 (full 0):
 garbage-first heap   total 46080K, used 22896K [0x0000000080000000, 0x0000000100000000)
  region size 1024K, 1 young (1024K), 1 survivors (1024K)
 Metaspace       used 55342K, committed 55744K, reserved 1097728K
  class space    used 7422K, committed 7616K, reserved 1048576K
}
Event: 9.313 GC heap before
{Heap before GC invocations=17 (full 0):
 garbage-first heap   total 46080K, used 36208K [0x0000000080000000, 0x0000000100000000)
  region size 1024K, 15 young (15360K), 1 survivors (1024K)
 Metaspace       used 57741K, committed 58240K, reserved 1105920K
  class space    used 7836K, committed 8064K, reserved 1048576K
}
Event: 9.315 GC heap after
{Heap after GC invocations=18 (full 0):
 garbage-first heap   total 46080K, used 23802K [0x0000000080000000, 0x0000000100000000)
  region size 1024K, 2 young (2048K), 2 survivors (2048K)
 Metaspace       used 57741K, committed 58240K, reserved 1105920K
  class space    used 7836K, committed 8064K, reserved 1048576K
}
Event: 9.601 GC heap before
{Heap before GC invocations=18 (full 0):
 garbage-first heap   total 46080K, used 37114K [0x0000000080000000, 0x0000000100000000)
  region size 1024K, 15 young (15360K), 2 survivors (2048K)
 Metaspace       used 60095K, committed 60608K, reserved 1105920K
  class space    used 8140K, committed 8384K, reserved 1048576K
}
Event: 9.605 GC heap after
{Heap after GC invocations=19 (full 0):
 garbage-first heap   total 46080K, used 24807K [0x0000000080000000, 0x0000000100000000)
  region size 1024K, 2 young (2048K), 2 survivors (2048K)
 Metaspace       used 60095K, committed 60608K, reserved 1105920K
  class space    used 8140K, committed 8384K, reserved 1048576K
}
Event: 9.769 GC heap before
{Heap before GC invocations=20 (full 0):
 garbage-first heap   total 51200K, used 36071K [0x0000000080000000, 0x0000000100000000)
  region size 1024K, 13 young (13312K), 2 survivors (2048K)
 Metaspace       used 61428K, committed 62016K, reserved 1105920K
  class space    used 8331K, committed 8640K, reserved 1048576K
}
Event: 9.771 GC heap after
{Heap after GC invocations=21 (full 0):
 garbage-first heap   total 51200K, used 25610K [0x0000000080000000, 0x0000000100000000)
  region size 1024K, 2 young (2048K), 2 survivors (2048K)
 Metaspace       used 61428K, committed 62016K, reserved 1105920K
  class space    used 8331K, committed 8640K, reserved 1048576K
}
Event: 10.034 GC heap before
{Heap before GC invocations=21 (full 0):
 garbage-first heap   total 51200K, used 40970K [0x0000000080000000, 0x0000000100000000)
  region size 1024K, 17 young (17408K), 2 survivors (2048K)
 Metaspace       used 61697K, committed 62272K, reserved 1105920K
  class space    used 8365K, committed 8640K, reserved 1048576K
}
Event: 10.037 GC heap after
{Heap after GC invocations=22 (full 0):
 garbage-first heap   total 51200K, used 26224K [0x0000000080000000, 0x0000000100000000)
  region size 1024K, 2 young (2048K), 2 survivors (2048K)
 Metaspace       used 61697K, committed 62272K, reserved 1105920K
  class space    used 8365K, committed 8640K, reserved 1048576K
}
Event: 10.501 GC heap before
{Heap before GC invocations=23 (full 0):
 garbage-first heap   total 51200K, used 41584K [0x0000000080000000, 0x0000000100000000)
  region size 1024K, 17 young (17408K), 2 survivors (2048K)
 Metaspace       used 63501K, committed 64064K, reserved 1105920K
  class space    used 8620K, committed 8896K, reserved 1048576K
}
Event: 10.504 GC heap after
{Heap after GC invocations=24 (full 0):
 garbage-first heap   total 51200K, used 27669K [0x0000000080000000, 0x0000000100000000)
  region size 1024K, 3 young (3072K), 3 survivors (3072K)
 Metaspace       used 63501K, committed 64064K, reserved 1105920K
  class space    used 8620K, committed 8896K, reserved 1048576K
}
Event: 28.664 GC heap before
{Heap before GC invocations=24 (full 0):
 garbage-first heap   total 51200K, used 40981K [0x0000000080000000, 0x0000000100000000)
  region size 1024K, 17 young (17408K), 3 survivors (3072K)
 Metaspace       used 66024K, committed 66560K, reserved 1114112K
  class space    used 8970K, committed 9216K, reserved 1048576K
}
Event: 28.668 GC heap after
{Heap after GC invocations=25 (full 0):
 garbage-first heap   total 51200K, used 28740K [0x0000000080000000, 0x0000000100000000)
  region size 1024K, 3 young (3072K), 3 survivors (3072K)
 Metaspace       used 66024K, committed 66560K, reserved 1114112K
  class space    used 8970K, committed 9216K, reserved 1048576K
}
Event: 349.622 GC heap before
{Heap before GC invocations=26 (full 0):
 garbage-first heap   total 51200K, used 42052K [0x0000000080000000, 0x0000000100000000)
  region size 1024K, 16 young (16384K), 3 survivors (3072K)
 Metaspace       used 66834K, committed 67328K, reserved 1114112K
  class space    used 9067K, committed 9344K, reserved 1048576K
}
Event: 349.625 GC heap after
{Heap after GC invocations=27 (full 0):
 garbage-first heap   total 51200K, used 29175K [0x0000000080000000, 0x0000000100000000)
  region size 1024K, 1 young (1024K), 1 survivors (1024K)
 Metaspace       used 66834K, committed 67328K, reserved 1114112K
  class space    used 9067K, committed 9344K, reserved 1048576K
}
Event: 349.674 GC heap before
{Heap before GC invocations=27 (full 0):
 garbage-first heap   total 51200K, used 30199K [0x0000000080000000, 0x0000000100000000)
  region size 1024K, 2 young (2048K), 1 survivors (1024K)
 Metaspace       used 66834K, committed 67328K, reserved 1114112K
  class space    used 9067K, committed 9344K, reserved 1048576K
}
Event: 349.676 GC heap after
{Heap after GC invocations=28 (full 0):
 garbage-first heap   total 51200K, used 28495K [0x0000000080000000, 0x0000000100000000)
  region size 1024K, 1 young (1024K), 1 survivors (1024K)
 Metaspace       used 66834K, committed 67328K, reserved 1114112K
  class space    used 9067K, committed 9344K, reserved 1048576K
}
Event: 350.226 GC heap before
{Heap before GC invocations=28 (full 0):
 garbage-first heap   total 51200K, used 41807K [0x0000000080000000, 0x0000000100000000)
  region size 1024K, 14 young (14336K), 1 survivors (1024K)
 Metaspace       used 66834K, committed 67328K, reserved 1114112K
  class space    used 9067K, committed 9344K, reserved 1048576K
}
Event: 350.227 GC heap after
{Heap after GC invocations=29 (full 0):
 garbage-first heap   total 51200K, used 28354K [0x0000000080000000, 0x0000000100000000)
  region size 1024K, 1 young (1024K), 1 survivors (1024K)
 Metaspace       used 66834K, committed 67328K, reserved 1114112K
  class space    used 9067K, committed 9344K, reserved 1048576K
}

Dll operation events (9 events):
Event: 0.021 Loaded shared library F:\sts-4.17.0.RELEASE\plugins\org.eclipse.justj.openjdk.hotspot.jre.full.win32.x86_64_17.0.5.v20221102-0933\jre\bin\java.dll
Event: 0.207 Loaded shared library F:\sts-4.17.0.RELEASE\plugins\org.eclipse.justj.openjdk.hotspot.jre.full.win32.x86_64_17.0.5.v20221102-0933\jre\bin\jimage.dll
Event: 0.220 Loaded shared library F:\sts-4.17.0.RELEASE\plugins\org.eclipse.justj.openjdk.hotspot.jre.full.win32.x86_64_17.0.5.v20221102-0933\jre\bin\net.dll
Event: 0.221 Loaded shared library F:\sts-4.17.0.RELEASE\plugins\org.eclipse.justj.openjdk.hotspot.jre.full.win32.x86_64_17.0.5.v20221102-0933\jre\bin\nio.dll
Event: 0.226 Loaded shared library F:\sts-4.17.0.RELEASE\plugins\org.eclipse.justj.openjdk.hotspot.jre.full.win32.x86_64_17.0.5.v20221102-0933\jre\bin\zip.dll
Event: 0.393 Loaded shared library F:\sts-4.17.0.RELEASE\plugins\org.eclipse.justj.openjdk.hotspot.jre.full.win32.x86_64_17.0.5.v20221102-0933\jre\bin\management.dll
Event: 0.405 Loaded shared library F:\sts-4.17.0.RELEASE\plugins\org.eclipse.justj.openjdk.hotspot.jre.full.win32.x86_64_17.0.5.v20221102-0933\jre\bin\management_ext.dll
Event: 2.132 Loaded shared library F:\sts-4.17.0.RELEASE\plugins\org.eclipse.justj.openjdk.hotspot.jre.full.win32.x86_64_17.0.5.v20221102-0933\jre\bin\verify.dll
Event: 5.306 Loaded shared library F:\sts-4.17.0.RELEASE\plugins\org.eclipse.justj.openjdk.hotspot.jre.full.win32.x86_64_17.0.5.v20221102-0933\jre\bin\sunmscapi.dll

Deoptimization events (12 events):
Event: 2.232 Thread 0x000002517e4d8f00 DEOPT PACKING pc=0x0000025103a43a19 sp=0x0000005bcadfd7c0
Event: 2.232 Thread 0x000002517e4d8f00 DEOPT UNPACKING pc=0x0000025103642b43 sp=0x0000005bcadfcca0 mode 3
Event: 5.416 Thread 0x000002517e4d8f00 DEOPT PACKING pc=0x0000025103de29fd sp=0x0000005bcadfcaf0
Event: 5.416 Thread 0x000002517e4d8f00 DEOPT UNPACKING pc=0x0000025103642b43 sp=0x0000005bcadfc058 mode 3
Event: 9.550 Thread 0x000002517e4d8f00 DEOPT PACKING pc=0x0000025103bb4014 sp=0x0000005bcadfbe00
Event: 9.551 Thread 0x000002517e4d8f00 DEOPT UNPACKING pc=0x0000025103642b43 sp=0x0000005bcadfb358 mode 0
Event: 9.833 Thread 0x000002517e4d8f00 DEOPT PACKING pc=0x0000025103ba7d42 sp=0x0000005bcadfe230
Event: 9.833 Thread 0x000002517e4d8f00 DEOPT UNPACKING pc=0x0000025103642b43 sp=0x0000005bcadfd738 mode 3
Event: 9.833 Thread 0x000002517e4d8f00 DEOPT PACKING pc=0x0000025103ba1d35 sp=0x0000005bcadfe1f0
Event: 9.833 Thread 0x000002517e4d8f00 DEOPT UNPACKING pc=0x0000025103642b43 sp=0x0000005bcadfd738 mode 3
Event: 349.253 Thread 0x000002510f1758c0 DEOPT PACKING pc=0x0000025103b7827b sp=0x0000005bcdffcce0
Event: 349.253 Thread 0x000002510f1758c0 DEOPT UNPACKING pc=0x0000025103642b43 sp=0x0000005bcdffc208 mode 3

Classes unloaded (20 events):
Event: 350.252 Thread 0x000002517fdbc160 Unloading class 0x0000000100199c00 'java/lang/invoke/LambdaForm$MH+0x0000000100199c00'
Event: 350.252 Thread 0x000002517fdbc160 Unloading class 0x0000000100199800 'java/lang/invoke/LambdaForm$MH+0x0000000100199800'
Event: 350.252 Thread 0x000002517fdbc160 Unloading class 0x0000000100199000 'java/lang/invoke/LambdaForm$MH+0x0000000100199000'
Event: 350.252 Thread 0x000002517fdbc160 Unloading class 0x0000000100198c00 'jdk/internal/reflect/GeneratedSerializationConstructorAccessor7'
Event: 350.252 Thread 0x000002517fdbc160 Unloading class 0x0000000100198800 'jdk/internal/reflect/GeneratedSerializationConstructorAccessor6'
Event: 350.252 Thread 0x000002517fdbc160 Unloading class 0x0000000100198400 'jdk/internal/reflect/GeneratedSerializationConstructorAccessor5'
Event: 350.252 Thread 0x000002517fdbc160 Unloading class 0x0000000100198000 'jdk/internal/reflect/GeneratedSerializationConstructorAccessor4'
Event: 350.252 Thread 0x000002517fdbc160 Unloading class 0x0000000100141800 'jdk/internal/reflect/GeneratedSerializationConstructorAccessor3'
Event: 350.252 Thread 0x000002517fdbc160 Unloading class 0x0000000100141400 'jdk/internal/reflect/GeneratedSerializationConstructorAccessor2'
Event: 350.252 Thread 0x000002517fdbc160 Unloading class 0x0000000100141000 'jdk/internal/reflect/GeneratedSerializationConstructorAccessor1'
Event: 350.252 Thread 0x000002517fdbc160 Unloading class 0x00000001000c6000 'java/lang/invoke/LambdaForm$MH+0x00000001000c6000'
Event: 350.252 Thread 0x000002517fdbc160 Unloading class 0x00000001000c5c00 'java/lang/invoke/LambdaForm$MH+0x00000001000c5c00'
Event: 350.252 Thread 0x000002517fdbc160 Unloading class 0x00000001000c5800 'java/lang/invoke/LambdaForm$MH+0x00000001000c5800'
Event: 350.252 Thread 0x000002517fdbc160 Unloading class 0x00000001000c5400 'java/lang/invoke/LambdaForm$MH+0x00000001000c5400'
Event: 350.252 Thread 0x000002517fdbc160 Unloading class 0x00000001000c5000 'java/lang/invoke/LambdaForm$MH+0x00000001000c5000'
Event: 350.252 Thread 0x000002517fdbc160 Unloading class 0x00000001000c4c00 'java/lang/invoke/LambdaForm$MH+0x00000001000c4c00'
Event: 350.252 Thread 0x000002517fdbc160 Unloading class 0x00000001000c2400 'java/lang/invoke/LambdaForm$MH+0x00000001000c2400'
Event: 350.252 Thread 0x000002517fdbc160 Unloading class 0x00000001000c1c00 'java/lang/invoke/LambdaForm$MH+0x00000001000c1c00'
Event: 350.252 Thread 0x000002517fdbc160 Unloading class 0x00000001000c1400 'java/lang/invoke/LambdaForm$MH+0x00000001000c1400'
Event: 350.252 Thread 0x000002517fdbc160 Unloading class 0x00000001000c0c00 'java/lang/invoke/LambdaForm$MH+0x00000001000c0c00'

Classes redefined (0 events):
No events

Internal exceptions (20 events):
Event: 9.384 Thread 0x000002517e4d8f00 Exception <a 'java/lang/IncompatibleClassChangeError'{0x000000008687d6d8}: Found class java.lang.Object, but interface was expected> (0x000000008687d6d8) 
thrown [s\src\hotspot\share\interpreter\linkResolver.cpp, line 826]
Event: 9.449 Thread 0x000002517e4d8f00 Exception <a 'java/lang/IncompatibleClassChangeError'{0x00000000867e87c8}: Found class java.lang.Object, but interface was expected> (0x00000000867e87c8) 
thrown [s\src\hotspot\share\interpreter\linkResolver.cpp, line 826]
Event: 9.583 Thread 0x000002517e4d8f00 Exception <a 'java/lang/IncompatibleClassChangeError'{0x00000000822cd408}: Found class java.lang.Object, but interface was expected> (0x00000000822cd408) 
thrown [s\src\hotspot\share\interpreter\linkResolver.cpp, line 826]
Event: 9.647 Thread 0x000002517e4d8f00 Exception <a 'java/lang/reflect/InvocationTargetException'{0x0000000082da32d8}> (0x0000000082da32d8) 
thrown [s\src\hotspot\share\runtime\reflection.cpp, line 1121]
Event: 9.656 Thread 0x000002517e4d8f00 Exception <a 'java/lang/NoSuchMethodError'{0x0000000082c00e30}: 'int java.lang.invoke.DirectMethodHandle$Holder.invokeStatic(java.lang.Object, java.lang.Object, int)'> (0x0000000082c00e30) 
thrown [s\src\hotspot\share\interpreter\linkResolver.cpp, line 759]
Event: 9.658 Thread 0x000002517e4d8f00 Exception <a 'java/lang/NoSuchMethodError'{0x0000000082c1dfb0}: 'java.lang.Object java.lang.invoke.DirectMethodHandle$Holder.newInvokeSpecial(java.lang.Object, java.lang.Object, int)'> (0x0000000082c1dfb0) 
thrown [s\src\hotspot\share\interpreter\linkResolver.cpp, line 759]
Event: 9.661 Thread 0x000002517e4d8f00 Exception <a 'java/lang/IncompatibleClassChangeError'{0x0000000082c4c358}: Found class java.lang.Object, but interface was expected> (0x0000000082c4c358) 
thrown [s\src\hotspot\share\interpreter\linkResolver.cpp, line 826]
Event: 9.784 Thread 0x000002517e4d8f00 Exception <a 'java/lang/reflect/InvocationTargetException'{0x0000000082dfc978}> (0x0000000082dfc978) 
thrown [s\src\hotspot\share\runtime\reflection.cpp, line 1121]
Event: 9.811 Thread 0x000002517e4d8f00 Exception <a 'java/lang/reflect/InvocationTargetException'{0x000000008232ffd8}> (0x000000008232ffd8) 
thrown [s\src\hotspot\share\runtime\reflection.cpp, line 1121]
Event: 9.812 Thread 0x000002517e4d8f00 Exception <a 'java/lang/reflect/InvocationTargetException'{0x000000008233a8b8}> (0x000000008233a8b8) 
thrown [s\src\hotspot\share\runtime\reflection.cpp, line 1121]
Event: 10.143 Thread 0x000002517e4d8f00 Exception <a 'java/lang/NoSuchMethodError'{0x0000000082b54018}: 'void java.lang.invoke.DirectMethodHandle$Holder.invokeVirtual(java.lang.Object, java.lang.Object, int)'> (0x0000000082b54018) 
thrown [s\src\hotspot\share\interpreter\linkResolver.cpp, line 759]
Event: 10.145 Thread 0x000002517e4d8f00 Exception <a 'java/lang/NoSuchMethodError'{0x0000000082b6ebc0}: 'void java.lang.invoke.DirectMethodHandle$Holder.invokeVirtual(java.lang.Object, java.lang.Object, long)'> (0x0000000082b6ebc0) 
thrown [s\src\hotspot\share\interpreter\linkResolver.cpp, line 759]
Event: 10.459 Thread 0x000002517e4d8f00 Exception <a 'java/lang/IncompatibleClassChangeError'{0x00000000825ceb48}: Found class java.lang.Object, but interface was expected> (0x00000000825ceb48) 
thrown [s\src\hotspot\share\interpreter\linkResolver.cpp, line 826]
Event: 10.490 Thread 0x000002517e4d8f00 Exception <a 'java/lang/NoSuchMethodError'{0x0000000082365f48}: 'int java.lang.invoke.DirectMethodHandle$Holder.invokeStaticInit(java.lang.Object, java.lang.Object, java.lang.Object, java.lang.Object)'> (0x0000000082365f48) 
thrown [s\src\hotspot\share\interpreter\linkResolver.cpp, line 759]
Event: 10.643 Thread 0x000002517e4d8f00 Exception <a 'java/lang/NoSuchMethodError'{0x0000000082b21fc8}: 'java.lang.Object java.lang.invoke.DirectMethodHandle$Holder.newInvokeSpecial(java.lang.Object, java.lang.Object, int, java.lang.Object, java.lang.Object)'> (0x0000000082b21fc8) 
thrown [s\src\hotspot\share\interpreter\linkResolver.cpp, line 759]
Event: 10.643 Thread 0x000002517e4d8f00 Exception <a 'java/lang/NoSuchMethodError'{0x0000000082b2d358}: 'java.lang.Object java.lang.invoke.DirectMethodHandle$Holder.invokeSpecial(java.lang.Object, java.lang.Object, int, java.lang.Object, int, java.lang.Object)'> (0x0000000082b2d358) 
thrown [s\src\hotspot\share\interpreter\linkResolver.cpp, line 759]
Event: 10.644 Thread 0x000002517e4d8f00 Exception <a 'java/lang/NoSuchMethodError'{0x0000000082b350d0}: 'java.lang.Object java.lang.invoke.DirectMethodHandle$Holder.newInvokeSpecial(java.lang.Object, java.lang.Object, int, java.lang.Object, int)'> (0x0000000082b350d0) 
thrown [s\src\hotspot\share\interpreter\linkResolver.cpp, line 759]
Event: 10.644 Thread 0x000002517e4d8f00 Exception <a 'java/lang/NoSuchMethodError'{0x0000000082b391d0}: 'java.lang.Object java.lang.invoke.DirectMethodHandle$Holder.invokeSpecial(java.lang.Object, java.lang.Object, java.lang.Object, int, java.lang.Object, int)'> (0x0000000082b391d0) 
thrown [s\src\hotspot\share\interpreter\linkResolver.cpp, line 759]
Event: 28.527 Thread 0x000002510f176c00 Exception <a 'java/lang/NoSuchMethodError'{0x0000000082607b08}: 'java.lang.Object java.lang.invoke.DirectMethodHandle$Holder.invokeSpecial(java.lang.Object, java.lang.Object, java.lang.Object, java.lang.Object, java.lang.Object, long)'> (0x0000000082607b08) 
thrown [s\src\hotspot\share\interpreter\linkResolver.cpp, line 759]
Event: 28.527 Thread 0x000002510f176c00 Exception <a 'java/lang/NoSuchMethodError'{0x000000008260b548}: 'java.lang.Object java.lang.invoke.Invokers$Holder.linkToTargetMethod(java.lang.Object, java.lang.Object, java.lang.Object, long, java.lang.Object)'> (0x000000008260b548) 
thrown [s\src\hotspot\share\interpreter\linkResolver.cpp, line 759]

VM Operations (20 events):
Event: 225.880 Executing VM operation: Cleanup
Event: 225.880 Executing VM operation: Cleanup done
Event: 266.025 Executing VM operation: Cleanup
Event: 266.025 Executing VM operation: Cleanup done
Event: 312.132 Executing VM operation: Cleanup
Event: 312.132 Executing VM operation: Cleanup done
Event: 345.488 Executing VM operation: Cleanup
Event: 345.488 Executing VM operation: Cleanup done
Event: 349.537 Executing VM operation: Cleanup
Event: 349.537 Executing VM operation: Cleanup done
Event: 349.622 Executing VM operation: G1CollectForAllocation
Event: 349.625 Executing VM operation: G1CollectForAllocation done
Event: 349.673 Executing VM operation: G1CollectForAllocation
Event: 349.676 Executing VM operation: G1CollectForAllocation done
Event: 350.226 Executing VM operation: G1CollectForAllocation
Event: 350.228 Executing VM operation: G1CollectForAllocation done
Event: 350.251 Executing VM operation: G1Concurrent
Event: 350.258 Executing VM operation: G1Concurrent done
Event: 350.272 Executing VM operation: G1Concurrent
Event: 350.273 Executing VM operation: G1Concurrent done

Events (20 events):
Event: 28.831 loading class java/util/OptionalDouble
Event: 28.831 loading class java/util/OptionalDouble done
Event: 28.892 loading class java/util/stream/LongStream
Event: 28.893 loading class java/util/stream/LongStream done
Event: 28.893 loading class java/util/stream/DoubleStream
Event: 28.893 loading class java/util/stream/DoubleStream done
Event: 28.908 loading class org/w3c/dom/Node
Event: 28.908 loading class org/w3c/dom/Node done
Event: 28.908 loading class org/w3c/dom/Document
Event: 28.908 loading class org/w3c/dom/Document done
Event: 91.207 Thread 0x00000251121f0580 Thread exited: 0x00000251121f0580
Event: 91.207 Thread 0x000002510d7faff0 Thread exited: 0x000002510d7faff0
Event: 91.207 Thread 0x00000251121f35a0 Thread exited: 0x00000251121f35a0
Event: 91.207 Thread 0x00000251121efbe0 Thread exited: 0x00000251121efbe0
Event: 91.222 Thread 0x000002510dab1790 Thread exited: 0x000002510dab1790
Event: 91.222 Thread 0x00000251121f4410 Thread exited: 0x00000251121f4410
Event: 91.222 Thread 0x00000251121f2730 Thread exited: 0x00000251121f2730
Event: 349.236 Thread 0x000002510d11eb50 Thread added: 0x000002510d11eb50
Event: 349.606 Thread 0x000002510f4b0480 Thread added: 0x000002510f4b0480
Event: 349.607 Thread 0x000002510f4b0990 Thread added: 0x000002510f4b0990


Dynamic libraries:
0x00007ff6a8c10000 - 0x00007ff6a8c1e000 	F:\sts-4.17.0.RELEASE\plugins\org.eclipse.justj.openjdk.hotspot.jre.full.win32.x86_64_17.0.5.v20221102-0933\jre\bin\javaw.exe
0x00007ffa18bf0000 - 0x00007ffa18de8000 	C:\WINDOWS\SYSTEM32\ntdll.dll
0x00007ffa17900000 - 0x00007ffa179bf000 	C:\WINDOWS\System32\KERNEL32.DLL
0x00007ffa16780000 - 0x00007ffa16a52000 	C:\WINDOWS\System32\KERNELBASE.dll
0x00007ffa162e0000 - 0x00007ffa163e0000 	C:\WINDOWS\System32\ucrtbase.dll
0x00007ffa0d6a0000 - 0x00007ffa0d6b7000 	F:\sts-4.17.0.RELEASE\plugins\org.eclipse.justj.openjdk.hotspot.jre.full.win32.x86_64_17.0.5.v20221102-0933\jre\bin\jli.dll
0x00007ffa01460000 - 0x00007ffa01479000 	F:\sts-4.17.0.RELEASE\plugins\org.eclipse.justj.openjdk.hotspot.jre.full.win32.x86_64_17.0.5.v20221102-0933\jre\bin\VCRUNTIME140.dll
0x00007ffa179c0000 - 0x00007ffa17b61000 	C:\WINDOWS\System32\USER32.dll
0x00007ffa16c00000 - 0x00007ffa16c22000 	C:\WINDOWS\System32\win32u.dll
0x00007ffa0d2c0000 - 0x00007ffa0d55a000 	C:\WINDOWS\WinSxS\amd64_microsoft.windows.common-controls_6595b64144ccf1df_6.0.19041.1110_none_60b5254171f9507e\COMCTL32.dll
0x00007ffa174b0000 - 0x00007ffa174db000 	C:\WINDOWS\System32\GDI32.dll
0x00007ffa16d40000 - 0x00007ffa16dde000 	C:\WINDOWS\System32\msvcrt.dll
0x00007ffa16a60000 - 0x00007ffa16b6f000 	C:\WINDOWS\System32\gdi32full.dll
0x00007ffa16570000 - 0x00007ffa1660d000 	C:\WINDOWS\System32\msvcp_win.dll
0x00007ffa18420000 - 0x00007ffa18452000 	C:\WINDOWS\System32\IMM32.DLL
0x00007ffa054a0000 - 0x00007ffa054ac000 	F:\sts-4.17.0.RELEASE\plugins\org.eclipse.justj.openjdk.hotspot.jre.full.win32.x86_64_17.0.5.v20221102-0933\jre\bin\vcruntime140_1.dll
0x00007ffa013c0000 - 0x00007ffa01451000 	F:\sts-4.17.0.RELEASE\plugins\org.eclipse.justj.openjdk.hotspot.jre.full.win32.x86_64_17.0.5.v20221102-0933\jre\bin\msvcp140.dll
0x00007ff9e0fe0000 - 0x00007ff9e1c24000 	F:\sts-4.17.0.RELEASE\plugins\org.eclipse.justj.openjdk.hotspot.jre.full.win32.x86_64_17.0.5.v20221102-0933\jre\bin\server\jvm.dll
0x00007ffa176e0000 - 0x00007ffa1778e000 	C:\WINDOWS\System32\ADVAPI32.dll
0x00007ffa17b70000 - 0x00007ffa17c0c000 	C:\WINDOWS\System32\sechost.dll
0x00007ffa17f90000 - 0x00007ffa180b5000 	C:\WINDOWS\System32\RPCRT4.dll
0x00007ffa0bfe0000 - 0x00007ffa0c007000 	C:\WINDOWS\SYSTEM32\WINMM.dll
0x00007ffa03c10000 - 0x00007ffa03c19000 	C:\WINDOWS\SYSTEM32\WSOCK32.dll
0x00007ffa0f6f0000 - 0x00007ffa0f6fa000 	C:\WINDOWS\SYSTEM32\VERSION.dll
0x00007ffa17c10000 - 0x00007ffa17c7b000 	C:\WINDOWS\System32\WS2_32.dll
0x00007ffa14b30000 - 0x00007ffa14b42000 	C:\WINDOWS\SYSTEM32\kernel.appcore.dll
0x00007ffa13550000 - 0x00007ffa1355a000 	F:\sts-4.17.0.RELEASE\plugins\org.eclipse.justj.openjdk.hotspot.jre.full.win32.x86_64_17.0.5.v20221102-0933\jre\bin\jimage.dll
0x00007ffa13f40000 - 0x00007ffa14124000 	C:\WINDOWS\SYSTEM32\DBGHELP.DLL
0x00007ffa02da0000 - 0x00007ffa02dd5000 	C:\WINDOWS\SYSTEM32\dbgcore.DLL
0x00007ffa16b70000 - 0x00007ffa16bf2000 	C:\WINDOWS\System32\bcryptPrimitives.dll
0x00007ffa01ef0000 - 0x00007ffa01f15000 	F:\sts-4.17.0.RELEASE\plugins\org.eclipse.justj.openjdk.hotspot.jre.full.win32.x86_64_17.0.5.v20221102-0933\jre\bin\java.dll
0x00007ffa01e90000 - 0x00007ffa01ea8000 	F:\sts-4.17.0.RELEASE\plugins\org.eclipse.justj.openjdk.hotspot.jre.full.win32.x86_64_17.0.5.v20221102-0933\jre\bin\zip.dll
0x00007ffa18460000 - 0x00007ffa18ba4000 	C:\WINDOWS\System32\SHELL32.dll
0x00007ffa14380000 - 0x00007ffa14b12000 	C:\WINDOWS\SYSTEM32\windows.storage.dll
0x00007ffa180c0000 - 0x00007ffa18415000 	C:\WINDOWS\System32\combase.dll
0x00007ffa15c60000 - 0x00007ffa15c90000 	C:\WINDOWS\SYSTEM32\Wldp.dll
0x00007ffa17850000 - 0x00007ffa178fd000 	C:\WINDOWS\System32\SHCORE.dll
0x00007ffa17eb0000 - 0x00007ffa17f05000 	C:\WINDOWS\System32\shlwapi.dll
0x00007ffa16220000 - 0x00007ffa1623f000 	C:\WINDOWS\SYSTEM32\profapi.dll
0x00007ffa016a0000 - 0x00007ffa016b9000 	F:\sts-4.17.0.RELEASE\plugins\org.eclipse.justj.openjdk.hotspot.jre.full.win32.x86_64_17.0.5.v20221102-0933\jre\bin\net.dll
0x00007ffa0ebf0000 - 0x00007ffa0ecfc000 	C:\WINDOWS\SYSTEM32\WINHTTP.dll
0x00007ffa159c0000 - 0x00007ffa15a2a000 	C:\WINDOWS\system32\mswsock.dll
0x00007ffa01680000 - 0x00007ffa01695000 	F:\sts-4.17.0.RELEASE\plugins\org.eclipse.justj.openjdk.hotspot.jre.full.win32.x86_64_17.0.5.v20221102-0933\jre\bin\nio.dll
0x00007ffa02220000 - 0x00007ffa02229000 	F:\sts-4.17.0.RELEASE\plugins\org.eclipse.justj.openjdk.hotspot.jre.full.win32.x86_64_17.0.5.v20221102-0933\jre\bin\management.dll
0x00007ffa01e80000 - 0x00007ffa01e8b000 	F:\sts-4.17.0.RELEASE\plugins\org.eclipse.justj.openjdk.hotspot.jre.full.win32.x86_64_17.0.5.v20221102-0933\jre\bin\management_ext.dll
0x00007ffa17790000 - 0x00007ffa17798000 	C:\WINDOWS\System32\PSAPI.DLL
0x00007ff9fb370000 - 0x00007ff9fb387000 	C:\WINDOWS\system32\napinsp.dll
0x00007ff9fb280000 - 0x00007ff9fb29b000 	C:\WINDOWS\system32\pnrpnsp.dll
0x00007ff9fb180000 - 0x00007ff9fb195000 	C:\WINDOWS\system32\wshbth.dll
0x00007ffa11870000 - 0x00007ffa1188d000 	C:\WINDOWS\system32\NLAapi.dll
0x00007ffa156b0000 - 0x00007ffa156eb000 	C:\WINDOWS\SYSTEM32\IPHLPAPI.DLL
0x00007ffa156f0000 - 0x00007ffa157ba000 	C:\WINDOWS\SYSTEM32\DNSAPI.dll
0x00007ffa17c80000 - 0x00007ffa17c88000 	C:\WINDOWS\System32\NSI.dll
0x00007ff9fb160000 - 0x00007ff9fb172000 	C:\WINDOWS\System32\winrnr.dll
0x00007ffa0bfd0000 - 0x00007ffa0bfda000 	C:\Windows\System32\rasadhlp.dll
0x00007ffa0c490000 - 0x00007ffa0c510000 	C:\WINDOWS\System32\fwpuclnt.dll
0x00007ffa163e0000 - 0x00007ffa16407000 	C:\WINDOWS\System32\bcrypt.dll
0x00007ffa15bc0000 - 0x00007ffa15bd8000 	C:\WINDOWS\SYSTEM32\CRYPTSP.dll
0x00007ffa152e0000 - 0x00007ffa15314000 	C:\WINDOWS\system32\rsaenh.dll
0x00007ffa161e0000 - 0x00007ffa1620e000 	C:\WINDOWS\SYSTEM32\USERENV.dll
0x00007ffa15bb0000 - 0x00007ffa15bbc000 	C:\WINDOWS\SYSTEM32\CRYPTBASE.dll
0x00007ffa0ee80000 - 0x00007ffa0ee97000 	C:\WINDOWS\SYSTEM32\dhcpcsvc6.DLL
0x00007ffa0f720000 - 0x00007ffa0f73d000 	C:\WINDOWS\SYSTEM32\dhcpcsvc.DLL
0x00007ffa10910000 - 0x00007ffa10920000 	F:\sts-4.17.0.RELEASE\plugins\org.eclipse.justj.openjdk.hotspot.jre.full.win32.x86_64_17.0.5.v20221102-0933\jre\bin\verify.dll
0x00007ffa0ced0000 - 0x00007ffa0cede000 	F:\sts-4.17.0.RELEASE\plugins\org.eclipse.justj.openjdk.hotspot.jre.full.win32.x86_64_17.0.5.v20221102-0933\jre\bin\sunmscapi.dll
0x00007ffa16410000 - 0x00007ffa16566000 	C:\WINDOWS\System32\CRYPT32.dll
0x00007ffa15cd0000 - 0x00007ffa15cf7000 	C:\WINDOWS\SYSTEM32\ncrypt.dll
0x00007ffa15c90000 - 0x00007ffa15ccb000 	C:\WINDOWS\SYSTEM32\NTASN1.dll
0x00007ff9c66d0000 - 0x00007ff9c66d7000 	C:\WINDOWS\system32\wshunix.dll

dbghelp: loaded successfully - version: 4.0.5 - missing functions: none
symbol engine: initialized successfully - sym options: 0x614 - pdb path: .;F:\sts-4.17.0.RELEASE\plugins\org.eclipse.justj.openjdk.hotspot.jre.full.win32.x86_64_17.0.5.v20221102-0933\jre\bin;C:\WINDOWS\SYSTEM32;C:\WINDOWS\WinSxS\amd64_microsoft.windows.common-controls_6595b64144ccf1df_6.0.19041.1110_none_60b5254171f9507e;F:\sts-4.17.0.RELEASE\plugins\org.eclipse.justj.openjdk.hotspot.jre.full.win32.x86_64_17.0.5.v20221102-0933\jre\bin\server

VM Arguments:
jvm_args: -Dcom.sun.management.jmxremote -Dcom.sun.management.jmxremote.port=51835 -Dcom.sun.management.jmxremote.authenticate=false -Dcom.sun.management.jmxremote.ssl=false -Djava.rmi.server.hostname=localhost -Dspring.jmx.enabled=true -Dmanagement.endpoints.jmx.exposure.include=* -Dspring.application.admin.enabled=true -XX:TieredStopAtLevel=1 -Dspring.boot.project.name=Backend -Dfile.encoding=UTF-8 -XX:+ShowCodeDetailsInExceptionMessages -Xmx2048M 
java_command: com.example.demo.BackendApplication --spring.output.ansi.enabled=always --server.port=8001
java_class_path (initial): F:\SpringBoot\Backend\target\classes;C:\Users\DELL\.m2\repository\org\springframework\boot\spring-boot-starter-data-jpa\3.0.1\spring-boot-starter-data-jpa-3.0.1.jar;C:\Users\DELL\.m2\repository\org\springframework\boot\spring-boot-starter-aop\3.0.1\spring-boot-starter-aop-3.0.1.jar;C:\Users\DELL\.m2\repository\org\springframework\spring-aop\6.0.3\spring-aop-6.0.3.jar;C:\Users\DELL\.m2\repository\org\aspectj\aspectjweaver\1.9.19\aspectjweaver-1.9.19.jar;C:\Users\DELL\.m2\repository\org\springframework\boot\spring-boot-starter-jdbc\3.0.1\spring-boot-starter-jdbc-3.0.1.jar;C:\Users\DELL\.m2\repository\com\zaxxer\HikariCP\5.0.1\HikariCP-5.0.1.jar;C:\Users\DELL\.m2\repository\org\springframework\spring-jdbc\6.0.3\spring-jdbc-6.0.3.jar;C:\Users\DELL\.m2\repository\org\hibernate\orm\hibernate-core\6.1.6.Final\hibernate-core-6.1.6.Final.jar;C:\Users\DELL\.m2\repository\jakarta\persistence\jakarta.persistence-api\3.1.0\jakarta.persistence-api-3.1.0.jar;C:\Users\DELL\.m2\repository\jakarta\transaction\jakarta.transaction-api\2.0.1\jakarta.transaction-api-2.0.1.jar;C:\Users\DELL\.m2\repository\org\jboss\logging\jboss-logging\3.5.0.Final\jboss-logging-3.5.0.Final.jar;C:\Users\DELL\.m2\repository\org\hibernate\common\hibernate-commons-annotations\6.0.2.Final\hibernate-commons-annotations-6.0.2.Final.jar;C:\Users\DELL\.m2\repository\org\jboss\jandex\2.4.2.Final\jandex-2.4.2.Final.jar;C:\Users\DELL\.m2\repository\com\fasterxml\classmate\1.5.1\classmate-1.5.1.jar;C:\Users\DELL\.m2\repository\net\bytebuddy\byte-buddy\1.12.20\byte-buddy-1.12.20.jar;C:\Users\DELL\.m2\repository\org\glassfish\jaxb\jaxb-runtime\4.0.1\jaxb-runtime-4.0.1.jar;C:\Users\DELL\.m2\repository\org\glassfish\jaxb\jaxb-core\4.0.1\jaxb-core-4.0.1.jar;C:\Users\DELL\.m2\repository\org\eclipse\angus\angus-activation\1.0.0\angus-activation-1.0.0.jar;C:\Users\DELL\.m2\repository\org\glassfish\jaxb\txw2\4.0.1\txw2-4.0.1.jar;C:\Users\DELL\.m2\repository\com\sun\istack\istack-commons-runtime\4.
Launcher Type: SUN_STANDARD

[Global flags]
     intx CICompilerCount                          = 4                                         {product} {ergonomic}
     uint ConcGCThreads                            = 2                                         {product} {ergonomic}
     uint G1ConcRefinementThreads                  = 8                                         {product} {ergonomic}
   size_t G1HeapRegionSize                         = 1048576                                   {product} {ergonomic}
    uintx GCDrainStackTargetSize                   = 64                                        {product} {ergonomic}
   size_t InitialHeapSize                          = 132120576                                 {product} {ergonomic}
     bool ManagementServer                         = true                                      {product} {command line}
   size_t MarkStackSize                            = 4194304                                   {product} {ergonomic}
   size_t MaxHeapSize                              = 2147483648                                {product} {command line}
   size_t MaxNewSize                               = 1287651328                                {product} {ergonomic}
   size_t MinHeapDeltaBytes                        = 1048576                                   {product} {ergonomic}
   size_t MinHeapSize                              = 8388608                                   {product} {ergonomic}
    uintx NonProfiledCodeHeapSize                  = 0                                      {pd product} {ergonomic}
     bool ProfileInterpreter                       = false                                  {pd product} {command line}
    uintx ProfiledCodeHeapSize                     = 0                                      {pd product} {ergonomic}
     bool ShowCodeDetailsInExceptionMessages       = true                                   {manageable} {command line}
   size_t SoftMaxHeapSize                          = 2147483648                             {manageable} {ergonomic}
     intx TieredStopAtLevel                        = 1                                         {product} {command line}
     bool UseCompressedClassPointers               = true                           {product lp64_product} {ergonomic}
     bool UseCompressedOops                        = true                           {product lp64_product} {ergonomic}
     bool UseG1GC                                  = true                                      {product} {ergonomic}
     bool UseLargePagesIndividualAllocation        = false                                  {pd product} {ergonomic}

Logging:
Log output configuration:
 #0: stdout all=warning uptime,level,tags
 #1: stderr all=off uptime,level,tags

Environment Variables:
JAVA_HOME=C:\Program Files\Java\jdk1.8.0_45
_JAVA_OPTIONS=  -Xmx2048M
PATH=F:/sts-4.17.0.RELEASE//plugins/org.eclipse.justj.openjdk.hotspot.jre.full.win32.x86_64_17.0.5.v20221102-0933/jre/bin/server;F:/sts-4.17.0.RELEASE//plugins/org.eclipse.justj.openjdk.hotspot.jre.full.win32.x86_64_17.0.5.v20221102-0933/jre/bin;C:\Program Files (x86)\Common Files\Oracle\Java\javapath;C:\ProgramData\Oracle\Java\javapath;C:\Program Files (x86)\Intel\Intel(R) Management Engine Components\iCLS\;C:\Program Files\Intel\Intel(R) Management Engine Components\iCLS\;C:\WINDOWS\system32;C:\WINDOWS;C:\WINDOWS\System32\Wbem;C:\WINDOWS\System32\WindowsPowerShell\v1.0\;C:\WINDOWS\System32\OpenSSH\;C:\Program Files (x86)\Intel\Intel(R) Management Engine Components\DAL;C:\Program Files\Intel\Intel(R) Management Engine Components\DAL;C:\Program Files (x86)\Intel\Intel(R) Management Engine Components\IPT;C:\Program Files\Intel\Intel(R) Management Engine Components\IPT;C:\Program Files\Java\jdk-15.0.1\bin;C:\Program Files\Java\jdk-16.0.1\bin;C:\Program Files (x86)\CodeBlocks\MinGW\bin;C:\Program Files (x86)\GnuWin32\bin;C:\Program Files\glassfish-4.1.1\bin;C:\Program Files\nodejs\;C:\Program Files\MongoDB\Server\5.0\bin;C:\Users\DELL\Postman\file;C:\Program Files\dotnet\;C:\Program Files\Microsoft SQL Server\150\Tools\Binn\;C:\Program Files\Microsoft SQL Server\Client SDK\ODBC\170\Tools\Binn\;F:\apache-maven-3.8.6\bin;C:\Program Files\Java\jre1.8.0_45\bin;F:\NetBeans 8.1\bin;C:\Users\DELL\AppData\Local\Microsoft\WindowsApps;C:\iverilog\bin;C:\iverilog\gtkwave\bin;C:\Program Files\Java\jdk1.7.0_80\bin;C:\Program Files\Java\jdk1.8.0_45\bin;C:\Users\DELL\AppData\Roaming\npm;C:\Program Files\MongoDB\Server\5.0\bin;C:\Flex Windows\gcc\bin;C:\Flex Windows\Lex\bin;C:\Flex Windows\bison\bin;C:\Users\DELL\AppData\Local\GitHubDesktop\bin;C:\Users\DELL\.dotnet\tools;H:\Microsoft VS Code\bin;F:\sts-4.17.0.RELEASE;
USERNAME=DELL
OS=Windows_NT
PROCESSOR_IDENTIFIER=Intel64 Family 6 Model 142 Stepping 10, GenuineIntel
TMP=C:\Users\DELL\AppData\Local\Temp
TEMP=C:\Users\DELL\AppData\Local\Temp



---------------  S Y S T E M  ---------------

OS:
 Windows 10 , 64 bit Build 19041 (10.0.19041.2364)
OS uptime: 0 days 1:06 hours

CPU: total 8 (initial active 8) (4 cores per cpu, 2 threads per core) family 6 model 142 stepping 10 microcode 0xca, cx8, cmov, fxsr, ht, mmx, 3dnowpref, sse, sse2, sse3, ssse3, sse4.1, sse4.2, popcnt, lzcnt, tsc, tscinvbit, avx, avx2, aes, erms, clmul, bmi1, bmi2, adx, fma, vzeroupper, clflush, clflushopt

Memory: 4k page, system-wide physical 8056M (637M free)
TotalPageFile size 8056M (AvailPageFile size 7M)
current process WorkingSet (physical memory assigned to process): 198M, peak: 198M
current process commit charge ("private bytes"): 232M, peak: 232M

vm_info: OpenJDK 64-Bit Server VM (17.0.5+8) for windows-amd64 JRE (17.0.5+8), built on Oct 19 2022 04:48:13 by "temurin" with MS VC++ 16.7 (VS2019)

END.
