#
# There is insufficient memory for the Java Runtime Environment to continue.
# Native memory allocation (malloc) failed to allocate 32744 bytes for ChunkPool::allocate
# Possible reasons:
#   The system is out of physical RAM or swap space
#   The process is running with CompressedOops enabled, and the Java Heap may be blocking the growth of the native heap
# Possible solutions:
#   Reduce memory load on the system
#   Increase physical memory or swap space
#   Check if swap backing store is full
#   Decrease Java heap size (-Xmx/-Xms)
#   Decrease number of Java threads
#   Decrease Java thread stack sizes (-Xss)
#   Set larger code cache with -XX:ReservedCodeCacheSize=
#   JVM is running with Unscaled Compressed Oops mode in which the Java heap is
#     placed in the first 4GB address space. The Java Heap base address is the
#     maximum limit for the native heap growth. Please use -XX:HeapBaseMinAddress
#     to set the Java Heap base and to place the Java Heap above 4GB virtual address.
# This output file may be truncated or incomplete.
#
#  Out of Memory Error (arena.cpp:78), pid=12708, tid=15904
#
# JRE version: OpenJDK Runtime Environment Temurin-17.0.5+8 (17.0.5+8) (build 17.0.5+8)
# Java VM: OpenJDK 64-Bit Server VM Temurin-17.0.5+8 (17.0.5+8, mixed mode, emulated-client, tiered, compressed oops, compressed class ptrs, g1 gc, windows-amd64)
# No core dump will be written. Minidumps are not enabled by default on client versions of Windows
#

---------------  S U M M A R Y ------------

Command Line: -Dcom.sun.management.jmxremote -Dcom.sun.management.jmxremote.port=49797 -Dcom.sun.management.jmxremote.authenticate=false -Dcom.sun.management.jmxremote.ssl=false -Djava.rmi.server.hostname=localhost -Dspring.jmx.enabled=true -Dmanagement.endpoints.jmx.exposure.include=* -Dspring.application.admin.enabled=true -XX:TieredStopAtLevel=1 -Dspring.boot.project.name=Backend -Dfile.encoding=UTF-8 -XX:+ShowCodeDetailsInExceptionMessages -Xmx2048M com.example.demo.BackendApplication --spring.output.ansi.enabled=always --server.port=8001

Host: Intel(R) Core(TM) i5-8250U CPU @ 1.60GHz, 8 cores, 7G,  Windows 10 , 64 bit Build 19041 (10.0.19041.2364)
Time: Mon Jan 16 14:47:38 2023 India Standard Time elapsed time: 557.715891 seconds (0d 0h 9m 17s)

---------------  T H R E A D  ---------------

Current thread (0x00000272648a14c0):  JavaThread "C1 CompilerThread2" daemon [_thread_in_native, id=15904, stack(0x0000009442300000,0x0000009442400000)]


Current CompileTask:
C1: 557716 8084       1       org.apache.catalina.core.StandardEngine::logAccess (268 bytes)

Stack: [0x0000009442300000,0x0000009442400000]
Native frames: (J=compiled Java code, j=interpreted, Vv=VM code, C=native code)
V  [jvm.dll+0x676b3a]
V  [jvm.dll+0x831444]
V  [jvm.dll+0x832bee]
V  [jvm.dll+0x833253]
V  [jvm.dll+0x244ce5]
V  [jvm.dll+0xabdcc]
V  [jvm.dll+0xac17c]
V  [jvm.dll+0x13dcc5]
V  [jvm.dll+0x140085]
V  [jvm.dll+0x13e364]
V  [jvm.dll+0x146d1d]
V  [jvm.dll+0x146245]
V  [jvm.dll+0x13dace]
V  [jvm.dll+0x140085]
V  [jvm.dll+0x13e364]
V  [jvm.dll+0x146d1d]
V  [jvm.dll+0x146245]
V  [jvm.dll+0x147479]
V  [jvm.dll+0x14617e]
V  [jvm.dll+0x13dace]
V  [jvm.dll+0x140085]
V  [jvm.dll+0x13e364]
V  [jvm.dll+0x146d1d]
V  [jvm.dll+0x146245]
V  [jvm.dll+0x13dace]
V  [jvm.dll+0x140085]
V  [jvm.dll+0x13e26c]
V  [jvm.dll+0x146d1d]
V  [jvm.dll+0x146245]
V  [jvm.dll+0x13dace]
V  [jvm.dll+0x140085]
V  [jvm.dll+0x13e364]
V  [jvm.dll+0x1382ef]
V  [jvm.dll+0x147e36]
V  [jvm.dll+0x133a00]
V  [jvm.dll+0x133d60]
V  [jvm.dll+0x134026]
V  [jvm.dll+0x1334ba]
V  [jvm.dll+0x135181]
V  [jvm.dll+0x22698a]
V  [jvm.dll+0x224ac5]
V  [jvm.dll+0x7e727b]
V  [jvm.dll+0x7e17ea]
V  [jvm.dll+0x6759e5]
C  [ucrtbase.dll+0x21bb2]
C  [KERNEL32.DLL+0x17614]
C  [ntdll.dll+0x526a1]


---------------  P R O C E S S  ---------------

Threads class SMR info:
_java_thread_list=0x00000272644b5940, length=37, elements={
0x00000272640133e0, 0x00000272633f39e0, 0x000002726342b010, 0x000002726342ba30,
0x000002726342c5b0, 0x000002726342e490, 0x0000027264038510, 0x0000027264038e10,
0x0000027264187910, 0x0000027264217e60, 0x000002726471ce70, 0x000002726472fdb0,
0x000002726471a330, 0x000002726476d860, 0x00000272647d0c90, 0x0000027265e9b4c0,
0x0000027265e9b990, 0x0000027265e9d670, 0x0000027265e9d1a0, 0x0000027265e9be60,
0x0000027265e9ccd0, 0x0000027265e9c330, 0x0000027265e9c800, 0x0000027265e9a650,
0x0000027265e9ab20, 0x0000027265e9a180, 0x0000027265e9aff0, 0x0000027268ba7600,
0x0000027268babe30, 0x0000027268ba8940, 0x0000027268bac300, 0x0000027268baaaf0,
0x0000027268ba7fa0, 0x0000027268ba8470, 0x00000272689bb830, 0x00000272648a14c0,
0x00000272648a19d0
}

Java Threads: ( => current thread )
  0x00000272640133e0 JavaThread "Reference Handler" daemon [_thread_blocked, id=12316, stack(0x0000009442c00000,0x0000009442d00000)]
  0x00000272633f39e0 JavaThread "Finalizer" daemon [_thread_blocked, id=7208, stack(0x0000009442d00000,0x0000009442e00000)]
  0x000002726342b010 JavaThread "Signal Dispatcher" daemon [_thread_blocked, id=11544, stack(0x0000009442e00000,0x0000009442f00000)]
  0x000002726342ba30 JavaThread "Attach Listener" daemon [_thread_blocked, id=11524, stack(0x0000009442f00000,0x0000009443000000)]
  0x000002726342c5b0 JavaThread "Service Thread" daemon [_thread_blocked, id=9704, stack(0x0000009443000000,0x0000009443100000)]
  0x000002726342e490 JavaThread "Monitor Deflation Thread" daemon [_thread_blocked, id=5172, stack(0x0000009443100000,0x0000009443200000)]
  0x0000027264038510 JavaThread "C1 CompilerThread0" daemon [_thread_blocked, id=12292, stack(0x0000009443200000,0x0000009443300000)]
  0x0000027264038e10 JavaThread "Sweeper thread" daemon [_thread_blocked, id=12372, stack(0x0000009443300000,0x0000009443400000)]
  0x0000027264187910 JavaThread "Common-Cleaner" daemon [_thread_blocked, id=13080, stack(0x0000009443400000,0x0000009443500000)]
  0x0000027264217e60 JavaThread "Notification Thread" daemon [_thread_blocked, id=12804, stack(0x0000009443600000,0x0000009443700000)]
  0x000002726471ce70 JavaThread "RMI TCP Accept-0" daemon [_thread_in_native, id=12768, stack(0x0000009443700000,0x0000009443800000)]
  0x000002726472fdb0 JavaThread "RMI TCP Accept-49797" daemon [_thread_in_native, id=10052, stack(0x0000009443800000,0x0000009443900000)]
  0x000002726471a330 JavaThread "RMI TCP Accept-0" daemon [_thread_in_native, id=13120, stack(0x0000009443900000,0x0000009443a00000)]
  0x000002726476d860 JavaThread "RMI Scheduler(0)" daemon [_thread_blocked, id=13092, stack(0x0000009443c00000,0x0000009443d00000)]
  0x00000272647d0c90 JavaThread "JMX server connection timeout 22" daemon [_thread_blocked, id=9356, stack(0x0000009443e00000,0x0000009443f00000)]
  0x0000027265e9b4c0 JavaThread "Catalina-utility-1" [_thread_blocked, id=11436, stack(0x0000009444a00000,0x0000009444b00000)]
  0x0000027265e9b990 JavaThread "Catalina-utility-2" [_thread_blocked, id=12892, stack(0x0000009444c00000,0x0000009444d00000)]
  0x0000027265e9d670 JavaThread "container-0" [_thread_blocked, id=12780, stack(0x0000009444d00000,0x0000009444e00000)]
  0x0000027265e9d1a0 JavaThread "mysql-cj-abandoned-connection-cleanup" daemon [_thread_blocked, id=11444, stack(0x0000009444e00000,0x0000009444f00000)]
  0x0000027265e9be60 JavaThread "HikariPool-1 housekeeper" daemon [_thread_blocked, id=12748, stack(0x0000009444f00000,0x0000009445000000)]
  0x0000027265e9ccd0 JavaThread "http-nio-8001-exec-1" daemon [_thread_blocked, id=11788, stack(0x0000009445100000,0x0000009445200000)]
  0x0000027265e9c330 JavaThread "http-nio-8001-exec-2" daemon [_thread_blocked, id=11808, stack(0x0000009445200000,0x0000009445300000)]
  0x0000027265e9c800 JavaThread "http-nio-8001-exec-3" daemon [_thread_blocked, id=9040, stack(0x0000009445300000,0x0000009445400000)]
  0x0000027265e9a650 JavaThread "http-nio-8001-exec-4" daemon [_thread_blocked, id=11488, stack(0x0000009445400000,0x0000009445500000)]
  0x0000027265e9ab20 JavaThread "http-nio-8001-exec-5" daemon [_thread_blocked, id=12572, stack(0x0000009445500000,0x0000009445600000)]
  0x0000027265e9a180 JavaThread "http-nio-8001-exec-6" daemon [_thread_blocked, id=7492, stack(0x0000009445600000,0x0000009445700000)]
  0x0000027265e9aff0 JavaThread "http-nio-8001-exec-7" daemon [_thread_blocked, id=12704, stack(0x0000009445700000,0x0000009445800000)]
  0x0000027268ba7600 JavaThread "http-nio-8001-exec-8" daemon [_thread_blocked, id=11348, stack(0x0000009445800000,0x0000009445900000)]
  0x0000027268babe30 JavaThread "http-nio-8001-exec-9" daemon [_thread_blocked, id=7132, stack(0x0000009445900000,0x0000009445a00000)]
  0x0000027268ba8940 JavaThread "http-nio-8001-exec-10" daemon [_thread_blocked, id=13096, stack(0x0000009445a00000,0x0000009445b00000)]
  0x0000027268bac300 JavaThread "http-nio-8001-Poller" daemon [_thread_in_native, id=5152, stack(0x0000009445b00000,0x0000009445c00000)]
  0x0000027268baaaf0 JavaThread "http-nio-8001-Acceptor" daemon [_thread_in_native, id=12856, stack(0x0000009445c00000,0x0000009445d00000)]
  0x0000027268ba7fa0 JavaThread "DestroyJavaVM" [_thread_blocked, id=7240, stack(0x0000009442500000,0x0000009442600000)]
  0x0000027268ba8470 JavaThread "RMI TCP Connection(17)-127.0.0.1" daemon [_thread_in_native, id=11716, stack(0x0000009446200000,0x0000009446300000)]
  0x00000272689bb830 JavaThread "C1 CompilerThread1" daemon [_thread_in_native, id=15820, stack(0x0000009442200000,0x0000009442300000)]
=>0x00000272648a14c0 JavaThread "C1 CompilerThread2" daemon [_thread_in_native, id=15904, stack(0x0000009442300000,0x0000009442400000)]
  0x00000272648a19d0 JavaThread "C1 CompilerThread3" daemon [_thread_blocked, id=14852, stack(0x0000009442400000,0x0000009442500000)]

Other Threads:
  0x000002726341bea0 VMThread "VM Thread" [stack: 0x0000009442b00000,0x0000009442c00000] [id=12328]
  0x0000027264730280 WatcherThread [stack: 0x0000009443a00000,0x0000009443b00000] [id=13128]
  0x00000272535f65a0 GCTaskThread "GC Thread#0" [stack: 0x0000009442600000,0x0000009442700000] [id=12788]
  0x0000027264b3c820 GCTaskThread "GC Thread#1" [stack: 0x0000009444100000,0x0000009444200000] [id=3428]
  0x0000027264b3cad0 GCTaskThread "GC Thread#2" [stack: 0x0000009444200000,0x0000009444300000] [id=11804]
  0x0000027264b79870 GCTaskThread "GC Thread#3" [stack: 0x0000009444300000,0x0000009444400000] [id=9232]
  0x0000027264b79b20 GCTaskThread "GC Thread#4" [stack: 0x0000009444400000,0x0000009444500000] [id=13048]
  0x0000027264b81de0 GCTaskThread "GC Thread#5" [stack: 0x0000009444500000,0x0000009444600000] [id=11708]
  0x0000027264b844a0 GCTaskThread "GC Thread#6" [stack: 0x0000009444600000,0x0000009444700000] [id=10128]
  0x0000027264b84750 GCTaskThread "GC Thread#7" [stack: 0x0000009444700000,0x0000009444800000] [id=9260]
  0x00000272536073f0 ConcurrentGCThread "G1 Main Marker" [stack: 0x0000009442700000,0x0000009442800000] [id=12412]
  0x00000272536084b0 ConcurrentGCThread "G1 Conc#0" [stack: 0x0000009442800000,0x0000009442900000] [id=13164]
  0x00000272658a23a0 ConcurrentGCThread "G1 Conc#1" [stack: 0x0000009444b00000,0x0000009444c00000] [id=11408]
  0x000002725365e2e0 ConcurrentGCThread "G1 Refine#0" [stack: 0x0000009442900000,0x0000009442a00000] [id=4716]
  0x0000027264b3cd80 ConcurrentGCThread "G1 Refine#1" [stack: 0x0000009444800000,0x0000009444900000] [id=9032]
  0x000002726436c1c0 ConcurrentGCThread "G1 Refine#2" [stack: 0x0000009444900000,0x0000009444a00000] [id=11400]
  0x000002725365ec10 ConcurrentGCThread "G1 Service" [stack: 0x0000009442a00000,0x0000009442b00000] [id=11676]

Threads with active compile tasks:
C1 CompilerThread1   559393 8085   !   1       org.apache.catalina.connector.Request::recycle (332 bytes)
C1 CompilerThread2   559393 8084       1       org.apache.catalina.core.StandardEngine::logAccess (268 bytes)

VM state: not at safepoint (normal execution)

VM Mutex/Monitor currently owned by a thread: None

Heap address: 0x0000000080000000, size: 2048 MB, Compressed Oops mode: 32-bit

CDS archive(s) not mapped
Compressed class space mapped at: 0x0000000100000000-0x0000000140000000, reserved size: 1073741824
Narrow klass base: 0x0000000000000000, Narrow klass shift: 3, Narrow klass range: 0x140000000

GC Precious Log:
 CPUs: 8 total, 8 available
 Memory: 8056M
 Large Page Support: Disabled
 NUMA Support: Disabled
 Compressed Oops: Enabled (32-bit)
 Heap Region Size: 1M
 Heap Min Capacity: 8M
 Heap Initial Capacity: 126M
 Heap Max Capacity: 2G
 Pre-touch: Disabled
 Parallel Workers: 8
 Concurrent Workers: 2
 Concurrent Refinement Workers: 8
 Periodic GC: Disabled

Heap:
 garbage-first heap   total 67584K, used 50721K [0x0000000080000000, 0x0000000100000000)
  region size 1024K, 27 young (27648K), 1 survivors (1024K)
 Metaspace       used 65033K, committed 65472K, reserved 1105920K
  class space    used 8825K, committed 9024K, reserved 1048576K

Heap Regions: E=young(eden), S=young(survivor), O=old, HS=humongous(starts), HC=humongous(continues), CS=collection set, F=free, OA=open archive, CA=closed archive, TAMS=top-at-mark-start (previous, next)
|   0|0x0000000080000000, 0x0000000080100000, 0x0000000080100000|100%|HS|  |TAMS 0x0000000080100000, 0x0000000080000000| Complete 
|   1|0x0000000080100000, 0x0000000080200000, 0x0000000080200000|100%| O|  |TAMS 0x0000000080200000, 0x0000000080100000| Untracked 
|   2|0x0000000080200000, 0x0000000080300000, 0x0000000080300000|100%| O|  |TAMS 0x0000000080300000, 0x0000000080200000| Untracked 
|   3|0x0000000080300000, 0x0000000080400000, 0x0000000080400000|100%| O|  |TAMS 0x0000000080400000, 0x0000000080300000| Untracked 
|   4|0x0000000080400000, 0x0000000080500000, 0x0000000080500000|100%| O|  |TAMS 0x0000000080500000, 0x0000000080400000| Untracked 
|   5|0x0000000080500000, 0x0000000080600000, 0x0000000080600000|100%| O|  |TAMS 0x0000000080600000, 0x0000000080500000| Untracked 
|   6|0x0000000080600000, 0x00000000806ea000, 0x0000000080700000| 91%| O|  |TAMS 0x00000000806ea000, 0x0000000080600000| Untracked 
|   7|0x0000000080700000, 0x0000000080800000, 0x0000000080800000|100%| O|  |TAMS 0x0000000080800000, 0x0000000080700000| Untracked 
|   8|0x0000000080800000, 0x0000000080900000, 0x0000000080900000|100%| O|  |TAMS 0x0000000080900000, 0x0000000080800000| Untracked 
|   9|0x0000000080900000, 0x0000000080900000, 0x0000000080a00000|  0%| F|  |TAMS 0x0000000080900000, 0x0000000080900000| Untracked 
|  10|0x0000000080a00000, 0x0000000080a26800, 0x0000000080b00000| 15%| O|  |TAMS 0x0000000080a00000, 0x0000000080a00000| Untracked 
|  11|0x0000000080b00000, 0x0000000080b00000, 0x0000000080c00000|  0%| F|  |TAMS 0x0000000080b00000, 0x0000000080b00000| Untracked 
|  12|0x0000000080c00000, 0x0000000080c00000, 0x0000000080d00000|  0%| F|  |TAMS 0x0000000080c00000, 0x0000000080c00000| Untracked 
|  13|0x0000000080d00000, 0x0000000080e00000, 0x0000000080e00000|100%| O|  |TAMS 0x0000000080e00000, 0x0000000080d00000| Untracked 
|  14|0x0000000080e00000, 0x0000000080e00000, 0x0000000080f00000|  0%| F|  |TAMS 0x0000000080e00000, 0x0000000080e00000| Untracked 
|  15|0x0000000080f00000, 0x0000000081000000, 0x0000000081000000|100%| O|  |TAMS 0x0000000081000000, 0x0000000080f00000| Untracked 
|  16|0x0000000081000000, 0x0000000081100000, 0x0000000081100000|100%| O|  |TAMS 0x0000000081100000, 0x0000000081000000| Untracked 
|  17|0x0000000081100000, 0x0000000081200000, 0x0000000081200000|100%| O|  |TAMS 0x0000000081200000, 0x0000000081100000| Untracked 
|  18|0x0000000081200000, 0x0000000081300000, 0x0000000081300000|100%| O|  |TAMS 0x0000000081300000, 0x0000000081200000| Untracked 
|  19|0x0000000081300000, 0x0000000081400000, 0x0000000081400000|100%| O|  |TAMS 0x0000000081400000, 0x0000000081300000| Untracked 
|  20|0x0000000081400000, 0x0000000081500000, 0x0000000081500000|100%| O|  |TAMS 0x0000000081500000, 0x0000000081400000| Untracked 
|  21|0x0000000081500000, 0x0000000081600000, 0x0000000081600000|100%| O|  |TAMS 0x0000000081600000, 0x0000000081500000| Untracked 
|  22|0x0000000081600000, 0x0000000081700000, 0x0000000081700000|100%| O|  |TAMS 0x0000000081700000, 0x0000000081600000| Untracked 
|  23|0x0000000081700000, 0x0000000081700000, 0x0000000081800000|  0%| F|  |TAMS 0x0000000081700000, 0x0000000081700000| Untracked 
|  24|0x0000000081800000, 0x0000000081900000, 0x0000000081900000|100%| O|  |TAMS 0x0000000081852400, 0x0000000081800000| Untracked 
|  25|0x0000000081900000, 0x0000000081a00000, 0x0000000081a00000|100%| O|  |TAMS 0x0000000081900000, 0x0000000081900000| Untracked 
|  26|0x0000000081a00000, 0x0000000081b00000, 0x0000000081b00000|100%| O|  |TAMS 0x0000000081a00000, 0x0000000081a00000| Untracked 
|  27|0x0000000081b00000, 0x0000000081c00000, 0x0000000081c00000|100%| O|  |TAMS 0x0000000081b00000, 0x0000000081b00000| Untracked 
|  28|0x0000000081c00000, 0x0000000081d00000, 0x0000000081d00000|100%| O|  |TAMS 0x0000000081c00000, 0x0000000081c00000| Untracked 
|  29|0x0000000081d00000, 0x0000000081e00000, 0x0000000081e00000|100%| O|  |TAMS 0x0000000081d00000, 0x0000000081d00000| Untracked 
|  30|0x0000000081e00000, 0x0000000081f00000, 0x0000000081f00000|100%| O|  |TAMS 0x0000000081e00000, 0x0000000081e00000| Untracked 
|  31|0x0000000081f00000, 0x0000000081f00000, 0x0000000082000000|  0%| F|  |TAMS 0x0000000081f00000, 0x0000000081f00000| Untracked 
|  32|0x0000000082000000, 0x0000000082000000, 0x0000000082100000|  0%| F|  |TAMS 0x0000000082000000, 0x0000000082000000| Untracked 
|  33|0x0000000082100000, 0x0000000082100000, 0x0000000082200000|  0%| F|  |TAMS 0x0000000082100000, 0x0000000082100000| Untracked 
|  34|0x0000000082200000, 0x0000000082200000, 0x0000000082300000|  0%| F|  |TAMS 0x0000000082200000, 0x0000000082200000| Untracked 
|  35|0x0000000082300000, 0x0000000082300000, 0x0000000082400000|  0%| F|  |TAMS 0x0000000082300000, 0x0000000082300000| Untracked 
|  36|0x0000000082400000, 0x0000000082400000, 0x0000000082500000|  0%| F|  |TAMS 0x0000000082400000, 0x0000000082400000| Untracked 
|  37|0x0000000082500000, 0x0000000082500000, 0x0000000082600000|  0%| F|  |TAMS 0x0000000082500000, 0x0000000082500000| Untracked 
|  38|0x0000000082600000, 0x0000000082677fd0, 0x0000000082700000| 46%| S|CS|TAMS 0x0000000082600000, 0x0000000082600000| Complete 
|  39|0x0000000082700000, 0x0000000082700000, 0x0000000082800000|  0%| F|  |TAMS 0x0000000082700000, 0x0000000082700000| Untracked 
|  40|0x0000000082800000, 0x00000000828f5190, 0x0000000082900000| 95%| E|  |TAMS 0x0000000082800000, 0x0000000082800000| Complete 
|  41|0x0000000082900000, 0x0000000082a00000, 0x0000000082a00000|100%| E|CS|TAMS 0x0000000082900000, 0x0000000082900000| Complete 
|  42|0x0000000082a00000, 0x0000000082b00000, 0x0000000082b00000|100%| E|CS|TAMS 0x0000000082a00000, 0x0000000082a00000| Complete 
|  43|0x0000000082b00000, 0x0000000082c00000, 0x0000000082c00000|100%| E|CS|TAMS 0x0000000082b00000, 0x0000000082b00000| Complete 
|  44|0x0000000082c00000, 0x0000000082d00000, 0x0000000082d00000|100%| E|CS|TAMS 0x0000000082c00000, 0x0000000082c00000| Complete 
|  45|0x0000000082d00000, 0x0000000082e00000, 0x0000000082e00000|100%| E|CS|TAMS 0x0000000082d00000, 0x0000000082d00000| Complete 
|  46|0x0000000082e00000, 0x0000000082f00000, 0x0000000082f00000|100%| E|  |TAMS 0x0000000082e00000, 0x0000000082e00000| Complete 
|  47|0x0000000082f00000, 0x0000000083000000, 0x0000000083000000|100%| E|CS|TAMS 0x0000000082f00000, 0x0000000082f00000| Complete 
|  48|0x0000000083000000, 0x0000000083100000, 0x0000000083100000|100%| E|CS|TAMS 0x0000000083000000, 0x0000000083000000| Complete 
|  49|0x0000000083100000, 0x0000000083200000, 0x0000000083200000|100%| E|CS|TAMS 0x0000000083100000, 0x0000000083100000| Complete 
|  50|0x0000000083200000, 0x0000000083300000, 0x0000000083300000|100%| E|CS|TAMS 0x0000000083200000, 0x0000000083200000| Complete 
|  51|0x0000000083300000, 0x0000000083400000, 0x0000000083400000|100%| E|CS|TAMS 0x0000000083300000, 0x0000000083300000| Complete 
|  52|0x0000000083400000, 0x0000000083500000, 0x0000000083500000|100%| E|CS|TAMS 0x0000000083400000, 0x0000000083400000| Complete 
|  53|0x0000000083500000, 0x0000000083600000, 0x0000000083600000|100%| E|CS|TAMS 0x0000000083500000, 0x0000000083500000| Complete 
|  54|0x0000000083600000, 0x0000000083700000, 0x0000000083700000|100%| E|CS|TAMS 0x0000000083600000, 0x0000000083600000| Complete 
|  55|0x0000000083700000, 0x0000000083800000, 0x0000000083800000|100%| E|CS|TAMS 0x0000000083700000, 0x0000000083700000| Complete 
|  56|0x0000000083800000, 0x0000000083900000, 0x0000000083900000|100%| E|CS|TAMS 0x0000000083800000, 0x0000000083800000| Complete 
|  57|0x0000000083900000, 0x0000000083a00000, 0x0000000083a00000|100%| E|CS|TAMS 0x0000000083900000, 0x0000000083900000| Complete 
|  58|0x0000000083a00000, 0x0000000083b00000, 0x0000000083b00000|100%| E|CS|TAMS 0x0000000083a00000, 0x0000000083a00000| Complete 
|  59|0x0000000083b00000, 0x0000000083c00000, 0x0000000083c00000|100%| E|CS|TAMS 0x0000000083b00000, 0x0000000083b00000| Complete 
|  60|0x0000000083c00000, 0x0000000083d00000, 0x0000000083d00000|100%| E|CS|TAMS 0x0000000083c00000, 0x0000000083c00000| Complete 
|  61|0x0000000083d00000, 0x0000000083e00000, 0x0000000083e00000|100%| E|CS|TAMS 0x0000000083d00000, 0x0000000083d00000| Complete 
|  62|0x0000000083e00000, 0x0000000083f00000, 0x0000000083f00000|100%| E|CS|TAMS 0x0000000083e00000, 0x0000000083e00000| Complete 
|  99|0x0000000086300000, 0x0000000086400000, 0x0000000086400000|100%| E|CS|TAMS 0x0000000086300000, 0x0000000086300000| Complete 
| 103|0x0000000086700000, 0x0000000086800000, 0x0000000086800000|100%| E|CS|TAMS 0x0000000086700000, 0x0000000086700000| Complete 
| 125|0x0000000087d00000, 0x0000000087e00000, 0x0000000087e00000|100%| E|CS|TAMS 0x0000000087d00000, 0x0000000087d00000| Complete 

Card table byte_map: [0x000002725c110000,0x000002725c510000] _byte_map_base: 0x000002725bd10000

Marking Bits (Prev, Next): (CMBitMap*) 0x00000272535f6b00, (CMBitMap*) 0x00000272535f6ac0
 Prev Bits: [0x000002725e910000, 0x0000027260910000)
 Next Bits: [0x000002725c910000, 0x000002725e910000)

Polling page: 0x0000027258400000

Metaspace:

Usage:
  Non-class:     54.89 MB used.
      Class:      8.62 MB used.
       Both:     63.51 MB used.

Virtual space:
  Non-class space:       56.00 MB reserved,      55.12 MB ( 98%) committed,  7 nodes.
      Class space:        1.00 GB reserved,       8.81 MB ( <1%) committed,  1 nodes.
             Both:        1.05 GB reserved,      63.94 MB (  6%) committed. 

Chunk freelists:
   Non-Class:  224.00 KB
       Class:  3.25 MB
        Both:  3.47 MB

MaxMetaspaceSize: unlimited
CompressedClassSpaceSize: 1.00 GB
Initial GC threshold: 21.00 MB
Current GC threshold: 105.25 MB
CDS: off
MetaspaceReclaimPolicy: balanced
 - commit_granule_bytes: 65536.
 - commit_granule_words: 8192.
 - virtual_space_node_default_size: 1048576.
 - enlarge_chunks_in_place: 1.
 - new_chunks_are_fully_committed: 0.
 - uncommit_free_chunks: 1.
 - use_allocation_guard: 0.
 - handle_deallocations: 1.


Internal statistics:

num_allocs_failed_limit: 6.
num_arena_births: 804.
num_arena_deaths: 284.
num_vsnodes_births: 8.
num_vsnodes_deaths: 0.
num_space_committed: 1023.
num_space_uncommitted: 0.
num_chunks_returned_to_freelist: 340.
num_chunks_taken_from_freelist: 3003.
num_chunk_merges: 123.
num_chunk_splits: 2053.
num_chunks_enlarged: 1561.
num_purges: 2.
num_inconsistent_stats: 0.

CodeCache: size=49152Kb used=15601Kb max_used=15601Kb free=33550Kb
 bounds [0x0000027258420000, 0x0000027259360000, 0x000002725b420000]
 total_blobs=8731 nmethods=8081 adapters=573
 compilation: disabled (not enough contiguous free space left)
              stopped_count=1, restarted_count=0
 full_count=1

Compilation events (20 events):
Event: 557.199 Thread 0x00000272689bb830 8079       1       java.io.PushbackInputStream::read (42 bytes)
Event: 557.199 Thread 0x00000272648a19d0 8080       1       java.io.PushbackInputStream::unread (40 bytes)
Event: 557.199 Thread 0x00000272689bb830 nmethod 8079 0x0000027259351b10 code [0x0000027259351cc0, 0x0000027259351eb8]
Event: 557.199 Thread 0x00000272648a19d0 nmethod 8080 0x0000027259352010 code [0x00000272593521c0, 0x00000272593523f8]
Event: 557.199 Thread 0x00000272689bb830 8081       1       com.fasterxml.jackson.databind.deser.DeserializerCache::hasValueDeserializerFor (32 bytes)
Event: 557.199 Thread 0x00000272648a19d0 8083   !   1       org.springframework.http.converter.json.AbstractJackson2HttpMessageConverter::readJavaType (289 bytes)
Event: 557.199 Thread 0x00000272689bb830 nmethod 8081 0x0000027259352510 code [0x00000272593526c0, 0x0000027259352818]
Event: 557.199 Thread 0x00000272689bb830 8069       1       org.apache.catalina.connector.Request::recycleCookieInfo (30 bytes)
Event: 557.199 Thread 0x00000272689bb830 nmethod 8069 0x0000027259352910 code [0x0000027259352ac0, 0x0000027259352c68]
Event: 557.200 Thread 0x00000272689bb830 8067       1       org.springframework.web.method.annotation.ModelFactory::updateModel (59 bytes)
Event: 557.200 Thread 0x00000272648a14c0 nmethod 8076 0x0000027259352e10 code [0x0000027259353160, 0x0000027259354248]
Event: 557.200 Thread 0x00000272648a14c0 8084       1       org.apache.catalina.core.StandardEngine::logAccess (268 bytes)
Event: 557.200 Thread 0x00000272689bb830 nmethod 8067 0x0000027259354e90 code [0x0000027259355080, 0x00000272593554d8]
Event: 557.200 Thread 0x00000272689bb830 8085   !   1       org.apache.catalina.connector.Request::recycle (332 bytes)
Event: 557.203 Thread 0x00000272648a19d0 nmethod 8083 0x0000027259355790 code [0x0000027259355ca0, 0x0000027259357518]
Event: 557.203 Thread 0x00000272648a19d0 8086       1       org.apache.catalina.connector.InputBuffer::recycle (121 bytes)
Event: 557.204 Thread 0x00000272648a19d0 nmethod 8086 0x0000027259359010 code [0x0000027259359240, 0x00000272593597a8]
Event: 557.204 Thread 0x00000272648a19d0 8072       1       org.springframework.web.servlet.mvc.method.annotation.HttpEntityMethodProcessor::handleReturnValue (422 bytes)
Event: 557.209 Thread 0x00000272648a19d0 nmethod 8072 0x0000027259359b10 code [0x0000027259359fc0, 0x000002725935b668]
Event: 557.210 Thread 0x0000027264038510 


GC Heap History (20 events):
Event: 12.571 GC heap before
{Heap before GC invocations=23 (full 0):
 garbage-first heap   total 43008K, used 33571K [0x0000000080000000, 0x0000000100000000)
  region size 1024K, 10 young (10240K), 1 survivors (1024K)
 Metaspace       used 59898K, committed 60416K, reserved 1105920K
  class space    used 8146K, committed 8384K, reserved 1048576K
}
Event: 12.577 GC heap after
{Heap after GC invocations=24 (full 0):
 garbage-first heap   total 43008K, used 24890K [0x0000000080000000, 0x0000000100000000)
  region size 1024K, 2 young (2048K), 2 survivors (2048K)
 Metaspace       used 59898K, committed 60416K, reserved 1105920K
  class space    used 8146K, committed 8384K, reserved 1048576K
}
Event: 12.837 GC heap before
{Heap before GC invocations=24 (full 0):
 garbage-first heap   total 43008K, used 34106K [0x0000000080000000, 0x0000000100000000)
  region size 1024K, 11 young (11264K), 2 survivors (2048K)
 Metaspace       used 60943K, committed 61440K, reserved 1105920K
  class space    used 8299K, committed 8512K, reserved 1048576K
}
Event: 12.839 GC heap after
{Heap after GC invocations=25 (full 0):
 garbage-first heap   total 43008K, used 25803K [0x0000000080000000, 0x0000000100000000)
  region size 1024K, 2 young (2048K), 2 survivors (2048K)
 Metaspace       used 60943K, committed 61440K, reserved 1105920K
  class space    used 8299K, committed 8512K, reserved 1048576K
}
Event: 12.990 GC heap before
{Heap before GC invocations=26 (full 0):
 garbage-first heap   total 46080K, used 33995K [0x0000000080000000, 0x0000000100000000)
  region size 1024K, 10 young (10240K), 2 survivors (2048K)
 Metaspace       used 61824K, committed 62336K, reserved 1105920K
  class space    used 8421K, committed 8640K, reserved 1048576K
}
Event: 12.992 GC heap after
{Heap after GC invocations=27 (full 0):
 garbage-first heap   total 46080K, used 26730K [0x0000000080000000, 0x0000000100000000)
  region size 1024K, 2 young (2048K), 2 survivors (2048K)
 Metaspace       used 61824K, committed 62336K, reserved 1105920K
  class space    used 8421K, committed 8640K, reserved 1048576K
}
Event: 457.863 GC heap before
{Heap before GC invocations=27 (full 0):
 garbage-first heap   total 46080K, used 36970K [0x0000000080000000, 0x0000000100000000)
  region size 1024K, 12 young (12288K), 2 survivors (2048K)
 Metaspace       used 63915K, committed 64384K, reserved 1105920K
  class space    used 8694K, committed 8896K, reserved 1048576K
}
Event: 457.868 GC heap after
{Heap after GC invocations=28 (full 0):
 garbage-first heap   total 46080K, used 27321K [0x0000000080000000, 0x0000000100000000)
  region size 1024K, 2 young (2048K), 2 survivors (2048K)
 Metaspace       used 63915K, committed 64384K, reserved 1105920K
  class space    used 8694K, committed 8896K, reserved 1048576K
}
Event: 553.542 GC heap before
{Heap before GC invocations=29 (full 0):
 garbage-first heap   total 50176K, used 35513K [0x0000000080000000, 0x0000000100000000)
  region size 1024K, 11 young (11264K), 2 survivors (2048K)
 Metaspace       used 65018K, committed 65472K, reserved 1105920K
  class space    used 8821K, committed 9024K, reserved 1048576K
}
Event: 553.545 GC heap after
{Heap after GC invocations=30 (full 0):
 garbage-first heap   total 50176K, used 28054K [0x0000000080000000, 0x0000000100000000)
  region size 1024K, 2 young (2048K), 2 survivors (2048K)
 Metaspace       used 65018K, committed 65472K, reserved 1105920K
  class space    used 8821K, committed 9024K, reserved 1048576K
}
Event: 553.593 GC heap before
{Heap before GC invocations=30 (full 0):
 garbage-first heap   total 50176K, used 29078K [0x0000000080000000, 0x0000000100000000)
  region size 1024K, 3 young (3072K), 2 survivors (2048K)
 Metaspace       used 65020K, committed 65472K, reserved 1105920K
  class space    used 8821K, committed 9024K, reserved 1048576K
}
Event: 553.598 GC heap after
{Heap after GC invocations=31 (full 0):
 garbage-first heap   total 50176K, used 25908K [0x0000000080000000, 0x0000000100000000)
  region size 1024K, 1 young (1024K), 1 survivors (1024K)
 Metaspace       used 65020K, committed 65472K, reserved 1105920K
  class space    used 8821K, committed 9024K, reserved 1048576K
}
Event: 553.633 GC heap before
{Heap before GC invocations=31 (full 0):
 garbage-first heap   total 50176K, used 26932K [0x0000000080000000, 0x0000000100000000)
  region size 1024K, 2 young (2048K), 1 survivors (1024K)
 Metaspace       used 65020K, committed 65472K, reserved 1105920K
  class space    used 8821K, committed 9024K, reserved 1048576K
}
Event: 553.635 GC heap after
{Heap after GC invocations=32 (full 0):
 garbage-first heap   total 67584K, used 25722K [0x0000000080000000, 0x0000000100000000)
  region size 1024K, 1 young (1024K), 1 survivors (1024K)
 Metaspace       used 65020K, committed 65472K, reserved 1105920K
  class space    used 8821K, committed 9024K, reserved 1048576K
}
Event: 554.640 GC heap before
{Heap before GC invocations=32 (full 0):
 garbage-first heap   total 67584K, used 51322K [0x0000000080000000, 0x0000000100000000)
  region size 1024K, 26 young (26624K), 1 survivors (1024K)
 Metaspace       used 65031K, committed 65472K, reserved 1105920K
  class space    used 8823K, committed 9024K, reserved 1048576K
}
Event: 554.642 GC heap after
{Heap after GC invocations=33 (full 0):
 garbage-first heap   total 67584K, used 25737K [0x0000000080000000, 0x0000000100000000)
  region size 1024K, 1 young (1024K), 1 survivors (1024K)
 Metaspace       used 65031K, committed 65472K, reserved 1105920K
  class space    used 8823K, committed 9024K, reserved 1048576K
}
Event: 555.710 GC heap before
{Heap before GC invocations=33 (full 0):
 garbage-first heap   total 67584K, used 52361K [0x0000000080000000, 0x0000000100000000)
  region size 1024K, 28 young (28672K), 1 survivors (1024K)
 Metaspace       used 65031K, committed 65472K, reserved 1105920K
  class space    used 8823K, committed 9024K, reserved 1048576K
}
Event: 555.711 GC heap after
{Heap after GC invocations=34 (full 0):
 garbage-first heap   total 67584K, used 26021K [0x0000000080000000, 0x0000000100000000)
  region size 1024K, 1 young (1024K), 1 survivors (1024K)
 Metaspace       used 65031K, committed 65472K, reserved 1105920K
  class space    used 8823K, committed 9024K, reserved 1048576K
}
Event: 556.955 GC heap before
{Heap before GC invocations=34 (full 0):
 garbage-first heap   total 67584K, used 53669K [0x0000000080000000, 0x0000000100000000)
  region size 1024K, 28 young (28672K), 1 survivors (1024K)
 Metaspace       used 65033K, committed 65472K, reserved 1105920K
  class space    used 8825K, committed 9024K, reserved 1048576K
}
Event: 556.956 GC heap after
{Heap after GC invocations=35 (full 0):
 garbage-first heap   total 67584K, used 26145K [0x0000000080000000, 0x0000000100000000)
  region size 1024K, 1 young (1024K), 1 survivors (1024K)
 Metaspace       used 65033K, committed 65472K, reserved 1105920K
  class space    used 8825K, committed 9024K, reserved 1048576K
}

Dll operation events (9 events):
Event: 0.009 Loaded shared library F:\sts-4.17.0.RELEASE\plugins\org.eclipse.justj.openjdk.hotspot.jre.full.win32.x86_64_17.0.5.v20221102-0933\jre\bin\java.dll
Event: 0.212 Loaded shared library F:\sts-4.17.0.RELEASE\plugins\org.eclipse.justj.openjdk.hotspot.jre.full.win32.x86_64_17.0.5.v20221102-0933\jre\bin\jimage.dll
Event: 0.226 Loaded shared library F:\sts-4.17.0.RELEASE\plugins\org.eclipse.justj.openjdk.hotspot.jre.full.win32.x86_64_17.0.5.v20221102-0933\jre\bin\net.dll
Event: 0.228 Loaded shared library F:\sts-4.17.0.RELEASE\plugins\org.eclipse.justj.openjdk.hotspot.jre.full.win32.x86_64_17.0.5.v20221102-0933\jre\bin\nio.dll
Event: 0.232 Loaded shared library F:\sts-4.17.0.RELEASE\plugins\org.eclipse.justj.openjdk.hotspot.jre.full.win32.x86_64_17.0.5.v20221102-0933\jre\bin\zip.dll
Event: 0.312 Loaded shared library F:\sts-4.17.0.RELEASE\plugins\org.eclipse.justj.openjdk.hotspot.jre.full.win32.x86_64_17.0.5.v20221102-0933\jre\bin\management.dll
Event: 0.327 Loaded shared library F:\sts-4.17.0.RELEASE\plugins\org.eclipse.justj.openjdk.hotspot.jre.full.win32.x86_64_17.0.5.v20221102-0933\jre\bin\management_ext.dll
Event: 2.875 Loaded shared library F:\sts-4.17.0.RELEASE\plugins\org.eclipse.justj.openjdk.hotspot.jre.full.win32.x86_64_17.0.5.v20221102-0933\jre\bin\verify.dll
Event: 7.100 Loaded shared library F:\sts-4.17.0.RELEASE\plugins\org.eclipse.justj.openjdk.hotspot.jre.full.win32.x86_64_17.0.5.v20221102-0933\jre\bin\sunmscapi.dll

Deoptimization events (14 events):
Event: 3.048 Thread 0x000002725359b850 DEOPT PACKING pc=0x0000027258994c19 sp=0x00000094425fd150
Event: 3.048 Thread 0x000002725359b850 DEOPT UNPACKING pc=0x0000027258472b43 sp=0x00000094425fc630 mode 3
Event: 7.221 Thread 0x000002725359b850 DEOPT PACKING pc=0x0000027258c123fd sp=0x00000094425fc480
Event: 7.221 Thread 0x000002725359b850 DEOPT UNPACKING pc=0x0000027258472b43 sp=0x00000094425fb9e8 mode 3
Event: 11.893 Thread 0x000002725359b850 DEOPT PACKING pc=0x0000027258d7dd19 sp=0x00000094425fd6c0
Event: 11.893 Thread 0x000002725359b850 DEOPT UNPACKING pc=0x0000027258472b43 sp=0x00000094425fcba0 mode 3
Event: 12.239 Thread 0x000002725359b850 DEOPT PACKING pc=0x00000272589e6114 sp=0x00000094425fc340
Event: 12.239 Thread 0x000002725359b850 DEOPT UNPACKING pc=0x0000027258472b43 sp=0x00000094425fb898 mode 0
Event: 12.389 Thread 0x000002725359b850 DEOPT PACKING pc=0x0000027258a14ec2 sp=0x00000094425fdbc0
Event: 12.389 Thread 0x000002725359b850 DEOPT UNPACKING pc=0x0000027258472b43 sp=0x00000094425fd0c8 mode 3
Event: 12.389 Thread 0x000002725359b850 DEOPT PACKING pc=0x00000272589ce535 sp=0x00000094425fdb80
Event: 12.389 Thread 0x000002725359b850 DEOPT UNPACKING pc=0x0000027258472b43 sp=0x00000094425fd0c8 mode 3
Event: 553.648 Thread 0x0000027268ba7600 DEOPT PACKING pc=0x0000027258e95d7b sp=0x00000094458fd380
Event: 553.649 Thread 0x0000027268ba7600 DEOPT UNPACKING pc=0x0000027258472b43 sp=0x00000094458fc8a8 mode 3

Classes unloaded (20 events):
Event: 457.889 Thread 0x000002726341bea0 Unloading class 0x0000000100141c00 'java/lang/invoke/LambdaForm$MH+0x0000000100141c00'
Event: 457.889 Thread 0x000002726341bea0 Unloading class 0x0000000100141800 'jdk/internal/reflect/GeneratedSerializationConstructorAccessor3'
Event: 457.889 Thread 0x000002726341bea0 Unloading class 0x0000000100141400 'jdk/internal/reflect/GeneratedSerializationConstructorAccessor2'
Event: 457.889 Thread 0x000002726341bea0 Unloading class 0x0000000100141000 'jdk/internal/reflect/GeneratedSerializationConstructorAccessor1'
Event: 457.889 Thread 0x000002726341bea0 Unloading class 0x0000000100140800 'java/lang/invoke/LambdaForm$DMH+0x0000000100140800'
Event: 457.889 Thread 0x000002726341bea0 Unloading class 0x0000000100140000 'java/lang/invoke/LambdaForm$DMH+0x0000000100140000'
Event: 457.889 Thread 0x000002726341bea0 Unloading class 0x00000001000c6c00 'jdk/internal/reflect/GeneratedConstructorAccessor1'
Event: 457.889 Thread 0x000002726341bea0 Unloading class 0x00000001000c6000 'java/lang/invoke/LambdaForm$MH+0x00000001000c6000'
Event: 457.889 Thread 0x000002726341bea0 Unloading class 0x00000001000c5c00 'java/lang/invoke/LambdaForm$MH+0x00000001000c5c00'
Event: 457.889 Thread 0x000002726341bea0 Unloading class 0x00000001000c5800 'java/lang/invoke/LambdaForm$MH+0x00000001000c5800'
Event: 457.889 Thread 0x000002726341bea0 Unloading class 0x00000001000c5400 'java/lang/invoke/LambdaForm$MH+0x00000001000c5400'
Event: 457.889 Thread 0x000002726341bea0 Unloading class 0x00000001000c5000 'java/lang/invoke/LambdaForm$MH+0x00000001000c5000'
Event: 457.889 Thread 0x000002726341bea0 Unloading class 0x00000001000c4c00 'java/lang/invoke/LambdaForm$MH+0x00000001000c4c00'
Event: 457.889 Thread 0x000002726341bea0 Unloading class 0x00000001000c3c00 'java/lang/invoke/LambdaForm$MH+0x00000001000c3c00'
Event: 457.889 Thread 0x000002726341bea0 Unloading class 0x00000001000c3800 'java/lang/invoke/LambdaForm$MH+0x00000001000c3800'
Event: 457.889 Thread 0x000002726341bea0 Unloading class 0x00000001000c3000 'java/lang/invoke/LambdaForm$MH+0x00000001000c3000'
Event: 457.889 Thread 0x000002726341bea0 Unloading class 0x00000001000c2400 'java/lang/invoke/LambdaForm$MH+0x00000001000c2400'
Event: 457.889 Thread 0x000002726341bea0 Unloading class 0x00000001000c1c00 'java/lang/invoke/LambdaForm$MH+0x00000001000c1c00'
Event: 457.889 Thread 0x000002726341bea0 Unloading class 0x00000001000c1400 'java/lang/invoke/LambdaForm$MH+0x00000001000c1400'
Event: 457.889 Thread 0x000002726341bea0 Unloading class 0x00000001000c0c00 'java/lang/invoke/LambdaForm$MH+0x00000001000c0c00'

Classes redefined (0 events):
No events

Internal exceptions (20 events):
Event: 557.225 Thread 0x0000027265e9a650 Exception <a 'java/lang/NullPointerException'{0x0000000082d8e360}> (0x0000000082d8e360) 
thrown [s\src\hotspot\share\interpreter\linkResolver.cpp, line 1350]
Event: 557.229 Thread 0x0000027268ba7600 Exception <a 'java/lang/NullPointerException'{0x0000000082dd13e8}> (0x0000000082dd13e8) 
thrown [s\src\hotspot\share\interpreter\linkResolver.cpp, line 1350]
Event: 557.233 Thread 0x0000027265e9ccd0 Exception <a 'java/lang/NullPointerException'{0x0000000082dbea20}> (0x0000000082dbea20) 
thrown [s\src\hotspot\share\interpreter\linkResolver.cpp, line 1350]
Event: 557.237 Thread 0x0000027268ba8940 Exception <a 'java/lang/NullPointerException'{0x0000000082df6588}> (0x0000000082df6588) 
thrown [s\src\hotspot\share\interpreter\linkResolver.cpp, line 1350]
Event: 557.242 Thread 0x0000027268babe30 Exception <a 'java/lang/NullPointerException'{0x0000000082c6d5b8}> (0x0000000082c6d5b8) 
thrown [s\src\hotspot\share\interpreter\linkResolver.cpp, line 1350]
Event: 557.246 Thread 0x0000027265e9c330 Exception <a 'java/lang/NullPointerException'{0x0000000082a03368}> (0x0000000082a03368) 
thrown [s\src\hotspot\share\interpreter\linkResolver.cpp, line 1350]
Event: 557.250 Thread 0x0000027265e9a180 Exception <a 'java/lang/NullPointerException'{0x0000000082cb08d0}> (0x0000000082cb08d0) 
thrown [s\src\hotspot\share\interpreter\linkResolver.cpp, line 1350]
Event: 557.254 Thread 0x0000027265e9c800 Exception <a 'java/lang/NullPointerException'{0x0000000082cf0698}> (0x0000000082cf0698) 
thrown [s\src\hotspot\share\interpreter\linkResolver.cpp, line 1350]
Event: 557.258 Thread 0x0000027265e9ab20 Exception <a 'java/lang/NullPointerException'{0x0000000082ce1d10}> (0x0000000082ce1d10) 
thrown [s\src\hotspot\share\interpreter\linkResolver.cpp, line 1350]
Event: 557.261 Thread 0x0000027265e9aff0 Exception <a 'java/lang/NullPointerException'{0x0000000082b157c8}> (0x0000000082b157c8) 
thrown [s\src\hotspot\share\interpreter\linkResolver.cpp, line 1350]
Event: 557.265 Thread 0x0000027265e9a650 Exception <a 'java/lang/NullPointerException'{0x0000000082b46e30}> (0x0000000082b46e30) 
thrown [s\src\hotspot\share\interpreter\linkResolver.cpp, line 1350]
Event: 557.269 Thread 0x0000027268ba7600 Exception <a 'java/lang/NullPointerException'{0x0000000082b798d0}> (0x0000000082b798d0) 
thrown [s\src\hotspot\share\interpreter\linkResolver.cpp, line 1350]
Event: 557.273 Thread 0x0000027265e9ccd0 Exception <a 'java/lang/NullPointerException'{0x0000000082965240}> (0x0000000082965240) 
thrown [s\src\hotspot\share\interpreter\linkResolver.cpp, line 1350]
Event: 557.276 Thread 0x0000027268ba8940 Exception <a 'java/lang/NullPointerException'{0x0000000082bd26a0}> (0x0000000082bd26a0) 
thrown [s\src\hotspot\share\interpreter\linkResolver.cpp, line 1350]
Event: 557.279 Thread 0x0000027268babe30 Exception <a 'java/lang/NullPointerException'{0x0000000082bffe88}> (0x0000000082bffe88) 
thrown [s\src\hotspot\share\interpreter\linkResolver.cpp, line 1350]
Event: 557.283 Thread 0x0000027265e9c330 Exception <a 'java/lang/NullPointerException'{0x0000000082a34a08}> (0x0000000082a34a08) 
thrown [s\src\hotspot\share\interpreter\linkResolver.cpp, line 1350]
Event: 557.288 Thread 0x0000027265e9a180 Exception <a 'java/lang/NullPointerException'{0x0000000082a6be30}> (0x0000000082a6be30) 
thrown [s\src\hotspot\share\interpreter\linkResolver.cpp, line 1350]
Event: 557.292 Thread 0x0000027265e9c800 Exception <a 'java/lang/NullPointerException'{0x0000000082a9d3d0}> (0x0000000082a9d3d0) 
thrown [s\src\hotspot\share\interpreter\linkResolver.cpp, line 1350]
Event: 557.296 Thread 0x0000027265e9ab20 Exception <a 'java/lang/NullPointerException'{0x0000000082acea78}> (0x0000000082acea78) 
thrown [s\src\hotspot\share\interpreter\linkResolver.cpp, line 1350]
Event: 557.300 Thread 0x0000027265e9aff0 Exception <a 'java/lang/NullPointerException'{0x00000000828beda0}> (0x00000000828beda0) 
thrown [s\src\hotspot\share\interpreter\linkResolver.cpp, line 1350]

VM Operations (20 events):
Event: 458.062 Executing VM operation: HandshakeAllThreads
Event: 458.062 Executing VM operation: HandshakeAllThreads done
Event: 459.064 Executing VM operation: Cleanup
Event: 459.064 Executing VM operation: Cleanup done
Event: 553.542 Executing VM operation: G1CollectForAllocation
Event: 553.545 Executing VM operation: G1CollectForAllocation done
Event: 553.593 Executing VM operation: G1CollectForAllocation
Event: 553.598 Executing VM operation: G1CollectForAllocation done
Event: 553.633 Executing VM operation: G1CollectForAllocation
Event: 553.635 Executing VM operation: G1CollectForAllocation done
Event: 554.640 Executing VM operation: G1CollectForAllocation
Event: 554.643 Executing VM operation: G1CollectForAllocation done
Event: 555.653 Executing VM operation: Cleanup
Event: 555.656 Executing VM operation: Cleanup done
Event: 555.710 Executing VM operation: G1CollectForAllocation
Event: 555.711 Executing VM operation: G1CollectForAllocation done
Event: 556.712 Executing VM operation: Cleanup
Event: 556.715 Executing VM operation: Cleanup done
Event: 556.955 Executing VM operation: G1CollectForAllocation
Event: 556.956 Executing VM operation: G1CollectForAllocation done

Events (20 events):
Event: 557.284 loading class jdk/internal/reflect/GeneratedMethodAccessor26
Event: 557.284 loading class jdk/internal/reflect/GeneratedMethodAccessor26 done
Event: 557.284 loading class jdk/internal/reflect/GeneratedMethodAccessor26
Event: 557.284 loading class jdk/internal/reflect/GeneratedMethodAccessor26 done
Event: 557.288 loading class jdk/internal/reflect/GeneratedMethodAccessor26
Event: 557.288 loading class jdk/internal/reflect/GeneratedMethodAccessor26 done
Event: 557.289 loading class jdk/internal/reflect/GeneratedMethodAccessor26
Event: 557.289 loading class jdk/internal/reflect/GeneratedMethodAccessor26 done
Event: 557.292 loading class jdk/internal/reflect/GeneratedMethodAccessor26
Event: 557.292 loading class jdk/internal/reflect/GeneratedMethodAccessor26 done
Event: 557.293 loading class jdk/internal/reflect/GeneratedMethodAccessor26
Event: 557.293 loading class jdk/internal/reflect/GeneratedMethodAccessor26 done
Event: 557.296 loading class jdk/internal/reflect/GeneratedMethodAccessor26
Event: 557.296 loading class jdk/internal/reflect/GeneratedMethodAccessor26 done
Event: 557.297 loading class jdk/internal/reflect/GeneratedMethodAccessor26
Event: 557.297 loading class jdk/internal/reflect/GeneratedMethodAccessor26 done
Event: 557.301 loading class jdk/internal/reflect/GeneratedMethodAccessor26
Event: 557.301 loading class jdk/internal/reflect/GeneratedMethodAccessor26 done
Event: 557.301 loading class jdk/internal/reflect/GeneratedMethodAccessor26
Event: 557.301 loading class jdk/internal/reflect/GeneratedMethodAccessor26 done


Dynamic libraries:
0x00007ff7ba910000 - 0x00007ff7ba91e000 	F:\sts-4.17.0.RELEASE\plugins\org.eclipse.justj.openjdk.hotspot.jre.full.win32.x86_64_17.0.5.v20221102-0933\jre\bin\javaw.exe
0x00007ffeba0b0000 - 0x00007ffeba2a8000 	C:\WINDOWS\SYSTEM32\ntdll.dll
0x00007ffeb9570000 - 0x00007ffeb962f000 	C:\WINDOWS\System32\KERNEL32.DLL
0x00007ffeb7a80000 - 0x00007ffeb7d52000 	C:\WINDOWS\System32\KERNELBASE.dll
0x00007ffeb7d60000 - 0x00007ffeb7e60000 	C:\WINDOWS\System32\ucrtbase.dll
0x00007ffe98980000 - 0x00007ffe98997000 	F:\sts-4.17.0.RELEASE\plugins\org.eclipse.justj.openjdk.hotspot.jre.full.win32.x86_64_17.0.5.v20221102-0933\jre\bin\jli.dll
0x00007ffe98960000 - 0x00007ffe98979000 	F:\sts-4.17.0.RELEASE\plugins\org.eclipse.justj.openjdk.hotspot.jre.full.win32.x86_64_17.0.5.v20221102-0933\jre\bin\VCRUNTIME140.dll
0x00007ffeb9900000 - 0x00007ffeb9aa1000 	C:\WINDOWS\System32\USER32.dll
0x00007ffeae1b0000 - 0x00007ffeae44a000 	C:\WINDOWS\WinSxS\amd64_microsoft.windows.common-controls_6595b64144ccf1df_6.0.19041.1110_none_60b5254171f9507e\COMCTL32.dll
0x00007ffeb77a0000 - 0x00007ffeb77c2000 	C:\WINDOWS\System32\win32u.dll
0x00007ffeb96a0000 - 0x00007ffeb973e000 	C:\WINDOWS\System32\msvcrt.dll
0x00007ffeb8490000 - 0x00007ffeb84bb000 	C:\WINDOWS\System32\GDI32.dll
0x00007ffeb7f00000 - 0x00007ffeb800f000 	C:\WINDOWS\System32\gdi32full.dll
0x00007ffeb7e60000 - 0x00007ffeb7efd000 	C:\WINDOWS\System32\msvcp_win.dll
0x00007ffeb9810000 - 0x00007ffeb9842000 	C:\WINDOWS\System32\IMM32.DLL
0x00007ffe9cfb0000 - 0x00007ffe9cfbc000 	F:\sts-4.17.0.RELEASE\plugins\org.eclipse.justj.openjdk.hotspot.jre.full.win32.x86_64_17.0.5.v20221102-0933\jre\bin\vcruntime140_1.dll
0x00007ffe90090000 - 0x00007ffe90121000 	F:\sts-4.17.0.RELEASE\plugins\org.eclipse.justj.openjdk.hotspot.jre.full.win32.x86_64_17.0.5.v20221102-0933\jre\bin\msvcp140.dll
0x00007ffe6cc20000 - 0x00007ffe6d864000 	F:\sts-4.17.0.RELEASE\plugins\org.eclipse.justj.openjdk.hotspot.jre.full.win32.x86_64_17.0.5.v20221102-0933\jre\bin\server\jvm.dll
0x00007ffeb9fc0000 - 0x00007ffeba06e000 	C:\WINDOWS\System32\ADVAPI32.dll
0x00007ffeb9ab0000 - 0x00007ffeb9b4c000 	C:\WINDOWS\System32\sechost.dll
0x00007ffeb80f0000 - 0x00007ffeb8215000 	C:\WINDOWS\System32\RPCRT4.dll
0x00007ffead620000 - 0x00007ffead647000 	C:\WINDOWS\SYSTEM32\WINMM.dll
0x00007ffea46a0000 - 0x00007ffea46a9000 	C:\WINDOWS\SYSTEM32\WSOCK32.dll
0x00007ffeaf850000 - 0x00007ffeaf85a000 	C:\WINDOWS\SYSTEM32\VERSION.dll
0x00007ffeb9630000 - 0x00007ffeb969b000 	C:\WINDOWS\System32\WS2_32.dll
0x00007ffeb6290000 - 0x00007ffeb62a2000 	C:\WINDOWS\SYSTEM32\kernel.appcore.dll
0x00007ffeb1ec0000 - 0x00007ffeb1eca000 	F:\sts-4.17.0.RELEASE\plugins\org.eclipse.justj.openjdk.hotspot.jre.full.win32.x86_64_17.0.5.v20221102-0933\jre\bin\jimage.dll
0x00007ffeb5550000 - 0x00007ffeb5734000 	C:\WINDOWS\SYSTEM32\DBGHELP.DLL
0x00007ffea3a50000 - 0x00007ffea3a85000 	C:\WINDOWS\SYSTEM32\dbgcore.DLL
0x00007ffeb8060000 - 0x00007ffeb80e2000 	C:\WINDOWS\System32\bcryptPrimitives.dll
0x00007ffe98340000 - 0x00007ffe98365000 	F:\sts-4.17.0.RELEASE\plugins\org.eclipse.justj.openjdk.hotspot.jre.full.win32.x86_64_17.0.5.v20221102-0933\jre\bin\java.dll
0x00007ffe98320000 - 0x00007ffe98338000 	F:\sts-4.17.0.RELEASE\plugins\org.eclipse.justj.openjdk.hotspot.jre.full.win32.x86_64_17.0.5.v20221102-0933\jre\bin\zip.dll
0x00007ffeb8530000 - 0x00007ffeb8c74000 	C:\WINDOWS\System32\SHELL32.dll
0x00007ffeb5740000 - 0x00007ffeb5ed2000 	C:\WINDOWS\SYSTEM32\windows.storage.dll
0x00007ffeb9b50000 - 0x00007ffeb9ea5000 	C:\WINDOWS\System32\combase.dll
0x00007ffeb7120000 - 0x00007ffeb7150000 	C:\WINDOWS\SYSTEM32\Wldp.dll
0x00007ffeb9f10000 - 0x00007ffeb9fbd000 	C:\WINDOWS\System32\SHCORE.dll
0x00007ffeb90f0000 - 0x00007ffeb9145000 	C:\WINDOWS\System32\shlwapi.dll
0x00007ffeb76e0000 - 0x00007ffeb76ff000 	C:\WINDOWS\SYSTEM32\profapi.dll
0x00007ffe97060000 - 0x00007ffe97079000 	F:\sts-4.17.0.RELEASE\plugins\org.eclipse.justj.openjdk.hotspot.jre.full.win32.x86_64_17.0.5.v20221102-0933\jre\bin\net.dll
0x00007ffeaf860000 - 0x00007ffeaf96c000 	C:\WINDOWS\SYSTEM32\WINHTTP.dll
0x00007ffeb6e80000 - 0x00007ffeb6eea000 	C:\WINDOWS\system32\mswsock.dll
0x00007ffe97040000 - 0x00007ffe97055000 	F:\sts-4.17.0.RELEASE\plugins\org.eclipse.justj.openjdk.hotspot.jre.full.win32.x86_64_17.0.5.v20221102-0933\jre\bin\nio.dll
0x00007ffe99220000 - 0x00007ffe99229000 	F:\sts-4.17.0.RELEASE\plugins\org.eclipse.justj.openjdk.hotspot.jre.full.win32.x86_64_17.0.5.v20221102-0933\jre\bin\management.dll
0x00007ffe98930000 - 0x00007ffe9893b000 	F:\sts-4.17.0.RELEASE\plugins\org.eclipse.justj.openjdk.hotspot.jre.full.win32.x86_64_17.0.5.v20221102-0933\jre\bin\management_ext.dll
0x00007ffeb84c0000 - 0x00007ffeb84c8000 	C:\WINDOWS\System32\PSAPI.DLL
0x00007ffe9ca90000 - 0x00007ffe9caa7000 	C:\WINDOWS\system32\napinsp.dll
0x00007ffe9c930000 - 0x00007ffe9c94b000 	C:\WINDOWS\system32\pnrpnsp.dll
0x00007ffe9c860000 - 0x00007ffe9c875000 	C:\WINDOWS\system32\wshbth.dll
0x00007ffeb2cf0000 - 0x00007ffeb2d0d000 	C:\WINDOWS\system32\NLAapi.dll
0x00007ffeb6b70000 - 0x00007ffeb6bab000 	C:\WINDOWS\SYSTEM32\IPHLPAPI.DLL
0x00007ffeb6bb0000 - 0x00007ffeb6c7a000 	C:\WINDOWS\SYSTEM32\DNSAPI.dll
0x00007ffeb8220000 - 0x00007ffeb8228000 	C:\WINDOWS\System32\NSI.dll
0x00007ffe9c910000 - 0x00007ffe9c922000 	C:\WINDOWS\System32\winrnr.dll
0x00007ffeae460000 - 0x00007ffeae46a000 	C:\Windows\System32\rasadhlp.dll
0x00007ffead650000 - 0x00007ffead6d0000 	C:\WINDOWS\System32\fwpuclnt.dll
0x00007ffeb7880000 - 0x00007ffeb78a7000 	C:\WINDOWS\System32\bcrypt.dll
0x00007ffeb7070000 - 0x00007ffeb7088000 	C:\WINDOWS\SYSTEM32\CRYPTSP.dll
0x00007ffeb67a0000 - 0x00007ffeb67d4000 	C:\WINDOWS\system32\rsaenh.dll
0x00007ffeb76a0000 - 0x00007ffeb76ce000 	C:\WINDOWS\SYSTEM32\USERENV.dll
0x00007ffeb7090000 - 0x00007ffeb709c000 	C:\WINDOWS\SYSTEM32\CRYPTBASE.dll
0x00007ffeafbb0000 - 0x00007ffeafbc7000 	C:\WINDOWS\SYSTEM32\dhcpcsvc6.DLL
0x00007ffeb0360000 - 0x00007ffeb037d000 	C:\WINDOWS\SYSTEM32\dhcpcsvc.DLL
0x00007ffea1e40000 - 0x00007ffea1e50000 	F:\sts-4.17.0.RELEASE\plugins\org.eclipse.justj.openjdk.hotspot.jre.full.win32.x86_64_17.0.5.v20221102-0933\jre\bin\verify.dll
0x00007ffea0d50000 - 0x00007ffea0d5e000 	F:\sts-4.17.0.RELEASE\plugins\org.eclipse.justj.openjdk.hotspot.jre.full.win32.x86_64_17.0.5.v20221102-0933\jre\bin\sunmscapi.dll
0x00007ffeb78b0000 - 0x00007ffeb7a06000 	C:\WINDOWS\System32\CRYPT32.dll
0x00007ffeb7190000 - 0x00007ffeb71b7000 	C:\WINDOWS\SYSTEM32\ncrypt.dll
0x00007ffeb7150000 - 0x00007ffeb718b000 	C:\WINDOWS\SYSTEM32\NTASN1.dll
0x00007ffeaed30000 - 0x00007ffeaed37000 	C:\WINDOWS\system32\wshunix.dll

dbghelp: loaded successfully - version: 4.0.5 - missing functions: none
symbol engine: initialized successfully - sym options: 0x614 - pdb path: .;F:\sts-4.17.0.RELEASE\plugins\org.eclipse.justj.openjdk.hotspot.jre.full.win32.x86_64_17.0.5.v20221102-0933\jre\bin;C:\WINDOWS\SYSTEM32;C:\WINDOWS\WinSxS\amd64_microsoft.windows.common-controls_6595b64144ccf1df_6.0.19041.1110_none_60b5254171f9507e;F:\sts-4.17.0.RELEASE\plugins\org.eclipse.justj.openjdk.hotspot.jre.full.win32.x86_64_17.0.5.v20221102-0933\jre\bin\server

VM Arguments:
jvm_args: -Dcom.sun.management.jmxremote -Dcom.sun.management.jmxremote.port=49797 -Dcom.sun.management.jmxremote.authenticate=false -Dcom.sun.management.jmxremote.ssl=false -Djava.rmi.server.hostname=localhost -Dspring.jmx.enabled=true -Dmanagement.endpoints.jmx.exposure.include=* -Dspring.application.admin.enabled=true -XX:TieredStopAtLevel=1 -Dspring.boot.project.name=Backend -Dfile.encoding=UTF-8 -XX:+ShowCodeDetailsInExceptionMessages -Xmx2048M 
java_command: com.example.demo.BackendApplication --spring.output.ansi.enabled=always --server.port=8001
java_class_path (initial): F:\SpringBoot\Backend\target\classes;C:\Users\DELL\.m2\repository\org\springframework\boot\spring-boot-starter-data-jpa\3.0.1\spring-boot-starter-data-jpa-3.0.1.jar;C:\Users\DELL\.m2\repository\org\springframework\boot\spring-boot-starter-aop\3.0.1\spring-boot-starter-aop-3.0.1.jar;C:\Users\DELL\.m2\repository\org\springframework\spring-aop\6.0.3\spring-aop-6.0.3.jar;C:\Users\DELL\.m2\repository\org\aspectj\aspectjweaver\1.9.19\aspectjweaver-1.9.19.jar;C:\Users\DELL\.m2\repository\org\springframework\boot\spring-boot-starter-jdbc\3.0.1\spring-boot-starter-jdbc-3.0.1.jar;C:\Users\DELL\.m2\repository\com\zaxxer\HikariCP\5.0.1\HikariCP-5.0.1.jar;C:\Users\DELL\.m2\repository\org\springframework\spring-jdbc\6.0.3\spring-jdbc-6.0.3.jar;C:\Users\DELL\.m2\repository\org\hibernate\orm\hibernate-core\6.1.6.Final\hibernate-core-6.1.6.Final.jar;C:\Users\DELL\.m2\repository\jakarta\persistence\jakarta.persistence-api\3.1.0\jakarta.persistence-api-3.1.0.jar;C:\Users\DELL\.m2\repository\jakarta\transaction\jakarta.transaction-api\2.0.1\jakarta.transaction-api-2.0.1.jar;C:\Users\DELL\.m2\repository\org\jboss\logging\jboss-logging\3.5.0.Final\jboss-logging-3.5.0.Final.jar;C:\Users\DELL\.m2\repository\org\hibernate\common\hibernate-commons-annotations\6.0.2.Final\hibernate-commons-annotations-6.0.2.Final.jar;C:\Users\DELL\.m2\repository\org\jboss\jandex\2.4.2.Final\jandex-2.4.2.Final.jar;C:\Users\DELL\.m2\repository\com\fasterxml\classmate\1.5.1\classmate-1.5.1.jar;C:\Users\DELL\.m2\repository\net\bytebuddy\byte-buddy\1.12.20\byte-buddy-1.12.20.jar;C:\Users\DELL\.m2\repository\org\glassfish\jaxb\jaxb-runtime\4.0.1\jaxb-runtime-4.0.1.jar;C:\Users\DELL\.m2\repository\org\glassfish\jaxb\jaxb-core\4.0.1\jaxb-core-4.0.1.jar;C:\Users\DELL\.m2\repository\org\eclipse\angus\angus-activation\1.0.0\angus-activation-1.0.0.jar;C:\Users\DELL\.m2\repository\org\glassfish\jaxb\txw2\4.0.1\txw2-4.0.1.jar;C:\Users\DELL\.m2\repository\com\sun\istack\istack-commons-runtime\4.
Launcher Type: SUN_STANDARD

[Global flags]
     intx CICompilerCount                          = 4                                         {product} {ergonomic}
     uint ConcGCThreads                            = 2                                         {product} {ergonomic}
     uint G1ConcRefinementThreads                  = 8                                         {product} {ergonomic}
   size_t G1HeapRegionSize                         = 1048576                                   {product} {ergonomic}
    uintx GCDrainStackTargetSize                   = 64                                        {product} {ergonomic}
   size_t InitialHeapSize                          = 132120576                                 {product} {ergonomic}
     bool ManagementServer                         = true                                      {product} {command line}
   size_t MarkStackSize                            = 4194304                                   {product} {ergonomic}
   size_t MaxHeapSize                              = 2147483648                                {product} {command line}
   size_t MaxNewSize                               = 1287651328                                {product} {ergonomic}
   size_t MinHeapDeltaBytes                        = 1048576                                   {product} {ergonomic}
   size_t MinHeapSize                              = 8388608                                   {product} {ergonomic}
    uintx NonProfiledCodeHeapSize                  = 0                                      {pd product} {ergonomic}
     bool ProfileInterpreter                       = false                                  {pd product} {command line}
    uintx ProfiledCodeHeapSize                     = 0                                      {pd product} {ergonomic}
     bool ShowCodeDetailsInExceptionMessages       = true                                   {manageable} {command line}
   size_t SoftMaxHeapSize                          = 2147483648                             {manageable} {ergonomic}
     intx TieredStopAtLevel                        = 1                                         {product} {command line}
     bool UseCompressedClassPointers               = true                           {product lp64_product} {ergonomic}
     bool UseCompressedOops                        = true                           {product lp64_product} {ergonomic}
     bool UseG1GC                                  = true                                      {product} {ergonomic}
     bool UseLargePagesIndividualAllocation        = false                                  {pd product} {ergonomic}

Logging:
Log output configuration:
 #0: stdout all=warning uptime,level,tags
 #1: stderr all=off uptime,level,tags

Environment Variables:
JAVA_HOME=C:\Program Files\Java\jdk1.8.0_45
_JAVA_OPTIONS=  -Xmx2048M
PATH=F:/sts-4.17.0.RELEASE//plugins/org.eclipse.justj.openjdk.hotspot.jre.full.win32.x86_64_17.0.5.v20221102-0933/jre/bin/server;F:/sts-4.17.0.RELEASE//plugins/org.eclipse.justj.openjdk.hotspot.jre.full.win32.x86_64_17.0.5.v20221102-0933/jre/bin;C:\Program Files (x86)\Common Files\Oracle\Java\javapath;C:\ProgramData\Oracle\Java\javapath;C:\Program Files (x86)\Intel\Intel(R) Management Engine Components\iCLS\;C:\Program Files\Intel\Intel(R) Management Engine Components\iCLS\;C:\WINDOWS\system32;C:\WINDOWS;C:\WINDOWS\System32\Wbem;C:\WINDOWS\System32\WindowsPowerShell\v1.0\;C:\WINDOWS\System32\OpenSSH\;C:\Program Files (x86)\Intel\Intel(R) Management Engine Components\DAL;C:\Program Files\Intel\Intel(R) Management Engine Components\DAL;C:\Program Files (x86)\Intel\Intel(R) Management Engine Components\IPT;C:\Program Files\Intel\Intel(R) Management Engine Components\IPT;C:\Program Files\Java\jdk-15.0.1\bin;C:\Program Files\Java\jdk-16.0.1\bin;C:\Program Files (x86)\CodeBlocks\MinGW\bin;C:\Program Files (x86)\GnuWin32\bin;C:\Program Files\glassfish-4.1.1\bin;C:\Program Files\nodejs\;C:\Program Files\MongoDB\Server\5.0\bin;C:\Users\DELL\Postman\file;C:\Program Files\dotnet\;C:\Program Files\Microsoft SQL Server\150\Tools\Binn\;C:\Program Files\Microsoft SQL Server\Client SDK\ODBC\170\Tools\Binn\;F:\apache-maven-3.8.6\bin;C:\Program Files\Java\jre1.8.0_45\bin;F:\NetBeans 8.1\bin;C:\Users\DELL\AppData\Local\Microsoft\WindowsApps;C:\iverilog\bin;C:\iverilog\gtkwave\bin;C:\Program Files\Java\jdk1.7.0_80\bin;C:\Program Files\Java\jdk1.8.0_45\bin;C:\Users\DELL\AppData\Roaming\npm;C:\Program Files\MongoDB\Server\5.0\bin;C:\Flex Windows\gcc\bin;C:\Flex Windows\Lex\bin;C:\Flex Windows\bison\bin;C:\Users\DELL\AppData\Local\GitHubDesktop\bin;C:\Users\DELL\.dotnet\tools;H:\Microsoft VS Code\bin;F:\sts-4.17.0.RELEASE;
USERNAME=DELL
OS=Windows_NT
PROCESSOR_IDENTIFIER=Intel64 Family 6 Model 142 Stepping 10, GenuineIntel
TMP=C:\Users\DELL\AppData\Local\Temp
TEMP=C:\Users\DELL\AppData\Local\Temp



---------------  S Y S T E M  ---------------

OS:
 Windows 10 , 64 bit Build 19041 (10.0.19041.2364)
OS uptime: 0 days 0:19 hours

CPU: total 8 (initial active 8) (4 cores per cpu, 2 threads per core) family 6 model 142 stepping 10 microcode 0xca, cx8, cmov, fxsr, ht, mmx, 3dnowpref, sse, sse2, sse3, ssse3, sse4.1, sse4.2, popcnt, lzcnt, tsc, tscinvbit, avx, avx2, aes, erms, clmul, bmi1, bmi2, adx, fma, vzeroupper, clflush, clflushopt

Memory: 4k page, system-wide physical 8056M (1028M free)
TotalPageFile size 8056M (AvailPageFile size 11M)
current process WorkingSet (physical memory assigned to process): 213M, peak: 213M
current process commit charge ("private bytes"): 247M, peak: 247M

vm_info: OpenJDK 64-Bit Server VM (17.0.5+8) for windows-amd64 JRE (17.0.5+8), built on Oct 19 2022 04:48:13 by "temurin" with MS VC++ 16.7 (VS2019)

END.
