#
# There is insufficient memory for the Java Runtime Environment to continue.
# Native memory allocation (mmap) failed to map 65536 bytes for Failed to commit metaspace.
# Possible reasons:
#   The system is out of physical RAM or swap space
#   The process is running with CompressedOops enabled, and the Java Heap may be blocking the growth of the native heap
# Possible solutions:
#   Reduce memory load on the system
#   Increase physical memory or swap space
#   Check if swap backing store is full
#   Decrease Java heap size (-Xmx/-Xms)
#   Decrease number of Java threads
#   Decrease Java thread stack sizes (-Xss)
#   Set larger code cache with -XX:ReservedCodeCacheSize=
#   JVM is running with Unscaled Compressed Oops mode in which the Java heap is
#     placed in the first 4GB address space. The Java Heap base address is the
#     maximum limit for the native heap growth. Please use -XX:HeapBaseMinAddress
#     to set the Java Heap base and to place the Java Heap above 4GB virtual address.
# This output file may be truncated or incomplete.
#
#  Out of Memory Error (virtualSpaceNode.cpp:110), pid=9432, tid=12912
#
# JRE version: OpenJDK Runtime Environment Temurin-17.0.5+8 (17.0.5+8) (build 17.0.5+8)
# Java VM: OpenJDK 64-Bit Server VM Temurin-17.0.5+8 (17.0.5+8, mixed mode, emulated-client, tiered, compressed oops, compressed class ptrs, g1 gc, windows-amd64)
# No core dump will be written. Minidumps are not enabled by default on client versions of Windows
#

---------------  S U M M A R Y ------------

Command Line: -Dcom.sun.management.jmxremote -Dcom.sun.management.jmxremote.port=61579 -Dcom.sun.management.jmxremote.authenticate=false -Dcom.sun.management.jmxremote.ssl=false -Djava.rmi.server.hostname=localhost -Dspring.jmx.enabled=true -Dmanagement.endpoints.jmx.exposure.include=* -Dspring.application.admin.enabled=true -XX:TieredStopAtLevel=1 -Dspring.boot.project.name=Backend -Dfile.encoding=UTF-8 -XX:+ShowCodeDetailsInExceptionMessages -Xmx2048M com.example.demo.BackendApplication --spring.output.ansi.enabled=always --server.port=8001

Host: Intel(R) Core(TM) i5-8250U CPU @ 1.60GHz, 8 cores, 7G,  Windows 10 , 64 bit Build 19041 (10.0.19041.2364)
Time: Fri Jan 13 14:56:13 2023 India Standard Time elapsed time: 3.150875 seconds (0d 0h 0m 3s)

---------------  T H R E A D  ---------------

Current thread (0x000001456b1a8e60):  JavaThread "main" [_thread_in_vm, id=12912, stack(0x0000002e98100000,0x0000002e98200000)]

Stack: [0x0000002e98100000,0x0000002e98200000]
Native frames: (J=compiled Java code, j=interpreted, Vv=VM code, C=native code)
V  [jvm.dll+0x676b3a]
V  [jvm.dll+0x831444]
V  [jvm.dll+0x832bee]
V  [jvm.dll+0x833253]
V  [jvm.dll+0x244ce5]
V  [jvm.dll+0x82d4db]
V  [jvm.dll+0x61b2f6]
V  [jvm.dll+0x1bfd2e]
V  [jvm.dll+0x61dc41]
V  [jvm.dll+0x61bc96]
V  [jvm.dll+0x24273c]
V  [jvm.dll+0x6cce0d]
V  [jvm.dll+0x6cd83f]
V  [jvm.dll+0x36f5f3]
V  [jvm.dll+0x36e7d2]
V  [jvm.dll+0x36e778]
V  [jvm.dll+0x37e59a]
C  0x000001456e879a84

Java frames: (J=compiled Java code, j=interpreted, Vv=VM code)
j  com.zaxxer.hikari.pool.PoolBase.initializeDataSource()V+114
j  com.zaxxer.hikari.pool.PoolBase.<init>(Lcom/zaxxer/hikari/HikariConfig;)V+156
j  com.zaxxer.hikari.pool.HikariPool.<init>(Lcom/zaxxer/hikari/HikariConfig;)V+2
j  com.zaxxer.hikari.HikariDataSource.getConnection()Ljava/sql/Connection;+82
j  org.hibernate.engine.jdbc.connections.internal.DatasourceConnectionProviderImpl.getConnection()Ljava/sql/Connection;+48
j  org.hibernate.engine.jdbc.env.internal.JdbcEnvironmentInitiator$ConnectionProviderJdbcConnectionAccess.obtainConnection()Ljava/sql/Connection;+4
j  org.hibernate.engine.jdbc.env.internal.JdbcEnvironmentInitiator.initiateService(Ljava/util/Map;Lorg/hibernate/service/spi/ServiceRegistryImplementor;)Lorg/hibernate/engine/jdbc/env/spi/JdbcEnvironment;+218
j  org.hibernate.engine.jdbc.env.internal.JdbcEnvironmentInitiator.initiateService(Ljava/util/Map;Lorg/hibernate/service/spi/ServiceRegistryImplementor;)Lorg/hibernate/service/Service;+3
j  org.hibernate.boot.registry.internal.StandardServiceRegistryImpl.initiateService(Lorg/hibernate/service/spi/ServiceInitiator;)Lorg/hibernate/service/Service;+9
j  org.hibernate.service.internal.AbstractServiceRegistryImpl.createService(Lorg/hibernate/service/spi/ServiceBinding;)Lorg/hibernate/service/Service;+26
j  org.hibernate.service.internal.AbstractServiceRegistryImpl.initializeService(Lorg/hibernate/service/spi/ServiceBinding;)Lorg/hibernate/service/Service;+30
j  org.hibernate.service.internal.AbstractServiceRegistryImpl.getService(Ljava/lang/Class;)Lorg/hibernate/service/Service;+88
j  org.hibernate.boot.model.relational.Database.<init>(Lorg/hibernate/boot/spi/MetadataBuildingOptions;)V+10
j  org.hibernate.boot.internal.InFlightMetadataCollectorImpl.getDatabase()Lorg/hibernate/boot/model/relational/Database;+16
j  org.hibernate.boot.internal.InFlightMetadataCollectorImpl.<init>(Lorg/hibernate/boot/spi/BootstrapContext;Lorg/hibernate/boot/spi/MetadataBuildingOptions;)V+379
j  org.hibernate.boot.model.process.spi.MetadataBuildingProcess.complete(Lorg/hibernate/boot/model/process/spi/ManagedResources;Lorg/hibernate/boot/spi/BootstrapContext;Lorg/hibernate/boot/spi/MetadataBuildingOptions;)Lorg/hibernate/boot/spi/MetadataImplementor;+6
j  org.hibernate.jpa.boot.internal.EntityManagerFactoryBuilderImpl.metadata()Lorg/hibernate/boot/spi/MetadataImplementor;+30
j  org.hibernate.jpa.boot.internal.EntityManagerFactoryBuilderImpl.build()Ljakarta/persistence/EntityManagerFactory;+3
j  org.springframework.orm.jpa.vendor.SpringHibernateJpaPersistenceProvider.createContainerEntityManagerFactory(Ljakarta/persistence/spi/PersistenceUnitInfo;Ljava/util/Map;)Ljakarta/persistence/EntityManagerFactory;+55
j  org.springframework.orm.jpa.LocalContainerEntityManagerFactoryBean.createNativeEntityManagerFactory()Ljakarta/persistence/EntityManagerFactory;+111
j  org.springframework.orm.jpa.AbstractEntityManagerFactoryBean.buildNativeEntityManagerFactory()Ljakarta/persistence/EntityManagerFactory;+1
j  org.springframework.orm.jpa.AbstractEntityManagerFactoryBean.afterPropertiesSet()V+192
j  org.springframework.orm.jpa.LocalContainerEntityManagerFactoryBean.afterPropertiesSet()V+77
j  org.springframework.beans.factory.support.AbstractAutowireCapableBeanFactory.invokeInitMethods(Ljava/lang/String;Ljava/lang/Object;Lorg/springframework/beans/factory/support/RootBeanDefinition;)V+56
j  org.springframework.beans.factory.support.AbstractAutowireCapableBeanFactory.initializeBean(Ljava/lang/String;Ljava/lang/Object;Lorg/springframework/beans/factory/support/RootBeanDefinition;)Ljava/lang/Object;+34
j  org.springframework.beans.factory.support.AbstractAutowireCapableBeanFactory.doCreateBean(Ljava/lang/String;Lorg/springframework/beans/factory/support/RootBeanDefinition;[Ljava/lang/Object;)Ljava/lang/Object;+228
j  org.springframework.beans.factory.support.AbstractAutowireCapableBeanFactory.createBean(Ljava/lang/String;Lorg/springframework/beans/factory/support/RootBeanDefinition;[Ljava/lang/Object;)Ljava/lang/Object;+153
j  org.springframework.beans.factory.support.AbstractBeanFactory.lambda$doGetBean$0(Ljava/lang/String;Lorg/springframework/beans/factory/support/RootBeanDefinition;[Ljava/lang/Object;)Ljava/lang/Object;+4
j  org.springframework.beans.factory.support.AbstractBeanFactory$$Lambda$339+0x00000001002bdeb0.getObject()Ljava/lang/Object;+16
j  org.springframework.beans.factory.support.DefaultSingletonBeanRegistry.getSingleton(Ljava/lang/String;Lorg/springframework/beans/factory/ObjectFactory;)Ljava/lang/Object;+114
J 2936 c1 org.springframework.beans.factory.support.AbstractBeanFactory.doGetBean(Ljava/lang/String;Ljava/lang/Class;[Ljava/lang/Object;Z)Ljava/lang/Object; (714 bytes) @ 0x000001456ef897ec [0x000001456ef89240+0x00000000000005ac]
j  org.springframework.beans.factory.support.AbstractBeanFactory.getBean(Ljava/lang/String;)Ljava/lang/Object;+5
j  org.springframework.context.support.AbstractApplicationContext.getBean(Ljava/lang/String;)Ljava/lang/Object;+9
j  org.springframework.context.support.AbstractApplicationContext.finishBeanFactoryInitialization(Lorg/springframework/beans/factory/config/ConfigurableListableBeanFactory;)V+106
j  org.springframework.context.support.AbstractApplicationContext.refresh()V+86
j  org.springframework.boot.web.servlet.context.ServletWebServerApplicationContext.refresh()V+1
j  org.springframework.boot.SpringApplication.refresh(Lorg/springframework/context/ConfigurableApplicationContext;)V+1
j  org.springframework.boot.SpringApplication.refreshContext(Lorg/springframework/context/ConfigurableApplicationContext;)V+16
j  org.springframework.boot.SpringApplication.run([Ljava/lang/String;)Lorg/springframework/context/ConfigurableApplicationContext;+101
j  org.springframework.boot.SpringApplication.run([Ljava/lang/Class;[Ljava/lang/String;)Lorg/springframework/context/ConfigurableApplicationContext;+9
j  org.springframework.boot.SpringApplication.run(Ljava/lang/Class;[Ljava/lang/String;)Lorg/springframework/context/ConfigurableApplicationContext;+9
j  com.example.demo.BackendApplication.main([Ljava/lang/String;)V+3
v  ~StubRoutines::call_stub

---------------  P R O C E S S  ---------------

Threads class SMR info:
_java_thread_list=0x000001457bc48890, length=25, elements={
0x000001456b1a8e60, 0x0000014579081d50, 0x0000014579082ad0, 0x0000014579c2c330,
0x0000014579c2cbf0, 0x0000014579c3ed60, 0x0000014579c42b20, 0x0000014579c43490,
0x0000014579c43d90, 0x0000014579c8cac0, 0x0000014579c81bd0, 0x0000014578ff9d60,
0x0000014579e37a90, 0x000001457a34b520, 0x000001457a34e9b0, 0x000001457a351c20,
0x000001457a773160, 0x000001457b40ae90, 0x000001457b40a930, 0x000001457b40b760,
0x000001457b450480, 0x000001457babeb60, 0x000001457babe690, 0x000001457babf030,
0x000001457babf500
}

Java Threads: ( => current thread )
=>0x000001456b1a8e60 JavaThread "main" [_thread_in_vm, id=12912, stack(0x0000002e98100000,0x0000002e98200000)]
  0x0000014579081d50 JavaThread "Reference Handler" daemon [_thread_blocked, id=9244, stack(0x0000002e98800000,0x0000002e98900000)]
  0x0000014579082ad0 JavaThread "Finalizer" daemon [_thread_blocked, id=15868, stack(0x0000002e98900000,0x0000002e98a00000)]
  0x0000014579c2c330 JavaThread "Signal Dispatcher" daemon [_thread_blocked, id=13448, stack(0x0000002e98a00000,0x0000002e98b00000)]
  0x0000014579c2cbf0 JavaThread "Attach Listener" daemon [_thread_blocked, id=10912, stack(0x0000002e98b00000,0x0000002e98c00000)]
  0x0000014579c3ed60 JavaThread "Service Thread" daemon [_thread_blocked, id=8704, stack(0x0000002e98c00000,0x0000002e98d00000)]
  0x0000014579c42b20 JavaThread "Monitor Deflation Thread" daemon [_thread_blocked, id=5300, stack(0x0000002e98d00000,0x0000002e98e00000)]
  0x0000014579c43490 JavaThread "C1 CompilerThread0" daemon [_thread_blocked, id=16172, stack(0x0000002e98e00000,0x0000002e98f00000)]
  0x0000014579c43d90 JavaThread "Sweeper thread" daemon [_thread_blocked, id=2072, stack(0x0000002e98f00000,0x0000002e99000000)]
  0x0000014579c8cac0 JavaThread "Common-Cleaner" daemon [_thread_blocked, id=11360, stack(0x0000002e99000000,0x0000002e99100000)]
  0x0000014579c81bd0 JavaThread "C1 CompilerThread1" daemon [_thread_blocked, id=14904, stack(0x0000002e99100000,0x0000002e99200000)]
  0x0000014578ff9d60 JavaThread "C1 CompilerThread2" daemon [_thread_blocked, id=5760, stack(0x0000002e99200000,0x0000002e99300000)]
  0x0000014579e37a90 JavaThread "Notification Thread" daemon [_thread_blocked, id=736, stack(0x0000002e99300000,0x0000002e99400000)]
  0x000001457a34b520 JavaThread "RMI TCP Accept-0" daemon [_thread_in_native, id=9032, stack(0x0000002e99400000,0x0000002e99500000)]
  0x000001457a34e9b0 JavaThread "RMI TCP Accept-61579" daemon [_thread_in_native, id=13908, stack(0x0000002e99500000,0x0000002e99600000)]
  0x000001457a351c20 JavaThread "RMI TCP Accept-0" daemon [_thread_in_native, id=14224, stack(0x0000002e99600000,0x0000002e99700000)]
  0x000001457a773160 JavaThread "C1 CompilerThread3" daemon [_thread_blocked, id=15836, stack(0x0000002e99800000,0x0000002e99900000)]
  0x000001457b40ae90 JavaThread "RMI TCP Connection(1)-127.0.0.1" daemon [_thread_in_native, id=5712, stack(0x0000002e9a100000,0x0000002e9a200000)]
  0x000001457b40a930 JavaThread "RMI Scheduler(0)" daemon [_thread_blocked, id=16224, stack(0x0000002e9a200000,0x0000002e9a300000)]
  0x000001457b40b760 JavaThread "RMI TCP Connection(2)-127.0.0.1" daemon [_thread_blocked, id=14560, stack(0x0000002e9a300000,0x0000002e9a400000)]
  0x000001457b450480 JavaThread "JMX server connection timeout 22" daemon [_thread_blocked, id=1876, stack(0x0000002e9a400000,0x0000002e9a500000)]
  0x000001457babeb60 JavaThread "Catalina-utility-1" [_thread_blocked, id=15944, stack(0x0000002e9a500000,0x0000002e9a600000)]
  0x000001457babe690 JavaThread "Catalina-utility-2" [_thread_blocked, id=4464, stack(0x0000002e9a800000,0x0000002e9a900000)]
  0x000001457babf030 JavaThread "container-0" [_thread_blocked, id=2988, stack(0x0000002e9a900000,0x0000002e9aa00000)]
  0x000001457babf500 JavaThread "mysql-cj-abandoned-connection-cleanup" daemon [_thread_blocked, id=14820, stack(0x0000002e9aa00000,0x0000002e9ab00000)]

Other Threads:
  0x000001457907d980 VMThread "VM Thread" [stack: 0x0000002e98700000,0x0000002e98800000] [id=14972] _threads_hazard_ptr=0x000001457bc48890
  0x000001456b21c790 WatcherThread [stack: 0x0000002e99700000,0x0000002e99800000] [id=13564]
  0x000001456b203bb0 GCTaskThread "GC Thread#0" [stack: 0x0000002e98200000,0x0000002e98300000] [id=15124]
  0x000001457a78a970 GCTaskThread "GC Thread#1" [stack: 0x0000002e99900000,0x0000002e99a00000] [id=15640]
  0x000001457a7ec040 GCTaskThread "GC Thread#2" [stack: 0x0000002e99a00000,0x0000002e99b00000] [id=9716]
  0x000001457a7fd760 GCTaskThread "GC Thread#3" [stack: 0x0000002e99b00000,0x0000002e99c00000] [id=7868]
  0x000001457a7fda10 GCTaskThread "GC Thread#4" [stack: 0x0000002e99c00000,0x0000002e99d00000] [id=7068]
  0x000001457a7fdcc0 GCTaskThread "GC Thread#5" [stack: 0x0000002e99d00000,0x0000002e99e00000] [id=8952]
  0x000001457a7fdf70 GCTaskThread "GC Thread#6" [stack: 0x0000002e99e00000,0x0000002e99f00000] [id=11296]
  0x000001457b54be20 GCTaskThread "GC Thread#7" [stack: 0x0000002e9a600000,0x0000002e9a700000] [id=8076]
  0x000001456b214a00 ConcurrentGCThread "G1 Main Marker" [stack: 0x0000002e98300000,0x0000002e98400000] [id=7996]
  0x000001456b215ac0 ConcurrentGCThread "G1 Conc#0" [stack: 0x0000002e98400000,0x0000002e98500000] [id=6616]
  0x000001457b5a8cd0 ConcurrentGCThread "G1 Conc#1" [stack: 0x0000002e9a700000,0x0000002e9a800000] [id=15536]
  0x000001456b26ec40 ConcurrentGCThread "G1 Refine#0" [stack: 0x0000002e98500000,0x0000002e98600000] [id=5724]
  0x000001457a7fe220 ConcurrentGCThread "G1 Refine#1" [stack: 0x0000002e99f00000,0x0000002e9a000000] [id=4872]
  0x000001457a7fe500 ConcurrentGCThread "G1 Refine#2" [stack: 0x0000002e9a000000,0x0000002e9a100000] [id=8348]
  0x0000014578ec4b20 ConcurrentGCThread "G1 Service" [stack: 0x0000002e98600000,0x0000002e98700000] [id=8788]

Threads with active compile tasks:
C1 CompilerThread0     3364 3557       1       java.nio.MappedByteBuffer::limit (8 bytes)
C1 CompilerThread1     3364 3558       1       sun.nio.ch.Util::isBufferTooLarge (15 bytes)
C1 CompilerThread2     3364 3559       1       java.util.HashMap::clear (50 bytes)

VM state: synchronizing (normal execution)

VM Mutex/Monitor currently owned by a thread:  ([mutex/lock_event])
[0x000001456b1a2510] Metaspace_lock - owner thread: 0x000001456b1a8e60
[0x000001456b1a42d0] Threads_lock - owner thread: 0x000001457907d980
[0x000001456b1a5170] Heap_lock - owner thread: 0x000001457b40b760

Heap address: 0x0000000080000000, size: 2048 MB, Compressed Oops mode: 32-bit

CDS archive(s) not mapped
Compressed class space mapped at: 0x0000000100000000-0x0000000140000000, reserved size: 1073741824
Narrow klass base: 0x0000000000000000, Narrow klass shift: 3, Narrow klass range: 0x140000000

GC Precious Log:
 CPUs: 8 total, 8 available
 Memory: 8056M
 Large Page Support: Disabled
 NUMA Support: Disabled
 Compressed Oops: Enabled (32-bit)
 Heap Region Size: 1M
 Heap Min Capacity: 8M
 Heap Initial Capacity: 126M
 Heap Max Capacity: 2G
 Pre-touch: Disabled
 Parallel Workers: 8
 Concurrent Workers: 2
 Concurrent Refinement Workers: 8
 Periodic GC: Disabled

Heap:
 garbage-first heap   total 59392K, used 40781K [0x0000000080000000, 0x0000000100000000)
  region size 1024K, 29 young (29696K), 4 survivors (4096K)
 Metaspace       used 41439K, committed 41856K, reserved 1089536K
  class space    used 5376K, committed 5568K, reserved 1048576K

Heap Regions: E=young(eden), S=young(survivor), O=old, HS=humongous(starts), HC=humongous(continues), CS=collection set, F=free, OA=open archive, CA=closed archive, TAMS=top-at-mark-start (previous, next)
|   0|0x0000000080000000, 0x0000000080100000, 0x0000000080100000|100%|HS|  |TAMS 0x0000000080100000, 0x0000000080000000| Complete 
|   1|0x0000000080100000, 0x0000000080200000, 0x0000000080200000|100%| O|  |TAMS 0x0000000080200000, 0x0000000080100000| Untracked 
|   2|0x0000000080200000, 0x0000000080300000, 0x0000000080300000|100%| O|  |TAMS 0x0000000080300000, 0x0000000080200000| Untracked 
|   3|0x0000000080300000, 0x0000000080400000, 0x0000000080400000|100%| O|  |TAMS 0x0000000080400000, 0x0000000080300000| Untracked 
|   4|0x0000000080400000, 0x0000000080500000, 0x0000000080500000|100%| O|  |TAMS 0x0000000080500000, 0x0000000080400000| Untracked 
|   5|0x0000000080500000, 0x0000000080600000, 0x0000000080600000|100%| O|  |TAMS 0x0000000080600000, 0x0000000080500000| Untracked 
|   6|0x0000000080600000, 0x0000000080700000, 0x0000000080700000|100%| O|  |TAMS 0x0000000080700000, 0x0000000080600000| Complete 
|   7|0x0000000080700000, 0x0000000080800000, 0x0000000080800000|100%| O|  |TAMS 0x0000000080800000, 0x0000000080700000| Untracked 
|   8|0x0000000080800000, 0x0000000080900000, 0x0000000080900000|100%| O|  |TAMS 0x0000000080900000, 0x0000000080800000| Untracked 
|   9|0x0000000080900000, 0x0000000080a00000, 0x0000000080a00000|100%| O|  |TAMS 0x0000000080a00000, 0x0000000080900000| Untracked 
|  10|0x0000000080a00000, 0x0000000080b00000, 0x0000000080b00000|100%| O|  |TAMS 0x0000000080b00000, 0x0000000080a00000| Untracked 
|  11|0x0000000080b00000, 0x0000000080c00000, 0x0000000080c00000|100%| O|  |TAMS 0x0000000080b0e400, 0x0000000080b00000| Untracked 
|  12|0x0000000080c00000, 0x0000000080c1ce00, 0x0000000080d00000| 11%| O|  |TAMS 0x0000000080c00000, 0x0000000080c00000| Untracked 
|  13|0x0000000080d00000, 0x0000000080d00000, 0x0000000080e00000|  0%| F|  |TAMS 0x0000000080d00000, 0x0000000080d00000| Untracked 
|  14|0x0000000080e00000, 0x0000000080e00000, 0x0000000080f00000|  0%| F|  |TAMS 0x0000000080e00000, 0x0000000080e00000| Untracked 
|  15|0x0000000080f00000, 0x0000000080f00000, 0x0000000081000000|  0%| F|  |TAMS 0x0000000080f00000, 0x0000000080f00000| Untracked 
|  16|0x0000000081000000, 0x0000000081000000, 0x0000000081100000|  0%| F|  |TAMS 0x0000000081000000, 0x0000000081000000| Untracked 
|  17|0x0000000081100000, 0x0000000081100000, 0x0000000081200000|  0%| F|  |TAMS 0x0000000081100000, 0x0000000081100000| Untracked 
|  18|0x0000000081200000, 0x0000000081200000, 0x0000000081300000|  0%| F|  |TAMS 0x0000000081200000, 0x0000000081200000| Untracked 
|  19|0x0000000081300000, 0x0000000081300000, 0x0000000081400000|  0%| F|  |TAMS 0x0000000081300000, 0x0000000081300000| Untracked 
|  20|0x0000000081400000, 0x0000000081400000, 0x0000000081500000|  0%| F|  |TAMS 0x0000000081400000, 0x0000000081400000| Untracked 
|  21|0x0000000081500000, 0x0000000081500000, 0x0000000081600000|  0%| F|  |TAMS 0x0000000081500000, 0x0000000081500000| Untracked 
|  22|0x0000000081600000, 0x0000000081600000, 0x0000000081700000|  0%| F|  |TAMS 0x0000000081600000, 0x0000000081600000| Untracked 
|  23|0x0000000081700000, 0x0000000081700000, 0x0000000081800000|  0%| F|  |TAMS 0x0000000081700000, 0x0000000081700000| Untracked 
|  24|0x0000000081800000, 0x0000000081800000, 0x0000000081900000|  0%| F|  |TAMS 0x0000000081800000, 0x0000000081800000| Untracked 
|  25|0x0000000081900000, 0x0000000081900000, 0x0000000081a00000|  0%| F|  |TAMS 0x0000000081900000, 0x0000000081900000| Untracked 
|  26|0x0000000081a00000, 0x0000000081a00000, 0x0000000081b00000|  0%| F|  |TAMS 0x0000000081a00000, 0x0000000081a00000| Untracked 
|  27|0x0000000081b00000, 0x0000000081b00000, 0x0000000081c00000|  0%| F|  |TAMS 0x0000000081b00000, 0x0000000081b00000| Untracked 
|  28|0x0000000081c00000, 0x0000000081c00000, 0x0000000081d00000|  0%| F|  |TAMS 0x0000000081c00000, 0x0000000081c00000| Untracked 
|  29|0x0000000081d00000, 0x0000000081e00000, 0x0000000081e00000|100%| E|CS|TAMS 0x0000000081d00000, 0x0000000081d00000| Complete 
|  30|0x0000000081e00000, 0x0000000081f00000, 0x0000000081f00000|100%| E|CS|TAMS 0x0000000081e00000, 0x0000000081e00000| Complete 
|  31|0x0000000081f00000, 0x0000000082000000, 0x0000000082000000|100%| E|CS|TAMS 0x0000000081f00000, 0x0000000081f00000| Complete 
|  32|0x0000000082000000, 0x0000000082100000, 0x0000000082100000|100%| E|CS|TAMS 0x0000000082000000, 0x0000000082000000| Complete 
|  33|0x0000000082100000, 0x0000000082200000, 0x0000000082200000|100%| E|CS|TAMS 0x0000000082100000, 0x0000000082100000| Complete 
|  34|0x0000000082200000, 0x0000000082300000, 0x0000000082300000|100%| E|CS|TAMS 0x0000000082200000, 0x0000000082200000| Complete 
|  35|0x0000000082300000, 0x0000000082400000, 0x0000000082400000|100%| E|CS|TAMS 0x0000000082300000, 0x0000000082300000| Complete 
|  36|0x0000000082400000, 0x0000000082500000, 0x0000000082500000|100%| E|CS|TAMS 0x0000000082400000, 0x0000000082400000| Complete 
|  37|0x0000000082500000, 0x00000000825b6640, 0x0000000082600000| 71%| S|CS|TAMS 0x0000000082500000, 0x0000000082500000| Complete 
|  38|0x0000000082600000, 0x0000000082700000, 0x0000000082700000|100%| S|CS|TAMS 0x0000000082600000, 0x0000000082600000| Complete 
|  39|0x0000000082700000, 0x0000000082800000, 0x0000000082800000|100%| S|CS|TAMS 0x0000000082700000, 0x0000000082700000| Complete 
|  40|0x0000000082800000, 0x0000000082900000, 0x0000000082900000|100%| S|CS|TAMS 0x0000000082800000, 0x0000000082800000| Complete 
|  41|0x0000000082900000, 0x0000000082a00000, 0x0000000082a00000|100%| E|CS|TAMS 0x0000000082900000, 0x0000000082900000| Complete 
|  42|0x0000000082a00000, 0x0000000082b00000, 0x0000000082b00000|100%| E|CS|TAMS 0x0000000082a00000, 0x0000000082a00000| Complete 
|  43|0x0000000082b00000, 0x0000000082c00000, 0x0000000082c00000|100%| E|CS|TAMS 0x0000000082b00000, 0x0000000082b00000| Complete 
|  44|0x0000000082c00000, 0x0000000082d00000, 0x0000000082d00000|100%| E|CS|TAMS 0x0000000082c00000, 0x0000000082c00000| Complete 
|  45|0x0000000082d00000, 0x0000000082e00000, 0x0000000082e00000|100%| E|CS|TAMS 0x0000000082d00000, 0x0000000082d00000| Complete 
|  46|0x0000000082e00000, 0x0000000082f00000, 0x0000000082f00000|100%| E|CS|TAMS 0x0000000082e00000, 0x0000000082e00000| Complete 
|  47|0x0000000082f00000, 0x0000000083000000, 0x0000000083000000|100%| E|CS|TAMS 0x0000000082f00000, 0x0000000082f00000| Complete 
|  48|0x0000000083000000, 0x0000000083100000, 0x0000000083100000|100%| E|CS|TAMS 0x0000000083000000, 0x0000000083000000| Complete 
|  49|0x0000000083100000, 0x0000000083200000, 0x0000000083200000|100%| E|CS|TAMS 0x0000000083100000, 0x0000000083100000| Complete 
|  50|0x0000000083200000, 0x0000000083300000, 0x0000000083300000|100%| E|CS|TAMS 0x0000000083200000, 0x0000000083200000| Complete 
|  51|0x0000000083300000, 0x0000000083400000, 0x0000000083400000|100%| E|CS|TAMS 0x0000000083300000, 0x0000000083300000| Complete 
|  52|0x0000000083400000, 0x0000000083500000, 0x0000000083500000|100%| E|  |TAMS 0x0000000083400000, 0x0000000083400000| Complete 
|  53|0x0000000083500000, 0x0000000083600000, 0x0000000083600000|100%| E|CS|TAMS 0x0000000083500000, 0x0000000083500000| Complete 
|  99|0x0000000086300000, 0x0000000086400000, 0x0000000086400000|100%| E|CS|TAMS 0x0000000086300000, 0x0000000086300000| Complete 
| 103|0x0000000086700000, 0x0000000086800000, 0x0000000086800000|100%| E|CS|TAMS 0x0000000086700000, 0x0000000086700000| Complete 
| 124|0x0000000087c00000, 0x0000000087d00000, 0x0000000087d00000|100%| E|CS|TAMS 0x0000000087c00000, 0x0000000087c00000| Complete 
| 125|0x0000000087d00000, 0x0000000087e00000, 0x0000000087e00000|100%| E|CS|TAMS 0x0000000087d00000, 0x0000000087d00000| Complete 

Card table byte_map: [0x0000014571d70000,0x0000014572170000] _byte_map_base: 0x0000014571970000

Marking Bits (Prev, Next): (CMBitMap*) 0x000001456b2040d0, (CMBitMap*) 0x000001456b204110
 Prev Bits: [0x0000014572570000, 0x0000014574570000)
 Next Bits: [0x0000014574570000, 0x0000014576570000)

Polling page: 0x0000014569330000

Metaspace:

Usage:
  Non-class:     35.22 MB used.
      Class:      5.25 MB used.
       Both:     40.47 MB used.

Virtual space:
  Non-class space:       40.00 MB reserved,      35.44 MB ( 89%) committed,  5 nodes.
      Class space:        1.00 GB reserved,       5.44 MB ( <1%) committed,  1 nodes.
             Both:        1.04 GB reserved,      40.88 MB (  4%) committed. 

Chunk freelists:
   Non-Class:  496.00 KB
       Class:  2.45 MB
        Both:  2.94 MB

MaxMetaspaceSize: unlimited
CompressedClassSpaceSize: 1.00 GB
Initial GC threshold: 21.00 MB
Current GC threshold: 59.06 MB
CDS: off
MetaspaceReclaimPolicy: balanced
 - commit_granule_bytes: 65536.
 - commit_granule_words: 8192.
 - virtual_space_node_default_size: 1048576.
 - enlarge_chunks_in_place: 1.
 - new_chunks_are_fully_committed: 0.
 - uncommit_free_chunks: 1.
 - use_allocation_guard: 0.
 - handle_deallocations: 1.


Internal statistics:

num_allocs_failed_limit: 6.
num_arena_births: 582.
num_arena_deaths: 0.
num_vsnodes_births: 6.
num_vsnodes_deaths: 0.
num_space_committed: 654.
num_space_uncommitted: 0.
num_chunks_returned_to_freelist: 6.
num_chunks_taken_from_freelist: 1779.
num_chunk_merges: 6.
num_chunk_splits: 1216.
num_chunks_enlarged: 880.
num_purges: 0.
num_inconsistent_stats: 0.

CodeCache: size=49152Kb used=8316Kb max_used=8316Kb free=40836Kb
 bounds [0x000001456e860000, 0x000001456f080000, 0x0000014571860000]
 total_blobs=4081 nmethods=3555 adapters=450
 compilation: enabled
              stopped_count=0, restarted_count=0
 full_count=0

Compilation events (20 events):
Event: 3.123 Thread 0x0000014579c81bd0 3547       1       java.util.zip.ZipFile$Source::getEntryPos (9 bytes)
Event: 3.123 Thread 0x0000014579c81bd0 nmethod 3547 0x000001456f07b590 code [0x000001456f07b720, 0x000001456f07b818]
Event: 3.123 Thread 0x0000014579c81bd0 3548       1       jdk.internal.loader.BuiltinClassLoader$1::hasMoreElements (5 bytes)
Event: 3.123 Thread 0x0000014579c81bd0 nmethod 3548 0x000001456f07b910 code [0x000001456f07baa0, 0x000001456f07bb88]
Event: 3.131 Thread 0x0000014579c81bd0 3549       1       java.lang.System::getProperty (25 bytes)
Event: 3.131 Thread 0x0000014579c81bd0 nmethod 3549 0x000001456f07bc10 code [0x000001456f07bde0, 0x000001456f07c058]
Event: 3.144 Thread 0x0000014579c81bd0 3550       1       jdk.internal.loader.BuiltinClassLoader::findResources (182 bytes)
Event: 3.144 Thread 0x0000014578ff9d60 3551       1       jdk.internal.loader.BuiltinClassLoader::findResourcesOnClassPath (43 bytes)
Event: 3.144 Thread 0x0000014579c43490 3552       1       jdk.internal.loader.BuiltinClassLoader$1::<init> (33 bytes)
Event: 3.144 Thread 0x0000014579c43490 nmethod 3552 0x000001456f07c210 code [0x000001456f07c3c0, 0x000001456f07c628]
Event: 3.144 Thread 0x000001457a773160 3553       1       java.util.ImmutableCollections$AbstractImmutableList::iterator (13 bytes)
Event: 3.144 Thread 0x0000014578ff9d60 nmethod 3551 0x000001456f07c710 code [0x000001456f07c8e0, 0x000001456f07cc48]
Event: 3.144 Thread 0x0000014579c43490 3554       1       java.util.ImmutableCollections$ListItr::<init> (25 bytes)
Event: 3.144 Thread 0x000001457a773160 nmethod 3553 0x000001456f07ce10 code [0x000001456f07cfc0, 0x000001456f07d188]
Event: 3.144 Thread 0x0000014579c43490 nmethod 3554 0x000001456f07d210 code [0x000001456f07d3a0, 0x000001456f07d4b8]
Event: 3.145 Thread 0x0000014579c81bd0 nmethod 3550 0x000001456f07d510 code [0x000001456f07d7c0, 0x000001456f07e2c8]
Event: 3.147 Thread 0x0000014579c81bd0 3555       1       java.time.temporal.ValueRange::getMinimum (5 bytes)
Event: 3.147 Thread 0x0000014579c43490 3556       1       java.time.temporal.ValueRange::getMaximum (5 bytes)
Event: 3.147 Thread 0x0000014579c81bd0 nmethod 3555 0x000001456f07ea10 code [0x000001456f07eba0, 0x000001456f07ec78]
Event: 3.147 Thread 0x0000014579c43490 nmethod 3556 0x000001456f07ed10 code [0x000001456f07eea0, 0x000001456f07ef78]

GC Heap History (16 events):
Event: 0.820 GC heap before
{Heap before GC invocations=0 (full 0):
 garbage-first heap   total 129024K, used 23552K [0x0000000080000000, 0x0000000100000000)
  region size 1024K, 23 young (23552K), 0 survivors (0K)
 Metaspace       used 16126K, committed 16320K, reserved 1064960K
  class space    used 1726K, committed 1792K, reserved 1048576K
}
Event: 0.827 GC heap after
{Heap after GC invocations=1 (full 0):
 garbage-first heap   total 129024K, used 6754K [0x0000000080000000, 0x0000000100000000)
  region size 1024K, 3 young (3072K), 3 survivors (3072K)
 Metaspace       used 16126K, committed 16320K, reserved 1064960K
  class space    used 1726K, committed 1792K, reserved 1048576K
}
Event: 1.121 GC heap before
{Heap before GC invocations=1 (full 0):
 garbage-first heap   total 129024K, used 27234K [0x0000000080000000, 0x0000000100000000)
  region size 1024K, 25 young (25600K), 3 survivors (3072K)
 Metaspace       used 21180K, committed 21504K, reserved 1073152K
  class space    used 2434K, committed 2560K, reserved 1048576K
}
Event: 1.126 GC heap after
{Heap after GC invocations=2 (full 0):
 garbage-first heap   total 129024K, used 8598K [0x0000000080000000, 0x0000000100000000)
  region size 1024K, 2 young (2048K), 2 survivors (2048K)
 Metaspace       used 21180K, committed 21504K, reserved 1073152K
  class space    used 2434K, committed 2560K, reserved 1048576K
}
Event: 1.354 GC heap before
{Heap before GC invocations=3 (full 0):
 garbage-first heap   total 37888K, used 27030K [0x0000000080000000, 0x0000000100000000)
  region size 1024K, 21 young (21504K), 2 survivors (2048K)
 Metaspace       used 25804K, committed 26112K, reserved 1073152K
  class space    used 3048K, committed 3200K, reserved 1048576K
}
Event: 1.358 GC heap after
{Heap after GC invocations=4 (full 0):
 garbage-first heap   total 37888K, used 10139K [0x0000000080000000, 0x0000000100000000)
  region size 1024K, 4 young (4096K), 4 survivors (4096K)
 Metaspace       used 25804K, committed 26112K, reserved 1073152K
  class space    used 3048K, committed 3200K, reserved 1048576K
}
Event: 1.375 GC heap before
{Heap before GC invocations=4 (full 0):
 garbage-first heap   total 37888K, used 10139K [0x0000000080000000, 0x0000000100000000)
  region size 1024K, 5 young (5120K), 4 survivors (4096K)
 Metaspace       used 25908K, committed 26176K, reserved 1073152K
  class space    used 3063K, committed 3200K, reserved 1048576K
}
Event: 1.378 GC heap after
{Heap after GC invocations=5 (full 0):
 garbage-first heap   total 37888K, used 10290K [0x0000000080000000, 0x0000000100000000)
  region size 1024K, 1 young (1024K), 1 survivors (1024K)
 Metaspace       used 25908K, committed 26176K, reserved 1073152K
  class space    used 3063K, committed 3200K, reserved 1048576K
}
Event: 1.606 GC heap before
{Heap before GC invocations=5 (full 0):
 garbage-first heap   total 37888K, used 25650K [0x0000000080000000, 0x0000000100000000)
  region size 1024K, 17 young (17408K), 1 survivors (1024K)
 Metaspace       used 27540K, committed 27840K, reserved 1081344K
  class space    used 3302K, committed 3456K, reserved 1048576K
}
Event: 1.609 GC heap after
{Heap after GC invocations=6 (full 0):
 garbage-first heap   total 37888K, used 11535K [0x0000000080000000, 0x0000000100000000)
  region size 1024K, 2 young (2048K), 2 survivors (2048K)
 Metaspace       used 27540K, committed 27840K, reserved 1081344K
  class space    used 3302K, committed 3456K, reserved 1048576K
}
Event: 1.881 GC heap before
{Heap before GC invocations=6 (full 0):
 garbage-first heap   total 37888K, used 27919K [0x0000000080000000, 0x0000000100000000)
  region size 1024K, 18 young (18432K), 2 survivors (2048K)
 Metaspace       used 29760K, committed 30080K, reserved 1081344K
  class space    used 3634K, committed 3776K, reserved 1048576K
}
Event: 1.887 GC heap after
{Heap after GC invocations=7 (full 0):
 garbage-first heap   total 37888K, used 12629K [0x0000000080000000, 0x0000000100000000)
  region size 1024K, 2 young (2048K), 2 survivors (2048K)
 Metaspace       used 29760K, committed 30080K, reserved 1081344K
  class space    used 3634K, committed 3776K, reserved 1048576K
}
Event: 2.138 GC heap before
{Heap before GC invocations=7 (full 0):
 garbage-first heap   total 37888K, used 27989K [0x0000000080000000, 0x0000000100000000)
  region size 1024K, 17 young (17408K), 2 survivors (2048K)
 Metaspace       used 32557K, committed 32960K, reserved 1081344K
  class space    used 4096K, committed 4288K, reserved 1048576K
}
Event: 2.145 GC heap after
{Heap after GC invocations=8 (full 0):
 garbage-first heap   total 59392K, used 14383K [0x0000000080000000, 0x0000000100000000)
  region size 1024K, 3 young (3072K), 3 survivors (3072K)
 Metaspace       used 32557K, committed 32960K, reserved 1081344K
  class space    used 4096K, committed 4288K, reserved 1048576K
}
Event: 2.513 GC heap before
{Heap before GC invocations=8 (full 0):
 garbage-first heap   total 59392K, used 29743K [0x0000000080000000, 0x0000000100000000)
  region size 1024K, 20 young (20480K), 3 survivors (3072K)
 Metaspace       used 35661K, committed 36096K, reserved 1081344K
  class space    used 4480K, committed 4672K, reserved 1048576K
}
Event: 2.518 GC heap after
{Heap after GC invocations=9 (full 0):
 garbage-first heap   total 59392K, used 16205K [0x0000000080000000, 0x0000000100000000)
  region size 1024K, 4 young (4096K), 4 survivors (4096K)
 Metaspace       used 35661K, committed 36096K, reserved 1081344K
  class space    used 4480K, committed 4672K, reserved 1048576K
}

Dll operation events (9 events):
Event: 0.006 Loaded shared library F:\sts-4.17.0.RELEASE\plugins\org.eclipse.justj.openjdk.hotspot.jre.full.win32.x86_64_17.0.5.v20221102-0933\jre\bin\java.dll
Event: 0.213 Loaded shared library F:\sts-4.17.0.RELEASE\plugins\org.eclipse.justj.openjdk.hotspot.jre.full.win32.x86_64_17.0.5.v20221102-0933\jre\bin\jimage.dll
Event: 0.227 Loaded shared library F:\sts-4.17.0.RELEASE\plugins\org.eclipse.justj.openjdk.hotspot.jre.full.win32.x86_64_17.0.5.v20221102-0933\jre\bin\net.dll
Event: 0.228 Loaded shared library F:\sts-4.17.0.RELEASE\plugins\org.eclipse.justj.openjdk.hotspot.jre.full.win32.x86_64_17.0.5.v20221102-0933\jre\bin\nio.dll
Event: 0.233 Loaded shared library F:\sts-4.17.0.RELEASE\plugins\org.eclipse.justj.openjdk.hotspot.jre.full.win32.x86_64_17.0.5.v20221102-0933\jre\bin\zip.dll
Event: 0.290 Loaded shared library F:\sts-4.17.0.RELEASE\plugins\org.eclipse.justj.openjdk.hotspot.jre.full.win32.x86_64_17.0.5.v20221102-0933\jre\bin\management.dll
Event: 0.304 Loaded shared library F:\sts-4.17.0.RELEASE\plugins\org.eclipse.justj.openjdk.hotspot.jre.full.win32.x86_64_17.0.5.v20221102-0933\jre\bin\management_ext.dll
Event: 1.108 Loaded shared library F:\sts-4.17.0.RELEASE\plugins\org.eclipse.justj.openjdk.hotspot.jre.full.win32.x86_64_17.0.5.v20221102-0933\jre\bin\verify.dll
Event: 2.401 Loaded shared library F:\sts-4.17.0.RELEASE\plugins\org.eclipse.justj.openjdk.hotspot.jre.full.win32.x86_64_17.0.5.v20221102-0933\jre\bin\sunmscapi.dll

Deoptimization events (6 events):
Event: 1.174 Thread 0x000001456b1a8e60 DEOPT PACKING pc=0x000001456eddf799 sp=0x0000002e981fd200
Event: 1.175 Thread 0x000001456b1a8e60 DEOPT UNPACKING pc=0x000001456e8b2b43 sp=0x0000002e981fc6e0 mode 3
Event: 2.480 Thread 0x000001456b1a8e60 DEOPT PACKING pc=0x000001456f0325fd sp=0x0000002e981fc530
Event: 2.480 Thread 0x000001456b1a8e60 DEOPT UNPACKING pc=0x000001456e8b2b43 sp=0x0000002e981fba98 mode 3
Event: 2.500 Thread 0x000001457babeb60 DEOPT PACKING pc=0x000001456ed81317 sp=0x0000002e9a5ff140
Event: 2.500 Thread 0x000001457babeb60 DEOPT UNPACKING pc=0x000001456e8b2b43 sp=0x0000002e9a5fe598 mode 3

Classes unloaded (0 events):
No events

Classes redefined (0 events):
No events

Internal exceptions (20 events):
Event: 1.926 Thread 0x000001456b1a8e60 Exception <a 'java/lang/NoSuchMethodError'{0x00000000867aaa48}: 'int java.lang.invoke.Invokers$Holder.linkToTargetMethod(java.lang.Object, java.lang.Object, java.lang.Object)'> (0x00000000867aaa48) 
thrown [s\src\hotspot\share\interpreter\linkResolver.cpp, line 759]
Event: 1.948 Thread 0x000001456b1a8e60 Exception <a 'java/lang/NoClassDefFoundError'{0x00000000863af8c8}: org/flywaydb/core/Flyway> (0x00000000863af8c8) 
thrown [s\src\hotspot\share\classfile\systemDictionary.cpp, line 245]
Event: 1.948 Thread 0x000001456b1a8e60 Exception <a 'java/lang/NoClassDefFoundError'{0x00000000863b1338}: liquibase/integration/spring/SpringLiquibase> (0x00000000863b1338) 
thrown [s\src\hotspot\share\classfile\systemDictionary.cpp, line 245]
Event: 1.966 Thread 0x000001456b1a8e60 Exception <a 'java/lang/NoClassDefFoundError'{0x0000000081f61bb8}: org/jooq/DSLContext> (0x0000000081f61bb8) 
thrown [s\src\hotspot\share\classfile\systemDictionary.cpp, line 245]
Event: 1.967 Thread 0x000001456b1a8e60 Exception <a 'java/lang/NoClassDefFoundError'{0x0000000081f6bf58}: org/springframework/batch/core/repository/JobRepository> (0x0000000081f6bf58) 
thrown [s\src\hotspot\share\classfile\systemDictionary.cpp, line 245]
Event: 1.967 Thread 0x000001456b1a8e60 Exception <a 'java/lang/NoClassDefFoundError'{0x0000000081f6d780}: org/quartz/Scheduler> (0x0000000081f6d780) 
thrown [s\src\hotspot\share\classfile\systemDictionary.cpp, line 245]
Event: 1.967 Thread 0x000001456b1a8e60 Exception <a 'java/lang/NoClassDefFoundError'{0x0000000081f6f3d0}: org/springframework/session/jdbc/JdbcIndexedSessionRepository> (0x0000000081f6f3d0) 
thrown [s\src\hotspot\share\classfile\systemDictionary.cpp, line 245]
Event: 1.983 Thread 0x000001456b1a8e60 Exception <a 'java/lang/NoSuchMethodError'{0x0000000081e55810}: 'void java.lang.invoke.DirectMethodHandle$Holder.invokeSpecial(java.lang.Object, java.lang.Object, java.lang.Object, java.lang.Object, java.lang.Object, java.lang.Object)'> (0x0000000081e55810) 
thrown [s\src\hotspot\share\interpreter\linkResolver.cpp, line 759]
Event: 2.036 Thread 0x000001456b1a8e60 Exception <a 'java/lang/NoSuchMethodError'{0x0000000081b2bd90}: 'java.lang.Object java.lang.invoke.DirectMethodHandle$Holder.invokeSpecialIFC(java.lang.Object, java.lang.Object, java.lang.Object)'> (0x0000000081b2bd90) 
thrown [s\src\hotspot\share\interpreter\linkResolver.cpp, line 759]
Event: 2.121 Thread 0x000001456b1a8e60 Exception <a 'java/lang/NoSuchMethodError'{0x0000000081795020}: 'void java.lang.invoke.DirectMethodHandle$Holder.invokeInterface(java.lang.Object, java.lang.Object, int)'> (0x0000000081795020) 
thrown [s\src\hotspot\share\interpreter\linkResolver.cpp, line 759]
Event: 2.124 Thread 0x000001456b1a8e60 Exception <a 'java/lang/IncompatibleClassChangeError'{0x00000000817e50f0}: Found class java.lang.Object, but interface was expected> (0x00000000817e50f0) 
thrown [s\src\hotspot\share\interpreter\linkResolver.cpp, line 826]
Event: 2.124 Thread 0x000001456b1a8e60 Exception <a 'java/lang/NoSuchMethodError'{0x00000000817ea1d8}: 'void java.lang.invoke.DirectMethodHandle$Holder.invokeStatic(java.lang.Object, int, java.lang.Object)'> (0x00000000817ea1d8) 
thrown [s\src\hotspot\share\interpreter\linkResolver.cpp, line 759]
Event: 2.154 Thread 0x000001457b40b760 Exception <a 'java/lang/reflect/InvocationTargetException'{0x0000000087df8cf8}> (0x0000000087df8cf8) 
thrown [s\src\hotspot\share\runtime\reflection.cpp, line 1121]
Event: 2.271 Thread 0x000001456b1a8e60 Exception <a 'java/lang/NoSuchMethodError'{0x000000008316d9d0}: 'java.lang.Object java.lang.invoke.DirectMethodHandle$Holder.invokeSpecial(java.lang.Object, java.lang.Object, long, java.lang.Object, java.lang.Object, java.lang.Object, java.lang.Object, java.lang.Object, java.lang.Object)'> (0x000000008316d9d0) 
thrown [s\src\hotspot\share\interpreter\linkResolver.cpp, line 759]
Event: 2.271 Thread 0x000001456b1a8e60 Exception <a 'java/lang/NoSuchMethodError'{0x00000000831724f8}: 'java.lang.Object java.lang.invoke.DelegatingMethodHandle$Holder.reinvoke_L(java.lang.Object, long, java.lang.Object, java.lang.Object, java.lang.Object, java.lang.Object, java.lang.Object, java.lang.Object)'> (0x00000000831724f8) 
thrown [s\src\hotspot\share\interpreter\linkResolver.cpp, line 759]
Event: 2.272 Thread 0x000001456b1a8e60 Exception <a 'java/lang/NoSuchMethodError'{0x000000008317f158}: 'java.lang.Object java.lang.invoke.Invokers$Holder.linkToTargetMethod(java.lang.Object, java.lang.Object, java.lang.Object, java.lang.Object, java.lang.Object, java.lang.Object, java.lang.Object)'> (0x000000008317f158) 
thrown [s\src\hotspot\share\interpreter\linkResolver.cpp, line 759]
Event: 2.428 Thread 0x000001456b1a8e60 Exception <a 'java/io/FileNotFoundException'{0x0000000082ede128}> (0x0000000082ede128) 
thrown [s\src\hotspot\share\prims\jni.cpp, line 516]
Event: 2.451 Thread 0x000001456b1a8e60 Exception <a 'java/lang/NoSuchMethodError'{0x0000000082c183c8}: 'int java.lang.invoke.DirectMethodHandle$Holder.invokeInterface(java.lang.Object, java.lang.Object, java.lang.Object, java.lang.Object)'> (0x0000000082c183c8) 
thrown [s\src\hotspot\share\interpreter\linkResolver.cpp, line 759]
Event: 2.485 Thread 0x000001456b1a8e60 Exception <a 'java/lang/NoSuchMethodError'{0x0000000082a06758}: 'long java.lang.invoke.DirectMethodHandle$Holder.invokeVirtual(java.lang.Object, java.lang.Object)'> (0x0000000082a06758) 
thrown [s\src\hotspot\share\interpreter\linkResolver.cpp, line 759]
Event: 2.657 Thread 0x000001457b40b760 Exception <a 'java/lang/reflect/InvocationTargetException'{0x00000000834efbb8}> (0x00000000834efbb8) 
thrown [s\src\hotspot\share\runtime\reflection.cpp, line 1121]

VM Operations (20 events):
Event: 2.372 Executing VM operation: HandshakeAllThreads
Event: 2.372 Executing VM operation: HandshakeAllThreads done
Event: 2.405 Executing VM operation: HandshakeAllThreads
Event: 2.405 Executing VM operation: HandshakeAllThreads done
Event: 2.423 Executing VM operation: HandshakeAllThreads
Event: 2.423 Executing VM operation: HandshakeAllThreads done
Event: 2.464 Executing VM operation: HandshakeAllThreads
Event: 2.464 Executing VM operation: HandshakeAllThreads done
Event: 2.464 Executing VM operation: HandshakeAllThreads
Event: 2.464 Executing VM operation: HandshakeAllThreads done
Event: 2.492 Executing VM operation: HandshakeAllThreads
Event: 2.492 Executing VM operation: HandshakeAllThreads done
Event: 2.513 Executing VM operation: CollectForMetadataAllocation
Event: 2.518 Executing VM operation: CollectForMetadataAllocation done
Event: 2.530 Executing VM operation: HandshakeAllThreads
Event: 2.530 Executing VM operation: HandshakeAllThreads done
Event: 2.532 Executing VM operation: G1Concurrent
Event: 2.533 Executing VM operation: G1Concurrent done
Event: 2.539 Executing VM operation: G1Concurrent
Event: 2.539 Executing VM operation: G1Concurrent done

Events (20 events):
Event: 3.128 loading class javax/xml/stream/XMLEventReader
Event: 3.129 loading class javax/xml/stream/XMLEventReader done
Event: 3.129 loading class javax/xml/stream/XMLResolver
Event: 3.129 loading class javax/xml/stream/XMLResolver done
Event: 3.131 loading class javax/xml/stream/XMLEventFactory
Event: 3.131 loading class javax/xml/stream/XMLEventFactory done
Event: 3.131 loading class javax/xml/stream/FactoryFinder
Event: 3.131 loading class javax/xml/stream/FactoryFinder done
Event: 3.131 loading class javax/xml/stream/FactoryFinder$1
Event: 3.131 loading class javax/xml/stream/FactoryFinder$1 done
Event: 3.132 loading class com/sun/xml/internal/stream/events/XMLEventFactoryImpl
Event: 3.132 loading class com/sun/xml/internal/stream/events/XMLEventFactoryImpl done
Event: 3.146 loading class javax/naming/InvalidNameException
Event: 3.146 loading class javax/naming/InvalidNameException done
Event: 3.146 loading class javax/naming/event/NamingListener
Event: 3.146 loading class javax/naming/event/NamingListener done
Event: 3.146 loading class javax/naming/event/NamespaceChangeListener
Event: 3.146 loading class javax/naming/event/NamespaceChangeListener done
Event: 3.148 loading class java/lang/AbstractMethodError
Event: 3.148 loading class java/lang/AbstractMethodError done


Dynamic libraries:
0x00007ff657a50000 - 0x00007ff657a5e000 	F:\sts-4.17.0.RELEASE\plugins\org.eclipse.justj.openjdk.hotspot.jre.full.win32.x86_64_17.0.5.v20221102-0933\jre\bin\javaw.exe
0x00007fff68cd0000 - 0x00007fff68ec8000 	C:\WINDOWS\SYSTEM32\ntdll.dll
0x00007fff67aa0000 - 0x00007fff67b5f000 	C:\WINDOWS\System32\KERNEL32.DLL
0x00007fff663c0000 - 0x00007fff66692000 	C:\WINDOWS\System32\KERNELBASE.dll
0x00007fff66be0000 - 0x00007fff66ce0000 	C:\WINDOWS\System32\ucrtbase.dll
0x00007fff3a0c0000 - 0x00007fff3a0d7000 	F:\sts-4.17.0.RELEASE\plugins\org.eclipse.justj.openjdk.hotspot.jre.full.win32.x86_64_17.0.5.v20221102-0933\jre\bin\jli.dll
0x00007fff3a0a0000 - 0x00007fff3a0b9000 	F:\sts-4.17.0.RELEASE\plugins\org.eclipse.justj.openjdk.hotspot.jre.full.win32.x86_64_17.0.5.v20221102-0933\jre\bin\VCRUNTIME140.dll
0x00007fff68ae0000 - 0x00007fff68c81000 	C:\WINDOWS\System32\USER32.dll
0x00007fff66a50000 - 0x00007fff66a72000 	C:\WINDOWS\System32\win32u.dll
0x00007fff58a20000 - 0x00007fff58cba000 	C:\WINDOWS\WinSxS\amd64_microsoft.windows.common-controls_6595b64144ccf1df_6.0.19041.1110_none_60b5254171f9507e\COMCTL32.dll
0x00007fff67070000 - 0x00007fff6709b000 	C:\WINDOWS\System32\GDI32.dll
0x00007fff670a0000 - 0x00007fff6713e000 	C:\WINDOWS\System32\msvcrt.dll
0x00007fff66940000 - 0x00007fff66a4f000 	C:\WINDOWS\System32\gdi32full.dll
0x00007fff66780000 - 0x00007fff6681d000 	C:\WINDOWS\System32\msvcp_win.dll
0x00007fff68780000 - 0x00007fff687b2000 	C:\WINDOWS\System32\IMM32.DLL
0x00007fff3a090000 - 0x00007fff3a09c000 	F:\sts-4.17.0.RELEASE\plugins\org.eclipse.justj.openjdk.hotspot.jre.full.win32.x86_64_17.0.5.v20221102-0933\jre\bin\vcruntime140_1.dll
0x00007fff39ff0000 - 0x00007fff3a081000 	F:\sts-4.17.0.RELEASE\plugins\org.eclipse.justj.openjdk.hotspot.jre.full.win32.x86_64_17.0.5.v20221102-0933\jre\bin\msvcp140.dll
0x00007fff1f6d0000 - 0x00007fff20314000 	F:\sts-4.17.0.RELEASE\plugins\org.eclipse.justj.openjdk.hotspot.jre.full.win32.x86_64_17.0.5.v20221102-0933\jre\bin\server\jvm.dll
0x00007fff67770000 - 0x00007fff6781e000 	C:\WINDOWS\System32\ADVAPI32.dll
0x00007fff67a00000 - 0x00007fff67a9c000 	C:\WINDOWS\System32\sechost.dll
0x00007fff68650000 - 0x00007fff68775000 	C:\WINDOWS\System32\RPCRT4.dll
0x00007fff5d2f0000 - 0x00007fff5d2fa000 	C:\WINDOWS\SYSTEM32\VERSION.dll
0x00007fff55f00000 - 0x00007fff55f27000 	C:\WINDOWS\SYSTEM32\WINMM.dll
0x00007fff54ae0000 - 0x00007fff54ae9000 	C:\WINDOWS\SYSTEM32\WSOCK32.dll
0x00007fff67880000 - 0x00007fff678eb000 	C:\WINDOWS\System32\WS2_32.dll
0x00007fff64eb0000 - 0x00007fff64ec2000 	C:\WINDOWS\SYSTEM32\kernel.appcore.dll
0x00007fff5ef30000 - 0x00007fff5ef3a000 	F:\sts-4.17.0.RELEASE\plugins\org.eclipse.justj.openjdk.hotspot.jre.full.win32.x86_64_17.0.5.v20221102-0933\jre\bin\jimage.dll
0x00007fff64170000 - 0x00007fff64354000 	C:\WINDOWS\SYSTEM32\DBGHELP.DLL
0x00007fff52a00000 - 0x00007fff52a35000 	C:\WINDOWS\SYSTEM32\dbgcore.DLL
0x00007fff666f0000 - 0x00007fff66772000 	C:\WINDOWS\System32\bcryptPrimitives.dll
0x00007fff3d660000 - 0x00007fff3d685000 	F:\sts-4.17.0.RELEASE\plugins\org.eclipse.justj.openjdk.hotspot.jre.full.win32.x86_64_17.0.5.v20221102-0933\jre\bin\java.dll
0x00007fff3ed40000 - 0x00007fff3ed58000 	F:\sts-4.17.0.RELEASE\plugins\org.eclipse.justj.openjdk.hotspot.jre.full.win32.x86_64_17.0.5.v20221102-0933\jre\bin\zip.dll
0x00007fff67d50000 - 0x00007fff68494000 	C:\WINDOWS\System32\SHELL32.dll
0x00007fff64360000 - 0x00007fff64af2000 	C:\WINDOWS\SYSTEM32\windows.storage.dll
0x00007fff66d10000 - 0x00007fff67065000 	C:\WINDOWS\System32\combase.dll
0x00007fff65d40000 - 0x00007fff65d70000 	C:\WINDOWS\SYSTEM32\Wldp.dll
0x00007fff67ca0000 - 0x00007fff67d4d000 	C:\WINDOWS\System32\SHCORE.dll
0x00007fff67820000 - 0x00007fff67875000 	C:\WINDOWS\System32\shlwapi.dll
0x00007fff66300000 - 0x00007fff6631f000 	C:\WINDOWS\SYSTEM32\profapi.dll
0x00007fff39190000 - 0x00007fff391a9000 	F:\sts-4.17.0.RELEASE\plugins\org.eclipse.justj.openjdk.hotspot.jre.full.win32.x86_64_17.0.5.v20221102-0933\jre\bin\net.dll
0x00007fff5e980000 - 0x00007fff5ea8c000 	C:\WINDOWS\SYSTEM32\WINHTTP.dll
0x00007fff65aa0000 - 0x00007fff65b0a000 	C:\WINDOWS\system32\mswsock.dll
0x00007fff38460000 - 0x00007fff38475000 	F:\sts-4.17.0.RELEASE\plugins\org.eclipse.justj.openjdk.hotspot.jre.full.win32.x86_64_17.0.5.v20221102-0933\jre\bin\nio.dll
0x00007fff39fe0000 - 0x00007fff39fe9000 	F:\sts-4.17.0.RELEASE\plugins\org.eclipse.justj.openjdk.hotspot.jre.full.win32.x86_64_17.0.5.v20221102-0933\jre\bin\management.dll
0x00007fff39fd0000 - 0x00007fff39fdb000 	F:\sts-4.17.0.RELEASE\plugins\org.eclipse.justj.openjdk.hotspot.jre.full.win32.x86_64_17.0.5.v20221102-0933\jre\bin\management_ext.dll
0x00007fff67c90000 - 0x00007fff67c98000 	C:\WINDOWS\System32\PSAPI.DLL
0x00007fff4af30000 - 0x00007fff4af47000 	C:\WINDOWS\system32\napinsp.dll
0x00007fff4af10000 - 0x00007fff4af2b000 	C:\WINDOWS\system32\pnrpnsp.dll
0x00007fff4ade0000 - 0x00007fff4adf5000 	C:\WINDOWS\system32\wshbth.dll
0x00007fff61890000 - 0x00007fff618ad000 	C:\WINDOWS\system32\NLAapi.dll
0x00007fff65790000 - 0x00007fff657cb000 	C:\WINDOWS\SYSTEM32\IPHLPAPI.DLL
0x00007fff657d0000 - 0x00007fff6589a000 	C:\WINDOWS\SYSTEM32\DNSAPI.dll
0x00007fff687c0000 - 0x00007fff687c8000 	C:\WINDOWS\System32\NSI.dll
0x00007fff4adc0000 - 0x00007fff4add2000 	C:\WINDOWS\System32\winrnr.dll
0x00007fff55e70000 - 0x00007fff55e7a000 	C:\Windows\System32\rasadhlp.dll
0x00007fff55f30000 - 0x00007fff55fb0000 	C:\WINDOWS\System32\fwpuclnt.dll
0x00007fff66ce0000 - 0x00007fff66d07000 	C:\WINDOWS\System32\bcrypt.dll
0x00007fff65ca0000 - 0x00007fff65cb8000 	C:\WINDOWS\SYSTEM32\CRYPTSP.dll
0x00007fff653c0000 - 0x00007fff653f4000 	C:\WINDOWS\system32\rsaenh.dll
0x00007fff662c0000 - 0x00007fff662ee000 	C:\WINDOWS\SYSTEM32\USERENV.dll
0x00007fff65c90000 - 0x00007fff65c9c000 	C:\WINDOWS\SYSTEM32\CRYPTBASE.dll
0x00007fff5ebc0000 - 0x00007fff5ebd7000 	C:\WINDOWS\SYSTEM32\dhcpcsvc6.DLL
0x00007fff5fb60000 - 0x00007fff5fb7d000 	C:\WINDOWS\SYSTEM32\dhcpcsvc.DLL
0x00007fff5f260000 - 0x00007fff5f270000 	F:\sts-4.17.0.RELEASE\plugins\org.eclipse.justj.openjdk.hotspot.jre.full.win32.x86_64_17.0.5.v20221102-0933\jre\bin\verify.dll
0x00007fff618c0000 - 0x00007fff618ce000 	F:\sts-4.17.0.RELEASE\plugins\org.eclipse.justj.openjdk.hotspot.jre.full.win32.x86_64_17.0.5.v20221102-0933\jre\bin\sunmscapi.dll
0x00007fff66a80000 - 0x00007fff66bd6000 	C:\WINDOWS\System32\CRYPT32.dll
0x00007fff65db0000 - 0x00007fff65dd7000 	C:\WINDOWS\SYSTEM32\ncrypt.dll
0x00007fff65d70000 - 0x00007fff65dab000 	C:\WINDOWS\SYSTEM32\NTASN1.dll

dbghelp: loaded successfully - version: 4.0.5 - missing functions: none
symbol engine: initialized successfully - sym options: 0x614 - pdb path: .;F:\sts-4.17.0.RELEASE\plugins\org.eclipse.justj.openjdk.hotspot.jre.full.win32.x86_64_17.0.5.v20221102-0933\jre\bin;C:\WINDOWS\SYSTEM32;C:\WINDOWS\WinSxS\amd64_microsoft.windows.common-controls_6595b64144ccf1df_6.0.19041.1110_none_60b5254171f9507e;F:\sts-4.17.0.RELEASE\plugins\org.eclipse.justj.openjdk.hotspot.jre.full.win32.x86_64_17.0.5.v20221102-0933\jre\bin\server

VM Arguments:
jvm_args: -Dcom.sun.management.jmxremote -Dcom.sun.management.jmxremote.port=61579 -Dcom.sun.management.jmxremote.authenticate=false -Dcom.sun.management.jmxremote.ssl=false -Djava.rmi.server.hostname=localhost -Dspring.jmx.enabled=true -Dmanagement.endpoints.jmx.exposure.include=* -Dspring.application.admin.enabled=true -XX:TieredStopAtLevel=1 -Dspring.boot.project.name=Backend -Dfile.encoding=UTF-8 -XX:+ShowCodeDetailsInExceptionMessages -Xmx2048M 
java_command: com.example.demo.BackendApplication --spring.output.ansi.enabled=always --server.port=8001
java_class_path (initial): F:\SpringBoot\Backend\target\classes;C:\Users\DELL\.m2\repository\org\springframework\boot\spring-boot-starter-data-jpa\3.0.1\spring-boot-starter-data-jpa-3.0.1.jar;C:\Users\DELL\.m2\repository\org\springframework\boot\spring-boot-starter-aop\3.0.1\spring-boot-starter-aop-3.0.1.jar;C:\Users\DELL\.m2\repository\org\springframework\spring-aop\6.0.3\spring-aop-6.0.3.jar;C:\Users\DELL\.m2\repository\org\aspectj\aspectjweaver\1.9.19\aspectjweaver-1.9.19.jar;C:\Users\DELL\.m2\repository\org\springframework\boot\spring-boot-starter-jdbc\3.0.1\spring-boot-starter-jdbc-3.0.1.jar;C:\Users\DELL\.m2\repository\com\zaxxer\HikariCP\5.0.1\HikariCP-5.0.1.jar;C:\Users\DELL\.m2\repository\org\springframework\spring-jdbc\6.0.3\spring-jdbc-6.0.3.jar;C:\Users\DELL\.m2\repository\org\hibernate\orm\hibernate-core\6.1.6.Final\hibernate-core-6.1.6.Final.jar;C:\Users\DELL\.m2\repository\jakarta\persistence\jakarta.persistence-api\3.1.0\jakarta.persistence-api-3.1.0.jar;C:\Users\DELL\.m2\repository\jakarta\transaction\jakarta.transaction-api\2.0.1\jakarta.transaction-api-2.0.1.jar;C:\Users\DELL\.m2\repository\org\jboss\logging\jboss-logging\3.5.0.Final\jboss-logging-3.5.0.Final.jar;C:\Users\DELL\.m2\repository\org\hibernate\common\hibernate-commons-annotations\6.0.2.Final\hibernate-commons-annotations-6.0.2.Final.jar;C:\Users\DELL\.m2\repository\org\jboss\jandex\2.4.2.Final\jandex-2.4.2.Final.jar;C:\Users\DELL\.m2\repository\com\fasterxml\classmate\1.5.1\classmate-1.5.1.jar;C:\Users\DELL\.m2\repository\net\bytebuddy\byte-buddy\1.12.20\byte-buddy-1.12.20.jar;C:\Users\DELL\.m2\repository\org\glassfish\jaxb\jaxb-runtime\4.0.1\jaxb-runtime-4.0.1.jar;C:\Users\DELL\.m2\repository\org\glassfish\jaxb\jaxb-core\4.0.1\jaxb-core-4.0.1.jar;C:\Users\DELL\.m2\repository\org\eclipse\angus\angus-activation\1.0.0\angus-activation-1.0.0.jar;C:\Users\DELL\.m2\repository\org\glassfish\jaxb\txw2\4.0.1\txw2-4.0.1.jar;C:\Users\DELL\.m2\repository\com\sun\istack\istack-commons-runtime\4.
Launcher Type: SUN_STANDARD

[Global flags]
     intx CICompilerCount                          = 4                                         {product} {ergonomic}
     uint ConcGCThreads                            = 2                                         {product} {ergonomic}
     uint G1ConcRefinementThreads                  = 8                                         {product} {ergonomic}
   size_t G1HeapRegionSize                         = 1048576                                   {product} {ergonomic}
    uintx GCDrainStackTargetSize                   = 64                                        {product} {ergonomic}
   size_t InitialHeapSize                          = 132120576                                 {product} {ergonomic}
     bool ManagementServer                         = true                                      {product} {command line}
   size_t MarkStackSize                            = 4194304                                   {product} {ergonomic}
   size_t MaxHeapSize                              = 2147483648                                {product} {command line}
   size_t MaxNewSize                               = 1287651328                                {product} {ergonomic}
   size_t MinHeapDeltaBytes                        = 1048576                                   {product} {ergonomic}
   size_t MinHeapSize                              = 8388608                                   {product} {ergonomic}
    uintx NonProfiledCodeHeapSize                  = 0                                      {pd product} {ergonomic}
     bool ProfileInterpreter                       = false                                  {pd product} {command line}
    uintx ProfiledCodeHeapSize                     = 0                                      {pd product} {ergonomic}
     bool ShowCodeDetailsInExceptionMessages       = true                                   {manageable} {command line}
   size_t SoftMaxHeapSize                          = 2147483648                             {manageable} {ergonomic}
     intx TieredStopAtLevel                        = 1                                         {product} {command line}
     bool UseCompressedClassPointers               = true                           {product lp64_product} {ergonomic}
     bool UseCompressedOops                        = true                           {product lp64_product} {ergonomic}
     bool UseG1GC                                  = true                                      {product} {ergonomic}
     bool UseLargePagesIndividualAllocation        = false                                  {pd product} {ergonomic}

Logging:
Log output configuration:
 #0: stdout all=warning uptime,level,tags
 #1: stderr all=off uptime,level,tags

Environment Variables:
JAVA_HOME=C:\Program Files\Java\jdk1.8.0_45
_JAVA_OPTIONS=  -Xmx2048M
PATH=F:/sts-4.17.0.RELEASE//plugins/org.eclipse.justj.openjdk.hotspot.jre.full.win32.x86_64_17.0.5.v20221102-0933/jre/bin/server;F:/sts-4.17.0.RELEASE//plugins/org.eclipse.justj.openjdk.hotspot.jre.full.win32.x86_64_17.0.5.v20221102-0933/jre/bin;C:\Program Files (x86)\Common Files\Oracle\Java\javapath;C:\ProgramData\Oracle\Java\javapath;C:\Program Files (x86)\Intel\Intel(R) Management Engine Components\iCLS\;C:\Program Files\Intel\Intel(R) Management Engine Components\iCLS\;C:\WINDOWS\system32;C:\WINDOWS;C:\WINDOWS\System32\Wbem;C:\WINDOWS\System32\WindowsPowerShell\v1.0\;C:\WINDOWS\System32\OpenSSH\;C:\Program Files (x86)\Intel\Intel(R) Management Engine Components\DAL;C:\Program Files\Intel\Intel(R) Management Engine Components\DAL;C:\Program Files (x86)\Intel\Intel(R) Management Engine Components\IPT;C:\Program Files\Intel\Intel(R) Management Engine Components\IPT;C:\Program Files\Java\jdk-15.0.1\bin;C:\Program Files\Java\jdk-16.0.1\bin;C:\Program Files (x86)\CodeBlocks\MinGW\bin;C:\Program Files (x86)\GnuWin32\bin;C:\Program Files\glassfish-4.1.1\bin;C:\Program Files\nodejs\;C:\Program Files\MongoDB\Server\5.0\bin;C:\Users\DELL\Postman\file;C:\Program Files\dotnet\;C:\Program Files\Microsoft SQL Server\150\Tools\Binn\;C:\Program Files\Microsoft SQL Server\Client SDK\ODBC\170\Tools\Binn\;F:\apache-maven-3.8.6\bin;C:\Program Files\Java\jre1.8.0_45\bin;F:\NetBeans 8.1\bin;C:\Users\DELL\AppData\Local\Microsoft\WindowsApps;C:\iverilog\bin;C:\iverilog\gtkwave\bin;C:\Program Files\Java\jdk1.7.0_80\bin;C:\Program Files\Java\jdk1.8.0_45\bin;C:\Users\DELL\AppData\Roaming\npm;C:\Program Files\MongoDB\Server\5.0\bin;C:\Flex Windows\gcc\bin;C:\Flex Windows\Lex\bin;C:\Flex Windows\bison\bin;C:\Users\DELL\AppData\Local\GitHubDesktop\bin;C:\Users\DELL\.dotnet\tools;H:\Microsoft VS Code\bin;F:\sts-4.17.0.RELEASE;
USERNAME=DELL
OS=Windows_NT
PROCESSOR_IDENTIFIER=Intel64 Family 6 Model 142 Stepping 10, GenuineIntel
TMP=C:\Users\DELL\AppData\Local\Temp
TEMP=C:\Users\DELL\AppData\Local\Temp



---------------  S Y S T E M  ---------------

OS:
 Windows 10 , 64 bit Build 19041 (10.0.19041.2364)
OS uptime: 0 days 3:44 hours

CPU: total 8 (initial active 8) (4 cores per cpu, 2 threads per core) family 6 model 142 stepping 10 microcode 0xca, cx8, cmov, fxsr, ht, mmx, 3dnowpref, sse, sse2, sse3, ssse3, sse4.1, sse4.2, popcnt, lzcnt, tsc, tscinvbit, avx, avx2, aes, erms, clmul, bmi1, bmi2, adx, fma, vzeroupper, clflush, clflushopt

Memory: 4k page, system-wide physical 8056M (883M free)
TotalPageFile size 8056M (AvailPageFile size 212M)
current process WorkingSet (physical memory assigned to process): 156M, peak: 156M
current process commit charge ("private bytes"): 191M, peak: 229M

vm_info: OpenJDK 64-Bit Server VM (17.0.5+8) for windows-amd64 JRE (17.0.5+8), built on Oct 19 2022 04:48:13 by "temurin" with MS VC++ 16.7 (VS2019)

END.
