#
# There is insufficient memory for the Java Runtime Environment to continue.
# Native memory allocation (mmap) failed to map 65536 bytes for Failed to commit metaspace.
# Possible reasons:
#   The system is out of physical RAM or swap space
#   The process is running with CompressedOops enabled, and the Java Heap may be blocking the growth of the native heap
# Possible solutions:
#   Reduce memory load on the system
#   Increase physical memory or swap space
#   Check if swap backing store is full
#   Decrease Java heap size (-Xmx/-Xms)
#   Decrease number of Java threads
#   Decrease Java thread stack sizes (-Xss)
#   Set larger code cache with -XX:ReservedCodeCacheSize=
#   JVM is running with Unscaled Compressed Oops mode in which the Java heap is
#     placed in the first 4GB address space. The Java Heap base address is the
#     maximum limit for the native heap growth. Please use -XX:HeapBaseMinAddress
#     to set the Java Heap base and to place the Java Heap above 4GB virtual address.
# This output file may be truncated or incomplete.
#
#  Out of Memory Error (virtualSpaceNode.cpp:110), pid=13704, tid=5896
#
# JRE version: OpenJDK Runtime Environment Temurin-17.0.5+8 (17.0.5+8) (build 17.0.5+8)
# Java VM: OpenJDK 64-Bit Server VM Temurin-17.0.5+8 (17.0.5+8, mixed mode, emulated-client, tiered, compressed oops, compressed class ptrs, g1 gc, windows-amd64)
# No core dump will be written. Minidumps are not enabled by default on client versions of Windows
#

---------------  S U M M A R Y ------------

Command Line: -Dcom.sun.management.jmxremote -Dcom.sun.management.jmxremote.port=58566 -Dcom.sun.management.jmxremote.authenticate=false -Dcom.sun.management.jmxremote.ssl=false -Djava.rmi.server.hostname=localhost -Dspring.jmx.enabled=true -Dmanagement.endpoints.jmx.exposure.include=* -Dspring.application.admin.enabled=true -XX:TieredStopAtLevel=1 -Dspring.boot.project.name=Backend -Dfile.encoding=UTF-8 -XX:+ShowCodeDetailsInExceptionMessages -Xmx2048M com.example.demo.BackendApplication --spring.output.ansi.enabled=always --server.port=3017

Host: Intel(R) Core(TM) i5-8250U CPU @ 1.60GHz, 8 cores, 7G,  Windows 10 , 64 bit Build 19041 (10.0.19041.2251)
Time: Thu Dec 29 13:12:46 2022 India Standard Time elapsed time: 0.595186 seconds (0d 0h 0m 0s)

---------------  T H R E A D  ---------------

Current thread (0x000001fafea576e0):  JavaThread "main" [_thread_in_vm, id=5896, stack(0x000000f046a00000,0x000000f046b00000)]

Stack: [0x000000f046a00000,0x000000f046b00000]
Native frames: (J=compiled Java code, j=interpreted, Vv=VM code, C=native code)
V  [jvm.dll+0x676b3a]
V  [jvm.dll+0x831444]
V  [jvm.dll+0x832bee]
V  [jvm.dll+0x833253]
V  [jvm.dll+0x244ce5]
V  [jvm.dll+0x82d4db]
V  [jvm.dll+0x61b2f6]
V  [jvm.dll+0x1bfd2e]
V  [jvm.dll+0x61dc41]
V  [jvm.dll+0x61bc96]
V  [jvm.dll+0x23a7d0]
V  [jvm.dll+0x124b02]
V  [jvm.dll+0x24d324]
V  [jvm.dll+0x24e625]
V  [jvm.dll+0x1e2105]
V  [jvm.dll+0x1e168d]
V  [jvm.dll+0x53be59]
V  [jvm.dll+0x7ac5a8]
V  [jvm.dll+0x7ac694]
V  [jvm.dll+0x40ba25]
V  [jvm.dll+0x411bb8]
C  [java.dll+0x17ec]

Java frames: (J=compiled Java code, j=interpreted, Vv=VM code)
j  java.lang.ClassLoader.defineClass1(Ljava/lang/ClassLoader;Ljava/lang/String;[BIILjava/security/ProtectionDomain;Ljava/lang/String;)Ljava/lang/Class;+0 java.base@17.0.5
j  java.lang.ClassLoader.defineClass(Ljava/lang/String;[BIILjava/security/ProtectionDomain;)Ljava/lang/Class;+27 java.base@17.0.5
j  java.security.SecureClassLoader.defineClass(Ljava/lang/String;[BIILjava/security/CodeSource;)Ljava/lang/Class;+12 java.base@17.0.5
j  jdk.internal.loader.BuiltinClassLoader.defineClass(Ljava/lang/String;Ljdk/internal/loader/Resource;)Ljava/lang/Class;+117 java.base@17.0.5
j  jdk.internal.loader.BuiltinClassLoader.findClassOnClassPathOrNull(Ljava/lang/String;)Ljava/lang/Class;+37 java.base@17.0.5
j  jdk.internal.loader.BuiltinClassLoader.loadClassOrNull(Ljava/lang/String;Z)Ljava/lang/Class;+111 java.base@17.0.5
j  jdk.internal.loader.BuiltinClassLoader.loadClass(Ljava/lang/String;Z)Ljava/lang/Class;+3 java.base@17.0.5
j  jdk.internal.loader.ClassLoaders$AppClassLoader.loadClass(Ljava/lang/String;Z)Ljava/lang/Class;+36 java.base@17.0.5
j  java.lang.ClassLoader.loadClass(Ljava/lang/String;)Ljava/lang/Class;+3 java.base@17.0.5
v  ~StubRoutines::call_stub
j  java.lang.Class.forName0(Ljava/lang/String;ZLjava/lang/ClassLoader;Ljava/lang/Class;)Ljava/lang/Class;+0 java.base@17.0.5
j  java.lang.Class.forName(Ljava/lang/String;ZLjava/lang/ClassLoader;)Ljava/lang/Class;+43 java.base@17.0.5
j  org.apache.commons.logging.LogAdapter.isPresent(Ljava/lang/String;)Z+7
j  org.apache.commons.logging.LogAdapter.<clinit>()V+2
v  ~StubRoutines::call_stub
j  org.apache.commons.logging.LogFactory.getLog(Ljava/lang/String;)Lorg/apache/commons/logging/Log;+1
j  org.apache.commons.logging.LogFactory.getLog(Ljava/lang/Class;)Lorg/apache/commons/logging/Log;+4
j  org.springframework.boot.SpringApplication.<clinit>()V+2
v  ~StubRoutines::call_stub
j  com.example.demo.BackendApplication.main([Ljava/lang/String;)V+3
v  ~StubRoutines::call_stub

---------------  P R O C E S S  ---------------

Threads class SMR info:
_java_thread_list=0x000001fa8d994a60, length=15, elements={
0x000001fafea576e0, 0x000001fa8d413260, 0x000001fa8d415590, 0x000001fa8c8eb320,
0x000001fa8c8ebea0, 0x000001fa8c8edf10, 0x000001fa8c8eef70, 0x000001fa8c8f1a50,
0x000001fa8d43ddb0, 0x000001fa8c8fe930, 0x000001fa8d57bed0, 0x000001fa8d5fd460,
0x000001fa8dad4c40, 0x000001fa8dad5480, 0x000001fa8db79030
}

Java Threads: ( => current thread )
=>0x000001fafea576e0 JavaThread "main" [_thread_in_vm, id=5896, stack(0x000000f046a00000,0x000000f046b00000)]
  0x000001fa8d413260 JavaThread "Reference Handler" daemon [_thread_blocked, id=1748, stack(0x000000f047100000,0x000000f047200000)]
  0x000001fa8d415590 JavaThread "Finalizer" daemon [_thread_blocked, id=17252, stack(0x000000f047200000,0x000000f047300000)]
  0x000001fa8c8eb320 JavaThread "Signal Dispatcher" daemon [_thread_blocked, id=13148, stack(0x000000f047300000,0x000000f047400000)]
  0x000001fa8c8ebea0 JavaThread "Attach Listener" daemon [_thread_blocked, id=16496, stack(0x000000f047400000,0x000000f047500000)]
  0x000001fa8c8edf10 JavaThread "Service Thread" daemon [_thread_blocked, id=1896, stack(0x000000f047500000,0x000000f047600000)]
  0x000001fa8c8eef70 JavaThread "Monitor Deflation Thread" daemon [_thread_blocked, id=9840, stack(0x000000f047600000,0x000000f047700000)]
  0x000001fa8c8f1a50 JavaThread "C1 CompilerThread0" daemon [_thread_blocked, id=12168, stack(0x000000f047700000,0x000000f047800000)]
  0x000001fa8d43ddb0 JavaThread "Sweeper thread" daemon [_thread_blocked, id=16076, stack(0x000000f047800000,0x000000f047900000)]
  0x000001fa8c8fe930 JavaThread "Common-Cleaner" daemon [_thread_blocked, id=15432, stack(0x000000f047900000,0x000000f047a00000)]
  0x000001fa8d57bed0 JavaThread "C1 CompilerThread1" daemon [_thread_blocked, id=15688, stack(0x000000f047a00000,0x000000f047b00000)]
  0x000001fa8d5fd460 JavaThread "Notification Thread" daemon [_thread_blocked, id=16808, stack(0x000000f047b00000,0x000000f047c00000)]
  0x000001fa8dad4c40 JavaThread "RMI TCP Accept-0" daemon [_thread_in_native, id=7096, stack(0x000000f047c00000,0x000000f047d00000)]
  0x000001fa8dad5480 JavaThread "RMI TCP Accept-58566" daemon [_thread_in_native, id=6660, stack(0x000000f047d00000,0x000000f047e00000)]
  0x000001fa8db79030 JavaThread "RMI TCP Accept-0" daemon [_thread_in_native, id=16868, stack(0x000000f047e00000,0x000000f047f00000)]

Other Threads:
  0x000001fa8c8da990 VMThread "VM Thread" [stack: 0x000000f047000000,0x000000f047100000] [id=5844]
  0x000001fa8db43fa0 WatcherThread [stack: 0x000000f047f00000,0x000000f048000000] [id=6456]
  0x000001fafeab3fe0 GCTaskThread "GC Thread#0" [stack: 0x000000f046b00000,0x000000f046c00000] [id=17128]
  0x000001fafeac55d0 ConcurrentGCThread "G1 Main Marker" [stack: 0x000000f046c00000,0x000000f046d00000] [id=15788]
  0x000001fafeac5ef0 ConcurrentGCThread "G1 Conc#0" [stack: 0x000000f046d00000,0x000000f046e00000] [id=8036]
  0x000001fafeb1d7b0 ConcurrentGCThread "G1 Refine#0" [stack: 0x000000f046e00000,0x000000f046f00000] [id=10060]
  0x000001fafeb1e0e0 ConcurrentGCThread "G1 Service" [stack: 0x000000f046f00000,0x000000f047000000] [id=14960]

Threads with active compile tasks:

VM state: not at safepoint (normal execution)

VM Mutex/Monitor currently owned by a thread:  ([mutex/lock_event])
[0x000001fafea52be0] Metaspace_lock - owner thread: 0x000001fafea576e0

Heap address: 0x0000000080000000, size: 2048 MB, Compressed Oops mode: 32-bit

CDS archive(s) not mapped
Compressed class space mapped at: 0x0000000100000000-0x0000000140000000, reserved size: 1073741824
Narrow klass base: 0x0000000000000000, Narrow klass shift: 3, Narrow klass range: 0x140000000

GC Precious Log:
 CPUs: 8 total, 8 available
 Memory: 8056M
 Large Page Support: Disabled
 NUMA Support: Disabled
 Compressed Oops: Enabled (32-bit)
 Heap Region Size: 1M
 Heap Min Capacity: 8M
 Heap Initial Capacity: 126M
 Heap Max Capacity: 2G
 Pre-touch: Disabled
 Parallel Workers: 8
 Concurrent Workers: 2
 Concurrent Refinement Workers: 8
 Periodic GC: Disabled

Heap:
 garbage-first heap   total 129024K, used 11264K [0x0000000080000000, 0x0000000100000000)
  region size 1024K, 12 young (12288K), 0 survivors (0K)
 Metaspace       used 12167K, committed 12288K, reserved 1064960K
  class space    used 1222K, committed 1280K, reserved 1048576K

Heap Regions: E=young(eden), S=young(survivor), O=old, HS=humongous(starts), HC=humongous(continues), CS=collection set, F=free, OA=open archive, CA=closed archive, TAMS=top-at-mark-start (previous, next)
|   0|0x0000000080000000, 0x0000000080100000, 0x0000000080100000|100%|HS|  |TAMS 0x0000000080000000, 0x0000000080000000| Complete 
|   1|0x0000000080100000, 0x0000000080100000, 0x0000000080200000|  0%| F|  |TAMS 0x0000000080100000, 0x0000000080100000| Untracked 
|   2|0x0000000080200000, 0x0000000080200000, 0x0000000080300000|  0%| F|  |TAMS 0x0000000080200000, 0x0000000080200000| Untracked 
|   3|0x0000000080300000, 0x0000000080300000, 0x0000000080400000|  0%| F|  |TAMS 0x0000000080300000, 0x0000000080300000| Untracked 
|   4|0x0000000080400000, 0x0000000080400000, 0x0000000080500000|  0%| F|  |TAMS 0x0000000080400000, 0x0000000080400000| Untracked 
|   5|0x0000000080500000, 0x0000000080500000, 0x0000000080600000|  0%| F|  |TAMS 0x0000000080500000, 0x0000000080500000| Untracked 
|   6|0x0000000080600000, 0x0000000080600000, 0x0000000080700000|  0%| F|  |TAMS 0x0000000080600000, 0x0000000080600000| Untracked 
|   7|0x0000000080700000, 0x0000000080700000, 0x0000000080800000|  0%| F|  |TAMS 0x0000000080700000, 0x0000000080700000| Untracked 
|   8|0x0000000080800000, 0x0000000080800000, 0x0000000080900000|  0%| F|  |TAMS 0x0000000080800000, 0x0000000080800000| Untracked 
|   9|0x0000000080900000, 0x0000000080900000, 0x0000000080a00000|  0%| F|  |TAMS 0x0000000080900000, 0x0000000080900000| Untracked 
|  10|0x0000000080a00000, 0x0000000080a00000, 0x0000000080b00000|  0%| F|  |TAMS 0x0000000080a00000, 0x0000000080a00000| Untracked 
|  11|0x0000000080b00000, 0x0000000080b00000, 0x0000000080c00000|  0%| F|  |TAMS 0x0000000080b00000, 0x0000000080b00000| Untracked 
|  12|0x0000000080c00000, 0x0000000080c00000, 0x0000000080d00000|  0%| F|  |TAMS 0x0000000080c00000, 0x0000000080c00000| Untracked 
|  13|0x0000000080d00000, 0x0000000080d00000, 0x0000000080e00000|  0%| F|  |TAMS 0x0000000080d00000, 0x0000000080d00000| Untracked 
|  14|0x0000000080e00000, 0x0000000080e00000, 0x0000000080f00000|  0%| F|  |TAMS 0x0000000080e00000, 0x0000000080e00000| Untracked 
|  15|0x0000000080f00000, 0x0000000080f00000, 0x0000000081000000|  0%| F|  |TAMS 0x0000000080f00000, 0x0000000080f00000| Untracked 
|  16|0x0000000081000000, 0x0000000081000000, 0x0000000081100000|  0%| F|  |TAMS 0x0000000081000000, 0x0000000081000000| Untracked 
|  17|0x0000000081100000, 0x0000000081100000, 0x0000000081200000|  0%| F|  |TAMS 0x0000000081100000, 0x0000000081100000| Untracked 
|  18|0x0000000081200000, 0x0000000081200000, 0x0000000081300000|  0%| F|  |TAMS 0x0000000081200000, 0x0000000081200000| Untracked 
|  19|0x0000000081300000, 0x0000000081300000, 0x0000000081400000|  0%| F|  |TAMS 0x0000000081300000, 0x0000000081300000| Untracked 
|  20|0x0000000081400000, 0x0000000081400000, 0x0000000081500000|  0%| F|  |TAMS 0x0000000081400000, 0x0000000081400000| Untracked 
|  21|0x0000000081500000, 0x0000000081500000, 0x0000000081600000|  0%| F|  |TAMS 0x0000000081500000, 0x0000000081500000| Untracked 
|  22|0x0000000081600000, 0x0000000081600000, 0x0000000081700000|  0%| F|  |TAMS 0x0000000081600000, 0x0000000081600000| Untracked 
|  23|0x0000000081700000, 0x0000000081700000, 0x0000000081800000|  0%| F|  |TAMS 0x0000000081700000, 0x0000000081700000| Untracked 
|  24|0x0000000081800000, 0x0000000081800000, 0x0000000081900000|  0%| F|  |TAMS 0x0000000081800000, 0x0000000081800000| Untracked 
|  25|0x0000000081900000, 0x0000000081900000, 0x0000000081a00000|  0%| F|  |TAMS 0x0000000081900000, 0x0000000081900000| Untracked 
|  26|0x0000000081a00000, 0x0000000081a00000, 0x0000000081b00000|  0%| F|  |TAMS 0x0000000081a00000, 0x0000000081a00000| Untracked 
|  27|0x0000000081b00000, 0x0000000081b00000, 0x0000000081c00000|  0%| F|  |TAMS 0x0000000081b00000, 0x0000000081b00000| Untracked 
|  28|0x0000000081c00000, 0x0000000081c00000, 0x0000000081d00000|  0%| F|  |TAMS 0x0000000081c00000, 0x0000000081c00000| Untracked 
|  29|0x0000000081d00000, 0x0000000081d00000, 0x0000000081e00000|  0%| F|  |TAMS 0x0000000081d00000, 0x0000000081d00000| Untracked 
|  30|0x0000000081e00000, 0x0000000081e00000, 0x0000000081f00000|  0%| F|  |TAMS 0x0000000081e00000, 0x0000000081e00000| Untracked 
|  31|0x0000000081f00000, 0x0000000081f00000, 0x0000000082000000|  0%| F|  |TAMS 0x0000000081f00000, 0x0000000081f00000| Untracked 
|  32|0x0000000082000000, 0x0000000082000000, 0x0000000082100000|  0%| F|  |TAMS 0x0000000082000000, 0x0000000082000000| Untracked 
|  33|0x0000000082100000, 0x0000000082100000, 0x0000000082200000|  0%| F|  |TAMS 0x0000000082100000, 0x0000000082100000| Untracked 
|  34|0x0000000082200000, 0x0000000082200000, 0x0000000082300000|  0%| F|  |TAMS 0x0000000082200000, 0x0000000082200000| Untracked 
|  35|0x0000000082300000, 0x0000000082300000, 0x0000000082400000|  0%| F|  |TAMS 0x0000000082300000, 0x0000000082300000| Untracked 
|  36|0x0000000082400000, 0x0000000082400000, 0x0000000082500000|  0%| F|  |TAMS 0x0000000082400000, 0x0000000082400000| Untracked 
|  37|0x0000000082500000, 0x0000000082500000, 0x0000000082600000|  0%| F|  |TAMS 0x0000000082500000, 0x0000000082500000| Untracked 
|  38|0x0000000082600000, 0x0000000082600000, 0x0000000082700000|  0%| F|  |TAMS 0x0000000082600000, 0x0000000082600000| Untracked 
|  39|0x0000000082700000, 0x0000000082700000, 0x0000000082800000|  0%| F|  |TAMS 0x0000000082700000, 0x0000000082700000| Untracked 
|  40|0x0000000082800000, 0x0000000082800000, 0x0000000082900000|  0%| F|  |TAMS 0x0000000082800000, 0x0000000082800000| Untracked 
|  41|0x0000000082900000, 0x0000000082900000, 0x0000000082a00000|  0%| F|  |TAMS 0x0000000082900000, 0x0000000082900000| Untracked 
|  42|0x0000000082a00000, 0x0000000082a00000, 0x0000000082b00000|  0%| F|  |TAMS 0x0000000082a00000, 0x0000000082a00000| Untracked 
|  43|0x0000000082b00000, 0x0000000082b00000, 0x0000000082c00000|  0%| F|  |TAMS 0x0000000082b00000, 0x0000000082b00000| Untracked 
|  44|0x0000000082c00000, 0x0000000082c00000, 0x0000000082d00000|  0%| F|  |TAMS 0x0000000082c00000, 0x0000000082c00000| Untracked 
|  45|0x0000000082d00000, 0x0000000082d00000, 0x0000000082e00000|  0%| F|  |TAMS 0x0000000082d00000, 0x0000000082d00000| Untracked 
|  46|0x0000000082e00000, 0x0000000082e00000, 0x0000000082f00000|  0%| F|  |TAMS 0x0000000082e00000, 0x0000000082e00000| Untracked 
|  47|0x0000000082f00000, 0x0000000082f00000, 0x0000000083000000|  0%| F|  |TAMS 0x0000000082f00000, 0x0000000082f00000| Untracked 
|  48|0x0000000083000000, 0x0000000083000000, 0x0000000083100000|  0%| F|  |TAMS 0x0000000083000000, 0x0000000083000000| Untracked 
|  49|0x0000000083100000, 0x0000000083100000, 0x0000000083200000|  0%| F|  |TAMS 0x0000000083100000, 0x0000000083100000| Untracked 
|  50|0x0000000083200000, 0x0000000083200000, 0x0000000083300000|  0%| F|  |TAMS 0x0000000083200000, 0x0000000083200000| Untracked 
|  51|0x0000000083300000, 0x0000000083300000, 0x0000000083400000|  0%| F|  |TAMS 0x0000000083300000, 0x0000000083300000| Untracked 
|  52|0x0000000083400000, 0x0000000083400000, 0x0000000083500000|  0%| F|  |TAMS 0x0000000083400000, 0x0000000083400000| Untracked 
|  53|0x0000000083500000, 0x0000000083500000, 0x0000000083600000|  0%| F|  |TAMS 0x0000000083500000, 0x0000000083500000| Untracked 
|  54|0x0000000083600000, 0x0000000083600000, 0x0000000083700000|  0%| F|  |TAMS 0x0000000083600000, 0x0000000083600000| Untracked 
|  55|0x0000000083700000, 0x0000000083700000, 0x0000000083800000|  0%| F|  |TAMS 0x0000000083700000, 0x0000000083700000| Untracked 
|  56|0x0000000083800000, 0x0000000083800000, 0x0000000083900000|  0%| F|  |TAMS 0x0000000083800000, 0x0000000083800000| Untracked 
|  57|0x0000000083900000, 0x0000000083900000, 0x0000000083a00000|  0%| F|  |TAMS 0x0000000083900000, 0x0000000083900000| Untracked 
|  58|0x0000000083a00000, 0x0000000083a00000, 0x0000000083b00000|  0%| F|  |TAMS 0x0000000083a00000, 0x0000000083a00000| Untracked 
|  59|0x0000000083b00000, 0x0000000083b00000, 0x0000000083c00000|  0%| F|  |TAMS 0x0000000083b00000, 0x0000000083b00000| Untracked 
|  60|0x0000000083c00000, 0x0000000083c00000, 0x0000000083d00000|  0%| F|  |TAMS 0x0000000083c00000, 0x0000000083c00000| Untracked 
|  61|0x0000000083d00000, 0x0000000083d00000, 0x0000000083e00000|  0%| F|  |TAMS 0x0000000083d00000, 0x0000000083d00000| Untracked 
|  62|0x0000000083e00000, 0x0000000083e00000, 0x0000000083f00000|  0%| F|  |TAMS 0x0000000083e00000, 0x0000000083e00000| Untracked 
|  63|0x0000000083f00000, 0x0000000083f00000, 0x0000000084000000|  0%| F|  |TAMS 0x0000000083f00000, 0x0000000083f00000| Untracked 
|  64|0x0000000084000000, 0x0000000084000000, 0x0000000084100000|  0%| F|  |TAMS 0x0000000084000000, 0x0000000084000000| Untracked 
|  65|0x0000000084100000, 0x0000000084100000, 0x0000000084200000|  0%| F|  |TAMS 0x0000000084100000, 0x0000000084100000| Untracked 
|  66|0x0000000084200000, 0x0000000084200000, 0x0000000084300000|  0%| F|  |TAMS 0x0000000084200000, 0x0000000084200000| Untracked 
|  67|0x0000000084300000, 0x0000000084300000, 0x0000000084400000|  0%| F|  |TAMS 0x0000000084300000, 0x0000000084300000| Untracked 
|  68|0x0000000084400000, 0x0000000084400000, 0x0000000084500000|  0%| F|  |TAMS 0x0000000084400000, 0x0000000084400000| Untracked 
|  69|0x0000000084500000, 0x0000000084500000, 0x0000000084600000|  0%| F|  |TAMS 0x0000000084500000, 0x0000000084500000| Untracked 
|  70|0x0000000084600000, 0x0000000084600000, 0x0000000084700000|  0%| F|  |TAMS 0x0000000084600000, 0x0000000084600000| Untracked 
|  71|0x0000000084700000, 0x0000000084700000, 0x0000000084800000|  0%| F|  |TAMS 0x0000000084700000, 0x0000000084700000| Untracked 
|  72|0x0000000084800000, 0x0000000084800000, 0x0000000084900000|  0%| F|  |TAMS 0x0000000084800000, 0x0000000084800000| Untracked 
|  73|0x0000000084900000, 0x0000000084900000, 0x0000000084a00000|  0%| F|  |TAMS 0x0000000084900000, 0x0000000084900000| Untracked 
|  74|0x0000000084a00000, 0x0000000084a00000, 0x0000000084b00000|  0%| F|  |TAMS 0x0000000084a00000, 0x0000000084a00000| Untracked 
|  75|0x0000000084b00000, 0x0000000084b00000, 0x0000000084c00000|  0%| F|  |TAMS 0x0000000084b00000, 0x0000000084b00000| Untracked 
|  76|0x0000000084c00000, 0x0000000084c00000, 0x0000000084d00000|  0%| F|  |TAMS 0x0000000084c00000, 0x0000000084c00000| Untracked 
|  77|0x0000000084d00000, 0x0000000084d00000, 0x0000000084e00000|  0%| F|  |TAMS 0x0000000084d00000, 0x0000000084d00000| Untracked 
|  78|0x0000000084e00000, 0x0000000084e00000, 0x0000000084f00000|  0%| F|  |TAMS 0x0000000084e00000, 0x0000000084e00000| Untracked 
|  79|0x0000000084f00000, 0x0000000084f00000, 0x0000000085000000|  0%| F|  |TAMS 0x0000000084f00000, 0x0000000084f00000| Untracked 
|  80|0x0000000085000000, 0x0000000085000000, 0x0000000085100000|  0%| F|  |TAMS 0x0000000085000000, 0x0000000085000000| Untracked 
|  81|0x0000000085100000, 0x0000000085100000, 0x0000000085200000|  0%| F|  |TAMS 0x0000000085100000, 0x0000000085100000| Untracked 
|  82|0x0000000085200000, 0x0000000085200000, 0x0000000085300000|  0%| F|  |TAMS 0x0000000085200000, 0x0000000085200000| Untracked 
|  83|0x0000000085300000, 0x0000000085300000, 0x0000000085400000|  0%| F|  |TAMS 0x0000000085300000, 0x0000000085300000| Untracked 
|  84|0x0000000085400000, 0x0000000085400000, 0x0000000085500000|  0%| F|  |TAMS 0x0000000085400000, 0x0000000085400000| Untracked 
|  85|0x0000000085500000, 0x0000000085500000, 0x0000000085600000|  0%| F|  |TAMS 0x0000000085500000, 0x0000000085500000| Untracked 
|  86|0x0000000085600000, 0x0000000085600000, 0x0000000085700000|  0%| F|  |TAMS 0x0000000085600000, 0x0000000085600000| Untracked 
|  87|0x0000000085700000, 0x0000000085700000, 0x0000000085800000|  0%| F|  |TAMS 0x0000000085700000, 0x0000000085700000| Untracked 
|  88|0x0000000085800000, 0x0000000085800000, 0x0000000085900000|  0%| F|  |TAMS 0x0000000085800000, 0x0000000085800000| Untracked 
|  89|0x0000000085900000, 0x0000000085900000, 0x0000000085a00000|  0%| F|  |TAMS 0x0000000085900000, 0x0000000085900000| Untracked 
|  90|0x0000000085a00000, 0x0000000085a00000, 0x0000000085b00000|  0%| F|  |TAMS 0x0000000085a00000, 0x0000000085a00000| Untracked 
|  91|0x0000000085b00000, 0x0000000085b00000, 0x0000000085c00000|  0%| F|  |TAMS 0x0000000085b00000, 0x0000000085b00000| Untracked 
|  92|0x0000000085c00000, 0x0000000085c00000, 0x0000000085d00000|  0%| F|  |TAMS 0x0000000085c00000, 0x0000000085c00000| Untracked 
|  93|0x0000000085d00000, 0x0000000085d00000, 0x0000000085e00000|  0%| F|  |TAMS 0x0000000085d00000, 0x0000000085d00000| Untracked 
|  94|0x0000000085e00000, 0x0000000085e00000, 0x0000000085f00000|  0%| F|  |TAMS 0x0000000085e00000, 0x0000000085e00000| Untracked 
|  95|0x0000000085f00000, 0x0000000085f00000, 0x0000000086000000|  0%| F|  |TAMS 0x0000000085f00000, 0x0000000085f00000| Untracked 
|  96|0x0000000086000000, 0x0000000086000000, 0x0000000086100000|  0%| F|  |TAMS 0x0000000086000000, 0x0000000086000000| Untracked 
|  97|0x0000000086100000, 0x0000000086100000, 0x0000000086200000|  0%| F|  |TAMS 0x0000000086100000, 0x0000000086100000| Untracked 
|  98|0x0000000086200000, 0x0000000086200000, 0x0000000086300000|  0%| F|  |TAMS 0x0000000086200000, 0x0000000086200000| Untracked 
|  99|0x0000000086300000, 0x0000000086300000, 0x0000000086400000|  0%| F|  |TAMS 0x0000000086300000, 0x0000000086300000| Untracked 
| 100|0x0000000086400000, 0x0000000086400000, 0x0000000086500000|  0%| F|  |TAMS 0x0000000086400000, 0x0000000086400000| Untracked 
| 101|0x0000000086500000, 0x0000000086500000, 0x0000000086600000|  0%| F|  |TAMS 0x0000000086500000, 0x0000000086500000| Untracked 
| 102|0x0000000086600000, 0x0000000086600000, 0x0000000086700000|  0%| F|  |TAMS 0x0000000086600000, 0x0000000086600000| Untracked 
| 103|0x0000000086700000, 0x0000000086700000, 0x0000000086800000|  0%| F|  |TAMS 0x0000000086700000, 0x0000000086700000| Untracked 
| 104|0x0000000086800000, 0x0000000086800000, 0x0000000086900000|  0%| F|  |TAMS 0x0000000086800000, 0x0000000086800000| Untracked 
| 105|0x0000000086900000, 0x0000000086900000, 0x0000000086a00000|  0%| F|  |TAMS 0x0000000086900000, 0x0000000086900000| Untracked 
| 106|0x0000000086a00000, 0x0000000086a00000, 0x0000000086b00000|  0%| F|  |TAMS 0x0000000086a00000, 0x0000000086a00000| Untracked 
| 107|0x0000000086b00000, 0x0000000086b00000, 0x0000000086c00000|  0%| F|  |TAMS 0x0000000086b00000, 0x0000000086b00000| Untracked 
| 108|0x0000000086c00000, 0x0000000086c00000, 0x0000000086d00000|  0%| F|  |TAMS 0x0000000086c00000, 0x0000000086c00000| Untracked 
| 109|0x0000000086d00000, 0x0000000086d00000, 0x0000000086e00000|  0%| F|  |TAMS 0x0000000086d00000, 0x0000000086d00000| Untracked 
| 110|0x0000000086e00000, 0x0000000086e00000, 0x0000000086f00000|  0%| F|  |TAMS 0x0000000086e00000, 0x0000000086e00000| Untracked 
| 111|0x0000000086f00000, 0x0000000086f00000, 0x0000000087000000|  0%| F|  |TAMS 0x0000000086f00000, 0x0000000086f00000| Untracked 
| 112|0x0000000087000000, 0x0000000087000000, 0x0000000087100000|  0%| F|  |TAMS 0x0000000087000000, 0x0000000087000000| Untracked 
| 113|0x0000000087100000, 0x0000000087100000, 0x0000000087200000|  0%| F|  |TAMS 0x0000000087100000, 0x0000000087100000| Untracked 
| 114|0x0000000087200000, 0x00000000872767b0, 0x0000000087300000| 46%| E|  |TAMS 0x0000000087200000, 0x0000000087200000| Complete 
| 115|0x0000000087300000, 0x0000000087400000, 0x0000000087400000|100%| E|CS|TAMS 0x0000000087300000, 0x0000000087300000| Complete 
| 116|0x0000000087400000, 0x0000000087500000, 0x0000000087500000|100%| E|CS|TAMS 0x0000000087400000, 0x0000000087400000| Complete 
| 117|0x0000000087500000, 0x0000000087600000, 0x0000000087600000|100%| E|CS|TAMS 0x0000000087500000, 0x0000000087500000| Complete 
| 118|0x0000000087600000, 0x0000000087700000, 0x0000000087700000|100%| E|CS|TAMS 0x0000000087600000, 0x0000000087600000| Complete 
| 119|0x0000000087700000, 0x0000000087800000, 0x0000000087800000|100%| E|CS|TAMS 0x0000000087700000, 0x0000000087700000| Complete 
| 120|0x0000000087800000, 0x0000000087900000, 0x0000000087900000|100%| E|CS|TAMS 0x0000000087800000, 0x0000000087800000| Complete 
| 121|0x0000000087900000, 0x0000000087a00000, 0x0000000087a00000|100%| E|CS|TAMS 0x0000000087900000, 0x0000000087900000| Complete 
| 122|0x0000000087a00000, 0x0000000087b00000, 0x0000000087b00000|100%| E|CS|TAMS 0x0000000087a00000, 0x0000000087a00000| Complete 
| 123|0x0000000087b00000, 0x0000000087c00000, 0x0000000087c00000|100%| E|  |TAMS 0x0000000087b00000, 0x0000000087b00000| Complete 
| 124|0x0000000087c00000, 0x0000000087d00000, 0x0000000087d00000|100%| E|CS|TAMS 0x0000000087c00000, 0x0000000087c00000| Complete 
| 125|0x0000000087d00000, 0x0000000087e00000, 0x0000000087e00000|100%| E|CS|TAMS 0x0000000087d00000, 0x0000000087d00000| Complete 

Card table byte_map: [0x000001faff030000,0x000001faff430000] _byte_map_base: 0x000001fafec30000

Marking Bits (Prev, Next): (CMBitMap*) 0x000001fafeab4500, (CMBitMap*) 0x000001fafeab4540
 Prev Bits: [0x000001fa865f0000, 0x000001fa885f0000)
 Next Bits: [0x000001fa885f0000, 0x000001fa8a5f0000)

Polling page: 0x000001fafc9e0000

Metaspace:

Usage:
  Non-class:     10.69 MB used.
      Class:      1.19 MB used.
       Both:     11.88 MB used.

Virtual space:
  Non-class space:       16.00 MB reserved,      10.75 MB ( 67%) committed,  2 nodes.
      Class space:        1.00 GB reserved,       1.25 MB ( <1%) committed,  1 nodes.
             Both:        1.02 GB reserved,      12.00 MB (  1%) committed. 

Chunk freelists:
   Non-Class:  752.00 KB
       Class:  2.71 MB
        Both:  3.45 MB

MaxMetaspaceSize: unlimited
CompressedClassSpaceSize: 1.00 GB
Initial GC threshold: 21.00 MB
Current GC threshold: 21.00 MB
CDS: off
MetaspaceReclaimPolicy: balanced
 - commit_granule_bytes: 65536.
 - commit_granule_words: 8192.
 - virtual_space_node_default_size: 1048576.
 - enlarge_chunks_in_place: 1.
 - new_chunks_are_fully_committed: 0.
 - uncommit_free_chunks: 1.
 - use_allocation_guard: 0.
 - handle_deallocations: 1.


Internal statistics:

num_allocs_failed_limit: 0.
num_arena_births: 94.
num_arena_deaths: 0.
num_vsnodes_births: 3.
num_vsnodes_deaths: 0.
num_space_committed: 192.
num_space_uncommitted: 0.
num_chunks_returned_to_freelist: 0.
num_chunks_taken_from_freelist: 162.
num_chunk_merges: 0.
num_chunk_splits: 89.
num_chunks_enlarged: 40.
num_purges: 0.
num_inconsistent_stats: 0.

CodeCache: size=49152Kb used=2784Kb max_used=2784Kb free=46367Kb
 bounds [0x000001fa835f0000, 0x000001fa838b0000, 0x000001fa865f0000]
 total_blobs=1283 nmethods=852 adapters=358
 compilation: enabled
              stopped_count=0, restarted_count=0
 full_count=0

Compilation events (20 events):
Event: 0.566 Thread 0x000001fa8c8f1a50 nmethod 842 0x000001fa838a4f10 code [0x000001fa838a50c0, 0x000001fa838a5208]
Event: 0.566 Thread 0x000001fa8d57bed0 nmethod 843 0x000001fa838a5310 code [0x000001fa838a54a0, 0x000001fa838a5608]
Event: 0.567 Thread 0x000001fa8d57bed0  844       1       java.net.URL::getPort (5 bytes)
Event: 0.567 Thread 0x000001fa8d57bed0 nmethod 844 0x000001fa838a5710 code [0x000001fa838a58a0, 0x000001fa838a5978]
Event: 0.568 Thread 0x000001fa8d57bed0  845       1       java.util.zip.ZipUtils::CENLEN (9 bytes)
Event: 0.568 Thread 0x000001fa8d57bed0 nmethod 845 0x000001fa838a5a10 code [0x000001fa838a5ba0, 0x000001fa838a5cf8]
Event: 0.569 Thread 0x000001fa8d57bed0  846       1       java.net.URL::getAuthority (5 bytes)
Event: 0.569 Thread 0x000001fa8c8f1a50  847       1       java.net.URL::getPath (5 bytes)
Event: 0.569 Thread 0x000001fa8d57bed0 nmethod 846 0x000001fa838a5e10 code [0x000001fa838a5fa0, 0x000001fa838a6078]
Event: 0.569 Thread 0x000001fa8c8f1a50 nmethod 847 0x000001fa838a6110 code [0x000001fa838a62a0, 0x000001fa838a6378]
Event: 0.569 Thread 0x000001fa8d57bed0  848       1       java.net.URL::getQuery (5 bytes)
Event: 0.569 Thread 0x000001fa8c8f1a50  849       1       java.net.URL::getRef (5 bytes)
Event: 0.569 Thread 0x000001fa8d57bed0 nmethod 848 0x000001fa838a6410 code [0x000001fa838a65a0, 0x000001fa838a6678]
Event: 0.569 Thread 0x000001fa8c8f1a50 nmethod 849 0x000001fa838a6710 code [0x000001fa838a68a0, 0x000001fa838a6978]
Event: 0.573 Thread 0x000001fa8c8f1a50  850       1       java.security.ProtectionDomain::getCodeSource (5 bytes)
Event: 0.573 Thread 0x000001fa8c8f1a50 nmethod 850 0x000001fa838a6a10 code [0x000001fa838a6ba0, 0x000001fa838a6c78]
Event: 0.574 Thread 0x000001fa8c8f1a50  851       1       java.util.jar.JarFile::getVersionedEntry (133 bytes)
Event: 0.574 Thread 0x000001fa8d57bed0  852       1       java.lang.String::regionMatches (150 bytes)
Event: 0.574 Thread 0x000001fa8d57bed0 nmethod 852 0x000001fa838a6d10 code [0x000001fa838a6f00, 0x000001fa838a71e8]
Event: 0.575 Thread 0x000001fa8c8f1a50 nmethod 851 0x000001fa838a7390 code [0x000001fa838a75c0, 0x000001fa838a7c38]

GC Heap History (0 events):
No events

Dll operation events (7 events):
Event: 0.007 Loaded shared library F:\sts-4.17.0.RELEASE\plugins\org.eclipse.justj.openjdk.hotspot.jre.full.win32.x86_64_17.0.5.v20221102-0933\jre\bin\java.dll
Event: 0.206 Loaded shared library F:\sts-4.17.0.RELEASE\plugins\org.eclipse.justj.openjdk.hotspot.jre.full.win32.x86_64_17.0.5.v20221102-0933\jre\bin\jimage.dll
Event: 0.222 Loaded shared library F:\sts-4.17.0.RELEASE\plugins\org.eclipse.justj.openjdk.hotspot.jre.full.win32.x86_64_17.0.5.v20221102-0933\jre\bin\net.dll
Event: 0.224 Loaded shared library F:\sts-4.17.0.RELEASE\plugins\org.eclipse.justj.openjdk.hotspot.jre.full.win32.x86_64_17.0.5.v20221102-0933\jre\bin\nio.dll
Event: 0.230 Loaded shared library F:\sts-4.17.0.RELEASE\plugins\org.eclipse.justj.openjdk.hotspot.jre.full.win32.x86_64_17.0.5.v20221102-0933\jre\bin\zip.dll
Event: 0.286 Loaded shared library F:\sts-4.17.0.RELEASE\plugins\org.eclipse.justj.openjdk.hotspot.jre.full.win32.x86_64_17.0.5.v20221102-0933\jre\bin\management.dll
Event: 0.299 Loaded shared library F:\sts-4.17.0.RELEASE\plugins\org.eclipse.justj.openjdk.hotspot.jre.full.win32.x86_64_17.0.5.v20221102-0933\jre\bin\management_ext.dll

Deoptimization events (0 events):
No events

Classes unloaded (0 events):
No events

Classes redefined (0 events):
No events

Internal exceptions (11 events):
Event: 0.284 Thread 0x000001fafea576e0 Exception <a 'java/lang/NoSuchMethodError'{0x00000000878c83b0}: 'java.lang.Object java.lang.invoke.DirectMethodHandle$Holder.invokeStaticInit(java.lang.Object)'> (0x00000000878c83b0) 
thrown [s\src\hotspot\share\interpreter\linkResolver.cpp, line 759]
Event: 0.304 Thread 0x000001fafea576e0 Exception <a 'java/lang/NoSuchMethodError'{0x00000000878e4008}: 'int java.lang.invoke.DirectMethodHandle$Holder.invokeInterface(java.lang.Object, java.lang.Object)'> (0x00000000878e4008) 
thrown [s\src\hotspot\share\interpreter\linkResolver.cpp, line 759]
Event: 0.304 Thread 0x000001fafea576e0 Exception <a 'java/lang/IncompatibleClassChangeError'{0x00000000878e7608}: Found class java.lang.Object, but interface was expected> (0x00000000878e7608) 
thrown [s\src\hotspot\share\interpreter\linkResolver.cpp, line 826]
Event: 0.305 Thread 0x000001fafea576e0 Exception <a 'java/lang/NoSuchMethodError'{0x00000000878ed1b8}: 'void java.lang.invoke.DirectMethodHandle$Holder.invokeStatic(java.lang.Object, java.lang.Object)'> (0x00000000878ed1b8) 
thrown [s\src\hotspot\share\interpreter\linkResolver.cpp, line 759]
Event: 0.346 Thread 0x000001fafea576e0 Exception <a 'java/lang/NoSuchMethodError'{0x00000000877bb188}: 'int java.lang.invoke.DirectMethodHandle$Holder.invokeSpecial(java.lang.Object, java.lang.Object, java.lang.Object)'> (0x00000000877bb188) 
thrown [s\src\hotspot\share\interpreter\linkResolver.cpp, line 759]
Event: 0.388 Thread 0x000001fafea576e0 Exception <a 'java/lang/NoSuchMethodError'{0x00000000876c5738}: 'void java.lang.invoke.DirectMethodHandle$Holder.invokeStatic(java.lang.Object, java.lang.Object, java.lang.Object)'> (0x00000000876c5738) 
thrown [s\src\hotspot\share\interpreter\linkResolver.cpp, line 759]
Event: 0.411 Thread 0x000001fafea576e0 Exception <a 'java/lang/NoSuchMethodError'{0x000000008750ff28}: 'int java.lang.invoke.DirectMethodHandle$Holder.invokeSpecialIFC(java.lang.Object, java.lang.Object, java.lang.Object)'> (0x000000008750ff28) 
thrown [s\src\hotspot\share\interpreter\linkResolver.cpp, line 759]
Event: 0.432 Thread 0x000001fafea576e0 Exception <a 'java/lang/NoSuchMethodError'{0x00000000875fc160}: 'java.lang.Object java.lang.invoke.DirectMethodHandle$Holder.invokeStaticInit(java.lang.Object, int, int, int, int)'> (0x00000000875fc160) 
thrown [s\src\hotspot\share\interpreter\linkResolver.cpp, line 759]
Event: 0.509 Thread 0x000001fafea576e0 Exception <a 'java/lang/NoSuchMethodError'{0x0000000087428cd0}: 'java.lang.Object java.lang.invoke.DirectMethodHandle$Holder.invokeStaticInit(java.lang.Object, java.lang.Object, int, int, int, int)'> (0x0000000087428cd0) 
thrown [s\src\hotspot\share\interpreter\linkResolver.cpp, line 759]
Event: 0.517 Thread 0x000001fafea576e0 Exception <a 'java/lang/ClassNotFoundException'{0x0000000087444420}: javax/management/remote/rmi/RMIServerImpl_Skel> (0x0000000087444420) 
thrown [s\src\hotspot\share\classfile\systemDictionary.cpp, line 256]
Event: 0.543 Thread 0x000001fafea576e0 Exception <a 'java/lang/ClassNotFoundException'{0x00000000874fef00}: jdk/internal/agent/resources/spi/agentProvider> (0x00000000874fef00) 
thrown [s\src\hotspot\share\classfile\systemDictionary.cpp, line 256]

VM Operations (8 events):
Event: 0.185 Executing VM operation: HandshakeAllThreads
Event: 0.185 Executing VM operation: HandshakeAllThreads done
Event: 0.397 Executing VM operation: HandshakeAllThreads
Event: 0.397 Executing VM operation: HandshakeAllThreads done
Event: 0.422 Executing VM operation: HandshakeAllThreads
Event: 0.422 Executing VM operation: HandshakeAllThreads done
Event: 0.516 Executing VM operation: HandshakeAllThreads
Event: 0.516 Executing VM operation: HandshakeAllThreads done

Events (20 events):
Event: 0.559 loading class java/lang/Package$VersionInfo
Event: 0.559 loading class java/lang/Package$VersionInfo done
Event: 0.559 loading class sun/nio/ByteBuffered
Event: 0.559 loading class sun/nio/ByteBuffered done
Event: 0.559 loading class java/security/SecureClassLoader$CodeSourceKey
Event: 0.559 loading class java/security/SecureClassLoader$CodeSourceKey done
Event: 0.559 loading class java/security/SecureClassLoader$1
Event: 0.560 loading class java/security/SecureClassLoader$1 done
Event: 0.560 loading class sun/security/util/LazyCodeSourcePermissionCollection
Event: 0.560 loading class sun/security/util/LazyCodeSourcePermissionCollection done
Event: 0.560 loading class java/security/SecureClassLoader$DebugHolder
Event: 0.560 loading class java/security/SecureClassLoader$DebugHolder done
Event: 0.560 loading class jdk/internal/loader/URLClassPath$JarLoader$2
Event: 0.560 loading class jdk/internal/loader/URLClassPath$JarLoader$2 done
Event: 0.561 loading class java/util/zip/CRC32
Event: 0.561 loading class java/util/zip/Checksum
Event: 0.561 loading class java/util/zip/Checksum done
Event: 0.561 loading class java/util/zip/CRC32 done
Event: 0.561 loading class java/util/zip/Checksum$1
Event: 0.561 loading class java/util/zip/Checksum$1 done


Dynamic libraries:
0x00007ff6087a0000 - 0x00007ff6087ae000 	F:\sts-4.17.0.RELEASE\plugins\org.eclipse.justj.openjdk.hotspot.jre.full.win32.x86_64_17.0.5.v20221102-0933\jre\bin\javaw.exe
0x00007ffb5fc50000 - 0x00007ffb5fe48000 	C:\WINDOWS\SYSTEM32\ntdll.dll
0x00007ffb5e570000 - 0x00007ffb5e62f000 	C:\WINDOWS\System32\KERNEL32.DLL
0x00007ffb5d6e0000 - 0x00007ffb5d9b2000 	C:\WINDOWS\System32\KERNELBASE.dll
0x00007ffb5d9c0000 - 0x00007ffb5dac0000 	C:\WINDOWS\System32\ucrtbase.dll
0x00007ffb065b0000 - 0x00007ffb065c7000 	F:\sts-4.17.0.RELEASE\plugins\org.eclipse.justj.openjdk.hotspot.jre.full.win32.x86_64_17.0.5.v20221102-0933\jre\bin\jli.dll
0x00007ffb065d0000 - 0x00007ffb065e9000 	F:\sts-4.17.0.RELEASE\plugins\org.eclipse.justj.openjdk.hotspot.jre.full.win32.x86_64_17.0.5.v20221102-0933\jre\bin\VCRUNTIME140.dll
0x00007ffb5ede0000 - 0x00007ffb5ef7d000 	C:\WINDOWS\System32\USER32.dll
0x00007ffb5d470000 - 0x00007ffb5d492000 	C:\WINDOWS\System32\win32u.dll
0x00007ffb5f670000 - 0x00007ffb5f69b000 	C:\WINDOWS\System32\GDI32.dll
0x00007ffb5d530000 - 0x00007ffb5d63f000 	C:\WINDOWS\System32\gdi32full.dll
0x00007ffb4d870000 - 0x00007ffb4db0a000 	C:\WINDOWS\WinSxS\amd64_microsoft.windows.common-controls_6595b64144ccf1df_6.0.19041.1110_none_60b5254171f9507e\COMCTL32.dll
0x00007ffb5d640000 - 0x00007ffb5d6dd000 	C:\WINDOWS\System32\msvcp_win.dll
0x00007ffb5dca0000 - 0x00007ffb5dd3e000 	C:\WINDOWS\System32\msvcrt.dll
0x00007ffb5df10000 - 0x00007ffb5df42000 	C:\WINDOWS\System32\IMM32.DLL
0x00007ffb065a0000 - 0x00007ffb065ac000 	F:\sts-4.17.0.RELEASE\plugins\org.eclipse.justj.openjdk.hotspot.jre.full.win32.x86_64_17.0.5.v20221102-0933\jre\bin\vcruntime140_1.dll
0x00007ffb06500000 - 0x00007ffb06591000 	F:\sts-4.17.0.RELEASE\plugins\org.eclipse.justj.openjdk.hotspot.jre.full.win32.x86_64_17.0.5.v20221102-0933\jre\bin\msvcp140.dll
0x00007ffb114e0000 - 0x00007ffb12124000 	F:\sts-4.17.0.RELEASE\plugins\org.eclipse.justj.openjdk.hotspot.jre.full.win32.x86_64_17.0.5.v20221102-0933\jre\bin\server\jvm.dll
0x00007ffb5f550000 - 0x00007ffb5f5fe000 	C:\WINDOWS\System32\ADVAPI32.dll
0x00007ffb5de70000 - 0x00007ffb5df0c000 	C:\WINDOWS\System32\sechost.dll
0x00007ffb5fad0000 - 0x00007ffb5fbf5000 	C:\WINDOWS\System32\RPCRT4.dll
0x00007ffb4a820000 - 0x00007ffb4a829000 	C:\WINDOWS\SYSTEM32\WSOCK32.dll
0x00007ffb54280000 - 0x00007ffb5428a000 	C:\WINDOWS\SYSTEM32\VERSION.dll
0x00007ffb4ca80000 - 0x00007ffb4caa7000 	C:\WINDOWS\SYSTEM32\WINMM.dll
0x00007ffb5f600000 - 0x00007ffb5f66b000 	C:\WINDOWS\System32\WS2_32.dll
0x00007ffb5bbd0000 - 0x00007ffb5bbe2000 	C:\WINDOWS\SYSTEM32\kernel.appcore.dll
0x00007ffb56700000 - 0x00007ffb5670a000 	F:\sts-4.17.0.RELEASE\plugins\org.eclipse.justj.openjdk.hotspot.jre.full.win32.x86_64_17.0.5.v20221102-0933\jre\bin\jimage.dll
0x00007ffb5b100000 - 0x00007ffb5b2e4000 	C:\WINDOWS\SYSTEM32\DBGHELP.DLL
0x00007ffb492b0000 - 0x00007ffb492dc000 	C:\WINDOWS\SYSTEM32\dbgcore.DLL
0x00007ffb5d4a0000 - 0x00007ffb5d522000 	C:\WINDOWS\System32\bcryptPrimitives.dll
0x00007ffb2d010000 - 0x00007ffb2d035000 	F:\sts-4.17.0.RELEASE\plugins\org.eclipse.justj.openjdk.hotspot.jre.full.win32.x86_64_17.0.5.v20221102-0933\jre\bin\java.dll
0x00007ffb2d950000 - 0x00007ffb2d968000 	F:\sts-4.17.0.RELEASE\plugins\org.eclipse.justj.openjdk.hotspot.jre.full.win32.x86_64_17.0.5.v20221102-0933\jre\bin\zip.dll
0x00007ffb5e630000 - 0x00007ffb5ed73000 	C:\WINDOWS\System32\SHELL32.dll
0x00007ffb5b3f0000 - 0x00007ffb5bb82000 	C:\WINDOWS\SYSTEM32\windows.storage.dll
0x00007ffb5f030000 - 0x00007ffb5f384000 	C:\WINDOWS\System32\combase.dll
0x00007ffb5ccd0000 - 0x00007ffb5cd00000 	C:\WINDOWS\SYSTEM32\Wldp.dll
0x00007ffb5ef80000 - 0x00007ffb5f02d000 	C:\WINDOWS\System32\SHCORE.dll
0x00007ffb5f860000 - 0x00007ffb5f8b5000 	C:\WINDOWS\System32\shlwapi.dll
0x00007ffb5d290000 - 0x00007ffb5d2af000 	C:\WINDOWS\SYSTEM32\profapi.dll
0x00007ffb2d680000 - 0x00007ffb2d699000 	F:\sts-4.17.0.RELEASE\plugins\org.eclipse.justj.openjdk.hotspot.jre.full.win32.x86_64_17.0.5.v20221102-0933\jre\bin\net.dll
0x00007ffb4d3b0000 - 0x00007ffb4d4bc000 	C:\WINDOWS\SYSTEM32\WINHTTP.dll
0x00007ffb5ca30000 - 0x00007ffb5ca9a000 	C:\WINDOWS\system32\mswsock.dll
0x00007ffb2cff0000 - 0x00007ffb2d005000 	F:\sts-4.17.0.RELEASE\plugins\org.eclipse.justj.openjdk.hotspot.jre.full.win32.x86_64_17.0.5.v20221102-0933\jre\bin\nio.dll
0x00007ffb04b60000 - 0x00007ffb04b69000 	F:\sts-4.17.0.RELEASE\plugins\org.eclipse.justj.openjdk.hotspot.jre.full.win32.x86_64_17.0.5.v20221102-0933\jre\bin\management.dll
0x00007ffb04b50000 - 0x00007ffb04b5b000 	F:\sts-4.17.0.RELEASE\plugins\org.eclipse.justj.openjdk.hotspot.jre.full.win32.x86_64_17.0.5.v20221102-0933\jre\bin\management_ext.dll
0x00007ffb5f390000 - 0x00007ffb5f398000 	C:\WINDOWS\System32\PSAPI.DLL
0x00007ffb44550000 - 0x00007ffb44567000 	C:\WINDOWS\system32\napinsp.dll
0x00007ffb44530000 - 0x00007ffb4454b000 	C:\WINDOWS\system32\pnrpnsp.dll
0x00007ffb44510000 - 0x00007ffb44525000 	C:\WINDOWS\system32\wshbth.dll
0x00007ffb5a2b0000 - 0x00007ffb5a2cd000 	C:\WINDOWS\system32\NLAapi.dll
0x00007ffb5c720000 - 0x00007ffb5c75b000 	C:\WINDOWS\SYSTEM32\IPHLPAPI.DLL
0x00007ffb5c760000 - 0x00007ffb5c82a000 	C:\WINDOWS\SYSTEM32\DNSAPI.dll
0x00007ffb5fc00000 - 0x00007ffb5fc08000 	C:\WINDOWS\System32\NSI.dll
0x00007ffb444f0000 - 0x00007ffb44502000 	C:\WINDOWS\System32\winrnr.dll
0x00007ffb4ca70000 - 0x00007ffb4ca7a000 	C:\Windows\System32\rasadhlp.dll
0x00007ffb4d2c0000 - 0x00007ffb4d340000 	C:\WINDOWS\System32\fwpuclnt.dll
0x00007ffb5db10000 - 0x00007ffb5db37000 	C:\WINDOWS\System32\bcrypt.dll
0x00007ffb5cc30000 - 0x00007ffb5cc48000 	C:\WINDOWS\SYSTEM32\CRYPTSP.dll
0x00007ffb5c350000 - 0x00007ffb5c384000 	C:\WINDOWS\system32\rsaenh.dll
0x00007ffb5d250000 - 0x00007ffb5d27e000 	C:\WINDOWS\SYSTEM32\USERENV.dll
0x00007ffb5cc20000 - 0x00007ffb5cc2c000 	C:\WINDOWS\SYSTEM32\CRYPTBASE.dll
0x00007ffb559c0000 - 0x00007ffb559d7000 	C:\WINDOWS\SYSTEM32\dhcpcsvc6.DLL
0x00007ffb55a10000 - 0x00007ffb55a2d000 	C:\WINDOWS\SYSTEM32\dhcpcsvc.DLL

dbghelp: loaded successfully - version: 4.0.5 - missing functions: none
symbol engine: initialized successfully - sym options: 0x614 - pdb path: .;F:\sts-4.17.0.RELEASE\plugins\org.eclipse.justj.openjdk.hotspot.jre.full.win32.x86_64_17.0.5.v20221102-0933\jre\bin;C:\WINDOWS\SYSTEM32;C:\WINDOWS\WinSxS\amd64_microsoft.windows.common-controls_6595b64144ccf1df_6.0.19041.1110_none_60b5254171f9507e;F:\sts-4.17.0.RELEASE\plugins\org.eclipse.justj.openjdk.hotspot.jre.full.win32.x86_64_17.0.5.v20221102-0933\jre\bin\server

VM Arguments:
jvm_args: -Dcom.sun.management.jmxremote -Dcom.sun.management.jmxremote.port=58566 -Dcom.sun.management.jmxremote.authenticate=false -Dcom.sun.management.jmxremote.ssl=false -Djava.rmi.server.hostname=localhost -Dspring.jmx.enabled=true -Dmanagement.endpoints.jmx.exposure.include=* -Dspring.application.admin.enabled=true -XX:TieredStopAtLevel=1 -Dspring.boot.project.name=Backend -Dfile.encoding=UTF-8 -XX:+ShowCodeDetailsInExceptionMessages -Xmx2048M 
java_command: com.example.demo.BackendApplication --spring.output.ansi.enabled=always --server.port=3017
java_class_path (initial): F:\SpringBoot\Backend\target\classes;C:\Users\DELL\.m2\repository\org\springframework\boot\spring-boot-starter-data-jpa\3.0.1\spring-boot-starter-data-jpa-3.0.1.jar;C:\Users\DELL\.m2\repository\org\springframework\boot\spring-boot-starter-aop\3.0.1\spring-boot-starter-aop-3.0.1.jar;C:\Users\DELL\.m2\repository\org\springframework\spring-aop\6.0.3\spring-aop-6.0.3.jar;C:\Users\DELL\.m2\repository\org\aspectj\aspectjweaver\1.9.19\aspectjweaver-1.9.19.jar;C:\Users\DELL\.m2\repository\org\springframework\boot\spring-boot-starter-jdbc\3.0.1\spring-boot-starter-jdbc-3.0.1.jar;C:\Users\DELL\.m2\repository\com\zaxxer\HikariCP\5.0.1\HikariCP-5.0.1.jar;C:\Users\DELL\.m2\repository\org\springframework\spring-jdbc\6.0.3\spring-jdbc-6.0.3.jar;C:\Users\DELL\.m2\repository\org\hibernate\orm\hibernate-core\6.1.6.Final\hibernate-core-6.1.6.Final.jar;C:\Users\DELL\.m2\repository\jakarta\persistence\jakarta.persistence-api\3.1.0\jakarta.persistence-api-3.1.0.jar;C:\Users\DELL\.m2\repository\jakarta\transaction\jakarta.transaction-api\2.0.1\jakarta.transaction-api-2.0.1.jar;C:\Users\DELL\.m2\repository\org\jboss\logging\jboss-logging\3.5.0.Final\jboss-logging-3.5.0.Final.jar;C:\Users\DELL\.m2\repository\org\hibernate\common\hibernate-commons-annotations\6.0.2.Final\hibernate-commons-annotations-6.0.2.Final.jar;C:\Users\DELL\.m2\repository\org\jboss\jandex\2.4.2.Final\jandex-2.4.2.Final.jar;C:\Users\DELL\.m2\repository\com\fasterxml\classmate\1.5.1\classmate-1.5.1.jar;C:\Users\DELL\.m2\repository\net\bytebuddy\byte-buddy\1.12.20\byte-buddy-1.12.20.jar;C:\Users\DELL\.m2\repository\org\glassfish\jaxb\jaxb-runtime\4.0.1\jaxb-runtime-4.0.1.jar;C:\Users\DELL\.m2\repository\org\glassfish\jaxb\jaxb-core\4.0.1\jaxb-core-4.0.1.jar;C:\Users\DELL\.m2\repository\org\eclipse\angus\angus-activation\1.0.0\angus-activation-1.0.0.jar;C:\Users\DELL\.m2\repository\org\glassfish\jaxb\txw2\4.0.1\txw2-4.0.1.jar;C:\Users\DELL\.m2\repository\com\sun\istack\istack-commons-runtime\4.
Launcher Type: SUN_STANDARD

[Global flags]
     intx CICompilerCount                          = 4                                         {product} {ergonomic}
     uint ConcGCThreads                            = 2                                         {product} {ergonomic}
     uint G1ConcRefinementThreads                  = 8                                         {product} {ergonomic}
   size_t G1HeapRegionSize                         = 1048576                                   {product} {ergonomic}
    uintx GCDrainStackTargetSize                   = 64                                        {product} {ergonomic}
   size_t InitialHeapSize                          = 132120576                                 {product} {ergonomic}
     bool ManagementServer                         = true                                      {product} {command line}
   size_t MarkStackSize                            = 4194304                                   {product} {ergonomic}
   size_t MaxHeapSize                              = 2147483648                                {product} {command line}
   size_t MaxNewSize                               = 1287651328                                {product} {ergonomic}
   size_t MinHeapDeltaBytes                        = 1048576                                   {product} {ergonomic}
   size_t MinHeapSize                              = 8388608                                   {product} {ergonomic}
    uintx NonProfiledCodeHeapSize                  = 0                                      {pd product} {ergonomic}
     bool ProfileInterpreter                       = false                                  {pd product} {command line}
    uintx ProfiledCodeHeapSize                     = 0                                      {pd product} {ergonomic}
     bool ShowCodeDetailsInExceptionMessages       = true                                   {manageable} {command line}
   size_t SoftMaxHeapSize                          = 2147483648                             {manageable} {ergonomic}
     intx TieredStopAtLevel                        = 1                                         {product} {command line}
     bool UseCompressedClassPointers               = true                           {product lp64_product} {ergonomic}
     bool UseCompressedOops                        = true                           {product lp64_product} {ergonomic}
     bool UseG1GC                                  = true                                      {product} {ergonomic}
     bool UseLargePagesIndividualAllocation        = false                                  {pd product} {ergonomic}

Logging:
Log output configuration:
 #0: stdout all=warning uptime,level,tags
 #1: stderr all=off uptime,level,tags

Environment Variables:
JAVA_HOME=C:\Program Files\Java\jdk1.8.0_45
_JAVA_OPTIONS=  -Xmx2048M
PATH=F:/sts-4.17.0.RELEASE//plugins/org.eclipse.justj.openjdk.hotspot.jre.full.win32.x86_64_17.0.5.v20221102-0933/jre/bin/server;F:/sts-4.17.0.RELEASE//plugins/org.eclipse.justj.openjdk.hotspot.jre.full.win32.x86_64_17.0.5.v20221102-0933/jre/bin;C:\ProgramData\Oracle\Java\javapath;C:\Program Files (x86)\Intel\Intel(R) Management Engine Components\iCLS\;C:\Program Files\Intel\Intel(R) Management Engine Components\iCLS\;C:\WINDOWS\system32;C:\WINDOWS;C:\WINDOWS\System32\Wbem;C:\WINDOWS\System32\WindowsPowerShell\v1.0\;C:\WINDOWS\System32\OpenSSH\;C:\Program Files (x86)\Intel\Intel(R) Management Engine Components\DAL;C:\Program Files\Intel\Intel(R) Management Engine Components\DAL;C:\Program Files (x86)\Intel\Intel(R) Management Engine Components\IPT;C:\Program Files\Intel\Intel(R) Management Engine Components\IPT;C:\Program Files\Java\jdk-15.0.1\bin;C:\Program Files\Java\jdk-16.0.1\bin;C:\Program Files (x86)\CodeBlocks\MinGW\bin;C:\Program Files (x86)\GnuWin32\bin;C:\Program Files\glassfish-4.1.1\bin;C:\Program Files\nodejs\;C:\Program Files\MongoDB\Server\5.0\bin;C:\Users\DELL\Postman\file;C:\Program Files\dotnet\;C:\Program Files\Microsoft SQL Server\150\Tools\Binn\;C:\Program Files\Microsoft SQL Server\Client SDK\ODBC\170\Tools\Binn\;F:\apache-maven-3.8.6\bin;C:\Program Files\Java\jre1.8.0_45\bin;F:\NetBeans 8.1\bin;C:\Users\DELL\AppData\Local\Microsoft\WindowsApps;C:\iverilog\bin;C:\iverilog\gtkwave\bin;E:\New folder\Microsoft VS Code\bin;C:\Program Files\Java\jdk1.7.0_80\bin;C:\Program Files\Java\jdk1.8.0_45\bin;C:\Users\DELL\AppData\Roaming\npm;C:\Program Files\MongoDB\Server\5.0\bin;C:\Flex Windows\gcc\bin;C:\Flex Windows\Lex\bin;C:\Flex Windows\bison\bin;C:\Users\DELL\AppData\Local\GitHubDesktop\bin;C:\Users\DELL\.dotnet\tools;F:\sts-4.17.0.RELEASE;
USERNAME=DELL
OS=Windows_NT
PROCESSOR_IDENTIFIER=Intel64 Family 6 Model 142 Stepping 10, GenuineIntel
TMP=C:\Users\DELL\AppData\Local\Temp
TEMP=C:\Users\DELL\AppData\Local\Temp



---------------  S Y S T E M  ---------------

OS:
 Windows 10 , 64 bit Build 19041 (10.0.19041.2251)
OS uptime: 0 days 2:13 hours

CPU: total 8 (initial active 8) (4 cores per cpu, 2 threads per core) family 6 model 142 stepping 10 microcode 0xca, cx8, cmov, fxsr, ht, mmx, 3dnowpref, sse, sse2, sse3, ssse3, sse4.1, sse4.2, popcnt, lzcnt, tsc, tscinvbit, avx, avx2, aes, erms, clmul, bmi1, bmi2, adx, fma, vzeroupper, clflush, clflushopt

Memory: 4k page, system-wide physical 8056M (1325M free)
TotalPageFile size 8056M (AvailPageFile size 0M)
current process WorkingSet (physical memory assigned to process): 55M, peak: 55M
current process commit charge ("private bytes"): 210M, peak: 210M

vm_info: OpenJDK 64-Bit Server VM (17.0.5+8) for windows-amd64 JRE (17.0.5+8), built on Oct 19 2022 04:48:13 by "temurin" with MS VC++ 16.7 (VS2019)

END.
